##############################################################################
#                                                                            #
# IAR ARM ANSI C/C++ Compiler V4.42A/W32 EVALUATION    25/Apr/2009  10:11:08 #
# Copyright 1999-2005 IAR Systems. All rights reserved.                      #
#                                                                            #
#    Cpu mode        =  interwork                                            #
#    Endian          =  little                                               #
#    Stack alignment =  4                                                    #
#    Source file     =  D:\pasha\elf\_MY_PROJECT_\weathe2\config_data.c      #
#    Command line    =  D:\pasha\elf\_MY_PROJECT_\weathe2\config_data.c -lC  #
#                       D:\pasha\elf\_MY_PROJECT_\weathe2\Release_SGOLD\List #
#                       \ -o D:\pasha\elf\_MY_PROJECT_\weathe2\Release_SGOLD #
#                       \Obj\ -s9 --no_unroll --no_clustering --cpu_mode     #
#                       arm --endian little --cpu ARM926EJ-S --stack_align   #
#                       4 --interwork -e --fpu None --segment code=CONFIG    #
#                       --segment data=CONFIG -I "D:\pasha\Embedded          #
#                       Workbench 4.0 Evaluation2\ARM\INC\"                  #
#                       --inline_threshold=2                                 #
#    List file       =  D:\pasha\elf\_MY_PROJECT_\weathe2\Release_SGOLD\List #
#                       \config_data.lst                                     #
#    Object file     =  D:\pasha\elf\_MY_PROJECT_\weathe2\Release_SGOLD\Obj\ #
#                       config_data.r79                                      #
#                                                                            #
#                                                                            #
##############################################################################

D:\pasha\elf\_MY_PROJECT_\weathe2\config_data.c
      1          #include "..\inc\cfg_items.h"
      2          #include "swilib.h"
      3          //Конфигурация

   \                                 In segment CONFIG_C, align 4, align-sorted, root
      4          __root const CFG_HDR cfghdr0={CFG_CBOX,"Показывать копирайт при старте",0,2};
   \                     cfghdr0:
   \   00000000   05000000           DC32 5
   \   00000004   CFEEEAE0E7FB       DC8 "\317\356\352\340\347\373\342\340\362\374 \352\356\357\350\360\340\351\362 \357\360\350 \361\362\340\360\362\345"
   \              E2E0F2FC20EA
   \              EEEFE8F0E0E9
   \              F220EFF0E820
   \              F1F2E0F0F2E5
   \              00          
   \   00000023   00                 DC8 0
   \   00000024   000000000200       DC32 0, 2
   \              0000        

   \                                 In segment CONFIG_C, align 4, align-sorted, root
      5          __root const int ENA_HELLO_MSG = 1;
   \                     ENA_HELLO_MSG:
   \   00000000   01000000           DC32 1

   \                                 In segment CONFIG_C, align 4, align-sorted, root
      6          __root const CFG_CBOX_ITEM cfgcbox0[2]={"Нет","Да"};
   \                     cfgcbox0:
   \   00000000   CDE5F200           DC8 "\315\345\362"
   \   00000004   000000000000       DC8 0, 0, 0, 0, 0, 0, 0, 0, 0, 0, 0, 0, 0, 0, 0, 0
   \              000000000000
   \              00000000    
   \   00000014   000000000000       DC8 0, 0, 0, 0, 0, 0, 0, 0, 0, 0, 0, 0
   \              000000000000
   \   00000020   C4E000             DC8 "\304\340"
   \   00000023   000000000000       DC8 0, 0, 0, 0, 0, 0, 0, 0, 0, 0, 0, 0, 0, 0, 0, 0
   \              000000000000
   \              00000000    
   \   00000033   000000000000       DC8 0, 0, 0, 0, 0, 0, 0, 0, 0, 0, 0, 0, 0
   \              000000000000
   \              00          
      7          

   \                                 In segment CONFIG_C, align 4, align-sorted, root
      8          __root const CFG_HDR cfghdr330={CFG_CBOX,"Показывать сообщения",0,2};
   \                     cfghdr330:
   \   00000000   05000000           DC32 5
   \   00000004   CFEEEAE0E7FB       DC8 "\317\356\352\340\347\373\342\340\362\374 \361\356\356\341\371\345\355\350\377"
   \              E2E0F2FC20F1
   \              EEEEE1F9E5ED
   \              E8FF00      
   \   00000019   000000000000       DC8 0, 0, 0, 0, 0, 0, 0, 0, 0, 0, 0
   \              0000000000  
   \   00000024   000000000200       DC32 0, 2
   \              0000        

   \                                 In segment CONFIG_C, align 4, align-sorted, root
      9          __root const int ENA_MSG=1;
   \                     ENA_MSG:
   \   00000000   01000000           DC32 1

   \                                 In segment CONFIG_C, align 4, align-sorted, root
     10          __root const CFG_CBOX_ITEM cfgcbox1_0[2]={"Нет","Да"};
   \                     cfgcbox1_0:
   \   00000000   CDE5F200           DC8 "\315\345\362"
   \   00000004   000000000000       DC8 0, 0, 0, 0, 0, 0, 0, 0, 0, 0, 0, 0, 0, 0, 0, 0
   \              000000000000
   \              00000000    
   \   00000014   000000000000       DC8 0, 0, 0, 0, 0, 0, 0, 0, 0, 0, 0, 0
   \              000000000000
   \   00000020   C4E000             DC8 "\304\340"
   \   00000023   000000000000       DC8 0, 0, 0, 0, 0, 0, 0, 0, 0, 0, 0, 0, 0, 0, 0, 0
   \              000000000000
   \              00000000    
   \   00000033   000000000000       DC8 0, 0, 0, 0, 0, 0, 0, 0, 0, 0, 0, 0, 0
   \              000000000000
   \              00          
     11          

   \                                 In segment CONFIG_C, align 4, align-sorted, root
     12          __root const CFG_HDR cfghdr3 = {CFG_UINT, "Время обновления(мин)", 0, 120};
   \                     cfghdr3:
   \   00000000   01000000           DC32 1
   \   00000004   C2F0E5ECFF20       DC8 "\302\360\345\354\377 \356\341\355\356\342\353\345\355\350\377(\354\350\355)"
   \              EEE1EDEEE2EB
   \              E5EDE8FF28EC
   \              E8ED2900    
   \   0000001A   000000000000       DC8 0, 0, 0, 0, 0, 0, 0, 0, 0, 0
   \              00000000    
   \   00000024   000000007800       DC32 0, 120
   \              0000        

   \                                 In segment CONFIG_C, align 4, align-sorted, root
     13          __root const unsigned int refresh = 60;
   \                     refresh:
   \   00000000   3C000000           DC32 60
     14          

   \                                 In segment CONFIG_C, align 4, align-sorted, root
     15          __root const CFG_HDR cfghdr14={CFG_STR_UTF8,"Ид города",0,63};
   \                     cfghdr14:
   \   00000000   02000000           DC32 2
   \   00000004   C8E420E3EEF0       DC8 "\310\344 \343\356\360\356\344\340"
   \              EEE4E000    
   \   0000000E   000000000000       DC8 0, 0, 0, 0, 0, 0, 0, 0, 0, 0, 0, 0, 0, 0, 0, 0, 0, 0, 0, 0, 0, 0
   \              000000000000
   \              000000000000
   \              00000000    
   \   00000024   000000003F00       DC32 0, 63
   \              0000        

   \                                 In segment CONFIG_C, align 4, align-sorted, root
     16          __root const char id_tower[64]="1956";
   \                     id_tower:
   \   00000000   3139353600         DC8 "1956"
   \   00000005   000000000000       DC8 0, 0, 0, 0, 0, 0, 0, 0, 0, 0, 0, 0, 0, 0, 0, 0
   \              000000000000
   \              00000000    
   \   00000015   000000000000       DC8 0, 0, 0, 0, 0, 0, 0, 0, 0, 0, 0, 0, 0, 0, 0, 0
   \              000000000000
   \              00000000    
   \   00000025   000000000000       DC8 0, 0, 0, 0, 0, 0, 0, 0, 0, 0, 0, 0, 0, 0, 0, 0
   \              000000000000
   \              00000000    
   \   00000035   000000000000       DC8 0, 0, 0, 0, 0, 0, 0, 0, 0, 0, 0
   \              0000000000  
     17          
     18          
     19          

   \                                 In segment CONFIG_C, align 4, align-sorted, root
     20          __root const CFG_HDR cfghdr_m31={CFG_LEVEL,"Настройка картинки",1,0};
   \                     cfghdr_m31:
   \   00000000   09000000           DC32 9
   \   00000004   CDE0F1F2F0EE       DC8 "\315\340\361\362\360\356\351\352\340 \352\340\360\362\350\355\352\350"
   \              E9EAE020EAE0
   \              F0F2E8EDEAE8
   \              00          
   \   00000017   000000000000       DC8 0, 0, 0, 0, 0, 0, 0, 0, 0, 0, 0, 0, 0
   \              000000000000
   \              00          
   \   00000024   010000000000       DC32 1, 0
   \              0000        
     21          

   \                                 In segment CONFIG_C, align 4, align-sorted, root
     22            __root const CFG_HDR cfghdr20={CFG_STR_UTF8,"Путь к картинкам",0,63};
   \                     cfghdr20:
   \   00000000   02000000           DC32 2
   \   00000004   CFF3F2FC20EA       DC8 "\317\363\362\374 \352 \352\340\360\362\350\355\352\340\354"
   \              20EAE0F0F2E8
   \              EDEAE0EC00  
   \   00000015   000000000000       DC8 0, 0, 0, 0, 0, 0, 0, 0, 0, 0, 0, 0, 0, 0, 0
   \              000000000000
   \              000000      
   \   00000024   000000003F00       DC32 0, 63
   \              0000        

   \                                 In segment CONFIG_C, align 4, align-sorted, root
     23            __root const char weather_img_path[64]="4:\\zbin\\mailweather\\";
   \                     weather_img_path:
   \   00000000   343A5C7A6269       DC8 "4:\\zbin\\mailweather\\"
   \              6E5C6D61696C
   \              776561746865
   \              725C00      
   \   00000015   000000000000       DC8 0, 0, 0, 0, 0, 0, 0, 0, 0, 0, 0, 0, 0, 0, 0, 0
   \              000000000000
   \              00000000    
   \   00000025   000000000000       DC8 0, 0, 0, 0, 0, 0, 0, 0, 0, 0, 0, 0, 0, 0, 0, 0
   \              000000000000
   \              00000000    
   \   00000035   000000000000       DC8 0, 0, 0, 0, 0, 0, 0, 0, 0, 0, 0
   \              0000000000  
     24            

   \                                 In segment CONFIG_C, align 4, align-sorted, root
     25            __root const CFG_HDR cfghdr21 = {CFG_COORDINATES,"Позиция",0,0};
   \                     cfghdr21:
   \   00000000   07000000           DC32 7
   \   00000004   CFEEE7E8F6E8       DC8 "\317\356\347\350\366\350\377"
   \              FF00        
   \   0000000C   000000000000       DC8 0, 0, 0, 0, 0, 0, 0, 0, 0, 0, 0, 0, 0, 0, 0, 0
   \              000000000000
   \              00000000    
   \   0000001C   000000000000       DC8 0, 0, 0, 0, 0, 0, 0, 0
   \              0000        
   \   00000024   000000000000       DC32 0, 0
   \              0000        

   \                                 In segment CONFIG_C, align 4, align-sorted, root
     26            __root const unsigned int weather_X = 0;
   \                     weather_X:
   \   00000000   00000000           DC32 0

   \                                 In segment CONFIG_C, align 4, align-sorted, root
     27            __root const unsigned int weather_Y = 90;
   \                     weather_Y:
   \   00000000   5A000000           DC32 90
     28            

   \                                 In segment CONFIG_C, align 4, align-sorted, root
     29            __root const CFG_HDR cfghdr22={CFG_CBOX,"Показывать картинки",0,2};
   \                     cfghdr22:
   \   00000000   05000000           DC32 5
   \   00000004   CFEEEAE0E7FB       DC8 "\317\356\352\340\347\373\342\340\362\374 \352\340\360\362\350\355\352\350"
   \              E2E0F2FC20EA
   \              E0F0F2E8EDEA
   \              E800        
   \   00000018   000000000000       DC8 0, 0, 0, 0, 0, 0, 0, 0, 0, 0, 0, 0
   \              000000000000
   \   00000024   000000000200       DC32 0, 2
   \              0000        

   \                                 In segment CONFIG_C, align 4, align-sorted, root
     30            __root const int IKONA=0;
   \                     IKONA:
   \   00000000   00000000           DC32 0

   \                                 In segment CONFIG_C, align 4, align-sorted, root
     31            __root const CFG_CBOX_ITEM cfgcbox6[2]={"No","Yes"};
   \                     cfgcbox6:
   \   00000000   4E6F00             DC8 "No"
   \   00000003   000000000000       DC8 0, 0, 0, 0, 0, 0, 0, 0, 0, 0, 0, 0, 0, 0, 0, 0
   \              000000000000
   \              00000000    
   \   00000013   000000000000       DC8 0, 0, 0, 0, 0, 0, 0, 0, 0, 0, 0, 0, 0
   \              000000000000
   \              00          
   \   00000020   59657300           DC8 "Yes"
   \   00000024   000000000000       DC8 0, 0, 0, 0, 0, 0, 0, 0, 0, 0, 0, 0, 0, 0, 0, 0
   \              000000000000
   \              00000000    
   \   00000034   000000000000       DC8 0, 0, 0, 0, 0, 0, 0, 0, 0, 0, 0, 0
   \              000000000000
     32          

   \                                 In segment CONFIG_C, align 4, align-sorted, root
     33          __root const CFG_HDR cfghdr_m30={CFG_LEVEL,"",0,0};
   \                     cfghdr_m30:
   \   00000000   09000000           DC32 9
   \   00000004   00                 DC8 ""
   \   00000005   000000000000       DC8 0, 0, 0, 0, 0, 0, 0, 0, 0, 0, 0, 0, 0, 0, 0, 0
   \              000000000000
   \              00000000    
   \   00000015   000000000000       DC8 0, 0, 0, 0, 0, 0, 0, 0, 0, 0, 0, 0, 0, 0, 0
   \              000000000000
   \              000000      
   \   00000024   000000000000       DC32 0, 0
   \              0000        
     34          
     35          
     36          
     37          

   \                                 In segment CONFIG_C, align 4, align-sorted, root
     38          __root const CFG_HDR cfghdr_m21={CFG_LEVEL,"Настройка шрифта",1,0};
   \                     cfghdr_m21:
   \   00000000   09000000           DC32 9
   \   00000004   CDE0F1F2F0EE       DC8 "\315\340\361\362\360\356\351\352\340 \370\360\350\364\362\340"
   \              E9EAE020F8F0
   \              E8F4F2E000  
   \   00000015   000000000000       DC8 0, 0, 0, 0, 0, 0, 0, 0, 0, 0, 0, 0, 0, 0, 0
   \              000000000000
   \              000000      
   \   00000024   010000000000       DC32 1, 0
   \              0000        
     39            

   \                                 In segment CONFIG_C, align 4, align-sorted, root
     40            __root const CFG_HDR cfghdr2_8 = {CFG_UINT, "Шрифт(1-png/1xx-sys)", 0, 250};
   \                     cfghdr2_8:
   \   00000000   01000000           DC32 1
   \   00000004   D8F0E8F4F228       DC8 "\330\360\350\364\362(1-png/1xx-sys)"
   \              312D706E672F
   \              3178782D7379
   \              732900      
   \   00000019   000000000000       DC8 0, 0, 0, 0, 0, 0, 0, 0, 0, 0, 0
   \              0000000000  
   \   00000024   00000000FA00       DC32 0, 250
   \              0000        

   \                                 In segment CONFIG_C, align 4, align-sorted, root
     41            __root const unsigned int font = FONT_SMALL+100;
   \                     font:
   \   00000000   6B000000           DC32 107
     42            

   \                                 In segment CONFIG_C, align 4, align-sorted, root
     43            __root const CFG_HDR cfghdr23 = {CFG_STR_UTF8, "Путь к png шрифту", 0, 127};
   \                     cfghdr23:
   \   00000000   02000000           DC32 2
   \   00000004   CFF3F2FC20EA       DC8 "\317\363\362\374 \352 png \370\360\350\364\362\363"
   \              20706E6720F8
   \              F0E8F4F2F300
   \   00000016   000000000000       DC8 0, 0, 0, 0, 0, 0, 0, 0, 0, 0, 0, 0, 0, 0
   \              000000000000
   \              0000        
   \   00000024   000000007F00       DC32 0, 127
   \              0000        

   \                                 In segment CONFIG_C, align 4, align-sorted, root
     44            __root const char fontpath[128] = "";
   \                     fontpath:
   \   00000000   00                 DC8 ""
   \   00000001   000000000000       DC8 0, 0, 0, 0, 0, 0, 0, 0, 0, 0, 0, 0, 0, 0, 0, 0
   \              000000000000
   \              00000000    
   \   00000011   000000000000       DC8 0, 0, 0, 0, 0, 0, 0, 0, 0, 0, 0, 0, 0, 0, 0, 0
   \              000000000000
   \              00000000    
   \   00000021   000000000000       DC8 0, 0, 0, 0, 0, 0, 0, 0, 0, 0, 0, 0, 0, 0, 0, 0
   \              000000000000
   \              00000000    
   \   00000031   000000000000       DC8 0, 0, 0, 0, 0, 0, 0, 0, 0, 0, 0, 0, 0, 0, 0, 0
   \              000000000000
   \              00000000    
   \   00000041   000000000000       DC8 0, 0, 0, 0, 0, 0, 0, 0, 0, 0, 0, 0, 0, 0, 0, 0
   \              000000000000
   \              00000000    
   \   00000051   000000000000       DC8 0, 0, 0, 0, 0, 0, 0, 0, 0, 0, 0, 0, 0, 0, 0, 0
   \              000000000000
   \              00000000    
   \   00000061   000000000000       DC8 0, 0, 0, 0, 0, 0, 0, 0, 0, 0, 0, 0, 0, 0, 0, 0
   \              000000000000
   \              00000000    
   \   00000071   000000000000       DC8 0, 0, 0, 0, 0, 0, 0, 0, 0, 0, 0, 0, 0, 0, 0
   \              000000000000
   \              000000      
     45            

   \                                 In segment CONFIG_C, align 4, align-sorted, root
     46            __root const CFG_HDR cfghdr28={CFG_CBOX,"Использовать полный шрифт",0,2};
   \                     cfghdr28:
   \   00000000   05000000           DC32 5
   \   00000004   C8F1EFEEEBFC       DC8 "\310\361\357\356\353\374\347\356\342\340\362\374 \357\356\353\355\373\351 \370\360\350\364\362"
   \              E7EEE2E0F2FC
   \              20EFEEEBEDFB
   \              E920F8F0E8F4
   \              F200        
   \   0000001E   000000000000       DC8 0, 0, 0, 0, 0, 0
   \   00000024   000000000200       DC32 0, 2
   \              0000        

   \                                 In segment CONFIG_C, align 4, align-sorted, root
     47            __root const int fullfont=1;
   \                     fullfont:
   \   00000000   01000000           DC32 1

   \                                 In segment CONFIG_C, align 4, align-sorted, root
     48            __root const CFG_CBOX_ITEM cfgcbox7[2]={"No","Yes"};
   \                     cfgcbox7:
   \   00000000   4E6F00             DC8 "No"
   \   00000003   000000000000       DC8 0, 0, 0, 0, 0, 0, 0, 0, 0, 0, 0, 0, 0, 0, 0, 0
   \              000000000000
   \              00000000    
   \   00000013   000000000000       DC8 0, 0, 0, 0, 0, 0, 0, 0, 0, 0, 0, 0, 0
   \              000000000000
   \              00          
   \   00000020   59657300           DC8 "Yes"
   \   00000024   000000000000       DC8 0, 0, 0, 0, 0, 0, 0, 0, 0, 0, 0, 0, 0, 0, 0, 0
   \              000000000000
   \              00000000    
   \   00000034   000000000000       DC8 0, 0, 0, 0, 0, 0, 0, 0, 0, 0, 0, 0
   \              000000000000
     49            

   \                                 In segment CONFIG_C, align 4, align-sorted, root
     50            __root const CFG_HDR cfghdr2_2 = {CFG_UINT, "Расстояние между буквами", 0, 10};
   \                     cfghdr2_2:
   \   00000000   01000000           DC32 1
   \   00000004   D0E0F1F1F2EE       DC8 "\320\340\361\361\362\356\377\355\350\345 \354\345\346\344\363 \341\363\352\342\340\354\350"
   \              FFEDE8E520EC
   \              E5E6E4F320E1
   \              F3EAE2E0ECE8
   \              00          
   \   0000001D   000000000000       DC8 0, 0, 0, 0, 0, 0, 0
   \              00          
   \   00000024   000000000A00       DC32 0, 10
   \              0000        

   \                                 In segment CONFIG_C, align 4, align-sorted, root
     51            __root const unsigned int space = 1;
   \                     space:
   \   00000000   01000000           DC32 1
     52            

   \                                 In segment CONFIG_C, align 4, align-sorted, root
     53              __root const CFG_HDR cfghdr60_2={CFG_COLOR,"Цвет сист. шрифта",0,0};
   \                     cfghdr60_2:
   \   00000000   08000000           DC32 8
   \   00000004   D6E2E5F220F1       DC8 "\326\342\345\362 \361\350\361\362. \370\360\350\364\362\340"
   \              E8F1F22E20F8
   \              F0E8F4F2E000
   \   00000016   000000000000       DC8 0, 0, 0, 0, 0, 0, 0, 0, 0, 0, 0, 0, 0, 0
   \              000000000000
   \              0000        
   \   00000024   000000000000       DC32 0, 0
   \              0000        

   \                                 In segment CONFIG_C, align 4, align-sorted, root
     54              __root const char fontColor[4]={0xFF,0xFF,0xFF,100};
   \                     fontColor:
   \   00000000   FFFFFF64           DC8 255, 255, 255, 100
     55              

   \                                 In segment CONFIG_C, align 4, align-sorted, root
     56              __root const CFG_HDR cfghdr60_3={CFG_COLOR,"Цвет фона сист.шрифта",0,0};
   \                     cfghdr60_3:
   \   00000000   08000000           DC32 8
   \   00000004   D6E2E5F220F4       DC8 "\326\342\345\362 \364\356\355\340 \361\350\361\362.\370\360\350\364\362\340"
   \              EEEDE020F1E8
   \              F1F22EF8F0E8
   \              F4F2E000    
   \   0000001A   000000000000       DC8 0, 0, 0, 0, 0, 0, 0, 0, 0, 0
   \              00000000    
   \   00000024   000000000000       DC32 0, 0
   \              0000        

   \                                 In segment CONFIG_C, align 4, align-sorted, root
     57              __root const char bgrColor[4]={0x00,0x00,0x00,100};
   \                     bgrColor:
   \   00000000   00000064           DC8 0, 0, 0, 100
     58              

   \                                 In segment CONFIG_C, align 4, align-sorted, root
     59              __root const CFG_HDR cfghdr60_4={CFG_CBOX,"Обводить шрифт",0,2};
   \                     cfghdr60_4:
   \   00000000   05000000           DC32 5
   \   00000004   CEE1E2EEE4E8       DC8 "\316\341\342\356\344\350\362\374 \370\360\350\364\362"
   \              F2FC20F8F0E8
   \              F4F200      
   \   00000013   000000000000       DC8 0, 0, 0, 0, 0, 0, 0, 0, 0, 0, 0, 0, 0, 0, 0, 0, 0
   \              000000000000
   \              0000000000  
   \   00000024   000000000200       DC32 0, 2
   \              0000        

   \                                 In segment CONFIG_C, align 4, align-sorted, root
     60              __root const int isOutline=1;
   \                     isOutline:
   \   00000000   01000000           DC32 1

   \                                 In segment CONFIG_C, align 4, align-sorted, root
     61              __root const CFG_CBOX_ITEM cfgcbox7_1[2]={"No","Yes"};
   \                     cfgcbox7_1:
   \   00000000   4E6F00             DC8 "No"
   \   00000003   000000000000       DC8 0, 0, 0, 0, 0, 0, 0, 0, 0, 0, 0, 0, 0, 0, 0, 0
   \              000000000000
   \              00000000    
   \   00000013   000000000000       DC8 0, 0, 0, 0, 0, 0, 0, 0, 0, 0, 0, 0, 0
   \              000000000000
   \              00          
   \   00000020   59657300           DC8 "Yes"
   \   00000024   000000000000       DC8 0, 0, 0, 0, 0, 0, 0, 0, 0, 0, 0, 0, 0, 0, 0, 0
   \              000000000000
   \              00000000    
   \   00000034   000000000000       DC8 0, 0, 0, 0, 0, 0, 0, 0, 0, 0, 0, 0
   \              000000000000
     62          

   \                                 In segment CONFIG_C, align 4, align-sorted, root
     63          __root const CFG_HDR cfghdr_m20={CFG_LEVEL,"",0,0};
   \                     cfghdr_m20:
   \   00000000   09000000           DC32 9
   \   00000004   00                 DC8 ""
   \   00000005   000000000000       DC8 0, 0, 0, 0, 0, 0, 0, 0, 0, 0, 0, 0, 0, 0, 0, 0
   \              000000000000
   \              00000000    
   \   00000015   000000000000       DC8 0, 0, 0, 0, 0, 0, 0, 0, 0, 0, 0, 0, 0, 0, 0
   \              000000000000
   \              000000      
   \   00000024   000000000000       DC32 0, 0
   \              0000        
     64          
     65          
     66          
     67          

   \                                 In segment CONFIG_C, align 4, align-sorted, root
     68          __root const CFG_HDR cfghdr_m212={CFG_LEVEL,"Настройка бег.строки",1,0};
   \                     cfghdr_m212:
   \   00000000   09000000           DC32 9
   \   00000004   CDE0F1F2F0EE       DC8 "\315\340\361\362\360\356\351\352\340 \341\345\343.\361\362\360\356\352\350"
   \              E9EAE020E1E5
   \              E32EF1F2F0EE
   \              EAE800      
   \   00000019   000000000000       DC8 0, 0, 0, 0, 0, 0, 0, 0, 0, 0, 0
   \              0000000000  
   \   00000024   010000000000       DC32 1, 0
   \              0000        
     69            

   \                                 In segment CONFIG_C, align 4, align-sorted, root
     70            __root const CFG_HDR cfghdr112_0={CFG_CBOX,"Использовать бегущую строку",0,2};
   \                     cfghdr112_0:
   \   00000000   05000000           DC32 5
   \   00000004   C8F1EFEEEBFC       DC8 "\310\361\357\356\353\374\347\356\342\340\362\374 \341\345\343\363\371\363\376 \361\362\360\356\352\363"
   \              E7EEE2E0F2FC
   \              20E1E5E3F3F9
   \              F3FE20F1F2F0
   \              EEEAF300    
   \   00000020   00000000           DC8 0, 0, 0, 0
   \   00000024   000000000200       DC32 0, 2
   \              0000        

   \                                 In segment CONFIG_C, align 4, align-sorted, root
     71            __root const int ENA_SCROLL=1;
   \                     ENA_SCROLL:
   \   00000000   01000000           DC32 1

   \                                 In segment CONFIG_C, align 4, align-sorted, root
     72            __root const CFG_CBOX_ITEM cfgcbox1_1[2]={"No","Yes"};
   \                     cfgcbox1_1:
   \   00000000   4E6F00             DC8 "No"
   \   00000003   000000000000       DC8 0, 0, 0, 0, 0, 0, 0, 0, 0, 0, 0, 0, 0, 0, 0, 0
   \              000000000000
   \              00000000    
   \   00000013   000000000000       DC8 0, 0, 0, 0, 0, 0, 0, 0, 0, 0, 0, 0, 0
   \              000000000000
   \              00          
   \   00000020   59657300           DC8 "Yes"
   \   00000024   000000000000       DC8 0, 0, 0, 0, 0, 0, 0, 0, 0, 0, 0, 0, 0, 0, 0, 0
   \              000000000000
   \              00000000    
   \   00000034   000000000000       DC8 0, 0, 0, 0, 0, 0, 0, 0, 0, 0, 0, 0
   \              000000000000
     73            

   \                                 In segment CONFIG_C, align 4, align-sorted, root
     74            __root const CFG_HDR cfghdr13 = {CFG_RECT,"Позиц. строки",0,0};
   \                     cfghdr13:
   \   00000000   0E000000           DC32 14
   \   00000004   CFEEE7E8F62E       DC8 "\317\356\347\350\366. \361\362\360\356\352\350"
   \              20F1F2F0EEEA
   \              E800        
   \   00000012   000000000000       DC8 0, 0, 0, 0, 0, 0, 0, 0, 0, 0, 0, 0, 0, 0, 0, 0, 0, 0
   \              000000000000
   \              000000000000
   \   00000024   000000000000       DC32 0, 0
   \              0000        

   \                                 In segment CONFIG_C, align 4, align-sorted, root
     75            __root const RECT pos1={5,285,234,295};
   \                     pos1:
   \   00000000   05001D01EA00       DC16 5, 285, 234, 295
   \              2701        
     76          //  __root const unsigned int x = 2;
     77          //  __root const unsigned int y = 303;
     78            
     79            //__root const CFG_HDR cfghdr_0={CFG_UINT,"Длинна бегущей строки",0,240};
     80            //__root const unsigned int scrollsize=236;
     81            

   \                                 In segment CONFIG_C, align 4, align-sorted, root
     82            __root const CFG_HDR cfghdr2_25 = {CFG_UINT, "Скорость(1сек=216)", 0, 65535};
   \                     cfghdr2_25:
   \   00000000   01000000           DC32 1
   \   00000004   D1EAEEF0EEF1       DC8 "\321\352\356\360\356\361\362\374(1\361\345\352=216)"
   \              F2FC2831F1E5
   \              EA3D32313629
   \              00          
   \   00000017   000000000000       DC8 0, 0, 0, 0, 0, 0, 0, 0, 0, 0, 0, 0, 0
   \              000000000000
   \              00          
   \   00000024   00000000FFFF       DC32 0, 65535
   \              0000        

   \                                 In segment CONFIG_C, align 4, align-sorted, root
     83            __root const unsigned int TimeUpdateScroll = 140;
   \                     TimeUpdateScroll:
   \   00000000   8C000000           DC32 140
     84            

   \                                 In segment CONFIG_C, align 4, align-sorted, root
     85            __root const CFG_HDR cfghdr2_26 = {CFG_UINT, "Задержка в нач. и конце", 0, 65535};
   \                     cfghdr2_26:
   \   00000000   01000000           DC32 1
   \   00000004   C7E0E4E5F0E6       DC8 "\307\340\344\345\360\346\352\340 \342 \355\340\367. \350 \352\356\355\366\345"
   \              EAE020E220ED
   \              E0F72E20E820
   \              EAEEEDF6E500
   \   0000001C   000000000000       DC8 0, 0, 0, 0, 0, 0, 0, 0
   \              0000        
   \   00000024   00000000FFFF       DC32 0, 65535
   \              0000        

   \                                 In segment CONFIG_C, align 4, align-sorted, root
     86            __root const unsigned int scrollDelay = 5;
   \                     scrollDelay:
   \   00000000   05000000           DC32 5
     87            
     88            

   \                                 In segment CONFIG_C, align 4, align-sorted, root
     89            __root const CFG_HDR cfghdr22_35 = {CFG_CBOX, "Выравнивание бег.строки", 0, 3};
   \                     cfghdr22_35:
   \   00000000   05000000           DC32 5
   \   00000004   C2FBF0E0E2ED       DC8 "\302\373\360\340\342\355\350\342\340\355\350\345 \341\345\343.\361\362\360\356\352\350"
   \              E8E2E0EDE8E5
   \              20E1E5E32EF1
   \              F2F0EEEAE800
   \   0000001C   000000000000       DC8 0, 0, 0, 0, 0, 0, 0, 0
   \              0000        
   \   00000024   000000000300       DC32 0, 3
   \              0000        

   \                                 In segment CONFIG_C, align 4, align-sorted, root
     90            __root const int al = 0;
   \                     al:
   \   00000000   00000000           DC32 0

   \                                 In segment CONFIG_C, align 4, align-sorted, root
     91            __root const CFG_CBOX_ITEM cfgcbox6_5[3] = {"Left", "Center", "Right"};
   \                     cfgcbox6_5:
   \   00000000   4C65667400         DC8 "Left"
   \   00000005   000000000000       DC8 0, 0, 0, 0, 0, 0, 0, 0, 0, 0, 0, 0, 0, 0, 0, 0
   \              000000000000
   \              00000000    
   \   00000015   000000000000       DC8 0, 0, 0, 0, 0, 0, 0, 0, 0, 0, 0
   \              0000000000  
   \   00000020   43656E746572       DC8 "Center"
   \              00          
   \   00000027   000000000000       DC8 0, 0, 0, 0, 0, 0, 0, 0, 0, 0, 0, 0, 0, 0, 0, 0
   \              000000000000
   \              00000000    
   \   00000037   000000000000       DC8 0, 0, 0, 0, 0, 0, 0, 0, 0
   \              000000      
   \   00000040   526967687400       DC8 "Right"
   \   00000046   000000000000       DC8 0, 0, 0, 0, 0, 0, 0, 0, 0, 0, 0, 0, 0, 0, 0, 0
   \              000000000000
   \              00000000    
   \   00000056   000000000000       DC8 0, 0, 0, 0, 0, 0, 0, 0, 0, 0
   \              00000000    
     92          

   \                                 In segment CONFIG_C, align 4, align-sorted, root
     93          __root const CFG_HDR cfghdr_m21_4={CFG_LEVEL,"",0,0};
   \                     cfghdr_m21_4:
   \   00000000   09000000           DC32 9
   \   00000004   00                 DC8 ""
   \   00000005   000000000000       DC8 0, 0, 0, 0, 0, 0, 0, 0, 0, 0, 0, 0, 0, 0, 0, 0
   \              000000000000
   \              00000000    
   \   00000015   000000000000       DC8 0, 0, 0, 0, 0, 0, 0, 0, 0, 0, 0, 0, 0, 0, 0
   \              000000000000
   \              000000      
   \   00000024   000000000000       DC32 0, 0
   \              0000        
     94          
     95          
     96          
     97          

   \                                 In segment CONFIG_C, align 4, align-sorted, root
     98          __root const CFG_HDR cfghdr_m61={CFG_LEVEL,"Температурa",1,0};
   \                     cfghdr_m61:
   \   00000000   09000000           DC32 9
   \   00000004   D2E5ECEFE5F0       DC8 "\322\345\354\357\345\360\340\362\363\360a"
   \              E0F2F3F06100
   \   00000010   000000000000       DC8 0, 0, 0, 0, 0, 0, 0, 0, 0, 0, 0, 0, 0, 0, 0, 0, 0, 0, 0, 0
   \              000000000000
   \              000000000000
   \              0000        
   \   00000024   010000000000       DC32 1, 0
   \              0000        
     99            

   \                                 In segment CONFIG_C, align 4, align-sorted, root
    100            __root const CFG_HDR cfghdr4={CFG_CBOX,"Показывать температуру",0,2};
   \                     cfghdr4:
   \   00000000   05000000           DC32 5
   \   00000004   CFEEEAE0E7FB       DC8 "\317\356\352\340\347\373\342\340\362\374 \362\345\354\357\345\360\340\362\363\360\363"
   \              E2E0F2FC20F2
   \              E5ECEFE5F0E0
   \              F2F3F0F300  
   \   0000001B   000000000000       DC8 0, 0, 0, 0, 0, 0, 0, 0, 0
   \              000000      
   \   00000024   000000000200       DC32 0, 2
   \              0000        

   \                                 In segment CONFIG_C, align 4, align-sorted, root
    101            __root const int show_temp=1;
   \                     show_temp:
   \   00000000   01000000           DC32 1

   \                                 In segment CONFIG_C, align 4, align-sorted, root
    102            __root const CFG_CBOX_ITEM cfgcbox1[2]={"No","Yes"};
   \                     cfgcbox1:
   \   00000000   4E6F00             DC8 "No"
   \   00000003   000000000000       DC8 0, 0, 0, 0, 0, 0, 0, 0, 0, 0, 0, 0, 0, 0, 0, 0
   \              000000000000
   \              00000000    
   \   00000013   000000000000       DC8 0, 0, 0, 0, 0, 0, 0, 0, 0, 0, 0, 0, 0
   \              000000000000
   \              00          
   \   00000020   59657300           DC8 "Yes"
   \   00000024   000000000000       DC8 0, 0, 0, 0, 0, 0, 0, 0, 0, 0, 0, 0, 0, 0, 0, 0
   \              000000000000
   \              00000000    
   \   00000034   000000000000       DC8 0, 0, 0, 0, 0, 0, 0, 0, 0, 0, 0, 0
   \              000000000000
    103            

   \                                 In segment CONFIG_C, align 4, align-sorted, root
    104            __root const CFG_HDR cfghdr5 = {CFG_COORDINATES,"Позиц. темп.",0,0};
   \                     cfghdr5:
   \   00000000   07000000           DC32 7
   \   00000004   CFEEE7E8F62E       DC8 "\317\356\347\350\366. \362\345\354\357."
   \              20F2E5ECEF2E
   \              00          
   \   00000011   000000000000       DC8 0, 0, 0, 0, 0, 0, 0, 0, 0, 0, 0, 0, 0, 0, 0, 0, 0, 0, 0
   \              000000000000
   \              000000000000
   \              00          
   \   00000024   000000000000       DC32 0, 0
   \              0000        

   \                                 In segment CONFIG_C, align 4, align-sorted, root
    105            __root const unsigned int date_X = 0;
   \                     date_X:
   \   00000000   00000000           DC32 0

   \                                 In segment CONFIG_C, align 4, align-sorted, root
    106            __root const unsigned int date_Y = 40;
   \                     date_Y:
   \   00000000   28000000           DC32 40
    107            

   \                                 In segment CONFIG_C, align 4, align-sorted, root
    108            __root const CFG_HDR cfghdr6={CFG_STR_WIN1251,"Темп. текст",0,127};
   \                     cfghdr6:
   \   00000000   04000000           DC32 4
   \   00000004   D2E5ECEF2E20       DC8 "\322\345\354\357. \362\345\352\361\362"
   \              F2E5EAF1F200
   \   00000010   000000000000       DC8 0, 0, 0, 0, 0, 0, 0, 0, 0, 0, 0, 0, 0, 0, 0, 0, 0, 0, 0, 0
   \              000000000000
   \              000000000000
   \              0000        
   \   00000024   000000007F00       DC32 0, 127
   \              0000        

   \                                 In segment CONFIG_C, align 4, align-sorted, root
    109            __root const char str_temp[128]="темп: ";
   \                     str_temp:
   \   00000000   F2E5ECEF3A20       DC8 "\362\345\354\357: "
   \              00          
   \   00000007   000000000000       DC8 0, 0, 0, 0, 0, 0, 0, 0, 0, 0, 0, 0, 0, 0, 0, 0
   \              000000000000
   \              00000000    
   \   00000017   000000000000       DC8 0, 0, 0, 0, 0, 0, 0, 0, 0, 0, 0, 0, 0, 0, 0, 0
   \              000000000000
   \              00000000    
   \   00000027   000000000000       DC8 0, 0, 0, 0, 0, 0, 0, 0, 0, 0, 0, 0, 0, 0, 0, 0
   \              000000000000
   \              00000000    
   \   00000037   000000000000       DC8 0, 0, 0, 0, 0, 0, 0, 0, 0, 0, 0, 0, 0, 0, 0, 0
   \              000000000000
   \              00000000    
   \   00000047   000000000000       DC8 0, 0, 0, 0, 0, 0, 0, 0, 0, 0, 0, 0, 0, 0, 0, 0
   \              000000000000
   \              00000000    
   \   00000057   000000000000       DC8 0, 0, 0, 0, 0, 0, 0, 0, 0, 0, 0, 0, 0, 0, 0, 0
   \              000000000000
   \              00000000    
   \   00000067   000000000000       DC8 0, 0, 0, 0, 0, 0, 0, 0, 0, 0, 0, 0, 0, 0, 0, 0
   \              000000000000
   \              00000000    
   \   00000077   000000000000       DC8 0, 0, 0, 0, 0, 0, 0, 0, 0
   \              000000      
    110            

   \                                 In segment CONFIG_C, align 4, align-sorted, root
    111            __root const CFG_HDR cfghdr40={CFG_CBOX,"Где показать инфу",0,3};
   \                     cfghdr40:
   \   00000000   05000000           DC32 5
   \   00000004   C3E4E520EFEE       DC8 "\303\344\345 \357\356\352\340\347\340\362\374 \350\355\364\363"
   \              EAE0E7E0F2FC
   \              20E8EDF4F300
   \   00000016   000000000000       DC8 0, 0, 0, 0, 0, 0, 0, 0, 0, 0, 0, 0, 0, 0
   \              000000000000
   \              0000        
   \   00000024   000000000300       DC32 0, 3
   \              0000        

   \                                 In segment CONFIG_C, align 4, align-sorted, root
    112            __root const int chekeris1=1;
   \                     chekeris1:
   \   00000000   01000000           DC32 1

   \                                 In segment CONFIG_C, align 4, align-sorted, root
    113            __root const CFG_CBOX_ITEM cfgcbox10[3]={"everywhere","unlocked","locked"};
   \                     cfgcbox10:
   \   00000000   657665727977       DC8 "everywhere"
   \              6865726500  
   \   0000000B   000000000000       DC8 0, 0, 0, 0, 0, 0, 0, 0, 0, 0, 0, 0, 0, 0, 0, 0, 0, 0, 0, 0, 0
   \              000000000000
   \              000000000000
   \              000000      
   \   00000020   756E6C6F636B       DC8 "unlocked"
   \              656400      
   \   00000029   000000000000       DC8 0, 0, 0, 0, 0, 0, 0, 0, 0, 0, 0, 0, 0, 0, 0, 0, 0, 0, 0, 0, 0, 0, 0
   \              000000000000
   \              000000000000
   \              0000000000  
   \   00000040   6C6F636B6564       DC8 "locked"
   \              00          
   \   00000047   000000000000       DC8 0, 0, 0, 0, 0, 0, 0, 0, 0, 0, 0, 0, 0, 0, 0, 0
   \              000000000000
   \              00000000    
   \   00000057   000000000000       DC8 0, 0, 0, 0, 0, 0, 0, 0, 0
   \              000000      
    114            

   \                                 In segment CONFIG_C, align 4, align-sorted, root
    115            __root const CFG_HDR cfghdr22_1 = {CFG_CBOX, "Выравнивание", 0, 3};
   \                     cfghdr22_1:
   \   00000000   05000000           DC32 5
   \   00000004   C2FBF0E0E2ED       DC8 "\302\373\360\340\342\355\350\342\340\355\350\345"
   \              E8E2E0EDE8E5
   \              00          
   \   00000011   000000000000       DC8 0, 0, 0, 0, 0, 0, 0, 0, 0, 0, 0, 0, 0, 0, 0, 0, 0, 0, 0
   \              000000000000
   \              000000000000
   \              00          
   \   00000024   000000000300       DC32 0, 3
   \              0000        

   \                                 In segment CONFIG_C, align 4, align-sorted, root
    116            __root const int align1 = 0;
   \                     align1:
   \   00000000   00000000           DC32 0

   \                                 In segment CONFIG_C, align 4, align-sorted, root
    117            __root const CFG_CBOX_ITEM cfgcbox6_1[3] = {"Left", "Center", "Right"};
   \                     cfgcbox6_1:
   \   00000000   4C65667400         DC8 "Left"
   \   00000005   000000000000       DC8 0, 0, 0, 0, 0, 0, 0, 0, 0, 0, 0, 0, 0, 0, 0, 0
   \              000000000000
   \              00000000    
   \   00000015   000000000000       DC8 0, 0, 0, 0, 0, 0, 0, 0, 0, 0, 0
   \              0000000000  
   \   00000020   43656E746572       DC8 "Center"
   \              00          
   \   00000027   000000000000       DC8 0, 0, 0, 0, 0, 0, 0, 0, 0, 0, 0, 0, 0, 0, 0, 0
   \              000000000000
   \              00000000    
   \   00000037   000000000000       DC8 0, 0, 0, 0, 0, 0, 0, 0, 0
   \              000000      
   \   00000040   526967687400       DC8 "Right"
   \   00000046   000000000000       DC8 0, 0, 0, 0, 0, 0, 0, 0, 0, 0, 0, 0, 0, 0, 0, 0
   \              000000000000
   \              00000000    
   \   00000056   000000000000       DC8 0, 0, 0, 0, 0, 0, 0, 0, 0, 0
   \              00000000    
    118          

   \                                 In segment CONFIG_C, align 4, align-sorted, root
    119          __root const CFG_HDR cfghdr_m60={CFG_LEVEL,"",0,0};
   \                     cfghdr_m60:
   \   00000000   09000000           DC32 9
   \   00000004   00                 DC8 ""
   \   00000005   000000000000       DC8 0, 0, 0, 0, 0, 0, 0, 0, 0, 0, 0, 0, 0, 0, 0, 0
   \              000000000000
   \              00000000    
   \   00000015   000000000000       DC8 0, 0, 0, 0, 0, 0, 0, 0, 0, 0, 0, 0, 0, 0, 0
   \              000000000000
   \              000000      
   \   00000024   000000000000       DC32 0, 0
   \              0000        
    120          
    121          
    122          
    123          

   \                                 In segment CONFIG_C, align 4, align-sorted, root
    124          __root const CFG_HDR cfghdr_m51={CFG_LEVEL,"Скорость ветра",1,0};
   \                     cfghdr_m51:
   \   00000000   09000000           DC32 9
   \   00000004   D1EAEEF0EEF1       DC8 "\321\352\356\360\356\361\362\374 \342\345\362\360\340"
   \              F2FC20E2E5F2
   \              F0E000      
   \   00000013   000000000000       DC8 0, 0, 0, 0, 0, 0, 0, 0, 0, 0, 0, 0, 0, 0, 0, 0, 0
   \              000000000000
   \              0000000000  
   \   00000024   010000000000       DC32 1, 0
   \              0000        
    125            

   \                                 In segment CONFIG_C, align 4, align-sorted, root
    126            __root const CFG_HDR cfghdr7={CFG_CBOX,"Показывать скорость ветра",0,2};
   \                     cfghdr7:
   \   00000000   05000000           DC32 5
   \   00000004   CFEEEAE0E7FB       DC8 "\317\356\352\340\347\373\342\340\362\374 \361\352\356\360\356\361\362\374 \342\345\362\360\340"
   \              E2E0F2FC20F1
   \              EAEEF0EEF1F2
   \              FC20E2E5F2F0
   \              E000        
   \   0000001E   000000000000       DC8 0, 0, 0, 0, 0, 0
   \   00000024   000000000200       DC32 0, 2
   \              0000        

   \                                 In segment CONFIG_C, align 4, align-sorted, root
    127            __root const int show_speed=1;
   \                     show_speed:
   \   00000000   01000000           DC32 1

   \                                 In segment CONFIG_C, align 4, align-sorted, root
    128            __root const CFG_CBOX_ITEM cfgcbox2[2]={"No","Yes"};
   \                     cfgcbox2:
   \   00000000   4E6F00             DC8 "No"
   \   00000003   000000000000       DC8 0, 0, 0, 0, 0, 0, 0, 0, 0, 0, 0, 0, 0, 0, 0, 0
   \              000000000000
   \              00000000    
   \   00000013   000000000000       DC8 0, 0, 0, 0, 0, 0, 0, 0, 0, 0, 0, 0, 0
   \              000000000000
   \              00          
   \   00000020   59657300           DC8 "Yes"
   \   00000024   000000000000       DC8 0, 0, 0, 0, 0, 0, 0, 0, 0, 0, 0, 0, 0, 0, 0, 0
   \              000000000000
   \              00000000    
   \   00000034   000000000000       DC8 0, 0, 0, 0, 0, 0, 0, 0, 0, 0, 0, 0
   \              000000000000
    129            

   \                                 In segment CONFIG_C, align 4, align-sorted, root
    130            __root const CFG_HDR cfghdr15 = {CFG_COORDINATES,"Позиц. скорость",0,0};
   \                     cfghdr15:
   \   00000000   07000000           DC32 7
   \   00000004   CFEEE7E8F62E       DC8 "\317\356\347\350\366. \361\352\356\360\356\361\362\374"
   \              20F1EAEEF0EE
   \              F1F2FC00    
   \   00000014   000000000000       DC8 0, 0, 0, 0, 0, 0, 0, 0, 0, 0, 0, 0, 0, 0, 0, 0
   \              000000000000
   \              00000000    
   \   00000024   000000000000       DC32 0, 0
   \              0000        

   \                                 In segment CONFIG_C, align 4, align-sorted, root
    131            __root const unsigned int date_X2 = 0;
   \                     date_X2:
   \   00000000   00000000           DC32 0

   \                                 In segment CONFIG_C, align 4, align-sorted, root
    132            __root const unsigned int date_Y2 = 50;
   \                     date_Y2:
   \   00000000   32000000           DC32 50
    133            

   \                                 In segment CONFIG_C, align 4, align-sorted, root
    134            __root const CFG_HDR cfghdr41={CFG_CBOX,"Где показать инфу",0,3};
   \                     cfghdr41:
   \   00000000   05000000           DC32 5
   \   00000004   C3E4E520EFEE       DC8 "\303\344\345 \357\356\352\340\347\340\362\374 \350\355\364\363"
   \              EAE0E7E0F2FC
   \              20E8EDF4F300
   \   00000016   000000000000       DC8 0, 0, 0, 0, 0, 0, 0, 0, 0, 0, 0, 0, 0, 0
   \              000000000000
   \              0000        
   \   00000024   000000000300       DC32 0, 3
   \              0000        

   \                                 In segment CONFIG_C, align 4, align-sorted, root
    135            __root const int chekeris2=1;
   \                     chekeris2:
   \   00000000   01000000           DC32 1

   \                                 In segment CONFIG_C, align 4, align-sorted, root
    136            __root const CFG_CBOX_ITEM cfgcbox11[3]={"everywhere","unlocked","locked"};
   \                     cfgcbox11:
   \   00000000   657665727977       DC8 "everywhere"
   \              6865726500  
   \   0000000B   000000000000       DC8 0, 0, 0, 0, 0, 0, 0, 0, 0, 0, 0, 0, 0, 0, 0, 0, 0, 0, 0, 0, 0
   \              000000000000
   \              000000000000
   \              000000      
   \   00000020   756E6C6F636B       DC8 "unlocked"
   \              656400      
   \   00000029   000000000000       DC8 0, 0, 0, 0, 0, 0, 0, 0, 0, 0, 0, 0, 0, 0, 0, 0, 0, 0, 0, 0, 0, 0, 0
   \              000000000000
   \              000000000000
   \              0000000000  
   \   00000040   6C6F636B6564       DC8 "locked"
   \              00          
   \   00000047   000000000000       DC8 0, 0, 0, 0, 0, 0, 0, 0, 0, 0, 0, 0, 0, 0, 0, 0
   \              000000000000
   \              00000000    
   \   00000057   000000000000       DC8 0, 0, 0, 0, 0, 0, 0, 0, 0
   \              000000      
    137            

   \                                 In segment CONFIG_C, align 4, align-sorted, root
    138            __root const CFG_HDR cfghdr22_2 = {CFG_CBOX, "Выравнивание", 0, 3};
   \                     cfghdr22_2:
   \   00000000   05000000           DC32 5
   \   00000004   C2FBF0E0E2ED       DC8 "\302\373\360\340\342\355\350\342\340\355\350\345"
   \              E8E2E0EDE8E5
   \              00          
   \   00000011   000000000000       DC8 0, 0, 0, 0, 0, 0, 0, 0, 0, 0, 0, 0, 0, 0, 0, 0, 0, 0, 0
   \              000000000000
   \              000000000000
   \              00          
   \   00000024   000000000300       DC32 0, 3
   \              0000        

   \                                 In segment CONFIG_C, align 4, align-sorted, root
    139            __root const int align2 = 0;
   \                     align2:
   \   00000000   00000000           DC32 0

   \                                 In segment CONFIG_C, align 4, align-sorted, root
    140            __root const CFG_CBOX_ITEM cfgcbox6_2[3] = {"Left", "Center", "Right"};
   \                     cfgcbox6_2:
   \   00000000   4C65667400         DC8 "Left"
   \   00000005   000000000000       DC8 0, 0, 0, 0, 0, 0, 0, 0, 0, 0, 0, 0, 0, 0, 0, 0
   \              000000000000
   \              00000000    
   \   00000015   000000000000       DC8 0, 0, 0, 0, 0, 0, 0, 0, 0, 0, 0
   \              0000000000  
   \   00000020   43656E746572       DC8 "Center"
   \              00          
   \   00000027   000000000000       DC8 0, 0, 0, 0, 0, 0, 0, 0, 0, 0, 0, 0, 0, 0, 0, 0
   \              000000000000
   \              00000000    
   \   00000037   000000000000       DC8 0, 0, 0, 0, 0, 0, 0, 0, 0
   \              000000      
   \   00000040   526967687400       DC8 "Right"
   \   00000046   000000000000       DC8 0, 0, 0, 0, 0, 0, 0, 0, 0, 0, 0, 0, 0, 0, 0, 0
   \              000000000000
   \              00000000    
   \   00000056   000000000000       DC8 0, 0, 0, 0, 0, 0, 0, 0, 0, 0
   \              00000000    
    141          

   \                                 In segment CONFIG_C, align 4, align-sorted, root
    142          __root const CFG_HDR cfghdr_m50={CFG_LEVEL,"",0,0};
   \                     cfghdr_m50:
   \   00000000   09000000           DC32 9
   \   00000004   00                 DC8 ""
   \   00000005   000000000000       DC8 0, 0, 0, 0, 0, 0, 0, 0, 0, 0, 0, 0, 0, 0, 0, 0
   \              000000000000
   \              00000000    
   \   00000015   000000000000       DC8 0, 0, 0, 0, 0, 0, 0, 0, 0, 0, 0, 0, 0, 0, 0
   \              000000000000
   \              000000      
   \   00000024   000000000000       DC32 0, 0
   \              0000        
    143          
    144          
    145          
    146          

   \                                 In segment CONFIG_C, align 4, align-sorted, root
    147          __root const CFG_HDR cfghdr_m41={CFG_LEVEL,"Погода",1,0};
   \                     cfghdr_m41:
   \   00000000   09000000           DC32 9
   \   00000004   CFEEE3EEE4E0       DC8 "\317\356\343\356\344\340"
   \              00          
   \   0000000B   000000000000       DC8 0, 0, 0, 0, 0, 0, 0, 0, 0, 0, 0, 0, 0, 0, 0, 0
   \              000000000000
   \              00000000    
   \   0000001B   000000000000       DC8 0, 0, 0, 0, 0, 0, 0, 0, 0
   \              000000      
   \   00000024   010000000000       DC32 1, 0
   \              0000        
    148            

   \                                 In segment CONFIG_C, align 4, align-sorted, root
    149            __root const CFG_HDR cfghdr8={CFG_CBOX,"Показывать погоду",0,2};
   \                     cfghdr8:
   \   00000000   05000000           DC32 5
   \   00000004   CFEEEAE0E7FB       DC8 "\317\356\352\340\347\373\342\340\362\374 \357\356\343\356\344\363"
   \              E2E0F2FC20EF
   \              EEE3EEE4F300
   \   00000016   000000000000       DC8 0, 0, 0, 0, 0, 0, 0, 0, 0, 0, 0, 0, 0, 0
   \              000000000000
   \              0000        
   \   00000024   000000000200       DC32 0, 2
   \              0000        

   \                                 In segment CONFIG_C, align 4, align-sorted, root
    150            __root const int show_prognoze=1;
   \                     show_prognoze:
   \   00000000   01000000           DC32 1

   \                                 In segment CONFIG_C, align 4, align-sorted, root
    151            __root const CFG_CBOX_ITEM cfgcbox3[2]={"No","Yes"};
   \                     cfgcbox3:
   \   00000000   4E6F00             DC8 "No"
   \   00000003   000000000000       DC8 0, 0, 0, 0, 0, 0, 0, 0, 0, 0, 0, 0, 0, 0, 0, 0
   \              000000000000
   \              00000000    
   \   00000013   000000000000       DC8 0, 0, 0, 0, 0, 0, 0, 0, 0, 0, 0, 0, 0
   \              000000000000
   \              00          
   \   00000020   59657300           DC8 "Yes"
   \   00000024   000000000000       DC8 0, 0, 0, 0, 0, 0, 0, 0, 0, 0, 0, 0, 0, 0, 0, 0
   \              000000000000
   \              00000000    
   \   00000034   000000000000       DC8 0, 0, 0, 0, 0, 0, 0, 0, 0, 0, 0, 0
   \              000000000000
    152            

   \                                 In segment CONFIG_C, align 4, align-sorted, root
    153            __root const CFG_HDR cfghdr9 = {CFG_COORDINATES,"Позиц. погоды",0,0};
   \                     cfghdr9:
   \   00000000   07000000           DC32 7
   \   00000004   CFEEE7E8F62E       DC8 "\317\356\347\350\366. \357\356\343\356\344\373"
   \              20EFEEE3EEE4
   \              FB00        
   \   00000012   000000000000       DC8 0, 0, 0, 0, 0, 0, 0, 0, 0, 0, 0, 0, 0, 0, 0, 0, 0, 0
   \              000000000000
   \              000000000000
   \   00000024   000000000000       DC32 0, 0
   \              0000        

   \                                 In segment CONFIG_C, align 4, align-sorted, root
    154            __root const unsigned int date_X3 = 0;
   \                     date_X3:
   \   00000000   00000000           DC32 0

   \                                 In segment CONFIG_C, align 4, align-sorted, root
    155            __root const unsigned int date_Y3 = 60;
   \                     date_Y3:
   \   00000000   3C000000           DC32 60
    156            

   \                                 In segment CONFIG_C, align 4, align-sorted, root
    157            __root const CFG_HDR cfghdr43={CFG_CBOX,"Где показать инфу",0,3};
   \                     cfghdr43:
   \   00000000   05000000           DC32 5
   \   00000004   C3E4E520EFEE       DC8 "\303\344\345 \357\356\352\340\347\340\362\374 \350\355\364\363"
   \              EAE0E7E0F2FC
   \              20E8EDF4F300
   \   00000016   000000000000       DC8 0, 0, 0, 0, 0, 0, 0, 0, 0, 0, 0, 0, 0, 0
   \              000000000000
   \              0000        
   \   00000024   000000000300       DC32 0, 3
   \              0000        

   \                                 In segment CONFIG_C, align 4, align-sorted, root
    158            __root const int chekeris3=1;
   \                     chekeris3:
   \   00000000   01000000           DC32 1

   \                                 In segment CONFIG_C, align 4, align-sorted, root
    159            __root const CFG_CBOX_ITEM cfgcbox13[3]={"everywhere","unlocked","locked"};
   \                     cfgcbox13:
   \   00000000   657665727977       DC8 "everywhere"
   \              6865726500  
   \   0000000B   000000000000       DC8 0, 0, 0, 0, 0, 0, 0, 0, 0, 0, 0, 0, 0, 0, 0, 0, 0, 0, 0, 0, 0
   \              000000000000
   \              000000000000
   \              000000      
   \   00000020   756E6C6F636B       DC8 "unlocked"
   \              656400      
   \   00000029   000000000000       DC8 0, 0, 0, 0, 0, 0, 0, 0, 0, 0, 0, 0, 0, 0, 0, 0, 0, 0, 0, 0, 0, 0, 0
   \              000000000000
   \              000000000000
   \              0000000000  
   \   00000040   6C6F636B6564       DC8 "locked"
   \              00          
   \   00000047   000000000000       DC8 0, 0, 0, 0, 0, 0, 0, 0, 0, 0, 0, 0, 0, 0, 0, 0
   \              000000000000
   \              00000000    
   \   00000057   000000000000       DC8 0, 0, 0, 0, 0, 0, 0, 0, 0
   \              000000      
    160            

   \                                 In segment CONFIG_C, align 4, align-sorted, root
    161            __root const CFG_HDR cfghdr22_3 = {CFG_CBOX, "Выравнивание", 0, 3};
   \                     cfghdr22_3:
   \   00000000   05000000           DC32 5
   \   00000004   C2FBF0E0E2ED       DC8 "\302\373\360\340\342\355\350\342\340\355\350\345"
   \              E8E2E0EDE8E5
   \              00          
   \   00000011   000000000000       DC8 0, 0, 0, 0, 0, 0, 0, 0, 0, 0, 0, 0, 0, 0, 0, 0, 0, 0, 0
   \              000000000000
   \              000000000000
   \              00          
   \   00000024   000000000300       DC32 0, 3
   \              0000        

   \                                 In segment CONFIG_C, align 4, align-sorted, root
    162            __root const int align3 = 0;
   \                     align3:
   \   00000000   00000000           DC32 0

   \                                 In segment CONFIG_C, align 4, align-sorted, root
    163            __root const CFG_CBOX_ITEM cfgcbox6_3[3] = {"Left", "Center", "Right"};
   \                     cfgcbox6_3:
   \   00000000   4C65667400         DC8 "Left"
   \   00000005   000000000000       DC8 0, 0, 0, 0, 0, 0, 0, 0, 0, 0, 0, 0, 0, 0, 0, 0
   \              000000000000
   \              00000000    
   \   00000015   000000000000       DC8 0, 0, 0, 0, 0, 0, 0, 0, 0, 0, 0
   \              0000000000  
   \   00000020   43656E746572       DC8 "Center"
   \              00          
   \   00000027   000000000000       DC8 0, 0, 0, 0, 0, 0, 0, 0, 0, 0, 0, 0, 0, 0, 0, 0
   \              000000000000
   \              00000000    
   \   00000037   000000000000       DC8 0, 0, 0, 0, 0, 0, 0, 0, 0
   \              000000      
   \   00000040   526967687400       DC8 "Right"
   \   00000046   000000000000       DC8 0, 0, 0, 0, 0, 0, 0, 0, 0, 0, 0, 0, 0, 0, 0, 0
   \              000000000000
   \              00000000    
   \   00000056   000000000000       DC8 0, 0, 0, 0, 0, 0, 0, 0, 0, 0
   \              00000000    
    164            

   \                                 In segment CONFIG_C, align 4, align-sorted, root
    165          __root const CFG_HDR cfghdr_m40={CFG_LEVEL,"",0,0};
   \                     cfghdr_m40:
   \   00000000   09000000           DC32 9
   \   00000004   00                 DC8 ""
   \   00000005   000000000000       DC8 0, 0, 0, 0, 0, 0, 0, 0, 0, 0, 0, 0, 0, 0, 0, 0
   \              000000000000
   \              00000000    
   \   00000015   000000000000       DC8 0, 0, 0, 0, 0, 0, 0, 0, 0, 0, 0, 0, 0, 0, 0
   \              000000000000
   \              000000      
   \   00000024   000000000000       DC32 0, 0
   \              0000        
    166            
    167            
    168            
    169            

   \                                 In segment CONFIG_C, align 4, align-sorted, root
    170          __root const CFG_HDR cfghdr_m91={CFG_LEVEL,"Давление",1,0};
   \                     cfghdr_m91:
   \   00000000   09000000           DC32 9
   \   00000004   C4E0E2EBE5ED       DC8 "\304\340\342\353\345\355\350\345"
   \              E8E500      
   \   0000000D   000000000000       DC8 0, 0, 0, 0, 0, 0, 0, 0, 0, 0, 0, 0, 0, 0, 0, 0, 0, 0, 0, 0, 0, 0, 0
   \              000000000000
   \              000000000000
   \              0000000000  
   \   00000024   010000000000       DC32 1, 0
   \              0000        
    171            

   \                                 In segment CONFIG_C, align 4, align-sorted, root
    172            __root const CFG_HDR cfghdr10={CFG_CBOX,"Показывать давление",0,2};
   \                     cfghdr10:
   \   00000000   05000000           DC32 5
   \   00000004   CFEEEAE0E7FB       DC8 "\317\356\352\340\347\373\342\340\362\374 \344\340\342\353\345\355\350\345"
   \              E2E0F2FC20E4
   \              E0E2EBE5EDE8
   \              E500        
   \   00000018   000000000000       DC8 0, 0, 0, 0, 0, 0, 0, 0, 0, 0, 0, 0
   \              000000000000
   \   00000024   000000000200       DC32 0, 2
   \              0000        

   \                                 In segment CONFIG_C, align 4, align-sorted, root
    173            __root const int show_davlenie=1;
   \                     show_davlenie:
   \   00000000   01000000           DC32 1

   \                                 In segment CONFIG_C, align 4, align-sorted, root
    174            __root const CFG_CBOX_ITEM cfgcbox4[2]={"No","Yes"};
   \                     cfgcbox4:
   \   00000000   4E6F00             DC8 "No"
   \   00000003   000000000000       DC8 0, 0, 0, 0, 0, 0, 0, 0, 0, 0, 0, 0, 0, 0, 0, 0
   \              000000000000
   \              00000000    
   \   00000013   000000000000       DC8 0, 0, 0, 0, 0, 0, 0, 0, 0, 0, 0, 0, 0
   \              000000000000
   \              00          
   \   00000020   59657300           DC8 "Yes"
   \   00000024   000000000000       DC8 0, 0, 0, 0, 0, 0, 0, 0, 0, 0, 0, 0, 0, 0, 0, 0
   \              000000000000
   \              00000000    
   \   00000034   000000000000       DC8 0, 0, 0, 0, 0, 0, 0, 0, 0, 0, 0, 0
   \              000000000000
    175            

   \                                 In segment CONFIG_C, align 4, align-sorted, root
    176            __root const CFG_HDR cfghdr11 = {CFG_COORDINATES,"Позиц. давление",0,0};
   \                     cfghdr11:
   \   00000000   07000000           DC32 7
   \   00000004   CFEEE7E8F62E       DC8 "\317\356\347\350\366. \344\340\342\353\345\355\350\345"
   \              20E4E0E2EBE5
   \              EDE8E500    
   \   00000014   000000000000       DC8 0, 0, 0, 0, 0, 0, 0, 0, 0, 0, 0, 0, 0, 0, 0, 0
   \              000000000000
   \              00000000    
   \   00000024   000000000000       DC32 0, 0
   \              0000        

   \                                 In segment CONFIG_C, align 4, align-sorted, root
    177            __root const unsigned int date_X4 = 0;
   \                     date_X4:
   \   00000000   00000000           DC32 0

   \                                 In segment CONFIG_C, align 4, align-sorted, root
    178            __root const unsigned int date_Y4 = 70;
   \                     date_Y4:
   \   00000000   46000000           DC32 70
    179            

   \                                 In segment CONFIG_C, align 4, align-sorted, root
    180            __root const CFG_HDR cfghdr16={CFG_STR_WIN1251,"Давления текст",0,127};
   \                     cfghdr16:
   \   00000000   04000000           DC32 4
   \   00000004   C4E0E2EBE5ED       DC8 "\304\340\342\353\345\355\350\377 \362\345\352\361\362"
   \              E8FF20F2E5EA
   \              F1F200      
   \   00000013   000000000000       DC8 0, 0, 0, 0, 0, 0, 0, 0, 0, 0, 0, 0, 0, 0, 0, 0, 0
   \              000000000000
   \              0000000000  
   \   00000024   000000007F00       DC32 0, 127
   \              0000        

   \                                 In segment CONFIG_C, align 4, align-sorted, root
    181            __root const char str_davlenie[128]="давление: ";
   \                     str_davlenie:
   \   00000000   E4E0E2EBE5ED       DC8 "\344\340\342\353\345\355\350\345: "
   \              E8E53A2000  
   \   0000000B   000000000000       DC8 0, 0, 0, 0, 0, 0, 0, 0, 0, 0, 0, 0, 0, 0, 0, 0
   \              000000000000
   \              00000000    
   \   0000001B   000000000000       DC8 0, 0, 0, 0, 0, 0, 0, 0, 0, 0, 0, 0, 0, 0, 0, 0
   \              000000000000
   \              00000000    
   \   0000002B   000000000000       DC8 0, 0, 0, 0, 0, 0, 0, 0, 0, 0, 0, 0, 0, 0, 0, 0
   \              000000000000
   \              00000000    
   \   0000003B   000000000000       DC8 0, 0, 0, 0, 0, 0, 0, 0, 0, 0, 0, 0, 0, 0, 0, 0
   \              000000000000
   \              00000000    
   \   0000004B   000000000000       DC8 0, 0, 0, 0, 0, 0, 0, 0, 0, 0, 0, 0, 0, 0, 0, 0
   \              000000000000
   \              00000000    
   \   0000005B   000000000000       DC8 0, 0, 0, 0, 0, 0, 0, 0, 0, 0, 0, 0, 0, 0, 0, 0
   \              000000000000
   \              00000000    
   \   0000006B   000000000000       DC8 0, 0, 0, 0, 0, 0, 0, 0, 0, 0, 0, 0, 0, 0, 0, 0, 0, 0, 0, 0, 0
   \              000000000000
   \              000000000000
   \              000000      
    182            

   \                                 In segment CONFIG_C, align 4, align-sorted, root
    183            __root const CFG_HDR cfghdr44={CFG_CBOX,"Где показать инфу",0,3};
   \                     cfghdr44:
   \   00000000   05000000           DC32 5
   \   00000004   C3E4E520EFEE       DC8 "\303\344\345 \357\356\352\340\347\340\362\374 \350\355\364\363"
   \              EAE0E7E0F2FC
   \              20E8EDF4F300
   \   00000016   000000000000       DC8 0, 0, 0, 0, 0, 0, 0, 0, 0, 0, 0, 0, 0, 0
   \              000000000000
   \              0000        
   \   00000024   000000000300       DC32 0, 3
   \              0000        

   \                                 In segment CONFIG_C, align 4, align-sorted, root
    184            __root const int chekeris4=1;
   \                     chekeris4:
   \   00000000   01000000           DC32 1

   \                                 In segment CONFIG_C, align 4, align-sorted, root
    185            __root const CFG_CBOX_ITEM cfgcbox14[3]={"everywhere","unlocked","locked"};
   \                     cfgcbox14:
   \   00000000   657665727977       DC8 "everywhere"
   \              6865726500  
   \   0000000B   000000000000       DC8 0, 0, 0, 0, 0, 0, 0, 0, 0, 0, 0, 0, 0, 0, 0, 0, 0, 0, 0, 0, 0
   \              000000000000
   \              000000000000
   \              000000      
   \   00000020   756E6C6F636B       DC8 "unlocked"
   \              656400      
   \   00000029   000000000000       DC8 0, 0, 0, 0, 0, 0, 0, 0, 0, 0, 0, 0, 0, 0, 0, 0, 0, 0, 0, 0, 0, 0, 0
   \              000000000000
   \              000000000000
   \              0000000000  
   \   00000040   6C6F636B6564       DC8 "locked"
   \              00          
   \   00000047   000000000000       DC8 0, 0, 0, 0, 0, 0, 0, 0, 0, 0, 0, 0, 0, 0, 0, 0
   \              000000000000
   \              00000000    
   \   00000057   000000000000       DC8 0, 0, 0, 0, 0, 0, 0, 0, 0
   \              000000      
    186            

   \                                 In segment CONFIG_C, align 4, align-sorted, root
    187            __root const CFG_HDR cfghdr22_4 = {CFG_CBOX, "Выравнивание", 0, 3};
   \                     cfghdr22_4:
   \   00000000   05000000           DC32 5
   \   00000004   C2FBF0E0E2ED       DC8 "\302\373\360\340\342\355\350\342\340\355\350\345"
   \              E8E2E0EDE8E5
   \              00          
   \   00000011   000000000000       DC8 0, 0, 0, 0, 0, 0, 0, 0, 0, 0, 0, 0, 0, 0, 0, 0, 0, 0, 0
   \              000000000000
   \              000000000000
   \              00          
   \   00000024   000000000300       DC32 0, 3
   \              0000        

   \                                 In segment CONFIG_C, align 4, align-sorted, root
    188            __root const int align4 = 0;
   \                     align4:
   \   00000000   00000000           DC32 0

   \                                 In segment CONFIG_C, align 4, align-sorted, root
    189            __root const CFG_CBOX_ITEM cfgcbox6_4[3] = {"Left", "Center", "Right"};
   \                     cfgcbox6_4:
   \   00000000   4C65667400         DC8 "Left"
   \   00000005   000000000000       DC8 0, 0, 0, 0, 0, 0, 0, 0, 0, 0, 0, 0, 0, 0, 0, 0
   \              000000000000
   \              00000000    
   \   00000015   000000000000       DC8 0, 0, 0, 0, 0, 0, 0, 0, 0, 0, 0
   \              0000000000  
   \   00000020   43656E746572       DC8 "Center"
   \              00          
   \   00000027   000000000000       DC8 0, 0, 0, 0, 0, 0, 0, 0, 0, 0, 0, 0, 0, 0, 0, 0
   \              000000000000
   \              00000000    
   \   00000037   000000000000       DC8 0, 0, 0, 0, 0, 0, 0, 0, 0
   \              000000      
   \   00000040   526967687400       DC8 "Right"
   \   00000046   000000000000       DC8 0, 0, 0, 0, 0, 0, 0, 0, 0, 0, 0, 0, 0, 0, 0, 0
   \              000000000000
   \              00000000    
   \   00000056   000000000000       DC8 0, 0, 0, 0, 0, 0, 0, 0, 0, 0
   \              00000000    
    190          

   \                                 In segment CONFIG_C, align 4, align-sorted, root
    191          __root const CFG_HDR cfghdr_m90={CFG_LEVEL,"",0,0};
   \                     cfghdr_m90:
   \   00000000   09000000           DC32 9
   \   00000004   00                 DC8 ""
   \   00000005   000000000000       DC8 0, 0, 0, 0, 0, 0, 0, 0, 0, 0, 0, 0, 0, 0, 0, 0
   \              000000000000
   \              00000000    
   \   00000015   000000000000       DC8 0, 0, 0, 0, 0, 0, 0, 0, 0, 0, 0, 0, 0, 0, 0
   \              000000000000
   \              000000      
   \   00000024   000000000000       DC32 0, 0
   \              0000        
    192          
    193          
    194          
    195          

   \                                 In segment CONFIG_C, align 4, align-sorted, root
    196          __root const CFG_HDR cfghdr_m81={CFG_LEVEL,"Влажность",1,0};
   \                     cfghdr_m81:
   \   00000000   09000000           DC32 9
   \   00000004   C2EBE0E6EDEE       DC8 "\302\353\340\346\355\356\361\362\374"
   \              F1F2FC00    
   \   0000000E   000000000000       DC8 0, 0, 0, 0, 0, 0, 0, 0, 0, 0, 0, 0, 0, 0, 0, 0, 0, 0, 0, 0, 0, 0
   \              000000000000
   \              000000000000
   \              00000000    
   \   00000024   010000000000       DC32 1, 0
   \              0000        
    197            

   \                                 In segment CONFIG_C, align 4, align-sorted, root
    198            __root const CFG_HDR cfghdr12={CFG_CBOX,"Показывать влажность",0,2};
   \                     cfghdr12:
   \   00000000   05000000           DC32 5
   \   00000004   CFEEEAE0E7FB       DC8 "\317\356\352\340\347\373\342\340\362\374 \342\353\340\346\355\356\361\362\374"
   \              E2E0F2FC20E2
   \              EBE0E6EDEEF1
   \              F2FC00      
   \   00000019   000000000000       DC8 0, 0, 0, 0, 0, 0, 0, 0, 0, 0, 0
   \              0000000000  
   \   00000024   000000000200       DC32 0, 2
   \              0000        

   \                                 In segment CONFIG_C, align 4, align-sorted, root
    199            __root const int show_vlaznost=1;
   \                     show_vlaznost:
   \   00000000   01000000           DC32 1

   \                                 In segment CONFIG_C, align 4, align-sorted, root
    200            __root const CFG_CBOX_ITEM cfgcbox5[2]={"No","Yes"};
   \                     cfgcbox5:
   \   00000000   4E6F00             DC8 "No"
   \   00000003   000000000000       DC8 0, 0, 0, 0, 0, 0, 0, 0, 0, 0, 0, 0, 0, 0, 0, 0
   \              000000000000
   \              00000000    
   \   00000013   000000000000       DC8 0, 0, 0, 0, 0, 0, 0, 0, 0, 0, 0, 0, 0
   \              000000000000
   \              00          
   \   00000020   59657300           DC8 "Yes"
   \   00000024   000000000000       DC8 0, 0, 0, 0, 0, 0, 0, 0, 0, 0, 0, 0, 0, 0, 0, 0
   \              000000000000
   \              00000000    
   \   00000034   000000000000       DC8 0, 0, 0, 0, 0, 0, 0, 0, 0, 0, 0, 0
   \              000000000000
    201            

   \                                 In segment CONFIG_C, align 4, align-sorted, root
    202            __root const CFG_HDR cfghdr133 = {CFG_COORDINATES,"Позиц. влажность",0,0};
   \                     cfghdr133:
   \   00000000   07000000           DC32 7
   \   00000004   CFEEE7E8F62E       DC8 "\317\356\347\350\366. \342\353\340\346\355\356\361\362\374"
   \              20E2EBE0E6ED
   \              EEF1F2FC00  
   \   00000015   000000000000       DC8 0, 0, 0, 0, 0, 0, 0, 0, 0, 0, 0, 0, 0, 0, 0
   \              000000000000
   \              000000      
   \   00000024   000000000000       DC32 0, 0
   \              0000        

   \                                 In segment CONFIG_C, align 4, align-sorted, root
    203            __root const unsigned int date_X5 = 0;
   \                     date_X5:
   \   00000000   00000000           DC32 0

   \                                 In segment CONFIG_C, align 4, align-sorted, root
    204            __root const unsigned int date_Y5 = 80;
   \                     date_Y5:
   \   00000000   50000000           DC32 80
    205            

   \                                 In segment CONFIG_C, align 4, align-sorted, root
    206            __root const CFG_HDR cfghdr17={CFG_STR_WIN1251,"Влажность текст",0,127};
   \                     cfghdr17:
   \   00000000   04000000           DC32 4
   \   00000004   C2EBE0E6EDEE       DC8 "\302\353\340\346\355\356\361\362\374 \362\345\352\361\362"
   \              F1F2FC20F2E5
   \              EAF1F200    
   \   00000014   000000000000       DC8 0, 0, 0, 0, 0, 0, 0, 0, 0, 0, 0, 0, 0, 0, 0, 0
   \              000000000000
   \              00000000    
   \   00000024   000000007F00       DC32 0, 127
   \              0000        

   \                                 In segment CONFIG_C, align 4, align-sorted, root
    207            __root const char str_vlaznost[128]="влажность: ";
   \                     str_vlaznost:
   \   00000000   E2EBE0E6EDEE       DC8 "\342\353\340\346\355\356\361\362\374: "
   \              F1F2FC3A2000
   \   0000000C   000000000000       DC8 0, 0, 0, 0, 0, 0, 0, 0, 0, 0, 0, 0, 0, 0, 0, 0
   \              000000000000
   \              00000000    
   \   0000001C   000000000000       DC8 0, 0, 0, 0, 0, 0, 0, 0, 0, 0, 0, 0, 0, 0, 0, 0
   \              000000000000
   \              00000000    
   \   0000002C   000000000000       DC8 0, 0, 0, 0, 0, 0, 0, 0, 0, 0, 0, 0, 0, 0, 0, 0
   \              000000000000
   \              00000000    
   \   0000003C   000000000000       DC8 0, 0, 0, 0, 0, 0, 0, 0, 0, 0, 0, 0, 0, 0, 0, 0
   \              000000000000
   \              00000000    
   \   0000004C   000000000000       DC8 0, 0, 0, 0, 0, 0, 0, 0, 0, 0, 0, 0, 0, 0, 0, 0
   \              000000000000
   \              00000000    
   \   0000005C   000000000000       DC8 0, 0, 0, 0, 0, 0, 0, 0, 0, 0, 0, 0, 0, 0, 0, 0
   \              000000000000
   \              00000000    
   \   0000006C   000000000000       DC8 0, 0, 0, 0, 0, 0, 0, 0, 0, 0, 0, 0, 0, 0, 0, 0, 0, 0, 0, 0
   \              000000000000
   \              000000000000
   \              0000        
    208            

   \                                 In segment CONFIG_C, align 4, align-sorted, root
    209            __root const CFG_HDR cfghdr45={CFG_CBOX,"Где показать инфу",0,3};
   \                     cfghdr45:
   \   00000000   05000000           DC32 5
   \   00000004   C3E4E520EFEE       DC8 "\303\344\345 \357\356\352\340\347\340\362\374 \350\355\364\363"
   \              EAE0E7E0F2FC
   \              20E8EDF4F300
   \   00000016   000000000000       DC8 0, 0, 0, 0, 0, 0, 0, 0, 0, 0, 0, 0, 0, 0
   \              000000000000
   \              0000        
   \   00000024   000000000300       DC32 0, 3
   \              0000        

   \                                 In segment CONFIG_C, align 4, align-sorted, root
    210            __root const int chekeris5=1;
   \                     chekeris5:
   \   00000000   01000000           DC32 1

   \                                 In segment CONFIG_C, align 4, align-sorted, root
    211            __root const CFG_CBOX_ITEM cfgcbox15[3]={"everywhere","unlocked","locked"};
   \                     cfgcbox15:
   \   00000000   657665727977       DC8 "everywhere"
   \              6865726500  
   \   0000000B   000000000000       DC8 0, 0, 0, 0, 0, 0, 0, 0, 0, 0, 0, 0, 0, 0, 0, 0, 0, 0, 0, 0, 0
   \              000000000000
   \              000000000000
   \              000000      
   \   00000020   756E6C6F636B       DC8 "unlocked"
   \              656400      
   \   00000029   000000000000       DC8 0, 0, 0, 0, 0, 0, 0, 0, 0, 0, 0, 0, 0, 0, 0, 0, 0, 0, 0, 0, 0, 0, 0
   \              000000000000
   \              000000000000
   \              0000000000  
   \   00000040   6C6F636B6564       DC8 "locked"
   \              00          
   \   00000047   000000000000       DC8 0, 0, 0, 0, 0, 0, 0, 0, 0, 0, 0, 0, 0, 0, 0, 0
   \              000000000000
   \              00000000    
   \   00000057   000000000000       DC8 0, 0, 0, 0, 0, 0, 0, 0, 0
   \              000000      
    212            

   \                                 In segment CONFIG_C, align 4, align-sorted, root
    213            __root const CFG_HDR cfghdr22_5 = {CFG_CBOX, "Выравнивание", 0, 3};
   \                     cfghdr22_5:
   \   00000000   05000000           DC32 5
   \   00000004   C2FBF0E0E2ED       DC8 "\302\373\360\340\342\355\350\342\340\355\350\345"
   \              E8E2E0EDE8E5
   \              00          
   \   00000011   000000000000       DC8 0, 0, 0, 0, 0, 0, 0, 0, 0, 0, 0, 0, 0, 0, 0, 0, 0, 0, 0
   \              000000000000
   \              000000000000
   \              00          
   \   00000024   000000000300       DC32 0, 3
   \              0000        

   \                                 In segment CONFIG_C, align 4, align-sorted, root
    214            __root const int align5 = 0;
   \                     align5:
   \   00000000   00000000           DC32 0

   \                                 In segment CONFIG_C, align 4, align-sorted, root
    215            __root const CFG_CBOX_ITEM cfgcbox6_25[3] = {"Left", "Center", "Right"};
   \                     cfgcbox6_25:
   \   00000000   4C65667400         DC8 "Left"
   \   00000005   000000000000       DC8 0, 0, 0, 0, 0, 0, 0, 0, 0, 0, 0, 0, 0, 0, 0, 0
   \              000000000000
   \              00000000    
   \   00000015   000000000000       DC8 0, 0, 0, 0, 0, 0, 0, 0, 0, 0, 0
   \              0000000000  
   \   00000020   43656E746572       DC8 "Center"
   \              00          
   \   00000027   000000000000       DC8 0, 0, 0, 0, 0, 0, 0, 0, 0, 0, 0, 0, 0, 0, 0, 0
   \              000000000000
   \              00000000    
   \   00000037   000000000000       DC8 0, 0, 0, 0, 0, 0, 0, 0, 0
   \              000000      
   \   00000040   526967687400       DC8 "Right"
   \   00000046   000000000000       DC8 0, 0, 0, 0, 0, 0, 0, 0, 0, 0, 0, 0, 0, 0, 0, 0
   \              000000000000
   \              00000000    
   \   00000056   000000000000       DC8 0, 0, 0, 0, 0, 0, 0, 0, 0, 0
   \              00000000    
    216          

   \                                 In segment CONFIG_C, align 4, align-sorted, root
    217          __root const CFG_HDR cfghdr_m80={CFG_LEVEL,"",0,0};
   \                     cfghdr_m80:
   \   00000000   09000000           DC32 9
   \   00000004   00                 DC8 ""
   \   00000005   000000000000       DC8 0, 0, 0, 0, 0, 0, 0, 0, 0, 0, 0, 0, 0, 0, 0, 0
   \              000000000000
   \              00000000    
   \   00000015   000000000000       DC8 0, 0, 0, 0, 0, 0, 0, 0, 0, 0, 0, 0, 0, 0, 0
   \              000000000000
   \              000000      
   \   00000024   000000000000       DC32 0, 0
   \              0000        


   Segment part sizes:

     Function/Label   Bytes
     --------------   -----
     cfghdr0            44
     ENA_HELLO_MSG       4
     cfgcbox0           64
     cfghdr330          44
     ENA_MSG             4
     cfgcbox1_0         64
     cfghdr3            44
     refresh             4
     cfghdr14           44
     id_tower           64
     cfghdr_m31         44
     cfghdr20           44
     weather_img_path   64
     cfghdr21           44
     weather_X           4
     weather_Y           4
     cfghdr22           44
     IKONA               4
     cfgcbox6           64
     cfghdr_m30         44
     cfghdr_m21         44
     cfghdr2_8          44
     font                4
     cfghdr23           44
     fontpath          128
     cfghdr28           44
     fullfont            4
     cfgcbox7           64
     cfghdr2_2          44
     space               4
     cfghdr60_2         44
     fontColor           4
     cfghdr60_3         44
     bgrColor            4
     cfghdr60_4         44
     isOutline           4
     cfgcbox7_1         64
     cfghdr_m20         44
     cfghdr_m212        44
     cfghdr112_0        44
     ENA_SCROLL          4
     cfgcbox1_1         64
     cfghdr13           44
     pos1                8
     cfghdr2_25         44
     TimeUpdateScroll    4
     cfghdr2_26         44
     scrollDelay         4
     cfghdr22_35        44
     al                  4
     cfgcbox6_5         96
     cfghdr_m21_4       44
     cfghdr_m61         44
     cfghdr4            44
     show_temp           4
     cfgcbox1           64
     cfghdr5            44
     date_X              4
     date_Y              4
     cfghdr6            44
     str_temp          128
     cfghdr40           44
     chekeris1           4
     cfgcbox10          96
     cfghdr22_1         44
     align1              4
     cfgcbox6_1         96
     cfghdr_m60         44
     cfghdr_m51         44
     cfghdr7            44
     show_speed          4
     cfgcbox2           64
     cfghdr15           44
     date_X2             4
     date_Y2             4
     cfghdr41           44
     chekeris2           4
     cfgcbox11          96
     cfghdr22_2         44
     align2              4
     cfgcbox6_2         96
     cfghdr_m50         44
     cfghdr_m41         44
     cfghdr8            44
     show_prognoze       4
     cfgcbox3           64
     cfghdr9            44
     date_X3             4
     date_Y3             4
     cfghdr43           44
     chekeris3           4
     cfgcbox13          96
     cfghdr22_3         44
     align3              4
     cfgcbox6_3         96
     cfghdr_m40         44
     cfghdr_m91         44
     cfghdr10           44
     show_davlenie       4
     cfgcbox4           64
     cfghdr11           44
     date_X4             4
     date_Y4             4
     cfghdr16           44
     str_davlenie      128
     cfghdr44           44
     chekeris4           4
     cfgcbox14          96
     cfghdr22_4         44
     align4              4
     cfgcbox6_4         96
     cfghdr_m90         44
     cfghdr_m81         44
     cfghdr12           44
     show_vlaznost       4
     cfgcbox5           64
     cfghdr133          44
     date_X5             4
     date_Y5             4
     cfghdr17           44
     str_vlaznost      128
     cfghdr45           44
     chekeris5           4
     cfgcbox15          96
     cfghdr22_5         44
     align5              4
     cfgcbox6_25        96
     cfghdr_m80         44

 
 5 124 bytes in segment CONFIG_C
 
 5 124 bytes of CONST memory

Errors: none
Warnings: none
