##############################################################################
#                                                                            #
# IAR ARM ANSI C/C++ Compiler V4.41A/W32 EVALUATION    16/Jul/2007  15:44:12 #
# Copyright 1999-2005 IAR Systems. All rights reserved.                      #
#                                                                            #
#    Cpu mode        =  interwork                                            #
#    Endian          =  little                                               #
#    Stack alignment =  4                                                    #
#    Source file     =  D:\Pasha\elf\XImgIDLE\TextInfo\config_data.c         #
#    Command line    =  D:\Pasha\elf\XImgIDLE\TextInfo\config_data.c -lC     #
#                       D:\Pasha\elf\XImgIDLE\TextInfo\Release\List\ -o      #
#                       D:\Pasha\elf\XImgIDLE\TextInfo\Release\Obj\ -s9      #
#                       --cpu_mode arm --endian little --cpu ARM926EJ-S      #
#                       --stack_align 4 --interwork -e --fpu None            #
#                       --dlib_config "D:\Pasha\ARM_Embedded_Workbench\Embed #
#                       ded Workbench 4.0 Evaluation\ARM\LIB\dl5tpainl8n.h"  #
#                       --segment code=CONFIG --segment data=CONFIG -I       #
#                       "D:\Pasha\ARM_Embedded_Workbench\Embedded Workbench  #
#                       4.0 Evaluation\ARM\INC\" --inline_threshold=2        #
#    List file       =  D:\Pasha\elf\XImgIDLE\TextInfo\Release\List\config_d #
#                       ata.lst                                              #
#    Object file     =  D:\Pasha\elf\XImgIDLE\TextInfo\Release\Obj\config_da #
#                       ta.r79                                               #
#                                                                            #
#                                                                            #
##############################################################################

D:\Pasha\elf\XImgIDLE\TextInfo\config_data.c
      1          #include "E:\ARM\cfg_items.h"
      2          

   \                                 In segment CONFIG_C, align 4, align-sorted, root
      3          __root const CFG_HDR cfghdr0={CFG_STR_UTF8,"1 icon",0,127};
   \                     cfghdr0:
   \   00000000   02000000           DC32 2
   \   00000004   312069636F6E       DC8 "1 icon"
   \              00          
   \   0000000B   000000000000       DC8 0, 0, 0, 0, 0, 0, 0, 0, 0, 0, 0, 0, 0, 0, 0, 0
   \              000000000000
   \              00000000    
   \   0000001B   000000000000       DC8 0, 0, 0, 0, 0, 0, 0, 0, 0
   \              000000      
   \   00000024   000000007F00       DC32 0, 127
   \              0000        

   \                                 In segment CONFIG_C, align 4, align-sorted, root
      4          __root const char ICON1[128]="0:\\icons\\calendar.png";
   \                     ICON1:
   \   00000000   303A5C69636F       DC8 "0:\\icons\\calendar.png"
   \              6E735C63616C
   \              656E6461722E
   \              706E6700    
   \   00000016   000000000000       DC8 0, 0, 0, 0, 0, 0, 0, 0, 0, 0, 0, 0, 0, 0, 0, 0
   \              000000000000
   \              00000000    
   \   00000026   000000000000       DC8 0, 0, 0, 0, 0, 0, 0, 0, 0, 0, 0, 0, 0, 0, 0, 0
   \              000000000000
   \              00000000    
   \   00000036   000000000000       DC8 0, 0, 0, 0, 0, 0, 0, 0, 0, 0, 0, 0, 0, 0, 0, 0
   \              000000000000
   \              00000000    
   \   00000046   000000000000       DC8 0, 0, 0, 0, 0, 0, 0, 0, 0, 0, 0, 0, 0, 0, 0, 0
   \              000000000000
   \              00000000    
   \   00000056   000000000000       DC8 0, 0, 0, 0, 0, 0, 0, 0, 0, 0, 0, 0, 0, 0, 0, 0
   \              000000000000
   \              00000000    
   \   00000066   000000000000       DC8 0, 0, 0, 0, 0, 0, 0, 0, 0, 0, 0, 0, 0, 0, 0, 0
   \              000000000000
   \              00000000    
   \   00000076   000000000000       DC8 0, 0, 0, 0, 0, 0, 0, 0, 0, 0
   \              00000000    
      5          

   \                                 In segment CONFIG_C, align 4, align-sorted, root
      6          __root const CFG_HDR cfghdr2={CFG_COORDINATES,"Idle position",0,0};
   \                     cfghdr2:
   \   00000000   07000000           DC32 7
   \   00000004   49646C652070       DC8 "Idle position"
   \              6F736974696F
   \              6E00        
   \   00000012   000000000000       DC8 0, 0, 0, 0, 0, 0, 0, 0, 0, 0, 0, 0, 0, 0, 0, 0, 0, 0
   \              000000000000
   \              000000000000
   \   00000024   000000000000       DC32 0, 0
   \              0000        

   \                                 In segment CONFIG_C, align 4, align-sorted, root
      7          __root const unsigned int X1=0;
   \                     X1:
   \   00000000   00000000           DC32 0

   \                                 In segment CONFIG_C, align 4, align-sorted, root
      8          __root const unsigned int Y1=70;
   \                     Y1:
   \   00000000   46000000           DC32 70
      9          
     10          

   \                                 In segment CONFIG_C, align 4, align-sorted, root
     11          __root const CFG_HDR cfghdr3={CFG_STR_UTF8,"2 icon",0,127};
   \                     cfghdr3:
   \   00000000   02000000           DC32 2
   \   00000004   322069636F6E       DC8 "2 icon"
   \              00          
   \   0000000B   000000000000       DC8 0, 0, 0, 0, 0, 0, 0, 0, 0, 0, 0, 0, 0, 0, 0, 0
   \              000000000000
   \              00000000    
   \   0000001B   000000000000       DC8 0, 0, 0, 0, 0, 0, 0, 0, 0
   \              000000      
   \   00000024   000000007F00       DC32 0, 127
   \              0000        

   \                                 In segment CONFIG_C, align 4, align-sorted, root
     12          __root const char ICON2[128]="0:\\icons\\explorer.png";
   \                     ICON2:
   \   00000000   303A5C69636F       DC8 "0:\\icons\\explorer.png"
   \              6E735C657870
   \              6C6F7265722E
   \              706E6700    
   \   00000016   000000000000       DC8 0, 0, 0, 0, 0, 0, 0, 0, 0, 0, 0, 0, 0, 0, 0, 0
   \              000000000000
   \              00000000    
   \   00000026   000000000000       DC8 0, 0, 0, 0, 0, 0, 0, 0, 0, 0, 0, 0, 0, 0, 0, 0
   \              000000000000
   \              00000000    
   \   00000036   000000000000       DC8 0, 0, 0, 0, 0, 0, 0, 0, 0, 0, 0, 0, 0, 0, 0, 0
   \              000000000000
   \              00000000    
   \   00000046   000000000000       DC8 0, 0, 0, 0, 0, 0, 0, 0, 0, 0, 0, 0, 0, 0, 0, 0
   \              000000000000
   \              00000000    
   \   00000056   000000000000       DC8 0, 0, 0, 0, 0, 0, 0, 0, 0, 0, 0, 0, 0, 0, 0, 0
   \              000000000000
   \              00000000    
   \   00000066   000000000000       DC8 0, 0, 0, 0, 0, 0, 0, 0, 0, 0, 0, 0, 0, 0, 0, 0
   \              000000000000
   \              00000000    
   \   00000076   000000000000       DC8 0, 0, 0, 0, 0, 0, 0, 0, 0, 0
   \              00000000    
     13          

   \                                 In segment CONFIG_C, align 4, align-sorted, root
     14          __root const CFG_HDR cfghdr4={CFG_COORDINATES,"Idle position",0,0};
   \                     cfghdr4:
   \   00000000   07000000           DC32 7
   \   00000004   49646C652070       DC8 "Idle position"
   \              6F736974696F
   \              6E00        
   \   00000012   000000000000       DC8 0, 0, 0, 0, 0, 0, 0, 0, 0, 0, 0, 0, 0, 0, 0, 0, 0, 0
   \              000000000000
   \              000000000000
   \   00000024   000000000000       DC32 0, 0
   \              0000        

   \                                 In segment CONFIG_C, align 4, align-sorted, root
     15          __root const unsigned int X2=30;
   \                     X2:
   \   00000000   1E000000           DC32 30

   \                                 In segment CONFIG_C, align 4, align-sorted, root
     16          __root const unsigned int Y2=70;
   \                     Y2:
   \   00000000   46000000           DC32 70
     17          
     18          

   \                                 In segment CONFIG_C, align 4, align-sorted, root
     19          __root const CFG_HDR cfghdr5={CFG_STR_UTF8,"3 icon",0,127};
   \                     cfghdr5:
   \   00000000   02000000           DC32 2
   \   00000004   332069636F6E       DC8 "3 icon"
   \              00          
   \   0000000B   000000000000       DC8 0, 0, 0, 0, 0, 0, 0, 0, 0, 0, 0, 0, 0, 0, 0, 0
   \              000000000000
   \              00000000    
   \   0000001B   000000000000       DC8 0, 0, 0, 0, 0, 0, 0, 0, 0
   \              000000      
   \   00000024   000000007F00       DC32 0, 127
   \              0000        

   \                                 In segment CONFIG_C, align 4, align-sorted, root
     20          __root const char ICON3[128]="";
   \                     ICON3:
   \   00000000   00                 DC8 ""
   \   00000001   000000000000       DC8 0, 0, 0, 0, 0, 0, 0, 0, 0, 0, 0, 0, 0, 0, 0, 0
   \              000000000000
   \              00000000    
   \   00000011   000000000000       DC8 0, 0, 0, 0, 0, 0, 0, 0, 0, 0, 0, 0, 0, 0, 0, 0
   \              000000000000
   \              00000000    
   \   00000021   000000000000       DC8 0, 0, 0, 0, 0, 0, 0, 0, 0, 0, 0, 0, 0, 0, 0, 0
   \              000000000000
   \              00000000    
   \   00000031   000000000000       DC8 0, 0, 0, 0, 0, 0, 0, 0, 0, 0, 0, 0, 0, 0, 0, 0
   \              000000000000
   \              00000000    
   \   00000041   000000000000       DC8 0, 0, 0, 0, 0, 0, 0, 0, 0, 0, 0, 0, 0, 0, 0, 0
   \              000000000000
   \              00000000    
   \   00000051   000000000000       DC8 0, 0, 0, 0, 0, 0, 0, 0, 0, 0, 0, 0, 0, 0, 0, 0
   \              000000000000
   \              00000000    
   \   00000061   000000000000       DC8 0, 0, 0, 0, 0, 0, 0, 0, 0, 0, 0, 0, 0, 0, 0, 0
   \              000000000000
   \              00000000    
   \   00000071   000000000000       DC8 0, 0, 0, 0, 0, 0, 0, 0, 0, 0, 0, 0, 0, 0, 0
   \              000000000000
   \              000000      
     21          

   \                                 In segment CONFIG_C, align 4, align-sorted, root
     22          __root const CFG_HDR cfghdr6={CFG_COORDINATES,"Idle position",0,0};
   \                     cfghdr6:
   \   00000000   07000000           DC32 7
   \   00000004   49646C652070       DC8 "Idle position"
   \              6F736974696F
   \              6E00        
   \   00000012   000000000000       DC8 0, 0, 0, 0, 0, 0, 0, 0, 0, 0, 0, 0, 0, 0, 0, 0, 0, 0
   \              000000000000
   \              000000000000
   \   00000024   000000000000       DC32 0, 0
   \              0000        

   \                                 In segment CONFIG_C, align 4, align-sorted, root
     23          __root const unsigned int X3=0;
   \                     X3:
   \   00000000   00000000           DC32 0

   \                                 In segment CONFIG_C, align 4, align-sorted, root
     24          __root const unsigned int Y3=0;
   \                     Y3:
   \   00000000   00000000           DC32 0
     25          
     26          

   \                                 In segment CONFIG_C, align 4, align-sorted, root
     27          __root const CFG_HDR cfghdr7={CFG_STR_UTF8,"4 icon",0,127};
   \                     cfghdr7:
   \   00000000   02000000           DC32 2
   \   00000004   342069636F6E       DC8 "4 icon"
   \              00          
   \   0000000B   000000000000       DC8 0, 0, 0, 0, 0, 0, 0, 0, 0, 0, 0, 0, 0, 0, 0, 0
   \              000000000000
   \              00000000    
   \   0000001B   000000000000       DC8 0, 0, 0, 0, 0, 0, 0, 0, 0
   \              000000      
   \   00000024   000000007F00       DC32 0, 127
   \              0000        

   \                                 In segment CONFIG_C, align 4, align-sorted, root
     28          __root const char ICON4[128]="";
   \                     ICON4:
   \   00000000   00                 DC8 ""
   \   00000001   000000000000       DC8 0, 0, 0, 0, 0, 0, 0, 0, 0, 0, 0, 0, 0, 0, 0, 0
   \              000000000000
   \              00000000    
   \   00000011   000000000000       DC8 0, 0, 0, 0, 0, 0, 0, 0, 0, 0, 0, 0, 0, 0, 0, 0
   \              000000000000
   \              00000000    
   \   00000021   000000000000       DC8 0, 0, 0, 0, 0, 0, 0, 0, 0, 0, 0, 0, 0, 0, 0, 0
   \              000000000000
   \              00000000    
   \   00000031   000000000000       DC8 0, 0, 0, 0, 0, 0, 0, 0, 0, 0, 0, 0, 0, 0, 0, 0
   \              000000000000
   \              00000000    
   \   00000041   000000000000       DC8 0, 0, 0, 0, 0, 0, 0, 0, 0, 0, 0, 0, 0, 0, 0, 0
   \              000000000000
   \              00000000    
   \   00000051   000000000000       DC8 0, 0, 0, 0, 0, 0, 0, 0, 0, 0, 0, 0, 0, 0, 0, 0
   \              000000000000
   \              00000000    
   \   00000061   000000000000       DC8 0, 0, 0, 0, 0, 0, 0, 0, 0, 0, 0, 0, 0, 0, 0, 0
   \              000000000000
   \              00000000    
   \   00000071   000000000000       DC8 0, 0, 0, 0, 0, 0, 0, 0, 0, 0, 0, 0, 0, 0, 0
   \              000000000000
   \              000000      
     29          

   \                                 In segment CONFIG_C, align 4, align-sorted, root
     30          __root const CFG_HDR cfghdr8={CFG_COORDINATES,"Idle position",0,0};
   \                     cfghdr8:
   \   00000000   07000000           DC32 7
   \   00000004   49646C652070       DC8 "Idle position"
   \              6F736974696F
   \              6E00        
   \   00000012   000000000000       DC8 0, 0, 0, 0, 0, 0, 0, 0, 0, 0, 0, 0, 0, 0, 0, 0, 0, 0
   \              000000000000
   \              000000000000
   \   00000024   000000000000       DC32 0, 0
   \              0000        

   \                                 In segment CONFIG_C, align 4, align-sorted, root
     31          __root const unsigned int X4=0;
   \                     X4:
   \   00000000   00000000           DC32 0

   \                                 In segment CONFIG_C, align 4, align-sorted, root
     32          __root const unsigned int Y4=0;
   \                     Y4:
   \   00000000   00000000           DC32 0


   Segment part sizes:

     Function/Label Bytes
     -------------- -----
     cfghdr0          44
     ICON1           128
     cfghdr2          44
     X1                4
     Y1                4
     cfghdr3          44
     ICON2           128
     cfghdr4          44
     X2                4
     Y2                4
     cfghdr5          44
     ICON3           128
     cfghdr6          44
     X3                4
     Y3                4
     cfghdr7          44
     ICON4           128
     cfghdr8          44
     X4                4
     Y4                4

 
 896 bytes in segment CONFIG_C
 
 896 bytes of CONST memory

Errors: none
Warnings: none
