##############################################################################
#                                                                            #
# IAR ARM ANSI C/C++ Compiler V4.42A/W32 EVALUATION    25/Feb/2008  12:17:15 #
# Copyright 1999-2005 IAR Systems. All rights reserved.                      #
#                                                                            #
#    Cpu mode        =  interwork                                            #
#    Endian          =  little                                               #
#    Stack alignment =  4                                                    #
#    Source file     =  D:\Pasha\elf\_MY_PROJECT_\xtask3\config_data.c       #
#    Command line    =  D:\Pasha\elf\_MY_PROJECT_\xtask3\config_data.c -D    #
#                       NEWSGOLD -D ELKA -lC D:\Pasha\elf\_MY_PROJECT_\xtask #
#                       3\Release_ELKA\List\ -o D:\Pasha\elf\_MY_PROJECT_\xt #
#                       ask3\Release_ELKA\Obj\ -s9 --no_unroll               #
#                       --no_clustering --cpu_mode arm --endian little       #
#                       --cpu ARM926EJ-S --stack_align 4 --interwork -e      #
#                       --fpu None --dlib_config "D:\Pasha\Embedded          #
#                       Workbench 4.0 Evaluation2\ARM\LIB\dl5tpainl8n.h"     #
#                       --segment code=CONFIG --segment data=CONFIG -I       #
#                       "D:\Pasha\Embedded Workbench 4.0                     #
#                       Evaluation2\ARM\INC\" --inline_threshold=2           #
#    List file       =  D:\Pasha\elf\_MY_PROJECT_\xtask3\Release_ELKA\List\c #
#                       onfig_data.lst                                       #
#    Object file     =  D:\Pasha\elf\_MY_PROJECT_\xtask3\Release_ELKA\Obj\co #
#                       nfig_data.r79                                        #
#                                                                            #
#                                                                            #
##############################################################################

D:\Pasha\elf\_MY_PROJECT_\xtask3\config_data.c
      1          #include "..\inc\cfg_items.h"
      2          //Конфигурация

   \                                 In segment CONFIG_C, align 4, align-sorted, root
      3          __root const CFG_HDR cfghdr0={CFG_STR_UTF8,"CSM list file",3,127};
   \                     cfghdr0:
   \   00000000   02000000           DC32 2
   \   00000004   43534D206C69       DC8 "CSM list file"
   \              73742066696C
   \              6500        
   \   00000012   000000000000       DC8 0, 0, 0, 0, 0, 0, 0, 0, 0, 0, 0, 0, 0, 0, 0, 0, 0, 0
   \              000000000000
   \              000000000000
   \   00000024   030000007F00       DC32 3, 127
   \              0000        
      4          #ifdef NEWSGOLD

   \                                 In segment CONFIG_C, align 4, align-sorted, root
      5          __root const char csmlist_fname[128]="4:\\ZBin\\etc\\CSMlist.txt";
   \                     csmlist_fname:
   \   00000000   343A5C5A4269       DC8 "4:\\ZBin\\etc\\CSMlist.txt"
   \              6E5C6574635C
   \              43534D6C6973
   \              742E74787400
   \   00000018   000000000000       DC8 0, 0, 0, 0, 0, 0, 0, 0, 0, 0, 0, 0, 0, 0, 0, 0
   \              000000000000
   \              00000000    
   \   00000028   000000000000       DC8 0, 0, 0, 0, 0, 0, 0, 0, 0, 0, 0, 0, 0, 0, 0, 0
   \              000000000000
   \              00000000    
   \   00000038   000000000000       DC8 0, 0, 0, 0, 0, 0, 0, 0, 0, 0, 0, 0, 0, 0, 0, 0
   \              000000000000
   \              00000000    
   \   00000048   000000000000       DC8 0, 0, 0, 0, 0, 0, 0, 0, 0, 0, 0, 0, 0, 0, 0, 0
   \              000000000000
   \              00000000    
   \   00000058   000000000000       DC8 0, 0, 0, 0, 0, 0, 0, 0, 0, 0, 0, 0, 0, 0, 0, 0
   \              000000000000
   \              00000000    
   \   00000068   000000000000       DC8 0, 0, 0, 0, 0, 0, 0, 0, 0, 0, 0, 0, 0, 0, 0, 0
   \              000000000000
   \              00000000    
   \   00000078   000000000000       DC8 0, 0, 0, 0, 0, 0, 0, 0
   \              0000        
      6          #else 
      7          __root const char csmlist_fname[128]="0:\\ZBin\\etc\\CSMlist.txt";
      8          #endif
      9          

   \                                 In segment CONFIG_C, align 4, align-sorted, root
     10          __root const CFG_HDR cfghdr1={CFG_CBOX,"Enable hello message",0,2};
   \                     cfghdr1:
   \   00000000   05000000           DC32 5
   \   00000004   456E61626C65       DC8 "Enable hello message"
   \              2068656C6C6F
   \              206D65737361
   \              676500      
   \   00000019   000000000000       DC8 0, 0, 0, 0, 0, 0, 0, 0, 0, 0, 0
   \              0000000000  
   \   00000024   000000000200       DC32 0, 2
   \              0000        

   \                                 In segment CONFIG_C, align 4, align-sorted, root
     11          __root const int ENA_HELLO_MSG=1;
   \                     ENA_HELLO_MSG:
   \   00000000   01000000           DC32 1

   \                                 In segment CONFIG_C, align 4, align-sorted, root
     12          __root const CFG_CBOX_ITEM cfgcbox1[2]={"No","Yes"};
   \                     cfgcbox1:
   \   00000000   4E6F00             DC8 "No"
   \   00000003   000000000000       DC8 0, 0, 0, 0, 0, 0, 0, 0, 0, 0, 0, 0, 0, 0, 0, 0
   \              000000000000
   \              00000000    
   \   00000013   000000000000       DC8 0, 0, 0, 0, 0, 0, 0, 0, 0, 0, 0, 0, 0
   \              000000000000
   \              00          
   \   00000020   59657300           DC8 "Yes"
   \   00000024   000000000000       DC8 0, 0, 0, 0, 0, 0, 0, 0, 0, 0, 0, 0, 0, 0, 0, 0
   \              000000000000
   \              00000000    
   \   00000034   000000000000       DC8 0, 0, 0, 0, 0, 0, 0, 0, 0, 0, 0, 0
   \              000000000000
     13          

   \                                 In segment CONFIG_C, align 4, align-sorted, root
     14          __root const CFG_HDR cfghdr25={CFG_STR_WIN1251,"UnderIdleCSM_DESC",0,8};
   \                     cfghdr25:
   \   00000000   04000000           DC32 4
   \   00000004   556E64657249       DC8 "UnderIdleCSM_DESC"
   \              646C6543534D
   \              5F4445534300
   \   00000016   000000000000       DC8 0, 0, 0, 0, 0, 0, 0, 0, 0, 0, 0, 0, 0, 0
   \              000000000000
   \              0000        
   \   00000024   000000000800       DC32 0, 8
   \              0000        

   \                                 In segment CONFIG_C, align 4, align-sorted, root
     15          __root const char UNDER_IDLE_CONSTR[9]="";
   \                     UNDER_IDLE_CONSTR:
   \   00000000   00                 DC8 ""
   \   00000001   000000000000       DC8 0, 0, 0, 0, 0, 0, 0, 0, 0, 0, 0
   \              0000000000  
     16          
     17          //#ifndef NEWSGOLD

   \                                 In segment CONFIG_C, align 4, align-sorted, root
     18          __root const CFG_HDR cfghdr23={CFG_CBOX,"Activation style",0,4};
   \                     cfghdr23:
   \   00000000   05000000           DC32 5
   \   00000004   416374697661       DC8 "Activation style"
   \              74696F6E2073
   \              74796C6500  
   \   00000015   000000000000       DC8 0, 0, 0, 0, 0, 0, 0, 0, 0, 0, 0, 0, 0, 0, 0
   \              000000000000
   \              000000      
   \   00000024   000000000400       DC32 0, 4
   \              0000        

   \                                 In segment CONFIG_C, align 4, align-sorted, root
     19          __root const int ACTIVE_KEY_STYLE=3;
   \                     ACTIVE_KEY_STYLE:
   \   00000000   03000000           DC32 3

   \                                 In segment CONFIG_C, align 4, align-sorted, root
     20          __root const CFG_CBOX_ITEM cfgcbox23[4]={"Short press","Long press","* + #","Enter Button"};
   \                     cfgcbox23:
   \   00000000   53686F727420       DC8 "Short press"
   \              707265737300
   \   0000000C   000000000000       DC8 0, 0, 0, 0, 0, 0, 0, 0, 0, 0, 0, 0, 0, 0, 0, 0, 0, 0, 0, 0
   \              000000000000
   \              000000000000
   \              0000        
   \   00000020   4C6F6E672070       DC8 "Long press"
   \              7265737300  
   \   0000002B   000000000000       DC8 0, 0, 0, 0, 0, 0, 0, 0, 0, 0, 0, 0, 0, 0, 0, 0, 0, 0, 0, 0, 0
   \              000000000000
   \              000000000000
   \              000000      
   \   00000040   2A202B202300       DC8 "* + #"
   \   00000046   000000000000       DC8 0, 0, 0, 0, 0, 0, 0, 0, 0, 0, 0, 0, 0, 0, 0, 0
   \              000000000000
   \              00000000    
   \   00000056   000000000000       DC8 0, 0, 0, 0, 0, 0, 0, 0, 0, 0
   \              00000000    
   \   00000060   456E74657220       DC8 "Enter Button"
   \              427574746F6E
   \              00          
   \   0000006D   000000000000       DC8 0, 0, 0, 0, 0, 0, 0, 0, 0, 0, 0, 0, 0, 0, 0, 0, 0, 0, 0
   \              000000000000
   \              000000000000
   \              00          
     21          
     22          /*__root const CFG_HDR cfghdr24={CFG_UINT,"Activation key",0,99};
     23          __root const int ACTIVE_KEY=99;
     24          #else
     25          __root const CFG_HDR cfghdr23={CFG_CBOX,"Activation style",0,2};
     26          __root const int ACTIVE_KEY_STYLE=0;
     27          __root const CFG_CBOX_ITEM cfgcbox23[2]={"Short press","Long press"};
     28          */
     29          //#ifdef ELKA

   \                                 In segment CONFIG_C, align 4, align-sorted, root
     30          __root const CFG_HDR cfghdr24={CFG_UINT,"Activation key",0,99};
   \                     cfghdr24:
   \   00000000   01000000           DC32 1
   \   00000004   416374697661       DC8 "Activation key"
   \              74696F6E206B
   \              657900      
   \   00000013   000000000000       DC8 0, 0, 0, 0, 0, 0, 0, 0, 0, 0, 0, 0, 0, 0, 0, 0, 0
   \              000000000000
   \              0000000000  
   \   00000024   000000006300       DC32 0, 99
   \              0000        

   \                                 In segment CONFIG_C, align 4, align-sorted, root
     31          __root const int ACTIVE_KEY=26;
   \                     ACTIVE_KEY:
   \   00000000   1A000000           DC32 26
     32          //#else
     33          //__root const CFG_HDR cfghdr24={CFG_UINT,"Activation key",0,99};
     34          //__root const int ACTIVE_KEY=0x11;
     35          //#endif
     36          //#endif
     37          

   \                                 In segment CONFIG_C, align 4, align-sorted, root
     38          __root const CFG_HDR cfghdr2={CFG_CBOX,"Extra: on longpress",0,5};
   \                     cfghdr2:
   \   00000000   05000000           DC32 5
   \   00000004   45787472613A       DC8 "Extra: on longpress"
   \              206F6E206C6F
   \              6E6770726573
   \              7300        
   \   00000018   000000000000       DC8 0, 0, 0, 0, 0, 0, 0, 0, 0, 0, 0, 0
   \              000000000000
   \   00000024   000000000500       DC32 0, 5
   \              0000        

   \                                 In segment CONFIG_C, align 4, align-sorted, root
     39          __root const int ENA_LONG_PRESS=2;
   \                     ENA_LONG_PRESS:
   \   00000000   02000000           DC32 2

   \                                 In segment CONFIG_C, align 4, align-sorted, root
     40          __root const CFG_CBOX_ITEM cfgcbox2[5]={"As in FW","Do nothing","Hide all tasks","Launch XTask","Hide & Lock"};
   \                     cfgcbox2:
   \   00000000   417320696E20       DC8 "As in FW"
   \              465700      
   \   00000009   000000000000       DC8 0, 0, 0, 0, 0, 0, 0, 0, 0, 0, 0, 0, 0, 0, 0, 0, 0, 0, 0, 0, 0, 0, 0
   \              000000000000
   \              000000000000
   \              0000000000  
   \   00000020   446F206E6F74       DC8 "Do nothing"
   \              68696E6700  
   \   0000002B   000000000000       DC8 0, 0, 0, 0, 0, 0, 0, 0, 0, 0, 0, 0, 0, 0, 0, 0, 0, 0, 0, 0, 0
   \              000000000000
   \              000000000000
   \              000000      
   \   00000040   486964652061       DC8 "Hide all tasks"
   \              6C6C20746173
   \              6B7300      
   \   0000004F   000000000000       DC8 0, 0, 0, 0, 0, 0, 0, 0, 0, 0, 0, 0, 0, 0, 0, 0, 0
   \              000000000000
   \              0000000000  
   \   00000060   4C61756E6368       DC8 "Launch XTask"
   \              20585461736B
   \              00          
   \   0000006D   000000000000       DC8 0, 0, 0, 0, 0, 0, 0, 0, 0, 0, 0, 0, 0, 0, 0, 0, 0, 0, 0
   \              000000000000
   \              000000000000
   \              00          
   \   00000080   486964652026       DC8 "Hide & Lock"
   \              204C6F636B00
   \   0000008C   000000000000       DC8 0, 0, 0, 0, 0, 0, 0, 0, 0, 0, 0, 0, 0, 0, 0, 0, 0, 0, 0, 0
   \              000000000000
   \              000000000000
   \              0000        
     41          

   \                                 In segment CONFIG_C, align 4, align-sorted, root
     42          __root const CFG_HDR cfghdr5={CFG_STR_UTF8,"start",3,127};
   \                     cfghdr5:
   \   00000000   02000000           DC32 2
   \   00000004   737461727400       DC8 "start"
   \   0000000A   000000000000       DC8 0, 0, 0, 0, 0, 0, 0, 0, 0, 0, 0, 0, 0, 0, 0, 0
   \              000000000000
   \              00000000    
   \   0000001A   000000000000       DC8 0, 0, 0, 0, 0, 0, 0, 0, 0, 0
   \              00000000    
   \   00000024   030000007F00       DC32 3, 127
   \              0000        

   \                                 In segment CONFIG_C, align 4, align-sorted, root
     43          __root const char ss[128]="0:\\zbin\\mc\\mc.elf";
   \                     ss:
   \   00000000   303A5C7A6269       DC8 "0:\\zbin\\mc\\mc.elf"
   \              6E5C6D635C6D
   \              632E656C6600
   \   00000012   000000000000       DC8 0, 0, 0, 0, 0, 0, 0, 0, 0, 0, 0, 0, 0, 0, 0, 0
   \              000000000000
   \              00000000    
   \   00000022   000000000000       DC8 0, 0, 0, 0, 0, 0, 0, 0, 0, 0, 0, 0, 0, 0, 0, 0
   \              000000000000
   \              00000000    
   \   00000032   000000000000       DC8 0, 0, 0, 0, 0, 0, 0, 0, 0, 0, 0, 0, 0, 0, 0, 0
   \              000000000000
   \              00000000    
   \   00000042   000000000000       DC8 0, 0, 0, 0, 0, 0, 0, 0, 0, 0, 0, 0, 0, 0, 0, 0
   \              000000000000
   \              00000000    
   \   00000052   000000000000       DC8 0, 0, 0, 0, 0, 0, 0, 0, 0, 0, 0, 0, 0, 0, 0, 0
   \              000000000000
   \              00000000    
   \   00000062   000000000000       DC8 0, 0, 0, 0, 0, 0, 0, 0, 0, 0, 0, 0, 0, 0, 0, 0
   \              000000000000
   \              00000000    
   \   00000072   000000000000       DC8 0, 0, 0, 0, 0, 0, 0, 0, 0, 0, 0, 0, 0, 0
   \              000000000000
   \              0000        
     44          
     45          #ifdef NEWSGOLD

   \                                 In segment CONFIG_C, align 4, align-sorted, root
     46          __root const CFG_HDR cfghdr3={CFG_CBOX,"Red button mode",0,3};
   \                     cfghdr3:
   \   00000000   05000000           DC32 5
   \   00000004   526564206275       DC8 "Red button mode"
   \              74746F6E206D
   \              6F646500    
   \   00000014   000000000000       DC8 0, 0, 0, 0, 0, 0, 0, 0, 0, 0, 0, 0, 0, 0, 0, 0
   \              000000000000
   \              00000000    
   \   00000024   000000000300       DC32 0, 3
   \              0000        

   \                                 In segment CONFIG_C, align 4, align-sorted, root
     47          __root const int RED_BUT_MODE=2;
   \                     RED_BUT_MODE:
   \   00000000   02000000           DC32 2

   \                                 In segment CONFIG_C, align 4, align-sorted, root
     48          __root const CFG_CBOX_ITEM cfgcbox3[3]={"As in FW","Classic","Hide all tasks"};
   \                     cfgcbox3:
   \   00000000   417320696E20       DC8 "As in FW"
   \              465700      
   \   00000009   000000000000       DC8 0, 0, 0, 0, 0, 0, 0, 0, 0, 0, 0, 0, 0, 0, 0, 0, 0, 0, 0, 0, 0, 0, 0
   \              000000000000
   \              000000000000
   \              0000000000  
   \   00000020   436C61737369       DC8 "Classic"
   \              6300        
   \   00000028   000000000000       DC8 0, 0, 0, 0, 0, 0, 0, 0, 0, 0, 0, 0, 0, 0, 0, 0
   \              000000000000
   \              00000000    
   \   00000038   000000000000       DC8 0, 0, 0, 0, 0, 0, 0, 0
   \              0000        
   \   00000040   486964652061       DC8 "Hide all tasks"
   \              6C6C20746173
   \              6B7300      
   \   0000004F   000000000000       DC8 0, 0, 0, 0, 0, 0, 0, 0, 0, 0, 0, 0, 0, 0, 0, 0, 0
   \              000000000000
   \              0000000000  
     49          #endif
     50          

   \                                 In segment CONFIG_C, align 4, align-sorted, root
     51          __root const CFG_HDR cfghdr22={CFG_CBOX,"Enable if keyboard locked",0,2};
   \                     cfghdr22:
   \   00000000   05000000           DC32 5
   \   00000004   456E61626C65       DC8 "Enable if keyboard locked"
   \              206966206B65
   \              79626F617264
   \              206C6F636B65
   \              6400        
   \   0000001E   000000000000       DC8 0, 0, 0, 0, 0, 0
   \   00000024   000000000200       DC32 0, 2
   \              0000        

   \                                 In segment CONFIG_C, align 4, align-sorted, root
     52          __root const int ENA_LOCK=1;
   \                     ENA_LOCK:
   \   00000000   01000000           DC32 1

   \                                 In segment CONFIG_C, align 4, align-sorted, root
     53          __root const CFG_CBOX_ITEM cfgcbox22[2]={"No","Yes"};
   \                     cfgcbox22:
   \   00000000   4E6F00             DC8 "No"
   \   00000003   000000000000       DC8 0, 0, 0, 0, 0, 0, 0, 0, 0, 0, 0, 0, 0, 0, 0, 0
   \              000000000000
   \              00000000    
   \   00000013   000000000000       DC8 0, 0, 0, 0, 0, 0, 0, 0, 0, 0, 0, 0, 0
   \              000000000000
   \              00          
   \   00000020   59657300           DC8 "Yes"
   \   00000024   000000000000       DC8 0, 0, 0, 0, 0, 0, 0, 0, 0, 0, 0, 0, 0, 0, 0, 0
   \              000000000000
   \              00000000    
   \   00000034   000000000000       DC8 0, 0, 0, 0, 0, 0, 0, 0, 0, 0, 0, 0
   \              000000000000
     54          

   \                                 In segment CONFIG_C, align 4, align-sorted, root
     55          __root const CFG_HDR cfghdr33={CFG_CBOX,"Show NewStyleDaemons",0,2};
   \                     cfghdr33:
   \   00000000   05000000           DC32 5
   \   00000004   53686F77204E       DC8 "Show NewStyleDaemons"
   \              65775374796C
   \              654461656D6F
   \              6E7300      
   \   00000019   000000000000       DC8 0, 0, 0, 0, 0, 0, 0, 0, 0, 0, 0
   \              0000000000  
   \   00000024   000000000200       DC32 0, 2
   \              0000        

   \                                 In segment CONFIG_C, align 4, align-sorted, root
     56          __root const int SHOW_DAEMONS=1;
   \                     SHOW_DAEMONS:
   \   00000000   01000000           DC32 1

   \                                 In segment CONFIG_C, align 4, align-sorted, root
     57          __root const CFG_CBOX_ITEM cfgcbox33[2]={"No","Yes"};
   \                     cfgcbox33:
   \   00000000   4E6F00             DC8 "No"
   \   00000003   000000000000       DC8 0, 0, 0, 0, 0, 0, 0, 0, 0, 0, 0, 0, 0, 0, 0, 0
   \              000000000000
   \              00000000    
   \   00000013   000000000000       DC8 0, 0, 0, 0, 0, 0, 0, 0, 0, 0, 0, 0, 0
   \              000000000000
   \              00          
   \   00000020   59657300           DC8 "Yes"
   \   00000024   000000000000       DC8 0, 0, 0, 0, 0, 0, 0, 0, 0, 0, 0, 0, 0, 0, 0, 0
   \              000000000000
   \              00000000    
   \   00000034   000000000000       DC8 0, 0, 0, 0, 0, 0, 0, 0, 0, 0, 0, 0
   \              000000000000
     58          
     59          

   \                                 In segment CONFIG_C, align 4, align-sorted, root
     60          __root const CFG_HDR cfghdr4={CFG_STR_WIN1251,"Bookmark 1 name",1,31};
   \                     cfghdr4:
   \   00000000   04000000           DC32 4
   \   00000004   426F6F6B6D61       DC8 "Bookmark 1 name"
   \              726B2031206E
   \              616D6500    
   \   00000014   000000000000       DC8 0, 0, 0, 0, 0, 0, 0, 0, 0, 0, 0, 0, 0, 0, 0, 0
   \              000000000000
   \              00000000    
   \   00000024   010000001F00       DC32 1, 31
   \              0000        

   \                                 In segment CONFIG_C, align 4, align-sorted, root
     61          __root const char BM1NAME[32]="";
   \                     BM1NAME:
   \   00000000   00                 DC8 ""
   \   00000001   000000000000       DC8 0, 0, 0, 0, 0, 0, 0, 0, 0, 0, 0, 0, 0, 0, 0, 0
   \              000000000000
   \              00000000    
   \   00000011   000000000000       DC8 0, 0, 0, 0, 0, 0, 0, 0, 0, 0, 0, 0, 0, 0, 0
   \              000000000000
   \              000000      

   \                                 In segment CONFIG_C, align 4, align-sorted, root
     62          __root const CFG_HDR cfghdr5_5={CFG_STR_UTF8,"Bookmark 1 file",3,127};
   \                     cfghdr5_5:
   \   00000000   02000000           DC32 2
   \   00000004   426F6F6B6D61       DC8 "Bookmark 1 file"
   \              726B20312066
   \              696C6500    
   \   00000014   000000000000       DC8 0, 0, 0, 0, 0, 0, 0, 0, 0, 0, 0, 0, 0, 0, 0, 0
   \              000000000000
   \              00000000    
   \   00000024   030000007F00       DC32 3, 127
   \              0000        

   \                                 In segment CONFIG_C, align 4, align-sorted, root
     63          __root const char BM1FILE[128]="0:\\zbin\\mc\\mc.elf";
   \                     BM1FILE:
   \   00000000   303A5C7A6269       DC8 "0:\\zbin\\mc\\mc.elf"
   \              6E5C6D635C6D
   \              632E656C6600
   \   00000012   000000000000       DC8 0, 0, 0, 0, 0, 0, 0, 0, 0, 0, 0, 0, 0, 0, 0, 0
   \              000000000000
   \              00000000    
   \   00000022   000000000000       DC8 0, 0, 0, 0, 0, 0, 0, 0, 0, 0, 0, 0, 0, 0, 0, 0
   \              000000000000
   \              00000000    
   \   00000032   000000000000       DC8 0, 0, 0, 0, 0, 0, 0, 0, 0, 0, 0, 0, 0, 0, 0, 0
   \              000000000000
   \              00000000    
   \   00000042   000000000000       DC8 0, 0, 0, 0, 0, 0, 0, 0, 0, 0, 0, 0, 0, 0, 0, 0
   \              000000000000
   \              00000000    
   \   00000052   000000000000       DC8 0, 0, 0, 0, 0, 0, 0, 0, 0, 0, 0, 0, 0, 0, 0, 0
   \              000000000000
   \              00000000    
   \   00000062   000000000000       DC8 0, 0, 0, 0, 0, 0, 0, 0, 0, 0, 0, 0, 0, 0, 0, 0
   \              000000000000
   \              00000000    
   \   00000072   000000000000       DC8 0, 0, 0, 0, 0, 0, 0, 0, 0, 0, 0, 0, 0, 0
   \              000000000000
   \              0000        
     64          

   \                                 In segment CONFIG_C, align 4, align-sorted, root
     65          __root const CFG_HDR cfghdr6={CFG_STR_WIN1251,"Bookmark 2 name",1,31};
   \                     cfghdr6:
   \   00000000   04000000           DC32 4
   \   00000004   426F6F6B6D61       DC8 "Bookmark 2 name"
   \              726B2032206E
   \              616D6500    
   \   00000014   000000000000       DC8 0, 0, 0, 0, 0, 0, 0, 0, 0, 0, 0, 0, 0, 0, 0, 0
   \              000000000000
   \              00000000    
   \   00000024   010000001F00       DC32 1, 31
   \              0000        

   \                                 In segment CONFIG_C, align 4, align-sorted, root
     66          __root const char BM2NAME[32]="";
   \                     BM2NAME:
   \   00000000   00                 DC8 ""
   \   00000001   000000000000       DC8 0, 0, 0, 0, 0, 0, 0, 0, 0, 0, 0, 0, 0, 0, 0, 0
   \              000000000000
   \              00000000    
   \   00000011   000000000000       DC8 0, 0, 0, 0, 0, 0, 0, 0, 0, 0, 0, 0, 0, 0, 0
   \              000000000000
   \              000000      

   \                                 In segment CONFIG_C, align 4, align-sorted, root
     67          __root const CFG_HDR cfghdr7={CFG_STR_UTF8,"Bookmark 2 file",3,127};
   \                     cfghdr7:
   \   00000000   02000000           DC32 2
   \   00000004   426F6F6B6D61       DC8 "Bookmark 2 file"
   \              726B20322066
   \              696C6500    
   \   00000014   000000000000       DC8 0, 0, 0, 0, 0, 0, 0, 0, 0, 0, 0, 0, 0, 0, 0, 0
   \              000000000000
   \              00000000    
   \   00000024   030000007F00       DC32 3, 127
   \              0000        

   \                                 In segment CONFIG_C, align 4, align-sorted, root
     68          __root const char BM2FILE[128]="";
   \                     BM2FILE:
   \   00000000   00                 DC8 ""
   \   00000001   000000000000       DC8 0, 0, 0, 0, 0, 0, 0, 0, 0, 0, 0, 0, 0, 0, 0, 0
   \              000000000000
   \              00000000    
   \   00000011   000000000000       DC8 0, 0, 0, 0, 0, 0, 0, 0, 0, 0, 0, 0, 0, 0, 0, 0
   \              000000000000
   \              00000000    
   \   00000021   000000000000       DC8 0, 0, 0, 0, 0, 0, 0, 0, 0, 0, 0, 0, 0, 0, 0, 0
   \              000000000000
   \              00000000    
   \   00000031   000000000000       DC8 0, 0, 0, 0, 0, 0, 0, 0, 0, 0, 0, 0, 0, 0, 0, 0
   \              000000000000
   \              00000000    
   \   00000041   000000000000       DC8 0, 0, 0, 0, 0, 0, 0, 0, 0, 0, 0, 0, 0, 0, 0, 0
   \              000000000000
   \              00000000    
   \   00000051   000000000000       DC8 0, 0, 0, 0, 0, 0, 0, 0, 0, 0, 0, 0, 0, 0, 0, 0
   \              000000000000
   \              00000000    
   \   00000061   000000000000       DC8 0, 0, 0, 0, 0, 0, 0, 0, 0, 0, 0, 0, 0, 0, 0, 0
   \              000000000000
   \              00000000    
   \   00000071   000000000000       DC8 0, 0, 0, 0, 0, 0, 0, 0, 0, 0, 0, 0, 0, 0, 0
   \              000000000000
   \              000000      
     69          

   \                                 In segment CONFIG_C, align 4, align-sorted, root
     70          __root const CFG_HDR cfghdr8={CFG_STR_WIN1251,"Bookmark 3 name",1,31};
   \                     cfghdr8:
   \   00000000   04000000           DC32 4
   \   00000004   426F6F6B6D61       DC8 "Bookmark 3 name"
   \              726B2033206E
   \              616D6500    
   \   00000014   000000000000       DC8 0, 0, 0, 0, 0, 0, 0, 0, 0, 0, 0, 0, 0, 0, 0, 0
   \              000000000000
   \              00000000    
   \   00000024   010000001F00       DC32 1, 31
   \              0000        

   \                                 In segment CONFIG_C, align 4, align-sorted, root
     71          __root const char BM3NAME[32]="";
   \                     BM3NAME:
   \   00000000   00                 DC8 ""
   \   00000001   000000000000       DC8 0, 0, 0, 0, 0, 0, 0, 0, 0, 0, 0, 0, 0, 0, 0, 0
   \              000000000000
   \              00000000    
   \   00000011   000000000000       DC8 0, 0, 0, 0, 0, 0, 0, 0, 0, 0, 0, 0, 0, 0, 0
   \              000000000000
   \              000000      

   \                                 In segment CONFIG_C, align 4, align-sorted, root
     72          __root const CFG_HDR cfghdr9={CFG_STR_UTF8,"Bookmark 3 file",3,127};
   \                     cfghdr9:
   \   00000000   02000000           DC32 2
   \   00000004   426F6F6B6D61       DC8 "Bookmark 3 file"
   \              726B20332066
   \              696C6500    
   \   00000014   000000000000       DC8 0, 0, 0, 0, 0, 0, 0, 0, 0, 0, 0, 0, 0, 0, 0, 0
   \              000000000000
   \              00000000    
   \   00000024   030000007F00       DC32 3, 127
   \              0000        

   \                                 In segment CONFIG_C, align 4, align-sorted, root
     73          __root const char BM3FILE[128]="0:\\zbin\\";
   \                     BM3FILE:
   \   00000000   303A5C7A6269       DC8 "0:\\zbin\\"
   \              6E5C00      
   \   00000009   000000000000       DC8 0, 0, 0, 0, 0, 0, 0, 0, 0, 0, 0, 0, 0, 0, 0, 0
   \              000000000000
   \              00000000    
   \   00000019   000000000000       DC8 0, 0, 0, 0, 0, 0, 0, 0, 0, 0, 0, 0, 0, 0, 0, 0
   \              000000000000
   \              00000000    
   \   00000029   000000000000       DC8 0, 0, 0, 0, 0, 0, 0, 0, 0, 0, 0, 0, 0, 0, 0, 0
   \              000000000000
   \              00000000    
   \   00000039   000000000000       DC8 0, 0, 0, 0, 0, 0, 0, 0, 0, 0, 0, 0, 0, 0, 0, 0
   \              000000000000
   \              00000000    
   \   00000049   000000000000       DC8 0, 0, 0, 0, 0, 0, 0, 0, 0, 0, 0, 0, 0, 0, 0, 0
   \              000000000000
   \              00000000    
   \   00000059   000000000000       DC8 0, 0, 0, 0, 0, 0, 0, 0, 0, 0, 0, 0, 0, 0, 0, 0
   \              000000000000
   \              00000000    
   \   00000069   000000000000       DC8 0, 0, 0, 0, 0, 0, 0, 0, 0, 0, 0, 0, 0, 0, 0, 0, 0, 0, 0, 0, 0, 0, 0
   \              000000000000
   \              000000000000
   \              0000000000  
     74          

   \                                 In segment CONFIG_C, align 4, align-sorted, root
     75          __root const CFG_HDR cfghdr10={CFG_STR_WIN1251,"Bookmark 4 name",1,31};
   \                     cfghdr10:
   \   00000000   04000000           DC32 4
   \   00000004   426F6F6B6D61       DC8 "Bookmark 4 name"
   \              726B2034206E
   \              616D6500    
   \   00000014   000000000000       DC8 0, 0, 0, 0, 0, 0, 0, 0, 0, 0, 0, 0, 0, 0, 0, 0
   \              000000000000
   \              00000000    
   \   00000024   010000001F00       DC32 1, 31
   \              0000        

   \                                 In segment CONFIG_C, align 4, align-sorted, root
     76          __root const char BM4NAME[32]="";
   \                     BM4NAME:
   \   00000000   00                 DC8 ""
   \   00000001   000000000000       DC8 0, 0, 0, 0, 0, 0, 0, 0, 0, 0, 0, 0, 0, 0, 0, 0
   \              000000000000
   \              00000000    
   \   00000011   000000000000       DC8 0, 0, 0, 0, 0, 0, 0, 0, 0, 0, 0, 0, 0, 0, 0
   \              000000000000
   \              000000      

   \                                 In segment CONFIG_C, align 4, align-sorted, root
     77          __root const CFG_HDR cfghdr11={CFG_STR_UTF8,"Bookmark 4 file",3,127};
   \                     cfghdr11:
   \   00000000   02000000           DC32 2
   \   00000004   426F6F6B6D61       DC8 "Bookmark 4 file"
   \              726B20342066
   \              696C6500    
   \   00000014   000000000000       DC8 0, 0, 0, 0, 0, 0, 0, 0, 0, 0, 0, 0, 0, 0, 0, 0
   \              000000000000
   \              00000000    
   \   00000024   030000007F00       DC32 3, 127
   \              0000        

   \                                 In segment CONFIG_C, align 4, align-sorted, root
     78          __root const char BM4FILE[128]="0:\\zbin\\utilities\\CfgEdit.elf";
   \                     BM4FILE:
   \   00000000   303A5C7A6269       DC8 "0:\\zbin\\utilities\\CfgEdit.elf"
   \              6E5C7574696C
   \              69746965735C
   \              436667456469
   \              742E656C6600
   \   0000001E   000000000000       DC8 0, 0, 0, 0, 0, 0, 0, 0, 0, 0, 0, 0, 0, 0, 0, 0
   \              000000000000
   \              00000000    
   \   0000002E   000000000000       DC8 0, 0, 0, 0, 0, 0, 0, 0, 0, 0, 0, 0, 0, 0, 0, 0
   \              000000000000
   \              00000000    
   \   0000003E   000000000000       DC8 0, 0, 0, 0, 0, 0, 0, 0, 0, 0, 0, 0, 0, 0, 0, 0
   \              000000000000
   \              00000000    
   \   0000004E   000000000000       DC8 0, 0, 0, 0, 0, 0, 0, 0, 0, 0, 0, 0, 0, 0, 0, 0
   \              000000000000
   \              00000000    
   \   0000005E   000000000000       DC8 0, 0, 0, 0, 0, 0, 0, 0, 0, 0, 0, 0, 0, 0, 0, 0
   \              000000000000
   \              00000000    
   \   0000006E   000000000000       DC8 0, 0, 0, 0, 0, 0, 0, 0, 0, 0, 0, 0, 0, 0, 0, 0, 0, 0
   \              000000000000
   \              000000000000
     79          

   \                                 In segment CONFIG_C, align 4, align-sorted, root
     80          __root const CFG_HDR cfghdr12={CFG_STR_WIN1251,"Bookmark 5 name",1,31};
   \                     cfghdr12:
   \   00000000   04000000           DC32 4
   \   00000004   426F6F6B6D61       DC8 "Bookmark 5 name"
   \              726B2035206E
   \              616D6500    
   \   00000014   000000000000       DC8 0, 0, 0, 0, 0, 0, 0, 0, 0, 0, 0, 0, 0, 0, 0, 0
   \              000000000000
   \              00000000    
   \   00000024   010000001F00       DC32 1, 31
   \              0000        

   \                                 In segment CONFIG_C, align 4, align-sorted, root
     81          __root const char BM5NAME[32]="";
   \                     BM5NAME:
   \   00000000   00                 DC8 ""
   \   00000001   000000000000       DC8 0, 0, 0, 0, 0, 0, 0, 0, 0, 0, 0, 0, 0, 0, 0, 0
   \              000000000000
   \              00000000    
   \   00000011   000000000000       DC8 0, 0, 0, 0, 0, 0, 0, 0, 0, 0, 0, 0, 0, 0, 0
   \              000000000000
   \              000000      

   \                                 In segment CONFIG_C, align 4, align-sorted, root
     82          __root const CFG_HDR cfghdr13={CFG_STR_UTF8,"Bookmark 5 file",3,127};
   \                     cfghdr13:
   \   00000000   02000000           DC32 2
   \   00000004   426F6F6B6D61       DC8 "Bookmark 5 file"
   \              726B20352066
   \              696C6500    
   \   00000014   000000000000       DC8 0, 0, 0, 0, 0, 0, 0, 0, 0, 0, 0, 0, 0, 0, 0, 0
   \              000000000000
   \              00000000    
   \   00000024   030000007F00       DC32 3, 127
   \              0000        

   \                                 In segment CONFIG_C, align 4, align-sorted, root
     83          __root const char BM5FILE[128]="";
   \                     BM5FILE:
   \   00000000   00                 DC8 ""
   \   00000001   000000000000       DC8 0, 0, 0, 0, 0, 0, 0, 0, 0, 0, 0, 0, 0, 0, 0, 0
   \              000000000000
   \              00000000    
   \   00000011   000000000000       DC8 0, 0, 0, 0, 0, 0, 0, 0, 0, 0, 0, 0, 0, 0, 0, 0
   \              000000000000
   \              00000000    
   \   00000021   000000000000       DC8 0, 0, 0, 0, 0, 0, 0, 0, 0, 0, 0, 0, 0, 0, 0, 0
   \              000000000000
   \              00000000    
   \   00000031   000000000000       DC8 0, 0, 0, 0, 0, 0, 0, 0, 0, 0, 0, 0, 0, 0, 0, 0
   \              000000000000
   \              00000000    
   \   00000041   000000000000       DC8 0, 0, 0, 0, 0, 0, 0, 0, 0, 0, 0, 0, 0, 0, 0, 0
   \              000000000000
   \              00000000    
   \   00000051   000000000000       DC8 0, 0, 0, 0, 0, 0, 0, 0, 0, 0, 0, 0, 0, 0, 0, 0
   \              000000000000
   \              00000000    
   \   00000061   000000000000       DC8 0, 0, 0, 0, 0, 0, 0, 0, 0, 0, 0, 0, 0, 0, 0, 0
   \              000000000000
   \              00000000    
   \   00000071   000000000000       DC8 0, 0, 0, 0, 0, 0, 0, 0, 0, 0, 0, 0, 0, 0, 0
   \              000000000000
   \              000000      
     84          

   \                                 In segment CONFIG_C, align 4, align-sorted, root
     85          __root const CFG_HDR cfghdr14={CFG_STR_WIN1251,"Bookmark 6 name",1,31};
   \                     cfghdr14:
   \   00000000   04000000           DC32 4
   \   00000004   426F6F6B6D61       DC8 "Bookmark 6 name"
   \              726B2036206E
   \              616D6500    
   \   00000014   000000000000       DC8 0, 0, 0, 0, 0, 0, 0, 0, 0, 0, 0, 0, 0, 0, 0, 0
   \              000000000000
   \              00000000    
   \   00000024   010000001F00       DC32 1, 31
   \              0000        

   \                                 In segment CONFIG_C, align 4, align-sorted, root
     86          __root const char BM6NAME[32]="";
   \                     BM6NAME:
   \   00000000   00                 DC8 ""
   \   00000001   000000000000       DC8 0, 0, 0, 0, 0, 0, 0, 0, 0, 0, 0, 0, 0, 0, 0, 0
   \              000000000000
   \              00000000    
   \   00000011   000000000000       DC8 0, 0, 0, 0, 0, 0, 0, 0, 0, 0, 0, 0, 0, 0, 0
   \              000000000000
   \              000000      

   \                                 In segment CONFIG_C, align 4, align-sorted, root
     87          __root const CFG_HDR cfghdr15={CFG_STR_UTF8,"Bookmark 6 file",3,127};
   \                     cfghdr15:
   \   00000000   02000000           DC32 2
   \   00000004   426F6F6B6D61       DC8 "Bookmark 6 file"
   \              726B20362066
   \              696C6500    
   \   00000014   000000000000       DC8 0, 0, 0, 0, 0, 0, 0, 0, 0, 0, 0, 0, 0, 0, 0, 0
   \              000000000000
   \              00000000    
   \   00000024   030000007F00       DC32 3, 127
   \              0000        

   \                                 In segment CONFIG_C, align 4, align-sorted, root
     88          __root const char BM6FILE[128]="";
   \                     BM6FILE:
   \   00000000   00                 DC8 ""
   \   00000001   000000000000       DC8 0, 0, 0, 0, 0, 0, 0, 0, 0, 0, 0, 0, 0, 0, 0, 0
   \              000000000000
   \              00000000    
   \   00000011   000000000000       DC8 0, 0, 0, 0, 0, 0, 0, 0, 0, 0, 0, 0, 0, 0, 0, 0
   \              000000000000
   \              00000000    
   \   00000021   000000000000       DC8 0, 0, 0, 0, 0, 0, 0, 0, 0, 0, 0, 0, 0, 0, 0, 0
   \              000000000000
   \              00000000    
   \   00000031   000000000000       DC8 0, 0, 0, 0, 0, 0, 0, 0, 0, 0, 0, 0, 0, 0, 0, 0
   \              000000000000
   \              00000000    
   \   00000041   000000000000       DC8 0, 0, 0, 0, 0, 0, 0, 0, 0, 0, 0, 0, 0, 0, 0, 0
   \              000000000000
   \              00000000    
   \   00000051   000000000000       DC8 0, 0, 0, 0, 0, 0, 0, 0, 0, 0, 0, 0, 0, 0, 0, 0
   \              000000000000
   \              00000000    
   \   00000061   000000000000       DC8 0, 0, 0, 0, 0, 0, 0, 0, 0, 0, 0, 0, 0, 0, 0, 0
   \              000000000000
   \              00000000    
   \   00000071   000000000000       DC8 0, 0, 0, 0, 0, 0, 0, 0, 0, 0, 0, 0, 0, 0, 0
   \              000000000000
   \              000000      
     89          

   \                                 In segment CONFIG_C, align 4, align-sorted, root
     90          __root const CFG_HDR cfghdr16={CFG_STR_WIN1251,"Bookmark 7 name",1,31};
   \                     cfghdr16:
   \   00000000   04000000           DC32 4
   \   00000004   426F6F6B6D61       DC8 "Bookmark 7 name"
   \              726B2037206E
   \              616D6500    
   \   00000014   000000000000       DC8 0, 0, 0, 0, 0, 0, 0, 0, 0, 0, 0, 0, 0, 0, 0, 0
   \              000000000000
   \              00000000    
   \   00000024   010000001F00       DC32 1, 31
   \              0000        

   \                                 In segment CONFIG_C, align 4, align-sorted, root
     91          __root const char BM7NAME[32]="";
   \                     BM7NAME:
   \   00000000   00                 DC8 ""
   \   00000001   000000000000       DC8 0, 0, 0, 0, 0, 0, 0, 0, 0, 0, 0, 0, 0, 0, 0, 0
   \              000000000000
   \              00000000    
   \   00000011   000000000000       DC8 0, 0, 0, 0, 0, 0, 0, 0, 0, 0, 0, 0, 0, 0, 0
   \              000000000000
   \              000000      

   \                                 In segment CONFIG_C, align 4, align-sorted, root
     92          __root const CFG_HDR cfghdr17={CFG_STR_UTF8,"Bookmark 7 file",3,127};
   \                     cfghdr17:
   \   00000000   02000000           DC32 2
   \   00000004   426F6F6B6D61       DC8 "Bookmark 7 file"
   \              726B20372066
   \              696C6500    
   \   00000014   000000000000       DC8 0, 0, 0, 0, 0, 0, 0, 0, 0, 0, 0, 0, 0, 0, 0, 0
   \              000000000000
   \              00000000    
   \   00000024   030000007F00       DC32 3, 127
   \              0000        

   \                                 In segment CONFIG_C, align 4, align-sorted, root
     93          __root const char BM7FILE[128]="";
   \                     BM7FILE:
   \   00000000   00                 DC8 ""
   \   00000001   000000000000       DC8 0, 0, 0, 0, 0, 0, 0, 0, 0, 0, 0, 0, 0, 0, 0, 0
   \              000000000000
   \              00000000    
   \   00000011   000000000000       DC8 0, 0, 0, 0, 0, 0, 0, 0, 0, 0, 0, 0, 0, 0, 0, 0
   \              000000000000
   \              00000000    
   \   00000021   000000000000       DC8 0, 0, 0, 0, 0, 0, 0, 0, 0, 0, 0, 0, 0, 0, 0, 0
   \              000000000000
   \              00000000    
   \   00000031   000000000000       DC8 0, 0, 0, 0, 0, 0, 0, 0, 0, 0, 0, 0, 0, 0, 0, 0
   \              000000000000
   \              00000000    
   \   00000041   000000000000       DC8 0, 0, 0, 0, 0, 0, 0, 0, 0, 0, 0, 0, 0, 0, 0, 0
   \              000000000000
   \              00000000    
   \   00000051   000000000000       DC8 0, 0, 0, 0, 0, 0, 0, 0, 0, 0, 0, 0, 0, 0, 0, 0
   \              000000000000
   \              00000000    
   \   00000061   000000000000       DC8 0, 0, 0, 0, 0, 0, 0, 0, 0, 0, 0, 0, 0, 0, 0, 0
   \              000000000000
   \              00000000    
   \   00000071   000000000000       DC8 0, 0, 0, 0, 0, 0, 0, 0, 0, 0, 0, 0, 0, 0, 0
   \              000000000000
   \              000000      
     94          

   \                                 In segment CONFIG_C, align 4, align-sorted, root
     95          __root const CFG_HDR cfghdr18={CFG_STR_WIN1251,"Bookmark 8 name",1,31};
   \                     cfghdr18:
   \   00000000   04000000           DC32 4
   \   00000004   426F6F6B6D61       DC8 "Bookmark 8 name"
   \              726B2038206E
   \              616D6500    
   \   00000014   000000000000       DC8 0, 0, 0, 0, 0, 0, 0, 0, 0, 0, 0, 0, 0, 0, 0, 0
   \              000000000000
   \              00000000    
   \   00000024   010000001F00       DC32 1, 31
   \              0000        

   \                                 In segment CONFIG_C, align 4, align-sorted, root
     96          __root const char BM8NAME[32]="";
   \                     BM8NAME:
   \   00000000   00                 DC8 ""
   \   00000001   000000000000       DC8 0, 0, 0, 0, 0, 0, 0, 0, 0, 0, 0, 0, 0, 0, 0, 0
   \              000000000000
   \              00000000    
   \   00000011   000000000000       DC8 0, 0, 0, 0, 0, 0, 0, 0, 0, 0, 0, 0, 0, 0, 0
   \              000000000000
   \              000000      

   \                                 In segment CONFIG_C, align 4, align-sorted, root
     97          __root const CFG_HDR cfghdr19={CFG_STR_UTF8,"Bookmark 8 file",3,127};
   \                     cfghdr19:
   \   00000000   02000000           DC32 2
   \   00000004   426F6F6B6D61       DC8 "Bookmark 8 file"
   \              726B20382066
   \              696C6500    
   \   00000014   000000000000       DC8 0, 0, 0, 0, 0, 0, 0, 0, 0, 0, 0, 0, 0, 0, 0, 0
   \              000000000000
   \              00000000    
   \   00000024   030000007F00       DC32 3, 127
   \              0000        

   \                                 In segment CONFIG_C, align 4, align-sorted, root
     98          __root const char BM8FILE[128]="2:\\zbin\\SieJC\\SieJC.elf";
   \                     BM8FILE:
   \   00000000   323A5C7A6269       DC8 "2:\\zbin\\SieJC\\SieJC.elf"
   \              6E5C5369654A
   \              435C5369654A
   \              432E656C6600
   \   00000018   000000000000       DC8 0, 0, 0, 0, 0, 0, 0, 0, 0, 0, 0, 0, 0, 0, 0, 0
   \              000000000000
   \              00000000    
   \   00000028   000000000000       DC8 0, 0, 0, 0, 0, 0, 0, 0, 0, 0, 0, 0, 0, 0, 0, 0
   \              000000000000
   \              00000000    
   \   00000038   000000000000       DC8 0, 0, 0, 0, 0, 0, 0, 0, 0, 0, 0, 0, 0, 0, 0, 0
   \              000000000000
   \              00000000    
   \   00000048   000000000000       DC8 0, 0, 0, 0, 0, 0, 0, 0, 0, 0, 0, 0, 0, 0, 0, 0
   \              000000000000
   \              00000000    
   \   00000058   000000000000       DC8 0, 0, 0, 0, 0, 0, 0, 0, 0, 0, 0, 0, 0, 0, 0, 0
   \              000000000000
   \              00000000    
   \   00000068   000000000000       DC8 0, 0, 0, 0, 0, 0, 0, 0, 0, 0, 0, 0, 0, 0, 0, 0
   \              000000000000
   \              00000000    
   \   00000078   000000000000       DC8 0, 0, 0, 0, 0, 0, 0, 0
   \              0000        
     99          

   \                                 In segment CONFIG_C, align 4, align-sorted, root
    100          __root const CFG_HDR cfghdr20={CFG_STR_WIN1251,"Bookmark 9 name",1,31};
   \                     cfghdr20:
   \   00000000   04000000           DC32 4
   \   00000004   426F6F6B6D61       DC8 "Bookmark 9 name"
   \              726B2039206E
   \              616D6500    
   \   00000014   000000000000       DC8 0, 0, 0, 0, 0, 0, 0, 0, 0, 0, 0, 0, 0, 0, 0, 0
   \              000000000000
   \              00000000    
   \   00000024   010000001F00       DC32 1, 31
   \              0000        

   \                                 In segment CONFIG_C, align 4, align-sorted, root
    101          __root const char BM9NAME[32]="";
   \                     BM9NAME:
   \   00000000   00                 DC8 ""
   \   00000001   000000000000       DC8 0, 0, 0, 0, 0, 0, 0, 0, 0, 0, 0, 0, 0, 0, 0, 0
   \              000000000000
   \              00000000    
   \   00000011   000000000000       DC8 0, 0, 0, 0, 0, 0, 0, 0, 0, 0, 0, 0, 0, 0, 0
   \              000000000000
   \              000000      

   \                                 In segment CONFIG_C, align 4, align-sorted, root
    102          __root const CFG_HDR cfghdr21={CFG_STR_UTF8,"Bookmark 9 file",3,127};
   \                     cfghdr21:
   \   00000000   02000000           DC32 2
   \   00000004   426F6F6B6D61       DC8 "Bookmark 9 file"
   \              726B20392066
   \              696C6500    
   \   00000014   000000000000       DC8 0, 0, 0, 0, 0, 0, 0, 0, 0, 0, 0, 0, 0, 0, 0, 0
   \              000000000000
   \              00000000    
   \   00000024   030000007F00       DC32 3, 127
   \              0000        

   \                                 In segment CONFIG_C, align 4, align-sorted, root
    103          __root const char BM9FILE[128]="0:\\zbin\\gprsd.elf";
   \                     BM9FILE:
   \   00000000   303A5C7A6269       DC8 "0:\\zbin\\gprsd.elf"
   \              6E5C67707273
   \              642E656C6600
   \   00000012   000000000000       DC8 0, 0, 0, 0, 0, 0, 0, 0, 0, 0, 0, 0, 0, 0, 0, 0
   \              000000000000
   \              00000000    
   \   00000022   000000000000       DC8 0, 0, 0, 0, 0, 0, 0, 0, 0, 0, 0, 0, 0, 0, 0, 0
   \              000000000000
   \              00000000    
   \   00000032   000000000000       DC8 0, 0, 0, 0, 0, 0, 0, 0, 0, 0, 0, 0, 0, 0, 0, 0
   \              000000000000
   \              00000000    
   \   00000042   000000000000       DC8 0, 0, 0, 0, 0, 0, 0, 0, 0, 0, 0, 0, 0, 0, 0, 0
   \              000000000000
   \              00000000    
   \   00000052   000000000000       DC8 0, 0, 0, 0, 0, 0, 0, 0, 0, 0, 0, 0, 0, 0, 0, 0
   \              000000000000
   \              00000000    
   \   00000062   000000000000       DC8 0, 0, 0, 0, 0, 0, 0, 0, 0, 0, 0, 0, 0, 0, 0, 0
   \              000000000000
   \              00000000    
   \   00000072   000000000000       DC8 0, 0, 0, 0, 0, 0, 0, 0, 0, 0, 0, 0, 0, 0
   \              000000000000
   \              0000        
    104          

   \                                 In segment CONFIG_C, align 4, align-sorted, root
    105          __root const CFG_HDR cfghdr32={CFG_STR_WIN1251,"Bookmark 0 name",1,31};
   \                     cfghdr32:
   \   00000000   04000000           DC32 4
   \   00000004   426F6F6B6D61       DC8 "Bookmark 0 name"
   \              726B2030206E
   \              616D6500    
   \   00000014   000000000000       DC8 0, 0, 0, 0, 0, 0, 0, 0, 0, 0, 0, 0, 0, 0, 0, 0
   \              000000000000
   \              00000000    
   \   00000024   010000001F00       DC32 1, 31
   \              0000        

   \                                 In segment CONFIG_C, align 4, align-sorted, root
    106          __root const char BM0NAME[32]="";
   \                     BM0NAME:
   \   00000000   00                 DC8 ""
   \   00000001   000000000000       DC8 0, 0, 0, 0, 0, 0, 0, 0, 0, 0, 0, 0, 0, 0, 0, 0
   \              000000000000
   \              00000000    
   \   00000011   000000000000       DC8 0, 0, 0, 0, 0, 0, 0, 0, 0, 0, 0, 0, 0, 0, 0
   \              000000000000
   \              000000      

   \                                 In segment CONFIG_C, align 4, align-sorted, root
    107          __root const CFG_HDR cfghdr38={CFG_STR_UTF8,"Bookmark 0 file",3,127};
   \                     cfghdr38:
   \   00000000   02000000           DC32 2
   \   00000004   426F6F6B6D61       DC8 "Bookmark 0 file"
   \              726B20302066
   \              696C6500    
   \   00000014   000000000000       DC8 0, 0, 0, 0, 0, 0, 0, 0, 0, 0, 0, 0, 0, 0, 0, 0
   \              000000000000
   \              00000000    
   \   00000024   030000007F00       DC32 3, 127
   \              0000        

   \                                 In segment CONFIG_C, align 4, align-sorted, root
    108          __root const char BM0FILE[128]="0:\\zbin\\gprsd.elf";
   \                     BM0FILE:
   \   00000000   303A5C7A6269       DC8 "0:\\zbin\\gprsd.elf"
   \              6E5C67707273
   \              642E656C6600
   \   00000012   000000000000       DC8 0, 0, 0, 0, 0, 0, 0, 0, 0, 0, 0, 0, 0, 0, 0, 0
   \              000000000000
   \              00000000    
   \   00000022   000000000000       DC8 0, 0, 0, 0, 0, 0, 0, 0, 0, 0, 0, 0, 0, 0, 0, 0
   \              000000000000
   \              00000000    
   \   00000032   000000000000       DC8 0, 0, 0, 0, 0, 0, 0, 0, 0, 0, 0, 0, 0, 0, 0, 0
   \              000000000000
   \              00000000    
   \   00000042   000000000000       DC8 0, 0, 0, 0, 0, 0, 0, 0, 0, 0, 0, 0, 0, 0, 0, 0
   \              000000000000
   \              00000000    
   \   00000052   000000000000       DC8 0, 0, 0, 0, 0, 0, 0, 0, 0, 0, 0, 0, 0, 0, 0, 0
   \              000000000000
   \              00000000    
   \   00000062   000000000000       DC8 0, 0, 0, 0, 0, 0, 0, 0, 0, 0, 0, 0, 0, 0, 0, 0
   \              000000000000
   \              00000000    
   \   00000072   000000000000       DC8 0, 0, 0, 0, 0, 0, 0, 0, 0, 0, 0, 0, 0, 0
   \              000000000000
   \              0000        
    109          

   \                                 In segment CONFIG_C, align 4, align-sorted, root
    110          __root const CFG_HDR cfghdr34={CFG_STR_WIN1251,"Bookmark green name",1,31};
   \                     cfghdr34:
   \   00000000   04000000           DC32 4
   \   00000004   426F6F6B6D61       DC8 "Bookmark green name"
   \              726B20677265
   \              656E206E616D
   \              6500        
   \   00000018   000000000000       DC8 0, 0, 0, 0, 0, 0, 0, 0, 0, 0, 0, 0
   \              000000000000
   \   00000024   010000001F00       DC32 1, 31
   \              0000        

   \                                 In segment CONFIG_C, align 4, align-sorted, root
    111          __root const char BM_GREEN_NAME[32]="";
   \                     BM_GREEN_NAME:
   \   00000000   00                 DC8 ""
   \   00000001   000000000000       DC8 0, 0, 0, 0, 0, 0, 0, 0, 0, 0, 0, 0, 0, 0, 0, 0
   \              000000000000
   \              00000000    
   \   00000011   000000000000       DC8 0, 0, 0, 0, 0, 0, 0, 0, 0, 0, 0, 0, 0, 0, 0
   \              000000000000
   \              000000      

   \                                 In segment CONFIG_C, align 4, align-sorted, root
    112          __root const CFG_HDR cfghdr35={CFG_STR_UTF8,"Bookmark 9 file",3,127};
   \                     cfghdr35:
   \   00000000   02000000           DC32 2
   \   00000004   426F6F6B6D61       DC8 "Bookmark 9 file"
   \              726B20392066
   \              696C6500    
   \   00000014   000000000000       DC8 0, 0, 0, 0, 0, 0, 0, 0, 0, 0, 0, 0, 0, 0, 0, 0
   \              000000000000
   \              00000000    
   \   00000024   030000007F00       DC32 3, 127
   \              0000        

   \                                 In segment CONFIG_C, align 4, align-sorted, root
    113          __root const char BM_GREEN_FILE[128]="0:\\zbin\\gprsd.elf";
   \                     BM_GREEN_FILE:
   \   00000000   303A5C7A6269       DC8 "0:\\zbin\\gprsd.elf"
   \              6E5C67707273
   \              642E656C6600
   \   00000012   000000000000       DC8 0, 0, 0, 0, 0, 0, 0, 0, 0, 0, 0, 0, 0, 0, 0, 0
   \              000000000000
   \              00000000    
   \   00000022   000000000000       DC8 0, 0, 0, 0, 0, 0, 0, 0, 0, 0, 0, 0, 0, 0, 0, 0
   \              000000000000
   \              00000000    
   \   00000032   000000000000       DC8 0, 0, 0, 0, 0, 0, 0, 0, 0, 0, 0, 0, 0, 0, 0, 0
   \              000000000000
   \              00000000    
   \   00000042   000000000000       DC8 0, 0, 0, 0, 0, 0, 0, 0, 0, 0, 0, 0, 0, 0, 0, 0
   \              000000000000
   \              00000000    
   \   00000052   000000000000       DC8 0, 0, 0, 0, 0, 0, 0, 0, 0, 0, 0, 0, 0, 0, 0, 0
   \              000000000000
   \              00000000    
   \   00000062   000000000000       DC8 0, 0, 0, 0, 0, 0, 0, 0, 0, 0, 0, 0, 0, 0, 0, 0
   \              000000000000
   \              00000000    
   \   00000072   000000000000       DC8 0, 0, 0, 0, 0, 0, 0, 0, 0, 0, 0, 0, 0, 0
   \              000000000000
   \              0000        


   Segment part sizes:

     Function/Label    Bytes
     --------------    -----
     cfghdr0             44
     csmlist_fname      128
     cfghdr1             44
     ENA_HELLO_MSG        4
     cfgcbox1            64
     cfghdr25            44
     UNDER_IDLE_CONSTR   12
     cfghdr23            44
     ACTIVE_KEY_STYLE     4
     cfgcbox23          128
     cfghdr24            44
     ACTIVE_KEY           4
     cfghdr2             44
     ENA_LONG_PRESS       4
     cfgcbox2           160
     cfghdr5             44
     ss                 128
     cfghdr3             44
     RED_BUT_MODE         4
     cfgcbox3            96
     cfghdr22            44
     ENA_LOCK             4
     cfgcbox22           64
     cfghdr33            44
     SHOW_DAEMONS         4
     cfgcbox33           64
     cfghdr4             44
     BM1NAME             32
     cfghdr5_5           44
     BM1FILE            128
     cfghdr6             44
     BM2NAME             32
     cfghdr7             44
     BM2FILE            128
     cfghdr8             44
     BM3NAME             32
     cfghdr9             44
     BM3FILE            128
     cfghdr10            44
     BM4NAME             32
     cfghdr11            44
     BM4FILE            128
     cfghdr12            44
     BM5NAME             32
     cfghdr13            44
     BM5FILE            128
     cfghdr14            44
     BM6NAME             32
     cfghdr15            44
     BM6FILE            128
     cfghdr16            44
     BM7NAME             32
     cfghdr17            44
     BM7FILE            128
     cfghdr18            44
     BM8NAME             32
     cfghdr19            44
     BM8FILE            128
     cfghdr20            44
     BM9NAME             32
     cfghdr21            44
     BM9FILE            128
     cfghdr32            44
     BM0NAME             32
     cfghdr38            44
     BM0FILE            128
     cfghdr34            44
     BM_GREEN_NAME       32
     cfghdr35            44
     BM_GREEN_FILE      128

 
 4 040 bytes in segment CONFIG_C
 
 4 040 bytes of CONST memory

Errors: none
Warnings: none
