CepID Log of SL65 sw53 (158 GBS processes):
0x40E1: "EESIMU_BFC", 209, LR = 0xA122F39C 
0x400E: "SERIAL_RX0_DRIVER", 14, LR = 0xA12248A8 
0x4217: "SEC_DATA", 27, LR = 0xA1235D64 
0x4020: "DYNAMIC_LIGHT", 107, LR = 0xA0B250D5 
0x4402: "RAP_BEARER_0", 1, LR = 0xA11469CF 
0x4403: "RAP_BEARER_1", 2, LR = 0xA0FDB0E0 
0x4404: "RAP_BEARER_2", 3, LR = 0xA11469FF 
0x4405: "RAP_BEARER_3", 4, LR = 0xA1146A17 
0x4406: "RAP_BEARER_4", 5, LR = 0xA1146A2F 
0x4214: "APPLICATION_MANAGER", 24, LR = 0xA116427B 
0x4200: "LCD_DISPLAYQUEUE", 0, LR = 0xA1167AF7 
0x4029: "KBD_KEYPADMESSAGES", 123, LR = 0xA115051F 
0x4101: "FFS_FILE_SYSTEM_M", 1, LR = 0xA1238F94 
0x4102: "VOUCHER_PROCESS", 2, LR = 0xA0033E04 
0x4103: "DRM_FILE_SYSTEM", 3, LR = 0xA002EF78 
0x407E: "AMCCALC", 143, LR = 0xA125E6A0 
0x402E: "BTM_CALCULATION", 148, LR = 0xA125E6B4 
0x400A: "GSM_LAYER2", 9, LR = 0xA131A4BD 
0x4065: "RR_Sublayer", 87, LR = 0xA131AAB7 
0x406A: "RR_Sap0_Handler", 92, LR = 0xA131AAC9 
0x4067: "RR_Cell_Selection", 89, LR = 0xA131AADB 
0x4068: "RR_Cell_Reselection", 90, LR = 0xA131AAED 
0x4069: "RR_Measurement_Report", 91, LR = 0xA131AAFF 
0x4066: "RR_CBCh", 88, LR = 0xA131AB11 
0x4079: "CBS_Sim", 138, LR = 0xA132C597 
0x4078: "CBS_Plmn", 137, LR = 0xA1317315 
0x4064: "MM_Sublayer", 86, LR = 0xA131A9BB 
0x4043: "Test_Entity", 54, LR = 0xA1319717 
0x4059: "BCB", 77, LR = 0xA1313DAF 
0x405D: "MSMCall", 81, LR = 0xA1317BA9 
0x405B: "MSMCRSS", 79, LR = 0xA1315639 
0x405A: "MSMDTMF", 78, LR = 0xA1317C63 
0x4046: "CC_CALL_Control", 58, LR = 0xA1317681 
0x4047: "CC_CALL_Control", 59, LR = 0xA1317691 
0x4048: "CC_CALL_Control", 60, LR = 0xA13176A3 
0x4049: "CC_CALL_Control", 61, LR = 0xA13176B5 
0x404A: "CC_CALL_Control", 62, LR = 0xA13176C7 
0x404B: "CC_CALL_Control", 63, LR = 0xA13176D9 
0x404C: "CC_CALL_Control", 64, LR = 0xA13176EB 
0x404D: "CC_CALL_Control", 65, LR = 0xA13176FD 
0x404E: "CC_CALL_Control", 66, LR = 0xA131770F 
0x404F: "CC_CALL_Control", 67, LR = 0xA1317721 
0x4050: "CC_CALL_Control", 68, LR = 0xA1317733 
0x4051: "CC_CALL_Control", 69, LR = 0xA1317745 
0x4052: "CC_CALL_Control", 70, LR = 0xA1317757 
0x4053: "CC_CALL_Control", 71, LR = 0xA1317769 
0x4054: "CC_CALL_Control", 72, LR = 0xA131777B 
0x4055: "CC_CALL_Control", 73, LR = 0xA131778D 
0x4044: "CC_SS", 56, LR = 0xA13179D5 
0x4045: "CC_Dtmf_Control", 57, LR = 0xA13178AF 
0x4056: "CC_MMCC", 74, LR = 0xA1317939 
0x4093: "AOC_PROCESS", 55, LR = 0xA13175CB 
0x406E: "CHIPKARTE_PL", 121, LR = 0xA130AFB7 
0x4070: "SMS_L2IF_SM", 134, LR = 0xA13308D5 
0x4074: "SMS_CPO_SM", 131, LR = 0xA1330CC1 
0x4071: "SMS_CPT_SM", 128, LR = 0xA1330D4B 
0x4075: "SMS_RLO_SM", 132, LR = 0xA1331EC7 
0x4072: "SMS_RLT_SM", 129, LR = 0xA1331F53 
0x4076: "SMS_TLO_SM", 133, LR = 0xA13315D5 
0x4073: "SMS_TLT_SM", 130, LR = 0xA1331BC1 
0x4077: "SMS_SIMIF_SM", 136, LR = 0xA1331A73 
0x4062: "L3SS_ENTITY", 84, LR = 0xA131917F 
0x4063: "MSM_SS_ENTITY", 85, LR = 0xA13194F3 
0x40BD: "GPRS_GAPI", 96, LR = 0xA1326565 
0x40BA: "GPRS_SM_ENTITY", 45, LR = 0xA132BF57 
0x40C6: "GPRS_SMS", 135, LR = 0xA1328771 
0x40C5: "GPRS_GMM", 46, LR = 0xA1326DC3 
0x40C4: "GPRS_LLME", 52, LR = 0xA13289E7 
0x40C3: "GPRS_LLMP", 53, LR = 0xA1328C13 
0x40BB: "GPRS_SNDCP_HIGH", 94, LR = 0xA132BF97 
0x40BC: "GPRS_SNDCP_LOW", 95, LR = 0xA132BFA9 
0x40C0: "GPRS_RLC_DATA_PROCESS", 22, LR = 0xA1328D29 
0x40BF: "GPRS_RLC_CONTROL_PROCESS", 21, LR = 0xA1328C8B 
0x40BE: "GPRS_MAC_LOW_PROCESS", 20, LR = 0xA13356E3 
0x40C1: "GPRS_GRR_PROCESS", 29, LR = 0xA132890D 
0x40C2: "GRR_NB_Process", 30, LR = 0xA1328813 
0x4058: "MSMONOFF", 76, LR = 0xA123CC04 
0x4030: "L1_TRACE_BUFFER", 154, LR = 0xA12F9D9D 
0x400C: "AGC_PROCESS", 11, LR = 0xA131273B 
0x4006: "AFC_PROCESS", 5, LR = 0xA13117AB 
0x4008: "APC_PROCESS", 7, LR = 0xA1312903 
0x4016: "FC_REGEL_PROZESS", 25, LR = 0xA1290745 
0x402D: "L151TRACE", 147, LR = 0xA130E145 
0x4040: "L1_STATE_MACHINE", 13, LR = 0xA12F9FC9 
0x4002: "L1_STARTBIT", 1, LR = 0xA12F9FD5 
0x4004: "GPRS_BLOCKMAN_STARTBIT", 3, LR = 0xA130D763 
0x401B: "GPRS_GMEAS_EVAL_SPROCESS", 44, LR = 0xA1292E69 
0x4084: "MSM_KEYBOARDHANDLER", 151, LR = 0xA1150EEF 
0x4212: "CHIPKARTE_TOOLKIT", 22, LR = 0xA0B14E7B 
0x4219: "OMA", 29, LR = 0xA0943A48 
0x4216: "SMO_SEND_PROCESS", 26, LR = 0xA0933C08 
0x4215: "SMO_RECEIVE_PROCESS", 25, LR = 0xA0933538 
0x420D: "SS_ENTITY", 17, LR = 0xA0C15CB3 
0x420A: "CBS_MMI_SM", 14, LR = 0xA0B15BCF 
0x4080: "Permanente Daten", 150, LR = 0xA0B2591F 
0x4221: "RTCAL", 37, LR = 0xA0B731BB 
0x4202: "Lock AL", 2, LR = 0xA0B75267 
0x4014: "DATA_EMPFANGEN", 23, LR = 0xA115A8AB 
0x405F: "DSM_CONTROL", 82, LR = 0xA115AAAD 
0x40A7: "GIPSY_SOFT_PROCESS", 40, LR = 0xA115A631 
0x40B4: "NETCORE_PROCESS", 97, LR = 0xA124A459 
0x421A: "INET_TEST_PROCESS", 30, LR = 0xA124A469 
0x40DD: "LINKMANAGER", 203, LR = 0xA1249F13 
0x40B5: "DIALER_PROCESS", 98, LR = 0xA121D6B3 
0x40AB: "XREMOTE_CONTROL_0", 111, LR = 0xA0B0D273 
0x40AC: "XREMOTE_CONTROL_1", 112, LR = 0xA0B0D283 
0x40AD: "XREMOTE_CONTROL_2", 113, LR = 0xA0B0D293 
0x406B: "RCCL3_PROCESS", 110, LR = 0xA0B104C1 
0x4060: "CSMS_PROCESS", 100, LR = 0xA0B104E1 
0x4041: "SDS_PROCESS", 41, LR = 0xA0B104A1 
0x409C: "IRLAP_PROCESS", 31, LR = 0xA124F23F 
0x4097: "IRLMP_PROCESS", 32, LR = 0xA124F251 
0x4099: "IRLCC1_PROCESS", 33, LR = 0xA124F263 
0x409A: "IRLCC2_PROCESS", 34, LR = 0xA124F275 
0x409B: "IRLCC3_PROCESS", 35, LR = 0xA124F287 
0x4098: "IRICC_PROCESS", 101, LR = 0xA124F299 
0x409E: "IRSC_PROCESS", 102, LR = 0xA124F2AB 
0x409D: "IRLSAPS_PROCESS", 36, LR = 0xA124F2BD 
0x40A2: "IRTNYTP_PROCESS", 38, LR = 0xA124F2CF 
0x40A1: "IRCOMM_PROCESS", 37, LR = 0xA124F2E1 
0x440B: "IRDA_TEST_PROCESS", 10, LR = 0xA124F2F1 
0x40E0: "OBEX_PROCESS", 205, LR = 0xA12F7849 
0x4306: "OBEX_FS_PROCESS", 5, LR = 0xA12F7859 
0x4204: "VOICE_AL", 8, LR = 0xA09383E0 
0x440A: "CONVERTER_NG", 9, LR = 0xA08C3E88 
0x4209: "MMI", 13, LR = 0xA08BE8DD 
0x4201: "LOG_PROCESS", 1, LR = 0xA0B6EEDB 
0x421F: "MMAL_PROCESS", 35, LR = 0xA0B1B583 
0x4213: "SIM_DB_MANAGER", 23, LR = 0xA0B1C279 
0x420B: "PHONEBOOK_ACCESS", 15, LR = 0xA0B1BF43 
0x420C: "PHONEBOOK_NUMBERCHECK", 16, LR = 0xA0B1C101 
0x420E: "AOC_AL_PROCESS", 18, LR = 0xA0B129F5 
0x4211: "MSMAL_TNH_PROCESS", 21, LR = 0xA0B497AD 
0x420F: "SMSAL_PROCESS", 19, LR = 0xA0BFF557 
0x4210: "EMSAL_PROCESS", 20, LR = 0xA0B1DE6B 
0x4203: "EMS_DEC_PROCESS", 3, LR = 0xA0B21121 
0x431C: "EMS_FFS_PROCESS", 28, LR = 0xA0C00543 
0x4324: "EMS_ADMIN_PROCESS", 37, LR = 0xA0B20D05 
0x4327: "WAP_PUSH_CLIENT", 39, LR = 0xA0A1DB7D 
0x4312: "IRMC_PROCESS", 19, LR = 0xA0B24107 
0x4313: "IRMC_CONV_PROCESS", 20, LR = 0xA0B22A21 
0x40AA: "CONVERTER_PROCESS", 182, LR = 0xA0932F08 
0x4318: "PERSISTENT_DATA", 24, LR = 0xA0B214F9 
0x4323: "DDL_HANDLER", 36, LR = 0xA08C31D4 
0x430B: "OFFICE_HANDLER", 12, LR = 0xA0A2000D 
0x430C: "CALL_RECORDS", 13, LR = 0xA0A1EDC1 
0x4311: "DATABASE_AE", 18, LR = 0xA0B1DBA7 
0x4304: "PB_PROXY", 3, LR = 0xA0B252F5 
0x4320: "APO_PROCESS", 35, LR = 0xA0B1D493 
0x4096: "RTC_ALARM_PROCESS_M", 161, LR = 0xA0B1CCB9 
0x4220: "MMS_CLIENT_CORE_PROCESS", 36, LR = 0xA0A1D789 
0x430F: "UDIAL_PROCESS", 16, LR = 0xA0C01011 
0x431E: "SYNCML_PROCESS", 30, LR = 0xA0C00C49 
0x432E: "SYNCML_DM_PROCESS", 31, LR = 0xA0C00B45 
0x431D: "SYNCML_COMM_PROCESS", 29, LR = 0xA0C00965 
0x4407: "HELPER", 128, LR = 0xA0FD8A5C 
0x4305: "EMAIL_SERVICE", 4, LR = 0xA0B5A8FB 
0x421E: "MMS_DVN_PROCESS", 34, LR = 0xA0AC8B63 
