##############################################################################
#                                                                            #
# IAR ARM ANSI C/C++ Compiler V4.41A/W32 EVALUATION    23/Jan/2008  11:48:25 #
# Copyright 1999-2005 IAR Systems. All rights reserved.                      #
#                                                                            #
#    Cpu mode        =  interwork                                            #
#    Endian          =  little                                               #
#    Stack alignment =  4                                                    #
#    Source file     =  D:\Pasha\elf\idater\config_data.c                    #
#    Command line    =  D:\Pasha\elf\idater\config_data.c -lC                #
#                       D:\Pasha\elf\idater\Release_NEWSGOLD\List\ -o        #
#                       D:\Pasha\elf\idater\Release_NEWSGOLD\Obj\ -s9        #
#                       --cpu_mode arm --endian little --cpu ARM926EJ-S      #
#                       --stack_align 4 --interwork -e --fpu None            #
#                       --dlib_config "D:\Pasha\ARM_Embedded_Workbench\Embed #
#                       ded Workbench 4.0 Evaluation\ARM\LIB\dl5tpainl8n.h"  #
#                       --segment code=CONFIG --segment data=CONFIG -I       #
#                       "D:\Pasha\ARM_Embedded_Workbench\Embedded Workbench  #
#                       4.0 Evaluation\ARM\INC\" --inline_threshold=2        #
#    List file       =  D:\Pasha\elf\idater\Release_NEWSGOLD\List\config_dat #
#                       a.lst                                                #
#    Object file     =  D:\Pasha\elf\idater\Release_NEWSGOLD\Obj\config_data #
#                       .r79                                                 #
#                                                                            #
#                                                                            #
##############################################################################

D:\Pasha\elf\idater\config_data.c
      1          #include "..\inc\cfg_items.h"
      2          /*
      3          extern const int align;
      4          extern const int align_month;
      5          extern const int align_week;
      6          extern const int align_date;
      7          extern const int spase;
      8          
      9          extern const char *FontPath;
     10          extern const int fullset;
     11          */

   \                                 In segment CONFIG_C, align 4, align-sorted, root
     12          __root const CFG_HDR cfghdr0={CFG_LEVEL,"Настройки шрифта",1,0};
   \                     cfghdr0:
   \   00000000   09000000           DC32 9
   \   00000004   CDE0F1F2F0EE       DC8 "\315\340\361\362\360\356\351\352\350 \370\360\350\364\362\340"
   \              E9EAE820F8F0
   \              E8F4F2E000  
   \   00000015   000000000000       DC8 0, 0, 0, 0, 0, 0, 0, 0, 0, 0, 0, 0, 0, 0, 0
   \              000000000000
   \              000000      
   \   00000024   010000000000       DC32 1, 0
   \              0000        
     13          

   \                                 In segment CONFIG_C, align 4, align-sorted, root
     14          __root const CFG_HDR cfghdr1112={CFG_STR_UTF8,"Font path 1",0,127};
   \                     cfghdr1112:
   \   00000000   02000000           DC32 2
   \   00000004   466F6E742070       DC8 "Font path 1"
   \              617468203100
   \   00000010   000000000000       DC8 0, 0, 0, 0, 0, 0, 0, 0, 0, 0, 0, 0, 0, 0, 0, 0, 0, 0, 0, 0
   \              000000000000
   \              000000000000
   \              0000        
   \   00000024   000000007F00       DC32 0, 127
   \              0000        

   \                                 In segment CONFIG_C, align 4, align-sorted, root
     15          __root const char FontPath[128]="4:\\zbin\\img\\font2\\";
   \                     FontPath:
   \   00000000   343A5C7A6269       DC8 "4:\\zbin\\img\\font2\\"
   \              6E5C696D675C
   \              666F6E74325C
   \              00          
   \   00000013   000000000000       DC8 0, 0, 0, 0, 0, 0, 0, 0, 0, 0, 0, 0, 0, 0, 0, 0
   \              000000000000
   \              00000000    
   \   00000023   000000000000       DC8 0, 0, 0, 0, 0, 0, 0, 0, 0, 0, 0, 0, 0, 0, 0, 0
   \              000000000000
   \              00000000    
   \   00000033   000000000000       DC8 0, 0, 0, 0, 0, 0, 0, 0, 0, 0, 0, 0, 0, 0, 0, 0
   \              000000000000
   \              00000000    
   \   00000043   000000000000       DC8 0, 0, 0, 0, 0, 0, 0, 0, 0, 0, 0, 0, 0, 0, 0, 0
   \              000000000000
   \              00000000    
   \   00000053   000000000000       DC8 0, 0, 0, 0, 0, 0, 0, 0, 0, 0, 0, 0, 0, 0, 0, 0
   \              000000000000
   \              00000000    
   \   00000063   000000000000       DC8 0, 0, 0, 0, 0, 0, 0, 0, 0, 0, 0, 0, 0, 0, 0, 0
   \              000000000000
   \              00000000    
   \   00000073   000000000000       DC8 0, 0, 0, 0, 0, 0, 0, 0, 0, 0, 0, 0, 0
   \              000000000000
   \              00          
     16          

   \                                 In segment CONFIG_C, align 4, align-sorted, root
     17          __root const CFG_HDR cfghdr1_112={CFG_STR_UTF8,"Font path 2",0,127};
   \                     cfghdr1_112:
   \   00000000   02000000           DC32 2
   \   00000004   466F6E742070       DC8 "Font path 2"
   \              617468203200
   \   00000010   000000000000       DC8 0, 0, 0, 0, 0, 0, 0, 0, 0, 0, 0, 0, 0, 0, 0, 0, 0, 0, 0, 0
   \              000000000000
   \              000000000000
   \              0000        
   \   00000024   000000007F00       DC32 0, 127
   \              0000        

   \                                 In segment CONFIG_C, align 4, align-sorted, root
     18          __root const char FontPath2[128]="4:\\zbin\\img\\font2\\";
   \                     FontPath2:
   \   00000000   343A5C7A6269       DC8 "4:\\zbin\\img\\font2\\"
   \              6E5C696D675C
   \              666F6E74325C
   \              00          
   \   00000013   000000000000       DC8 0, 0, 0, 0, 0, 0, 0, 0, 0, 0, 0, 0, 0, 0, 0, 0
   \              000000000000
   \              00000000    
   \   00000023   000000000000       DC8 0, 0, 0, 0, 0, 0, 0, 0, 0, 0, 0, 0, 0, 0, 0, 0
   \              000000000000
   \              00000000    
   \   00000033   000000000000       DC8 0, 0, 0, 0, 0, 0, 0, 0, 0, 0, 0, 0, 0, 0, 0, 0
   \              000000000000
   \              00000000    
   \   00000043   000000000000       DC8 0, 0, 0, 0, 0, 0, 0, 0, 0, 0, 0, 0, 0, 0, 0, 0
   \              000000000000
   \              00000000    
   \   00000053   000000000000       DC8 0, 0, 0, 0, 0, 0, 0, 0, 0, 0, 0, 0, 0, 0, 0, 0
   \              000000000000
   \              00000000    
   \   00000063   000000000000       DC8 0, 0, 0, 0, 0, 0, 0, 0, 0, 0, 0, 0, 0, 0, 0, 0
   \              000000000000
   \              00000000    
   \   00000073   000000000000       DC8 0, 0, 0, 0, 0, 0, 0, 0, 0, 0, 0, 0, 0
   \              000000000000
   \              00          
     19          

   \                                 In segment CONFIG_C, align 4, align-sorted, root
     20          __root const CFG_HDR cfghdr11_12={CFG_STR_UTF8,"Font path 3",0,127};
   \                     cfghdr11_12:
   \   00000000   02000000           DC32 2
   \   00000004   466F6E742070       DC8 "Font path 3"
   \              617468203300
   \   00000010   000000000000       DC8 0, 0, 0, 0, 0, 0, 0, 0, 0, 0, 0, 0, 0, 0, 0, 0, 0, 0, 0, 0
   \              000000000000
   \              000000000000
   \              0000        
   \   00000024   000000007F00       DC32 0, 127
   \              0000        

   \                                 In segment CONFIG_C, align 4, align-sorted, root
     21          __root const char FontPath3[128]="4:\\zbin\\img\\font2\\";
   \                     FontPath3:
   \   00000000   343A5C7A6269       DC8 "4:\\zbin\\img\\font2\\"
   \              6E5C696D675C
   \              666F6E74325C
   \              00          
   \   00000013   000000000000       DC8 0, 0, 0, 0, 0, 0, 0, 0, 0, 0, 0, 0, 0, 0, 0, 0
   \              000000000000
   \              00000000    
   \   00000023   000000000000       DC8 0, 0, 0, 0, 0, 0, 0, 0, 0, 0, 0, 0, 0, 0, 0, 0
   \              000000000000
   \              00000000    
   \   00000033   000000000000       DC8 0, 0, 0, 0, 0, 0, 0, 0, 0, 0, 0, 0, 0, 0, 0, 0
   \              000000000000
   \              00000000    
   \   00000043   000000000000       DC8 0, 0, 0, 0, 0, 0, 0, 0, 0, 0, 0, 0, 0, 0, 0, 0
   \              000000000000
   \              00000000    
   \   00000053   000000000000       DC8 0, 0, 0, 0, 0, 0, 0, 0, 0, 0, 0, 0, 0, 0, 0, 0
   \              000000000000
   \              00000000    
   \   00000063   000000000000       DC8 0, 0, 0, 0, 0, 0, 0, 0, 0, 0, 0, 0, 0, 0, 0, 0
   \              000000000000
   \              00000000    
   \   00000073   000000000000       DC8 0, 0, 0, 0, 0, 0, 0, 0, 0, 0, 0, 0, 0
   \              000000000000
   \              00          
     22          

   \                                 In segment CONFIG_C, align 4, align-sorted, root
     23          __root const CFG_HDR cfghdr_q_2={CFG_CHECKBOX,"Использовать полный шрифт",0,2};
   \                     cfghdr_q_2:
   \   00000000   0B000000           DC32 11
   \   00000004   C8F1EFEEEBFC       DC8 "\310\361\357\356\353\374\347\356\342\340\362\374 \357\356\353\355\373\351 \370\360\350\364\362"
   \              E7EEE2E0F2FC
   \              20EFEEEBEDFB
   \              E920F8F0E8F4
   \              F200        
   \   0000001E   000000000000       DC8 0, 0, 0, 0, 0, 0
   \   00000024   000000000200       DC32 0, 2
   \              0000        

   \                                 In segment CONFIG_C, align 4, align-sorted, root
     24          __root const int fullset = 0;
   \                     fullset:
   \   00000000   00000000           DC32 0
     25          

   \                                 In segment CONFIG_C, align 4, align-sorted, root
     26          __root const CFG_HDR cfghdr1_10={CFG_CBOX,"Выравнивание общее",0,3};
   \                     cfghdr1_10:
   \   00000000   05000000           DC32 5
   \   00000004   C2FBF0E0E2ED       DC8 "\302\373\360\340\342\355\350\342\340\355\350\345 \356\341\371\345\345"
   \              E8E2E0EDE8E5
   \              20EEE1F9E5E5
   \              00          
   \   00000017   000000000000       DC8 0, 0, 0, 0, 0, 0, 0, 0, 0, 0, 0, 0, 0
   \              000000000000
   \              00          
   \   00000024   000000000300       DC32 0, 3
   \              0000        

   \                                 In segment CONFIG_C, align 4, align-sorted, root
     27          __root const int align=0;
   \                     align:
   \   00000000   00000000           DC32 0

   \                                 In segment CONFIG_C, align 4, align-sorted, root
     28          __root const CFG_CBOX_ITEM cfgcbox1[3]={"Left","Center","Right"};
   \                     cfgcbox1:
   \   00000000   4C65667400         DC8 "Left"
   \   00000005   000000000000       DC8 0, 0, 0, 0, 0, 0, 0, 0, 0, 0, 0, 0, 0, 0, 0, 0
   \              000000000000
   \              00000000    
   \   00000015   000000000000       DC8 0, 0, 0, 0, 0, 0, 0, 0, 0, 0, 0
   \              0000000000  
   \   00000020   43656E746572       DC8 "Center"
   \              00          
   \   00000027   000000000000       DC8 0, 0, 0, 0, 0, 0, 0, 0, 0, 0, 0, 0, 0, 0, 0, 0
   \              000000000000
   \              00000000    
   \   00000037   000000000000       DC8 0, 0, 0, 0, 0, 0, 0, 0, 0
   \              000000      
   \   00000040   526967687400       DC8 "Right"
   \   00000046   000000000000       DC8 0, 0, 0, 0, 0, 0, 0, 0, 0, 0, 0, 0, 0, 0, 0, 0
   \              000000000000
   \              00000000    
   \   00000056   000000000000       DC8 0, 0, 0, 0, 0, 0, 0, 0, 0, 0
   \              00000000    
     29          

   \                                 In segment CONFIG_C, align 4, align-sorted, root
     30          __root const CFG_HDR cfghdr11_0={CFG_CBOX,"Выравнивание месяца",0,3};
   \                     cfghdr11_0:
   \   00000000   05000000           DC32 5
   \   00000004   C2FBF0E0E2ED       DC8 "\302\373\360\340\342\355\350\342\340\355\350\345 \354\345\361\377\366\340"
   \              E8E2E0EDE8E5
   \              20ECE5F1FFF6
   \              E000        
   \   00000018   000000000000       DC8 0, 0, 0, 0, 0, 0, 0, 0, 0, 0, 0, 0
   \              000000000000
   \   00000024   000000000300       DC32 0, 3
   \              0000        

   \                                 In segment CONFIG_C, align 4, align-sorted, root
     31          __root const int align_month=0;
   \                     align_month:
   \   00000000   00000000           DC32 0

   \                                 In segment CONFIG_C, align 4, align-sorted, root
     32          __root const CFG_CBOX_ITEM cfgcbox12[3]={"Left","Center","Right"};
   \                     cfgcbox12:
   \   00000000   4C65667400         DC8 "Left"
   \   00000005   000000000000       DC8 0, 0, 0, 0, 0, 0, 0, 0, 0, 0, 0, 0, 0, 0, 0, 0
   \              000000000000
   \              00000000    
   \   00000015   000000000000       DC8 0, 0, 0, 0, 0, 0, 0, 0, 0, 0, 0
   \              0000000000  
   \   00000020   43656E746572       DC8 "Center"
   \              00          
   \   00000027   000000000000       DC8 0, 0, 0, 0, 0, 0, 0, 0, 0, 0, 0, 0, 0, 0, 0, 0
   \              000000000000
   \              00000000    
   \   00000037   000000000000       DC8 0, 0, 0, 0, 0, 0, 0, 0, 0
   \              000000      
   \   00000040   526967687400       DC8 "Right"
   \   00000046   000000000000       DC8 0, 0, 0, 0, 0, 0, 0, 0, 0, 0, 0, 0, 0, 0, 0, 0
   \              000000000000
   \              00000000    
   \   00000056   000000000000       DC8 0, 0, 0, 0, 0, 0, 0, 0, 0, 0
   \              00000000    
     33          

   \                                 In segment CONFIG_C, align 4, align-sorted, root
     34          __root const CFG_HDR cfghdr110s={CFG_CBOX,"Выравнивание дня недели",0,3};
   \                     cfghdr110s:
   \   00000000   05000000           DC32 5
   \   00000004   C2FBF0E0E2ED       DC8 "\302\373\360\340\342\355\350\342\340\355\350\345 \344\355\377 \355\345\344\345\353\350"
   \              E8E2E0EDE8E5
   \              20E4EDFF20ED
   \              E5E4E5EBE800
   \   0000001C   000000000000       DC8 0, 0, 0, 0, 0, 0, 0, 0
   \              0000        
   \   00000024   000000000300       DC32 0, 3
   \              0000        

   \                                 In segment CONFIG_C, align 4, align-sorted, root
     35          __root const int align_week=0;
   \                     align_week:
   \   00000000   00000000           DC32 0

   \                                 In segment CONFIG_C, align 4, align-sorted, root
     36          __root const CFG_CBOX_ITEM cfgcbox13[3]={"Left","Center","Right"};
   \                     cfgcbox13:
   \   00000000   4C65667400         DC8 "Left"
   \   00000005   000000000000       DC8 0, 0, 0, 0, 0, 0, 0, 0, 0, 0, 0, 0, 0, 0, 0, 0
   \              000000000000
   \              00000000    
   \   00000015   000000000000       DC8 0, 0, 0, 0, 0, 0, 0, 0, 0, 0, 0
   \              0000000000  
   \   00000020   43656E746572       DC8 "Center"
   \              00          
   \   00000027   000000000000       DC8 0, 0, 0, 0, 0, 0, 0, 0, 0, 0, 0, 0, 0, 0, 0, 0
   \              000000000000
   \              00000000    
   \   00000037   000000000000       DC8 0, 0, 0, 0, 0, 0, 0, 0, 0
   \              000000      
   \   00000040   526967687400       DC8 "Right"
   \   00000046   000000000000       DC8 0, 0, 0, 0, 0, 0, 0, 0, 0, 0, 0, 0, 0, 0, 0, 0
   \              000000000000
   \              00000000    
   \   00000056   000000000000       DC8 0, 0, 0, 0, 0, 0, 0, 0, 0, 0
   \              00000000    
     37          

   \                                 In segment CONFIG_C, align 4, align-sorted, root
     38          __root const CFG_HDR cfghdr1130={CFG_CBOX,"Выравнивание числа",0,3};
   \                     cfghdr1130:
   \   00000000   05000000           DC32 5
   \   00000004   C2FBF0E0E2ED       DC8 "\302\373\360\340\342\355\350\342\340\355\350\345 \367\350\361\353\340"
   \              E8E2E0EDE8E5
   \              20F7E8F1EBE0
   \              00          
   \   00000017   000000000000       DC8 0, 0, 0, 0, 0, 0, 0, 0, 0, 0, 0, 0, 0
   \              000000000000
   \              00          
   \   00000024   000000000300       DC32 0, 3
   \              0000        

   \                                 In segment CONFIG_C, align 4, align-sorted, root
     39          __root const int align_date=0;
   \                     align_date:
   \   00000000   00000000           DC32 0

   \                                 In segment CONFIG_C, align 4, align-sorted, root
     40          __root const CFG_CBOX_ITEM cfgcbox14[3]={"Left","Center","Right"};
   \                     cfgcbox14:
   \   00000000   4C65667400         DC8 "Left"
   \   00000005   000000000000       DC8 0, 0, 0, 0, 0, 0, 0, 0, 0, 0, 0, 0, 0, 0, 0, 0
   \              000000000000
   \              00000000    
   \   00000015   000000000000       DC8 0, 0, 0, 0, 0, 0, 0, 0, 0, 0, 0
   \              0000000000  
   \   00000020   43656E746572       DC8 "Center"
   \              00          
   \   00000027   000000000000       DC8 0, 0, 0, 0, 0, 0, 0, 0, 0, 0, 0, 0, 0, 0, 0, 0
   \              000000000000
   \              00000000    
   \   00000037   000000000000       DC8 0, 0, 0, 0, 0, 0, 0, 0, 0
   \              000000      
   \   00000040   526967687400       DC8 "Right"
   \   00000046   000000000000       DC8 0, 0, 0, 0, 0, 0, 0, 0, 0, 0, 0, 0, 0, 0, 0, 0
   \              000000000000
   \              00000000    
   \   00000056   000000000000       DC8 0, 0, 0, 0, 0, 0, 0, 0, 0, 0
   \              00000000    
     41          

   \                                 In segment CONFIG_C, align 4, align-sorted, root
     42          __root const CFG_HDR cfghdr3={CFG_UINT,"Расстояние между буквами",0,65535};
   \                     cfghdr3:
   \   00000000   01000000           DC32 1
   \   00000004   D0E0F1F1F2EE       DC8 "\320\340\361\361\362\356\377\355\350\345 \354\345\346\344\363 \341\363\352\342\340\354\350"
   \              FFEDE8E520EC
   \              E5E6E4F320E1
   \              F3EAE2E0ECE8
   \              00          
   \   0000001D   000000000000       DC8 0, 0, 0, 0, 0, 0, 0
   \              00          
   \   00000024   00000000FFFF       DC32 0, 65535
   \              0000        

   \                                 In segment CONFIG_C, align 4, align-sorted, root
     43          __root const int space=1;
   \                     space:
   \   00000000   01000000           DC32 1
     44          

   \                                 In segment CONFIG_C, align 4, align-sorted, root
     45          __root const CFG_HDR cfghdr1_16={CFG_LEVEL,"",0,0};
   \                     cfghdr1_16:
   \   00000000   09000000           DC32 9
   \   00000004   00                 DC8 ""
   \   00000005   000000000000       DC8 0, 0, 0, 0, 0, 0, 0, 0, 0, 0, 0, 0, 0, 0, 0, 0
   \              000000000000
   \              00000000    
   \   00000015   000000000000       DC8 0, 0, 0, 0, 0, 0, 0, 0, 0, 0, 0, 0, 0, 0, 0
   \              000000000000
   \              000000      
   \   00000024   000000000000       DC32 0, 0
   \              0000        
     46          /*
     47          Сб 12 Янв +5
     48          Суббота 12 Января +6
     49          Суббота 12 Янв +7
     50          Сб 12.01 +3
     51          Суббота 12.01 +4
     52          Сб 12 +8
     53          12 Сб +9
     54          12.01.08 +1
     55          12.01.2008 +2
     56          */

   \                                 In segment CONFIG_C, align 4, align-sorted, root
     57          __root const CFG_HDR cfghdr110={CFG_CBOX,"Способ вывода",0,10};
   \                     cfghdr110:
   \   00000000   05000000           DC32 5
   \   00000004   D1EFEEF1EEE1       DC8 "\321\357\356\361\356\341 \342\373\342\356\344\340"
   \              20E2FBE2EEE4
   \              E000        
   \   00000012   000000000000       DC8 0, 0, 0, 0, 0, 0, 0, 0, 0, 0, 0, 0, 0, 0, 0, 0, 0, 0
   \              000000000000
   \              000000000000
   \   00000024   000000000A00       DC32 0, 10
   \              0000        

   \                                 In segment CONFIG_C, align 4, align-sorted, root
     58          __root const int DRAW_MODE=1;
   \                     DRAW_MODE:
   \   00000000   01000000           DC32 1

   \                                 In segment CONFIG_C, align 4, align-sorted, root
     59          __root const CFG_CBOX_ITEM cfgcbox15[10]={"Пользовательский","12.01.08","12.01.2008","Сб 12.01","Суббота 12.01","Сб 12 Янв","Суббота 12 Января","Суббота 12 Янв","Сб 12","12 Сб"};
   \                     cfgcbox15:
   \   00000000   CFEEEBFCE7EE       DC8 "\317\356\353\374\347\356\342\340\362\345\353\374\361\352\350\351"
   \              E2E0F2E5EBFC
   \              F1EAE8E900  
   \   00000011   000000000000       DC8 0, 0, 0, 0, 0, 0, 0, 0, 0, 0, 0, 0, 0, 0, 0
   \              000000000000
   \              000000      
   \   00000020   31322E30312E       DC8 "12.01.08"
   \              303800      
   \   00000029   000000000000       DC8 0, 0, 0, 0, 0, 0, 0, 0, 0, 0, 0, 0, 0, 0, 0, 0, 0, 0, 0, 0, 0, 0, 0
   \              000000000000
   \              000000000000
   \              0000000000  
   \   00000040   31322E30312E       DC8 "12.01.2008"
   \              3230303800  
   \   0000004B   000000000000       DC8 0, 0, 0, 0, 0, 0, 0, 0, 0, 0, 0, 0, 0, 0, 0, 0, 0, 0, 0, 0, 0
   \              000000000000
   \              000000000000
   \              000000      
   \   00000060   D1E12031322E       DC8 "\321\341 12.01"
   \              303100      
   \   00000069   000000000000       DC8 0, 0, 0, 0, 0, 0, 0, 0, 0, 0, 0, 0, 0, 0, 0, 0, 0, 0, 0, 0, 0, 0, 0
   \              000000000000
   \              000000000000
   \              0000000000  
   \   00000080   D1F3E1E1EEF2       DC8 "\321\363\341\341\356\362\340 12.01"
   \              E02031322E30
   \              3100        
   \   0000008E   000000000000       DC8 0, 0, 0, 0, 0, 0, 0, 0, 0, 0, 0, 0, 0, 0, 0, 0, 0, 0
   \              000000000000
   \              000000000000
   \   000000A0   D1E120313220       DC8 "\321\341 12 \337\355\342"
   \              DFEDE200    
   \   000000AA   000000000000       DC8 0, 0, 0, 0, 0, 0, 0, 0, 0, 0, 0, 0, 0, 0, 0, 0, 0, 0, 0, 0, 0, 0
   \              000000000000
   \              000000000000
   \              00000000    
   \   000000C0   D1F3E1E1EEF2       DC8 "\321\363\341\341\356\362\340 12 \337\355\342\340\360\377"
   \              E020313220DF
   \              EDE2E0F0FF00
   \   000000D2   000000000000       DC8 0, 0, 0, 0, 0, 0, 0, 0, 0, 0, 0, 0, 0, 0
   \              000000000000
   \              0000        
   \   000000E0   D1F3E1E1EEF2       DC8 "\321\363\341\341\356\362\340 12 \337\355\342"
   \              E020313220DF
   \              EDE200      
   \   000000EF   000000000000       DC8 0, 0, 0, 0, 0, 0, 0, 0, 0, 0, 0, 0, 0, 0, 0, 0, 0
   \              000000000000
   \              0000000000  
   \   00000100   D1E120313200       DC8 "\321\341 12"
   \   00000106   000000000000       DC8 0, 0, 0, 0, 0, 0, 0, 0, 0, 0, 0, 0, 0, 0, 0, 0
   \              000000000000
   \              00000000    
   \   00000116   000000000000       DC8 0, 0, 0, 0, 0, 0, 0, 0, 0, 0
   \              00000000    
   \   00000120   313220D1E100       DC8 "12 \321\341"
   \   00000126   000000000000       DC8 0, 0, 0, 0, 0, 0, 0, 0, 0, 0, 0, 0, 0, 0, 0, 0
   \              000000000000
   \              00000000    
   \   00000136   000000000000       DC8 0, 0, 0, 0, 0, 0, 0, 0, 0, 0
   \              00000000    
     60          

   \                                 In segment CONFIG_C, align 4, align-sorted, root
     61          __root const CFG_HDR cfghdr116={CFG_LEVEL,"Обшие настройки",1,0};
   \                     cfghdr116:
   \   00000000   09000000           DC32 9
   \   00000004   CEE1F8E8E520       DC8 "\316\341\370\350\345 \355\340\361\362\360\356\351\352\350"
   \              EDE0F1F2F0EE
   \              E9EAE800    
   \   00000014   000000000000       DC8 0, 0, 0, 0, 0, 0, 0, 0, 0, 0, 0, 0, 0, 0, 0, 0
   \              000000000000
   \              00000000    
   \   00000024   010000000000       DC32 1, 0
   \              0000        

   \                                 In segment CONFIG_C, align 4, align-sorted, root
     62          __root const CFG_HDR cfghdr5={CFG_COORDINATES,"Координаты",0,0};
   \                     cfghdr5:
   \   00000000   07000000           DC32 7
   \   00000004   CAEEEEF0E4E8       DC8 "\312\356\356\360\344\350\355\340\362\373"
   \              EDE0F2FB00  
   \   0000000F   000000000000       DC8 0, 0, 0, 0, 0, 0, 0, 0, 0, 0, 0, 0, 0, 0, 0, 0, 0, 0, 0, 0, 0
   \              000000000000
   \              000000000000
   \              000000      
   \   00000024   000000000000       DC32 0, 0
   \              0000        

   \                                 In segment CONFIG_C, align 4, align-sorted, root
     63          __root const unsigned int X4=0;
   \                     X4:
   \   00000000   00000000           DC32 0

   \                                 In segment CONFIG_C, align 4, align-sorted, root
     64          __root const unsigned int Y4=170;
   \                     Y4:
   \   00000000   AA000000           DC32 170
     65          

   \                                 In segment CONFIG_C, align 4, align-sorted, root
     66          __root const CFG_HDR cfghdr13={CFG_UINT,"Шрифт",0,65535};
   \                     cfghdr13:
   \   00000000   01000000           DC32 1
   \   00000004   D8F0E8F4F200       DC8 "\330\360\350\364\362"
   \   0000000A   000000000000       DC8 0, 0, 0, 0, 0, 0, 0, 0, 0, 0, 0, 0, 0, 0, 0, 0
   \              000000000000
   \              00000000    
   \   0000001A   000000000000       DC8 0, 0, 0, 0, 0, 0, 0, 0, 0, 0
   \              00000000    
   \   00000024   00000000FFFF       DC32 0, 65535
   \              0000        

   \                                 In segment CONFIG_C, align 4, align-sorted, root
     67          __root const int font=1;
   \                     font:
   \   00000000   01000000           DC32 1
     68          

   \                                 In segment CONFIG_C, align 4, align-sorted, root
     69          __root const CFG_HDR cfghdr63={CFG_COLOR,"Цвет",0,0};
   \                     cfghdr63:
   \   00000000   08000000           DC32 8
   \   00000004   D6E2E5F200         DC8 "\326\342\345\362"
   \   00000009   000000000000       DC8 0, 0, 0, 0, 0, 0, 0, 0, 0, 0, 0, 0, 0, 0, 0, 0
   \              000000000000
   \              00000000    
   \   00000019   000000000000       DC8 0, 0, 0, 0, 0, 0, 0, 0, 0, 0, 0
   \              0000000000  
   \   00000024   000000000000       DC32 0, 0
   \              0000        

   \                                 In segment CONFIG_C, align 4, align-sorted, root
     70          __root const char col[4]={255,255,255,100};
   \                     col:
   \   00000000   FFFFFF64           DC8 255, 255, 255, 100

   \                                 In segment CONFIG_C, align 4, align-sorted, root
     71          __root const CFG_HDR cfghdr111={CFG_LEVEL,"",0,0};
   \                     cfghdr111:
   \   00000000   09000000           DC32 9
   \   00000004   00                 DC8 ""
   \   00000005   000000000000       DC8 0, 0, 0, 0, 0, 0, 0, 0, 0, 0, 0, 0, 0, 0, 0, 0
   \              000000000000
   \              00000000    
   \   00000015   000000000000       DC8 0, 0, 0, 0, 0, 0, 0, 0, 0, 0, 0, 0, 0, 0, 0
   \              000000000000
   \              000000      
   \   00000024   000000000000       DC32 0, 0
   \              0000        
     72          
     73          

   \                                 In segment CONFIG_C, align 4, align-sorted, root
     74          __root const CFG_HDR cfghdr115={CFG_LEVEL,"Настройки для месяца",1,0};
   \                     cfghdr115:
   \   00000000   09000000           DC32 9
   \   00000004   CDE0F1F2F0EE       DC8 "\315\340\361\362\360\356\351\352\350 \344\353\377 \354\345\361\377\366\340"
   \              E9EAE820E4EB
   \              FF20ECE5F1FF
   \              F6E000      
   \   00000019   000000000000       DC8 0, 0, 0, 0, 0, 0, 0, 0, 0, 0, 0
   \              0000000000  
   \   00000024   010000000000       DC32 1, 0
   \              0000        

   \                                 In segment CONFIG_C, align 4, align-sorted, root
     75          __root const CFG_HDR cfghdr2={CFG_COORDINATES,"Месяц",0,0};
   \                     cfghdr2:
   \   00000000   07000000           DC32 7
   \   00000004   CCE5F1FFF600       DC8 "\314\345\361\377\366"
   \   0000000A   000000000000       DC8 0, 0, 0, 0, 0, 0, 0, 0, 0, 0, 0, 0, 0, 0, 0, 0
   \              000000000000
   \              00000000    
   \   0000001A   000000000000       DC8 0, 0, 0, 0, 0, 0, 0, 0, 0, 0
   \              00000000    
   \   00000024   000000000000       DC32 0, 0
   \              0000        

   \                                 In segment CONFIG_C, align 4, align-sorted, root
     76          __root const unsigned int X1=0;
   \                     X1:
   \   00000000   00000000           DC32 0

   \                                 In segment CONFIG_C, align 4, align-sorted, root
     77          __root const unsigned int Y1=70;
   \                     Y1:
   \   00000000   46000000           DC32 70
     78          

   \                                 In segment CONFIG_C, align 4, align-sorted, root
     79          __root const CFG_HDR cfghdr210={CFG_CBOX,"Способ вывода",0,4};
   \                     cfghdr210:
   \   00000000   05000000           DC32 5
   \   00000004   D1EFEEF1EEE1       DC8 "\321\357\356\361\356\341 \342\373\342\356\344\340"
   \              20E2FBE2EEE4
   \              E000        
   \   00000012   000000000000       DC8 0, 0, 0, 0, 0, 0, 0, 0, 0, 0, 0, 0, 0, 0, 0, 0, 0, 0
   \              000000000000
   \              000000000000
   \   00000024   000000000400       DC32 0, 4
   \              0000        

   \                                 In segment CONFIG_C, align 4, align-sorted, root
     80          __root const int MONTH_MODE=0;
   \                     MONTH_MODE:
   \   00000000   00000000           DC32 0

   \                                 In segment CONFIG_C, align 4, align-sorted, root
     81          __root const CFG_CBOX_ITEM cfgcbox51[4]={"Не покаызвать","Январь","Января","Янв"};
   \                     cfgcbox51:
   \   00000000   CDE520EFEEEA       DC8 "\315\345 \357\356\352\340\373\347\342\340\362\374"
   \              E0FBE7E2E0F2
   \              FC00        
   \   0000000E   000000000000       DC8 0, 0, 0, 0, 0, 0, 0, 0, 0, 0, 0, 0, 0, 0, 0, 0, 0, 0
   \              000000000000
   \              000000000000
   \   00000020   DFEDE2E0F0FC       DC8 "\337\355\342\340\360\374"
   \              00          
   \   00000027   000000000000       DC8 0, 0, 0, 0, 0, 0, 0, 0, 0, 0, 0, 0, 0, 0, 0, 0
   \              000000000000
   \              00000000    
   \   00000037   000000000000       DC8 0, 0, 0, 0, 0, 0, 0, 0, 0
   \              000000      
   \   00000040   DFEDE2E0F0FF       DC8 "\337\355\342\340\360\377"
   \              00          
   \   00000047   000000000000       DC8 0, 0, 0, 0, 0, 0, 0, 0, 0, 0, 0, 0, 0, 0, 0, 0
   \              000000000000
   \              00000000    
   \   00000057   000000000000       DC8 0, 0, 0, 0, 0, 0, 0, 0, 0
   \              000000      
   \   00000060   DFEDE200           DC8 "\337\355\342"
   \   00000064   000000000000       DC8 0, 0, 0, 0, 0, 0, 0, 0, 0, 0, 0, 0, 0, 0, 0, 0
   \              000000000000
   \              00000000    
   \   00000074   000000000000       DC8 0, 0, 0, 0, 0, 0, 0, 0, 0, 0, 0, 0
   \              000000000000
     82          

   \                                 In segment CONFIG_C, align 4, align-sorted, root
     83          __root const CFG_HDR cfghdr113={CFG_UINT,"Шрифт",0,65535};
   \                     cfghdr113:
   \   00000000   01000000           DC32 1
   \   00000004   D8F0E8F4F200       DC8 "\330\360\350\364\362"
   \   0000000A   000000000000       DC8 0, 0, 0, 0, 0, 0, 0, 0, 0, 0, 0, 0, 0, 0, 0, 0
   \              000000000000
   \              00000000    
   \   0000001A   000000000000       DC8 0, 0, 0, 0, 0, 0, 0, 0, 0, 0
   \              00000000    
   \   00000024   00000000FFFF       DC32 0, 65535
   \              0000        

   \                                 In segment CONFIG_C, align 4, align-sorted, root
     84          __root const int month_font=1;
   \                     month_font:
   \   00000000   01000000           DC32 1
     85          

   \                                 In segment CONFIG_C, align 4, align-sorted, root
     86          __root const CFG_HDR cfghdr633={CFG_COLOR,"Цвет",0,0};
   \                     cfghdr633:
   \   00000000   08000000           DC32 8
   \   00000004   D6E2E5F200         DC8 "\326\342\345\362"
   \   00000009   000000000000       DC8 0, 0, 0, 0, 0, 0, 0, 0, 0, 0, 0, 0, 0, 0, 0, 0
   \              000000000000
   \              00000000    
   \   00000019   000000000000       DC8 0, 0, 0, 0, 0, 0, 0, 0, 0, 0, 0
   \              0000000000  
   \   00000024   000000000000       DC32 0, 0
   \              0000        

   \                                 In segment CONFIG_C, align 4, align-sorted, root
     87          __root const char col_month[4]={255,255,255,100};
   \                     col_month:
   \   00000000   FFFFFF64           DC8 255, 255, 255, 100

   \                                 In segment CONFIG_C, align 4, align-sorted, root
     88          __root const CFG_HDR cfghdr118={CFG_LEVEL,"",0,0};
   \                     cfghdr118:
   \   00000000   09000000           DC32 9
   \   00000004   00                 DC8 ""
   \   00000005   000000000000       DC8 0, 0, 0, 0, 0, 0, 0, 0, 0, 0, 0, 0, 0, 0, 0, 0
   \              000000000000
   \              00000000    
   \   00000015   000000000000       DC8 0, 0, 0, 0, 0, 0, 0, 0, 0, 0, 0, 0, 0, 0, 0
   \              000000000000
   \              000000      
   \   00000024   000000000000       DC32 0, 0
   \              0000        
     89          //----------------------------------------//
     90          
     91          

   \                                 In segment CONFIG_C, align 4, align-sorted, root
     92          __root const CFG_HDR cfghdr11_6={CFG_LEVEL,"Настройки для дня недели",1,0};
   \                     cfghdr11_6:
   \   00000000   09000000           DC32 9
   \   00000004   CDE0F1F2F0EE       DC8 "\315\340\361\362\360\356\351\352\350 \344\353\377 \344\355\377 \355\345\344\345\353\350"
   \              E9EAE820E4EB
   \              FF20E4EDFF20
   \              EDE5E4E5EBE8
   \              00          
   \   0000001D   000000000000       DC8 0, 0, 0, 0, 0, 0, 0
   \              00          
   \   00000024   010000000000       DC32 1, 0
   \              0000        

   \                                 In segment CONFIG_C, align 4, align-sorted, root
     93          __root const CFG_HDR cfghdr4={CFG_COORDINATES,"День недели",0,0};
   \                     cfghdr4:
   \   00000000   07000000           DC32 7
   \   00000004   C4E5EDFC20ED       DC8 "\304\345\355\374 \355\345\344\345\353\350"
   \              E5E4E5EBE800
   \   00000010   000000000000       DC8 0, 0, 0, 0, 0, 0, 0, 0, 0, 0, 0, 0, 0, 0, 0, 0, 0, 0, 0, 0
   \              000000000000
   \              000000000000
   \              0000        
   \   00000024   000000000000       DC32 0, 0
   \              0000        

   \                                 In segment CONFIG_C, align 4, align-sorted, root
     94          __root const unsigned int X2=30;
   \                     X2:
   \   00000000   1E000000           DC32 30

   \                                 In segment CONFIG_C, align 4, align-sorted, root
     95          __root const unsigned int Y2=70;
   \                     Y2:
   \   00000000   46000000           DC32 70
     96          

   \                                 In segment CONFIG_C, align 4, align-sorted, root
     97          __root const CFG_HDR cfghdr21={CFG_CBOX,"Способ вывода",0,3};
   \                     cfghdr21:
   \   00000000   05000000           DC32 5
   \   00000004   D1EFEEF1EEE1       DC8 "\321\357\356\361\356\341 \342\373\342\356\344\340"
   \              20E2FBE2EEE4
   \              E000        
   \   00000012   000000000000       DC8 0, 0, 0, 0, 0, 0, 0, 0, 0, 0, 0, 0, 0, 0, 0, 0, 0, 0
   \              000000000000
   \              000000000000
   \   00000024   000000000300       DC32 0, 3
   \              0000        

   \                                 In segment CONFIG_C, align 4, align-sorted, root
     98          __root const int WEEK_MODE=0;
   \                     WEEK_MODE:
   \   00000000   00000000           DC32 0

   \                                 In segment CONFIG_C, align 4, align-sorted, root
     99          __root const CFG_CBOX_ITEM cfgcbox2[3]={"Не покаызвать","Четверг","Чт"};
   \                     cfgcbox2:
   \   00000000   CDE520EFEEEA       DC8 "\315\345 \357\356\352\340\373\347\342\340\362\374"
   \              E0FBE7E2E0F2
   \              FC00        
   \   0000000E   000000000000       DC8 0, 0, 0, 0, 0, 0, 0, 0, 0, 0, 0, 0, 0, 0, 0, 0, 0, 0
   \              000000000000
   \              000000000000
   \   00000020   D7E5F2E2E5F0       DC8 "\327\345\362\342\345\360\343"
   \              E300        
   \   00000028   000000000000       DC8 0, 0, 0, 0, 0, 0, 0, 0, 0, 0, 0, 0, 0, 0, 0, 0
   \              000000000000
   \              00000000    
   \   00000038   000000000000       DC8 0, 0, 0, 0, 0, 0, 0, 0
   \              0000        
   \   00000040   D7F200             DC8 "\327\362"
   \   00000043   000000000000       DC8 0, 0, 0, 0, 0, 0, 0, 0, 0, 0, 0, 0, 0, 0, 0, 0
   \              000000000000
   \              00000000    
   \   00000053   000000000000       DC8 0, 0, 0, 0, 0, 0, 0, 0, 0, 0, 0, 0, 0
   \              000000000000
   \              00          
    100          

   \                                 In segment CONFIG_C, align 4, align-sorted, root
    101          __root const CFG_HDR cfghdr135={CFG_UINT,"Шрифт",0,65535};
   \                     cfghdr135:
   \   00000000   01000000           DC32 1
   \   00000004   D8F0E8F4F200       DC8 "\330\360\350\364\362"
   \   0000000A   000000000000       DC8 0, 0, 0, 0, 0, 0, 0, 0, 0, 0, 0, 0, 0, 0, 0, 0
   \              000000000000
   \              00000000    
   \   0000001A   000000000000       DC8 0, 0, 0, 0, 0, 0, 0, 0, 0, 0
   \              00000000    
   \   00000024   00000000FFFF       DC32 0, 65535
   \              0000        

   \                                 In segment CONFIG_C, align 4, align-sorted, root
    102          __root const int week_font=1;
   \                     week_font:
   \   00000000   01000000           DC32 1
    103          

   \                                 In segment CONFIG_C, align 4, align-sorted, root
    104          __root const CFG_HDR cfghdr623={CFG_COLOR,"Цвет",0,0};
   \                     cfghdr623:
   \   00000000   08000000           DC32 8
   \   00000004   D6E2E5F200         DC8 "\326\342\345\362"
   \   00000009   000000000000       DC8 0, 0, 0, 0, 0, 0, 0, 0, 0, 0, 0, 0, 0, 0, 0, 0
   \              000000000000
   \              00000000    
   \   00000019   000000000000       DC8 0, 0, 0, 0, 0, 0, 0, 0, 0, 0, 0
   \              0000000000  
   \   00000024   000000000000       DC32 0, 0
   \              0000        

   \                                 In segment CONFIG_C, align 4, align-sorted, root
    105          __root const char col_week[4]={255,255,255,100};
   \                     col_week:
   \   00000000   FFFFFF64           DC8 255, 255, 255, 100

   \                                 In segment CONFIG_C, align 4, align-sorted, root
    106          __root const CFG_HDR cfghdr11_16={CFG_LEVEL,"",0,0};
   \                     cfghdr11_16:
   \   00000000   09000000           DC32 9
   \   00000004   00                 DC8 ""
   \   00000005   000000000000       DC8 0, 0, 0, 0, 0, 0, 0, 0, 0, 0, 0, 0, 0, 0, 0, 0
   \              000000000000
   \              00000000    
   \   00000015   000000000000       DC8 0, 0, 0, 0, 0, 0, 0, 0, 0, 0, 0, 0, 0, 0, 0
   \              000000000000
   \              000000      
   \   00000024   000000000000       DC32 0, 0
   \              0000        
    107          
    108          //----------------------------------------//
    109          

   \                                 In segment CONFIG_C, align 4, align-sorted, root
    110          __root const CFG_HDR cfghdr1216={CFG_LEVEL,"Настройки для числа",1,0};
   \                     cfghdr1216:
   \   00000000   09000000           DC32 9
   \   00000004   CDE0F1F2F0EE       DC8 "\315\340\361\362\360\356\351\352\350 \344\353\377 \367\350\361\353\340"
   \              E9EAE820E4EB
   \              FF20F7E8F1EB
   \              E000        
   \   00000018   000000000000       DC8 0, 0, 0, 0, 0, 0, 0, 0, 0, 0, 0, 0
   \              000000000000
   \   00000024   010000000000       DC32 1, 0
   \              0000        

   \                                 In segment CONFIG_C, align 4, align-sorted, root
    111          __root const CFG_HDR cfghdr6={CFG_COORDINATES,"Число",0,0};
   \                     cfghdr6:
   \   00000000   07000000           DC32 7
   \   00000004   D7E8F1EBEE00       DC8 "\327\350\361\353\356"
   \   0000000A   000000000000       DC8 0, 0, 0, 0, 0, 0, 0, 0, 0, 0, 0, 0, 0, 0, 0, 0
   \              000000000000
   \              00000000    
   \   0000001A   000000000000       DC8 0, 0, 0, 0, 0, 0, 0, 0, 0, 0
   \              00000000    
   \   00000024   000000000000       DC32 0, 0
   \              0000        

   \                                 In segment CONFIG_C, align 4, align-sorted, root
    112          __root const unsigned int X3=100;
   \                     X3:
   \   00000000   64000000           DC32 100

   \                                 In segment CONFIG_C, align 4, align-sorted, root
    113          __root const unsigned int Y3=100;
   \                     Y3:
   \   00000000   64000000           DC32 100
    114          

   \                                 In segment CONFIG_C, align 4, align-sorted, root
    115          __root const CFG_HDR cfghdr22={CFG_CBOX,"Показывать",0,2};
   \                     cfghdr22:
   \   00000000   05000000           DC32 5
   \   00000004   CFEEEAE0E7FB       DC8 "\317\356\352\340\347\373\342\340\362\374"
   \              E2E0F2FC00  
   \   0000000F   000000000000       DC8 0, 0, 0, 0, 0, 0, 0, 0, 0, 0, 0, 0, 0, 0, 0, 0, 0, 0, 0, 0, 0
   \              000000000000
   \              000000000000
   \              000000      
   \   00000024   000000000200       DC32 0, 2
   \              0000        

   \                                 In segment CONFIG_C, align 4, align-sorted, root
    116          __root const int DATE_MODE=0;
   \                     DATE_MODE:
   \   00000000   00000000           DC32 0

   \                                 In segment CONFIG_C, align 4, align-sorted, root
    117          __root const CFG_CBOX_ITEM cfgcbox3[2]={"Нет","Да"};
   \                     cfgcbox3:
   \   00000000   CDE5F200           DC8 "\315\345\362"
   \   00000004   000000000000       DC8 0, 0, 0, 0, 0, 0, 0, 0, 0, 0, 0, 0, 0, 0, 0, 0
   \              000000000000
   \              00000000    
   \   00000014   000000000000       DC8 0, 0, 0, 0, 0, 0, 0, 0, 0, 0, 0, 0
   \              000000000000
   \   00000020   C4E000             DC8 "\304\340"
   \   00000023   000000000000       DC8 0, 0, 0, 0, 0, 0, 0, 0, 0, 0, 0, 0, 0, 0, 0, 0
   \              000000000000
   \              00000000    
   \   00000033   000000000000       DC8 0, 0, 0, 0, 0, 0, 0, 0, 0, 0, 0, 0, 0
   \              000000000000
   \              00          
    118          

   \                                 In segment CONFIG_C, align 4, align-sorted, root
    119          __root const CFG_HDR cfghdr134={CFG_UINT,"Шрифт",0,65535};
   \                     cfghdr134:
   \   00000000   01000000           DC32 1
   \   00000004   D8F0E8F4F200       DC8 "\330\360\350\364\362"
   \   0000000A   000000000000       DC8 0, 0, 0, 0, 0, 0, 0, 0, 0, 0, 0, 0, 0, 0, 0, 0
   \              000000000000
   \              00000000    
   \   0000001A   000000000000       DC8 0, 0, 0, 0, 0, 0, 0, 0, 0, 0
   \              00000000    
   \   00000024   00000000FFFF       DC32 0, 65535
   \              0000        

   \                                 In segment CONFIG_C, align 4, align-sorted, root
    120          __root const int date_font=1;
   \                     date_font:
   \   00000000   01000000           DC32 1
    121          

   \                                 In segment CONFIG_C, align 4, align-sorted, root
    122          __root const CFG_HDR cfghdr163={CFG_COLOR,"Цвет",0,0};
   \                     cfghdr163:
   \   00000000   08000000           DC32 8
   \   00000004   D6E2E5F200         DC8 "\326\342\345\362"
   \   00000009   000000000000       DC8 0, 0, 0, 0, 0, 0, 0, 0, 0, 0, 0, 0, 0, 0, 0, 0
   \              000000000000
   \              00000000    
   \   00000019   000000000000       DC8 0, 0, 0, 0, 0, 0, 0, 0, 0, 0, 0
   \              0000000000  
   \   00000024   000000000000       DC32 0, 0
   \              0000        

   \                                 In segment CONFIG_C, align 4, align-sorted, root
    123          __root const char col_date[4]={255,255,255,100};
   \                     col_date:
   \   00000000   FFFFFF64           DC8 255, 255, 255, 100
    124          

   \                                 In segment CONFIG_C, align 4, align-sorted, root
    125          __root const CFG_HDR cfghdr1164={CFG_LEVEL,"",0,0};
   \                     cfghdr1164:
   \   00000000   09000000           DC32 9
   \   00000004   00                 DC8 ""
   \   00000005   000000000000       DC8 0, 0, 0, 0, 0, 0, 0, 0, 0, 0, 0, 0, 0, 0, 0, 0
   \              000000000000
   \              00000000    
   \   00000015   000000000000       DC8 0, 0, 0, 0, 0, 0, 0, 0, 0, 0, 0, 0, 0, 0, 0
   \              000000000000
   \              000000      
   \   00000024   000000000000       DC32 0, 0
   \              0000        


   Segment part sizes:

     Function/Label Bytes
     -------------- -----
     cfghdr0          44
     cfghdr1112       44
     FontPath        128
     cfghdr1_112      44
     FontPath2       128
     cfghdr11_12      44
     FontPath3       128
     cfghdr_q_2       44
     fullset           4
     cfghdr1_10       44
     align             4
     cfgcbox1         96
     cfghdr11_0       44
     align_month       4
     cfgcbox12        96
     cfghdr110s       44
     align_week        4
     cfgcbox13        96
     cfghdr1130       44
     align_date        4
     cfgcbox14        96
     cfghdr3          44
     space             4
     cfghdr1_16       44
     cfghdr110        44
     DRAW_MODE         4
     cfgcbox15       320
     cfghdr116        44
     cfghdr5          44
     X4                4
     Y4                4
     cfghdr13         44
     font              4
     cfghdr63         44
     col               4
     cfghdr111        44
     cfghdr115        44
     cfghdr2          44
     X1                4
     Y1                4
     cfghdr210        44
     MONTH_MODE        4
     cfgcbox51       128
     cfghdr113        44
     month_font        4
     cfghdr633        44
     col_month         4
     cfghdr118        44
     cfghdr11_6       44
     cfghdr4          44
     X2                4
     Y2                4
     cfghdr21         44
     WEEK_MODE         4
     cfgcbox2         96
     cfghdr135        44
     week_font         4
     cfghdr623        44
     col_week          4
     cfghdr11_16      44
     cfghdr1216       44
     cfghdr6          44
     X3                4
     Y3                4
     cfghdr22         44
     DATE_MODE         4
     cfgcbox3         64
     cfghdr134        44
     date_font         4
     cfghdr163        44
     col_date          4
     cfghdr1164       44

 
 3 020 bytes in segment CONFIG_C
 
 3 020 bytes of CONST memory

Errors: none
Warnings: none
