##############################################################################
#                                                                            #
# IAR ARM ANSI C/C++ Compiler V4.41A/W32 EVALUATION    17/Feb/2008  23:21:31 #
# Copyright 1999-2005 IAR Systems. All rights reserved.                      #
#                                                                            #
#    Cpu mode        =  interwork                                            #
#    Endian          =  little                                               #
#    Stack alignment =  4                                                    #
#    Source file     =  D:\Pasha\elf\_MY_PROJECT\TextReader\config_data.c    #
#    Command line    =  D:\Pasha\elf\_MY_PROJECT\TextReader\config_data.c    #
#                       -lC D:\Pasha\elf\_MY_PROJECT\TextReader\Release\List #
#                       \ -o D:\Pasha\elf\_MY_PROJECT\TextReader\Release\Obj #
#                       \ -s9 --cpu_mode arm --endian little --cpu           #
#                       ARM926EJ-S --stack_align 4 --interwork -e --fpu      #
#                       None --dlib_config "D:\Pasha\ARM_Embedded_Workbench\ #
#                       Embedded Workbench 4.0 Evaluation\ARM\LIB\dl5tpainl8 #
#                       n.h" --segment code=CONFIG --segment data=CONFIG -I  #
#                       "D:\Pasha\ARM_Embedded_Workbench\Embedded Workbench  #
#                       4.0 Evaluation\ARM\INC\" --inline_threshold=2        #
#    List file       =  D:\Pasha\elf\_MY_PROJECT\TextReader\Release\List\con #
#                       fig_data.lst                                         #
#    Object file     =  D:\Pasha\elf\_MY_PROJECT\TextReader\Release\Obj\conf #
#                       ig_data.r79                                          #
#                                                                            #
#                                                                            #
##############################################################################

D:\Pasha\elf\_MY_PROJECT\TextReader\config_data.c
      1          #include "..\inc\cfg_items.h"
      2          
      3          #ifdef NEWSGOLD
      4          #define DEFAULT_DISK "4"
      5          #else
      6          #define DEFAULT_DISK "0"
      7          #endif

   \                                 In segment CONFIG_C, align 4, align-sorted, root
      8          __root const CFG_HDR cfghdr0={CFG_LEVEL,"",0,0};
   \                     cfghdr0:
   \   00000000   09000000           DC32 9
   \   00000004   00                 DC8 ""
   \   00000005   000000000000       DC8 0, 0, 0, 0, 0, 0, 0, 0, 0, 0, 0, 0, 0, 0, 0, 0
   \              000000000000
   \              00000000    
   \   00000015   000000000000       DC8 0, 0, 0, 0, 0, 0, 0, 0, 0, 0, 0, 0, 0, 0, 0
   \              000000000000
   \              000000      
   \   00000024   000000000000       DC32 0, 0
   \              0000        
      9          

   \                                 In segment CONFIG_C, align 4, align-sorted, root
     10          __root const CFG_HDR cfghdr_m11={CFG_LEVEL,"Общие настройки",1,0};  
   \                     cfghdr_m11:
   \   00000000   09000000           DC32 9
   \   00000004   CEE1F9E8E520       DC8 "\316\341\371\350\345 \355\340\361\362\360\356\351\352\350"
   \              EDE0F1F2F0EE
   \              E9EAE800    
   \   00000014   000000000000       DC8 0, 0, 0, 0, 0, 0, 0, 0, 0, 0, 0, 0, 0, 0, 0, 0
   \              000000000000
   \              00000000    
   \   00000024   010000000000       DC32 1, 0
   \              0000        

   \                                 In segment CONFIG_C, align 4, align-sorted, root
     11            __root const CFG_HDR cfghdr_10={CFG_CBOX,"Использовать цвет и шрифт скина",0,2};
   \                     cfghdr_10:
   \   00000000   05000000           DC32 5
   \   00000004   C8F1EFEEEBFC       DC8 "\310\361\357\356\353\374\347\356\342\340\362\374 \366\342\345\362 \350 \370\360\350\364\362 \361\352\350\355\340"
   \              E7EEE2E0F2FC
   \              20F6E2E5F220
   \              E820F8F0E8F4
   \              F220F1EAE8ED
   \              E000        
   \   00000024   000000000200       DC32 0, 2
   \              0000        

   \                                 In segment CONFIG_C, align 4, align-sorted, root
     12            __root const int scin_mode=0;
   \                     scin_mode:
   \   00000000   00000000           DC32 0

   \                                 In segment CONFIG_C, align 4, align-sorted, root
     13            __root const CFG_CBOX_ITEM cfgcbox0[2]={"Нет","Да"};  
   \                     cfgcbox0:
   \   00000000   CDE5F200           DC8 "\315\345\362"
   \   00000004   000000000000       DC8 0, 0, 0, 0, 0, 0, 0, 0, 0, 0, 0, 0, 0, 0, 0, 0
   \              000000000000
   \              00000000    
   \   00000014   000000000000       DC8 0, 0, 0, 0, 0, 0, 0, 0, 0, 0, 0, 0
   \              000000000000
   \   00000020   C4E000             DC8 "\304\340"
   \   00000023   000000000000       DC8 0, 0, 0, 0, 0, 0, 0, 0, 0, 0, 0, 0, 0, 0, 0, 0
   \              000000000000
   \              00000000    
   \   00000033   000000000000       DC8 0, 0, 0, 0, 0, 0, 0, 0, 0, 0, 0, 0, 0
   \              000000000000
   \              00          
     14            

   \                                 In segment CONFIG_C, align 4, align-sorted, root
     15            __root const CFG_HDR cfghdr1={CFG_INT,"Размер шрифта",0,99};
   \                     cfghdr1:
   \   00000000   03000000           DC32 3
   \   00000004   D0E0E7ECE5F0       DC8 "\320\340\347\354\345\360 \370\360\350\364\362\340"
   \              20F8F0E8F4F2
   \              E000        
   \   00000012   000000000000       DC8 0, 0, 0, 0, 0, 0, 0, 0, 0, 0, 0, 0, 0, 0, 0, 0, 0, 0
   \              000000000000
   \              000000000000
   \   00000024   000000006300       DC32 0, 99
   \              0000        

   \                                 In segment CONFIG_C, align 4, align-sorted, root
     16            __root const int size_font=1;
   \                     size_font:
   \   00000000   01000000           DC32 1
     17          

   \                                 In segment CONFIG_C, align 4, align-sorted, root
     18            __root const CFG_HDR cfghdr2={CFG_INT,"Цвет шрифта",0,99};
   \                     cfghdr2:
   \   00000000   03000000           DC32 3
   \   00000004   D6E2E5F220F8       DC8 "\326\342\345\362 \370\360\350\364\362\340"
   \              F0E8F4F2E000
   \   00000010   000000000000       DC8 0, 0, 0, 0, 0, 0, 0, 0, 0, 0, 0, 0, 0, 0, 0, 0, 0, 0, 0, 0
   \              000000000000
   \              000000000000
   \              0000        
   \   00000024   000000006300       DC32 0, 99
   \              0000        

   \                                 In segment CONFIG_C, align 4, align-sorted, root
     19            __root const int pen_font=0;
   \                     pen_font:
   \   00000000   00000000           DC32 0
     20          

   \                                 In segment CONFIG_C, align 4, align-sorted, root
     21            __root const CFG_HDR cfghdr3={CFG_INT,"Цвет обводки(прозрачн.32)",0,256};
   \                     cfghdr3:
   \   00000000   03000000           DC32 3
   \   00000004   D6E2E5F220EE       DC8 "\326\342\345\362 \356\341\342\356\344\352\350(\357\360\356\347\360\340\367\355.32)"
   \              E1E2EEE4EAE8
   \              28EFF0EEE7F0
   \              E0F7ED2E3332
   \              2900        
   \   0000001E   000000000000       DC8 0, 0, 0, 0, 0, 0
   \   00000024   000000000001       DC32 0, 256
   \              0000        

   \                                 In segment CONFIG_C, align 4, align-sorted, root
     22            __root const int brush_font=32;
   \                     brush_font:
   \   00000000   20000000           DC32 32
     23          

   \                                 In segment CONFIG_C, align 4, align-sorted, root
     24            __root const CFG_HDR cfghdr4={CFG_CBOX,"Подсветка",0,2};
   \                     cfghdr4:
   \   00000000   05000000           DC32 5
   \   00000004   CFEEE4F1E2E5       DC8 "\317\356\344\361\342\345\362\352\340"
   \              F2EAE000    
   \   0000000E   000000000000       DC8 0, 0, 0, 0, 0, 0, 0, 0, 0, 0, 0, 0, 0, 0, 0, 0, 0, 0, 0, 0, 0, 0
   \              000000000000
   \              000000000000
   \              00000000    
   \   00000024   000000000200       DC32 0, 2
   \              0000        

   \                                 In segment CONFIG_C, align 4, align-sorted, root
     25            __root const int illum_mode=0;
   \                     illum_mode:
   \   00000000   00000000           DC32 0

   \                                 In segment CONFIG_C, align 4, align-sorted, root
     26            __root const CFG_CBOX_ITEM cfgcbox2[2]={"Нет","Да"};
   \                     cfgcbox2:
   \   00000000   CDE5F200           DC8 "\315\345\362"
   \   00000004   000000000000       DC8 0, 0, 0, 0, 0, 0, 0, 0, 0, 0, 0, 0, 0, 0, 0, 0
   \              000000000000
   \              00000000    
   \   00000014   000000000000       DC8 0, 0, 0, 0, 0, 0, 0, 0, 0, 0, 0, 0
   \              000000000000
   \   00000020   C4E000             DC8 "\304\340"
   \   00000023   000000000000       DC8 0, 0, 0, 0, 0, 0, 0, 0, 0, 0, 0, 0, 0, 0, 0, 0
   \              000000000000
   \              00000000    
   \   00000033   000000000000       DC8 0, 0, 0, 0, 0, 0, 0, 0, 0, 0, 0, 0, 0
   \              000000000000
   \              00          
     27          

   \                                 In segment CONFIG_C, align 4, align-sorted, root
     28            __root const CFG_HDR cfghdr7={CFG_CBOX,"Показывать заголовок",0,2};
   \                     cfghdr7:
   \   00000000   05000000           DC32 5
   \   00000004   CFEEEAE0E7FB       DC8 "\317\356\352\340\347\373\342\340\362\374 \347\340\343\356\353\356\342\356\352"
   \              E2E0F2FC20E7
   \              E0E3EEEBEEE2
   \              EEEA00      
   \   00000019   000000000000       DC8 0, 0, 0, 0, 0, 0, 0, 0, 0, 0, 0
   \              0000000000  
   \   00000024   000000000200       DC32 0, 2
   \              0000        

   \                                 In segment CONFIG_C, align 4, align-sorted, root
     29            __root const int screen_mode=0;
   \                     screen_mode:
   \   00000000   00000000           DC32 0

   \                                 In segment CONFIG_C, align 4, align-sorted, root
     30            __root const CFG_CBOX_ITEM cfgcbox3[2]={"Нет","Да"};
   \                     cfgcbox3:
   \   00000000   CDE5F200           DC8 "\315\345\362"
   \   00000004   000000000000       DC8 0, 0, 0, 0, 0, 0, 0, 0, 0, 0, 0, 0, 0, 0, 0, 0
   \              000000000000
   \              00000000    
   \   00000014   000000000000       DC8 0, 0, 0, 0, 0, 0, 0, 0, 0, 0, 0, 0
   \              000000000000
   \   00000020   C4E000             DC8 "\304\340"
   \   00000023   000000000000       DC8 0, 0, 0, 0, 0, 0, 0, 0, 0, 0, 0, 0, 0, 0, 0, 0
   \              000000000000
   \              00000000    
   \   00000033   000000000000       DC8 0, 0, 0, 0, 0, 0, 0, 0, 0, 0, 0, 0, 0
   \              000000000000
   \              00          
     31            
     32          

   \                                 In segment CONFIG_C, align 4, align-sorted, root
     33            __root const CFG_HDR cfghdr15={CFG_CBOX,"Делать бэкап",0,2};
   \                     cfghdr15:
   \   00000000   05000000           DC32 5
   \   00000004   C4E5EBE0F2FC       DC8 "\304\345\353\340\362\374 \341\375\352\340\357"
   \              20E1FDEAE0EF
   \              00          
   \   00000011   000000000000       DC8 0, 0, 0, 0, 0, 0, 0, 0, 0, 0, 0, 0, 0, 0, 0, 0, 0, 0, 0
   \              000000000000
   \              000000000000
   \              00          
   \   00000024   000000000200       DC32 0, 2
   \              0000        

   \                                 In segment CONFIG_C, align 4, align-sorted, root
     34            __root const int backup=0;
   \                     backup:
   \   00000000   00000000           DC32 0

   \                                 In segment CONFIG_C, align 4, align-sorted, root
     35            __root const CFG_CBOX_ITEM cfgcbox6[2]={"No","Yes"};
   \                     cfgcbox6:
   \   00000000   4E6F00             DC8 "No"
   \   00000003   000000000000       DC8 0, 0, 0, 0, 0, 0, 0, 0, 0, 0, 0, 0, 0, 0, 0, 0
   \              000000000000
   \              00000000    
   \   00000013   000000000000       DC8 0, 0, 0, 0, 0, 0, 0, 0, 0, 0, 0, 0, 0
   \              000000000000
   \              00          
   \   00000020   59657300           DC8 "Yes"
   \   00000024   000000000000       DC8 0, 0, 0, 0, 0, 0, 0, 0, 0, 0, 0, 0, 0, 0, 0, 0
   \              000000000000
   \              00000000    
   \   00000034   000000000000       DC8 0, 0, 0, 0, 0, 0, 0, 0, 0, 0, 0, 0
   \              000000000000
     36          

   \                                 In segment CONFIG_C, align 4, align-sorted, root
     37          __root const CFG_HDR cfghdr_m10={CFG_LEVEL,"",0,0};
   \                     cfghdr_m10:
   \   00000000   09000000           DC32 9
   \   00000004   00                 DC8 ""
   \   00000005   000000000000       DC8 0, 0, 0, 0, 0, 0, 0, 0, 0, 0, 0, 0, 0, 0, 0, 0
   \              000000000000
   \              00000000    
   \   00000015   000000000000       DC8 0, 0, 0, 0, 0, 0, 0, 0, 0, 0, 0, 0, 0, 0, 0
   \              000000000000
   \              000000      
   \   00000024   000000000000       DC32 0, 0
   \              0000        
     38          

   \                                 In segment CONFIG_C, align 4, align-sorted, root
     39          __root const CFG_HDR cfghdr_m21={CFG_LEVEL,"Пути",1,0};
   \                     cfghdr_m21:
   \   00000000   09000000           DC32 9
   \   00000004   CFF3F2E800         DC8 "\317\363\362\350"
   \   00000009   000000000000       DC8 0, 0, 0, 0, 0, 0, 0, 0, 0, 0, 0, 0, 0, 0, 0, 0
   \              000000000000
   \              00000000    
   \   00000019   000000000000       DC8 0, 0, 0, 0, 0, 0, 0, 0, 0, 0, 0
   \              0000000000  
   \   00000024   010000000000       DC32 1, 0
   \              0000        
     40          

   \                                 In segment CONFIG_C, align 4, align-sorted, root
     41            __root const CFG_HDR cfghdr12={CFG_STR_UTF8,"Путь к истории",0,127};
   \                     cfghdr12:
   \   00000000   02000000           DC32 2
   \   00000004   CFF3F2FC20EA       DC8 "\317\363\362\374 \352 \350\361\362\356\360\350\350"
   \              20E8F1F2EEF0
   \              E8E800      
   \   00000013   000000000000       DC8 0, 0, 0, 0, 0, 0, 0, 0, 0, 0, 0, 0, 0, 0, 0, 0, 0
   \              000000000000
   \              0000000000  
   \   00000024   000000007F00       DC32 0, 127
   \              0000        

   \                                 In segment CONFIG_C, align 4, align-sorted, root
     42            __root const char HIST_PATH[128]=DEFAULT_DISK ":\\ZBin\\TextReader\\history\\";
   \                     HIST_PATH:
   \   00000000   303A5C5A4269       DC8 "0:\\ZBin\\TextReader\\history\\"
   \              6E5C54657874
   \              526561646572
   \              5C686973746F
   \              72795C00    
   \   0000001C   000000000000       DC8 0, 0, 0, 0, 0, 0, 0, 0, 0, 0, 0, 0, 0, 0, 0, 0
   \              000000000000
   \              00000000    
   \   0000002C   000000000000       DC8 0, 0, 0, 0, 0, 0, 0, 0, 0, 0, 0, 0, 0, 0, 0, 0
   \              000000000000
   \              00000000    
   \   0000003C   000000000000       DC8 0, 0, 0, 0, 0, 0, 0, 0, 0, 0, 0, 0, 0, 0, 0, 0
   \              000000000000
   \              00000000    
   \   0000004C   000000000000       DC8 0, 0, 0, 0, 0, 0, 0, 0, 0, 0, 0, 0, 0, 0, 0, 0
   \              000000000000
   \              00000000    
   \   0000005C   000000000000       DC8 0, 0, 0, 0, 0, 0, 0, 0, 0, 0, 0, 0, 0, 0, 0, 0
   \              000000000000
   \              00000000    
   \   0000006C   000000000000       DC8 0, 0, 0, 0, 0, 0, 0, 0, 0, 0, 0, 0, 0, 0, 0, 0, 0, 0, 0, 0
   \              000000000000
   \              000000000000
   \              0000        
     43          

   \                                 In segment CONFIG_C, align 4, align-sorted, root
     44            __root const CFG_HDR cfghdr23={CFG_STR_UTF8,"Путь к закладкам",0,127};
   \                     cfghdr23:
   \   00000000   02000000           DC32 2
   \   00000004   CFF3F2FC20EA       DC8 "\317\363\362\374 \352 \347\340\352\353\340\344\352\340\354"
   \              20E7E0EAEBE0
   \              E4EAE0EC00  
   \   00000015   000000000000       DC8 0, 0, 0, 0, 0, 0, 0, 0, 0, 0, 0, 0, 0, 0, 0
   \              000000000000
   \              000000      
   \   00000024   000000007F00       DC32 0, 127
   \              0000        

   \                                 In segment CONFIG_C, align 4, align-sorted, root
     45            __root const char BMK_PATH[128]=DEFAULT_DISK ":\\ZBin\\TextReader\\Bookmarks\\";
   \                     BMK_PATH:
   \   00000000   303A5C5A4269       DC8 "0:\\ZBin\\TextReader\\Bookmarks\\"
   \              6E5C54657874
   \              526561646572
   \              5C426F6F6B6D
   \              61726B735C00
   \   0000001E   000000000000       DC8 0, 0, 0, 0, 0, 0, 0, 0, 0, 0, 0, 0, 0, 0, 0, 0
   \              000000000000
   \              00000000    
   \   0000002E   000000000000       DC8 0, 0, 0, 0, 0, 0, 0, 0, 0, 0, 0, 0, 0, 0, 0, 0
   \              000000000000
   \              00000000    
   \   0000003E   000000000000       DC8 0, 0, 0, 0, 0, 0, 0, 0, 0, 0, 0, 0, 0, 0, 0, 0
   \              000000000000
   \              00000000    
   \   0000004E   000000000000       DC8 0, 0, 0, 0, 0, 0, 0, 0, 0, 0, 0, 0, 0, 0, 0, 0
   \              000000000000
   \              00000000    
   \   0000005E   000000000000       DC8 0, 0, 0, 0, 0, 0, 0, 0, 0, 0, 0, 0, 0, 0, 0, 0
   \              000000000000
   \              00000000    
   \   0000006E   000000000000       DC8 0, 0, 0, 0, 0, 0, 0, 0, 0, 0, 0, 0, 0, 0, 0, 0, 0, 0
   \              000000000000
   \              000000000000
     46          /*
     47            __root const CFG_HDR cfghdr24={CFG_STR_UTF8,"Image path",0,127};
     48            __root const char IMG_PATH[128]=DEFAULT_DISK ":\\ZBin\\img\\TextReader";
     49          */

   \                                 In segment CONFIG_C, align 4, align-sorted, root
     50          __root const CFG_HDR cfghdr_m20={CFG_LEVEL,"",0,0};
   \                     cfghdr_m20:
   \   00000000   09000000           DC32 9
   \   00000004   00                 DC8 ""
   \   00000005   000000000000       DC8 0, 0, 0, 0, 0, 0, 0, 0, 0, 0, 0, 0, 0, 0, 0, 0
   \              000000000000
   \              00000000    
   \   00000015   000000000000       DC8 0, 0, 0, 0, 0, 0, 0, 0, 0, 0, 0, 0, 0, 0, 0
   \              000000000000
   \              000000      
   \   00000024   000000000000       DC32 0, 0
   \              0000        
     51          
     52          


   Segment part sizes:

     Function/Label Bytes
     -------------- -----
     cfghdr0          44
     cfghdr_m11       44
     cfghdr_10        44
     scin_mode         4
     cfgcbox0         64
     cfghdr1          44
     size_font         4
     cfghdr2          44
     pen_font          4
     cfghdr3          44
     brush_font        4
     cfghdr4          44
     illum_mode        4
     cfgcbox2         64
     cfghdr7          44
     screen_mode       4
     cfgcbox3         64
     cfghdr15         44
     backup            4
     cfgcbox6         64
     cfghdr_m10       44
     cfghdr_m21       44
     cfghdr12         44
     HIST_PATH       128
     cfghdr23         44
     BMK_PATH        128
     cfghdr_m20       44

 
 1 156 bytes in segment CONFIG_C
 
 1 156 bytes of CONST memory

Errors: none
Warnings: none
