##############################################################################
#                                                                            #
# IAR ARM ANSI C/C++ Compiler V4.41A/W32 EVALUATION    09/Dec/2007  21:14:59 #
# Copyright 1999-2005 IAR Systems. All rights reserved.                      #
#                                                                            #
#    Cpu mode        =  interwork                                            #
#    Endian          =  little                                               #
#    Stack alignment =  4                                                    #
#    Source file     =  D:\Pasha\elf\googlecode\SieTextView\config.c         #
#    Command line    =  D:\Pasha\elf\googlecode\SieTextView\config.c -D      #
#                       NEWSGOLD -D ELKA -lC D:\Pasha\elf\googlecode\SieText #
#                       View\Release\List\ -lA D:\Pasha\elf\googlecode\SieTe #
#                       xtView\Release\List\ -o D:\Pasha\elf\googlecode\SieT #
#                       extView\Release\Obj\ -s9 --no_unroll --cpu_mode arm  #
#                       --endian little --cpu ARM926EJ-S --stack_align 4     #
#                       --interwork -e --fpu None --segment code=CONFIG      #
#                       --segment data=CONFIG -I "D:\Pasha\ARM_Embedded_Work #
#                       bench\Embedded Workbench 4.0 Evaluation\ARM\INC\"    #
#                       --inline_threshold=2                                 #
#    List file       =  D:\Pasha\elf\googlecode\SieTextView\Release\List\con #
#                       fig.lst                                              #
#    Object file     =  D:\Pasha\elf\googlecode\SieTextView\Release\Obj\conf #
#                       ig.r79                                               #
#                                                                            #
#                                                                            #
##############################################################################

D:\Pasha\elf\googlecode\SieTextView\config.c
      1          #include "..\inc\cfg_items.h"
      2          
      3          #ifdef NEWSGOLD
      4          #define DEFAULT_DISK "4"
      5          #else
      6          #define DEFAULT_DISK "0"
      7          #endif
      8          

   \                                 In segment CONFIG_C, align 4, align-sorted, root
      9          __root const CFG_HDR cfghdr0 = {CFG_CBOX,"charset (may need reload file)", 0, 5};
   \                     cfghdr0:
   \   00000000   05000000           DC32 5
   \   00000004   636861727365       DC8 "charset (may need reload file)"
   \              7420286D6179
   \              206E65656420
   \              72656C6F6164
   \              2066696C6529
   \              00          
   \   00000023   00                 DC8 0
   \   00000024   000000000500       DC32 0, 5
   \              0000        

   \                                 In segment CONFIG_C, align 4, align-sorted, root
     10          __root const int charset = 0;
   \                     charset:
   \   00000000   00000000           DC32 0

   \                                 In segment CONFIG_C, align 4, align-sorted, root
     11          __root const CFG_CBOX_ITEM cfgcbox1[5] = {"default", "ansi", "unicode le", "unicode be", "utf8"};
   \                     cfgcbox1:
   \   00000000   64656661756C       DC8 "default"
   \              7400        
   \   00000008   000000000000       DC8 0, 0, 0, 0, 0, 0, 0, 0, 0, 0, 0, 0, 0, 0, 0, 0
   \              000000000000
   \              00000000    
   \   00000018   000000000000       DC8 0, 0, 0, 0, 0, 0, 0, 0
   \              0000        
   \   00000020   616E736900         DC8 "ansi"
   \   00000025   000000000000       DC8 0, 0, 0, 0, 0, 0, 0, 0, 0, 0, 0, 0, 0, 0, 0, 0
   \              000000000000
   \              00000000    
   \   00000035   000000000000       DC8 0, 0, 0, 0, 0, 0, 0, 0, 0, 0, 0
   \              0000000000  
   \   00000040   756E69636F64       DC8 "unicode le"
   \              65206C6500  
   \   0000004B   000000000000       DC8 0, 0, 0, 0, 0, 0, 0, 0, 0, 0, 0, 0, 0, 0, 0, 0, 0, 0, 0, 0, 0
   \              000000000000
   \              000000000000
   \              000000      
   \   00000060   756E69636F64       DC8 "unicode be"
   \              6520626500  
   \   0000006B   000000000000       DC8 0, 0, 0, 0, 0, 0, 0, 0, 0, 0, 0, 0, 0, 0, 0, 0, 0, 0, 0, 0, 0
   \              000000000000
   \              000000000000
   \              000000      
   \   00000080   7574663800         DC8 "utf8"
   \   00000085   000000000000       DC8 0, 0, 0, 0, 0, 0, 0, 0, 0, 0, 0, 0, 0, 0, 0, 0
   \              000000000000
   \              00000000    
   \   00000095   000000000000       DC8 0, 0, 0, 0, 0, 0, 0, 0, 0, 0, 0
   \              0000000000  
     12          

   \                                 In segment CONFIG_C, align 4, align-sorted, root
     13          __root const CFG_HDR cfghdr_m10 = {CFG_LEVEL, "Font", 1, 0};
   \                     cfghdr_m10:
   \   00000000   09000000           DC32 9
   \   00000004   466F6E7400         DC8 "Font"
   \   00000009   000000000000       DC8 0, 0, 0, 0, 0, 0, 0, 0, 0, 0, 0, 0, 0, 0, 0, 0
   \              000000000000
   \              00000000    
   \   00000019   000000000000       DC8 0, 0, 0, 0, 0, 0, 0, 0, 0, 0, 0
   \              0000000000  
   \   00000024   010000000000       DC32 1, 0
   \              0000        

   \                                 In segment CONFIG_C, align 4, align-sorted, root
     14          __root const CFG_HDR cfghdr10 = {CFG_INT, "Content font", 0, 12};
   \                     cfghdr10:
   \   00000000   03000000           DC32 3
   \   00000004   436F6E74656E       DC8 "Content font"
   \              7420666F6E74
   \              00          
   \   00000011   000000000000       DC8 0, 0, 0, 0, 0, 0, 0, 0, 0, 0, 0, 0, 0, 0, 0, 0, 0, 0, 0
   \              000000000000
   \              000000000000
   \              00          
   \   00000024   000000000C00       DC32 0, 12
   \              0000        

   \                                 In segment CONFIG_C, align 4, align-sorted, root
     15          __root const int font = 8;
   \                     font:
   \   00000000   08000000           DC32 8

   \                                 In segment CONFIG_C, align 4, align-sorted, root
     16          __root const CFG_HDR cfghdr11 = {CFG_INT, "row space pixes", 0, 50};
   \                     cfghdr11:
   \   00000000   03000000           DC32 3
   \   00000004   726F77207370       DC8 "row space pixes"
   \              616365207069
   \              78657300    
   \   00000014   000000000000       DC8 0, 0, 0, 0, 0, 0, 0, 0, 0, 0, 0, 0, 0, 0, 0, 0
   \              000000000000
   \              00000000    
   \   00000024   000000003200       DC32 0, 50
   \              0000        

   \                                 In segment CONFIG_C, align 4, align-sorted, root
     17          __root const int space = 2;
   \                     space:
   \   00000000   02000000           DC32 2

   \                                 In segment CONFIG_C, align 4, align-sorted, root
     18          __root const CFG_HDR cfghdr12 = {CFG_INT, "Statusbar font", 0, 12};
   \                     cfghdr12:
   \   00000000   03000000           DC32 3
   \   00000004   537461747573       DC8 "Statusbar font"
   \              62617220666F
   \              6E7400      
   \   00000013   000000000000       DC8 0, 0, 0, 0, 0, 0, 0, 0, 0, 0, 0, 0, 0, 0, 0, 0, 0
   \              000000000000
   \              0000000000  
   \   00000024   000000000C00       DC32 0, 12
   \              0000        

   \                                 In segment CONFIG_C, align 4, align-sorted, root
     19          __root const int statfont = 11;
   \                     statfont:
   \   00000000   0B000000           DC32 11

   \                                 In segment CONFIG_C, align 4, align-sorted, root
     20          __root const CFG_HDR cfghdr_m11 = {CFG_LEVEL, "", 0, 0};
   \                     cfghdr_m11:
   \   00000000   09000000           DC32 9
   \   00000004   00                 DC8 ""
   \   00000005   000000000000       DC8 0, 0, 0, 0, 0, 0, 0, 0, 0, 0, 0, 0, 0, 0, 0, 0
   \              000000000000
   \              00000000    
   \   00000015   000000000000       DC8 0, 0, 0, 0, 0, 0, 0, 0, 0, 0, 0, 0, 0, 0, 0
   \              000000000000
   \              000000      
   \   00000024   000000000000       DC32 0, 0
   \              0000        
     21          

   \                                 In segment CONFIG_C, align 4, align-sorted, root
     22          __root const CFG_HDR cfghdr_m20 = {CFG_LEVEL, "Color", 1, 0};
   \                     cfghdr_m20:
   \   00000000   09000000           DC32 9
   \   00000004   436F6C6F7200       DC8 "Color"
   \   0000000A   000000000000       DC8 0, 0, 0, 0, 0, 0, 0, 0, 0, 0, 0, 0, 0, 0, 0, 0
   \              000000000000
   \              00000000    
   \   0000001A   000000000000       DC8 0, 0, 0, 0, 0, 0, 0, 0, 0, 0
   \              00000000    
   \   00000024   010000000000       DC32 1, 0
   \              0000        

   \                                 In segment CONFIG_C, align 4, align-sorted, root
     23          __root const CFG_HDR cfghdr20 = {CFG_COLOR, "font color", 0, 0};
   \                     cfghdr20:
   \   00000000   08000000           DC32 8
   \   00000004   666F6E742063       DC8 "font color"
   \              6F6C6F7200  
   \   0000000F   000000000000       DC8 0, 0, 0, 0, 0, 0, 0, 0, 0, 0, 0, 0, 0, 0, 0, 0, 0, 0, 0, 0, 0
   \              000000000000
   \              000000000000
   \              000000      
   \   00000024   000000000000       DC32 0, 0
   \              0000        

   \                                 In segment CONFIG_C, align 4, align-sorted, root
     24          __root const char fontcolor[4] = {0xFF, 0x0, 0x0, 0x64};
   \                     fontcolor:
   \   00000000   FF000064           DC8 255, 0, 0, 100

   \                                 In segment CONFIG_C, align 4, align-sorted, root
     25          __root const CFG_HDR cfghdr21 = {CFG_COLOR, "background color", 0, 0};
   \                     cfghdr21:
   \   00000000   08000000           DC32 8
   \   00000004   6261636B6772       DC8 "background color"
   \              6F756E642063
   \              6F6C6F7200  
   \   00000015   000000000000       DC8 0, 0, 0, 0, 0, 0, 0, 0, 0, 0, 0, 0, 0, 0, 0
   \              000000000000
   \              000000      
   \   00000024   000000000000       DC32 0, 0
   \              0000        

   \                                 In segment CONFIG_C, align 4, align-sorted, root
     26          __root const char bgcolor[4] = {0x00, 0x0, 0x0, 0x64};
   \                     bgcolor:
   \   00000000   00000064           DC8 0, 0, 0, 100

   \                                 In segment CONFIG_C, align 4, align-sorted, root
     27          __root const CFG_HDR cfghdr22 = {CFG_COLOR, "statusbar font color", 0, 0};
   \                     cfghdr22:
   \   00000000   08000000           DC32 8
   \   00000004   737461747573       DC8 "statusbar font color"
   \              62617220666F
   \              6E7420636F6C
   \              6F7200      
   \   00000019   000000000000       DC8 0, 0, 0, 0, 0, 0, 0, 0, 0, 0, 0
   \              0000000000  
   \   00000024   000000000000       DC32 0, 0
   \              0000        

   \                                 In segment CONFIG_C, align 4, align-sorted, root
     28          __root const char statfontcolor[4] = {0xC9, 0x97, 0xD7, 0x64};
   \                     statfontcolor:
   \   00000000   C997D764           DC8 201, 151, 215, 100

   \                                 In segment CONFIG_C, align 4, align-sorted, root
     29          __root const CFG_HDR cfghdr23 = {CFG_COLOR, "statusbar background color", 0, 0};
   \                     cfghdr23:
   \   00000000   08000000           DC32 8
   \   00000004   737461747573       DC8 "statusbar background color"
   \              626172206261
   \              636B67726F75
   \              6E6420636F6C
   \              6F7200      
   \   0000001F   0000000000         DC8 0, 0, 0, 0, 0
   \   00000024   000000000000       DC32 0, 0
   \              0000        

   \                                 In segment CONFIG_C, align 4, align-sorted, root
     30          __root const char statbgcolor[4] = {0x00, 0x0, 0x0, 0x64};
   \                     statbgcolor:
   \   00000000   00000064           DC8 0, 0, 0, 100

   \                                 In segment CONFIG_C, align 4, align-sorted, root
     31          __root const CFG_HDR cfghdr_m21 = {CFG_LEVEL, "", 0, 0};
   \                     cfghdr_m21:
   \   00000000   09000000           DC32 9
   \   00000004   00                 DC8 ""
   \   00000005   000000000000       DC8 0, 0, 0, 0, 0, 0, 0, 0, 0, 0, 0, 0, 0, 0, 0, 0
   \              000000000000
   \              00000000    
   \   00000015   000000000000       DC8 0, 0, 0, 0, 0, 0, 0, 0, 0, 0, 0, 0, 0, 0, 0
   \              000000000000
   \              000000      
   \   00000024   000000000000       DC32 0, 0
   \              0000        
     32          

   \                                 In segment CONFIG_C, align 4, align-sorted, root
     33          __root const CFG_HDR cfghdr_m30 = {CFG_LEVEL, "Control", 1, 0};
   \                     cfghdr_m30:
   \   00000000   09000000           DC32 9
   \   00000004   436F6E74726F       DC8 "Control"
   \              6C00        
   \   0000000C   000000000000       DC8 0, 0, 0, 0, 0, 0, 0, 0, 0, 0, 0, 0, 0, 0, 0, 0
   \              000000000000
   \              00000000    
   \   0000001C   000000000000       DC8 0, 0, 0, 0, 0, 0, 0, 0
   \              0000        
   \   00000024   010000000000       DC32 1, 0
   \              0000        

   \                                 In segment CONFIG_C, align 4, align-sorted, root
     34          __root const CFG_HDR cfghdr30 = {CFG_CHECKBOX, "Show status bar", 0, 2};
   \                     cfghdr30:
   \   00000000   0B000000           DC32 11
   \   00000004   53686F772073       DC8 "Show status bar"
   \              746174757320
   \              62617200    
   \   00000014   000000000000       DC8 0, 0, 0, 0, 0, 0, 0, 0, 0, 0, 0, 0, 0, 0, 0, 0
   \              000000000000
   \              00000000    
   \   00000024   000000000200       DC32 0, 2
   \              0000        

   \                                 In segment CONFIG_C, align 4, align-sorted, root
     35          __root const int status = 1;
   \                     status:
   \   00000000   01000000           DC32 1

   \                                 In segment CONFIG_C, align 4, align-sorted, root
     36          __root const CFG_HDR cfghdr31 = {CFG_CBOX, "Create bookmark", 0, 3};
   \                     cfghdr31:
   \   00000000   05000000           DC32 5
   \   00000004   437265617465       DC8 "Create bookmark"
   \              20626F6F6B6D
   \              61726B00    
   \   00000014   000000000000       DC8 0, 0, 0, 0, 0, 0, 0, 0, 0, 0, 0, 0, 0, 0, 0, 0
   \              000000000000
   \              00000000    
   \   00000024   000000000300       DC32 0, 3
   \              0000        

   \                                 In segment CONFIG_C, align 4, align-sorted, root
     37          __root const int acbm = 0;
   \                     acbm:
   \   00000000   00000000           DC32 0

   \                                 In segment CONFIG_C, align 4, align-sorted, root
     38          __root const CFG_CBOX_ITEM cfgcbox2[3] = {"default", "always", "never"};
   \                     cfgcbox2:
   \   00000000   64656661756C       DC8 "default"
   \              7400        
   \   00000008   000000000000       DC8 0, 0, 0, 0, 0, 0, 0, 0, 0, 0, 0, 0, 0, 0, 0, 0
   \              000000000000
   \              00000000    
   \   00000018   000000000000       DC8 0, 0, 0, 0, 0, 0, 0, 0
   \              0000        
   \   00000020   616C77617973       DC8 "always"
   \              00          
   \   00000027   000000000000       DC8 0, 0, 0, 0, 0, 0, 0, 0, 0, 0, 0, 0, 0, 0, 0, 0
   \              000000000000
   \              00000000    
   \   00000037   000000000000       DC8 0, 0, 0, 0, 0, 0, 0, 0, 0
   \              000000      
   \   00000040   6E6576657200       DC8 "never"
   \   00000046   000000000000       DC8 0, 0, 0, 0, 0, 0, 0, 0, 0, 0, 0, 0, 0, 0, 0, 0
   \              000000000000
   \              00000000    
   \   00000056   000000000000       DC8 0, 0, 0, 0, 0, 0, 0, 0, 0, 0
   \              00000000    

   \                                 In segment CONFIG_C, align 4, align-sorted, root
     39          __root const CFG_HDR cfghdr_m31 = {CFG_LEVEL, "", 0, 0};
   \                     cfghdr_m31:
   \   00000000   09000000           DC32 9
   \   00000004   00                 DC8 ""
   \   00000005   000000000000       DC8 0, 0, 0, 0, 0, 0, 0, 0, 0, 0, 0, 0, 0, 0, 0, 0
   \              000000000000
   \              00000000    
   \   00000015   000000000000       DC8 0, 0, 0, 0, 0, 0, 0, 0, 0, 0, 0, 0, 0, 0, 0
   \              000000000000
   \              000000      
   \   00000024   000000000000       DC32 0, 0
   \              0000        
     40          

   \                                 In segment CONFIG_C, align 4, align-sorted, root
     41          __root const CFG_HDR cfghdr_m40 = {CFG_LEVEL, "Map file path", 1, 0};
   \                     cfghdr_m40:
   \   00000000   09000000           DC32 9
   \   00000004   4D6170206669       DC8 "Map file path"
   \              6C6520706174
   \              6800        
   \   00000012   000000000000       DC8 0, 0, 0, 0, 0, 0, 0, 0, 0, 0, 0, 0, 0, 0, 0, 0, 0, 0
   \              000000000000
   \              000000000000
   \   00000024   010000000000       DC32 1, 0
   \              0000        

   \                                 In segment CONFIG_C, align 4, align-sorted, root
     42          __root const CFG_HDR cfghdr40 = {CFG_STR_UTF8, "gb2uc.map", 0, 127};
   \                     cfghdr40:
   \   00000000   02000000           DC32 2
   \   00000004   67623275632E       DC8 "gb2uc.map"
   \              6D617000    
   \   0000000E   000000000000       DC8 0, 0, 0, 0, 0, 0, 0, 0, 0, 0, 0, 0, 0, 0, 0, 0, 0, 0, 0, 0, 0, 0
   \              000000000000
   \              000000000000
   \              00000000    
   \   00000024   000000007F00       DC32 0, 127
   \              0000        

   \                                 In segment CONFIG_C, align 4, align-sorted, root
     43          __root const char MAP0[128] = DEFAULT_DISK ":\\ZBin\\SieTxtView\\gb2uc.map";
   \                     MAP0:
   \   00000000   343A5C5A4269       DC8 "4:\\ZBin\\SieTxtView\\gb2uc.map"
   \              6E5C53696554
   \              787456696577
   \              5C6762327563
   \              2E6D617000  
   \   0000001D   000000000000       DC8 0, 0, 0, 0, 0, 0, 0, 0, 0, 0, 0, 0, 0, 0, 0, 0
   \              000000000000
   \              00000000    
   \   0000002D   000000000000       DC8 0, 0, 0, 0, 0, 0, 0, 0, 0, 0, 0, 0, 0, 0, 0, 0
   \              000000000000
   \              00000000    
   \   0000003D   000000000000       DC8 0, 0, 0, 0, 0, 0, 0, 0, 0, 0, 0, 0, 0, 0, 0, 0
   \              000000000000
   \              00000000    
   \   0000004D   000000000000       DC8 0, 0, 0, 0, 0, 0, 0, 0, 0, 0, 0, 0, 0, 0, 0, 0
   \              000000000000
   \              00000000    
   \   0000005D   000000000000       DC8 0, 0, 0, 0, 0, 0, 0, 0, 0, 0, 0, 0, 0, 0, 0, 0
   \              000000000000
   \              00000000    
   \   0000006D   000000000000       DC8 0, 0, 0, 0, 0, 0, 0, 0, 0, 0, 0, 0, 0, 0, 0, 0, 0, 0, 0
   \              000000000000
   \              000000000000
   \              00          

   \                                 In segment CONFIG_C, align 4, align-sorted, root
     44          __root const CFG_HDR cfghdr41 = {CFG_STR_UTF8, "uc2gb.map", 0, 127};
   \                     cfghdr41:
   \   00000000   02000000           DC32 2
   \   00000004   75633267622E       DC8 "uc2gb.map"
   \              6D617000    
   \   0000000E   000000000000       DC8 0, 0, 0, 0, 0, 0, 0, 0, 0, 0, 0, 0, 0, 0, 0, 0, 0, 0, 0, 0, 0, 0
   \              000000000000
   \              000000000000
   \              00000000    
   \   00000024   000000007F00       DC32 0, 127
   \              0000        

   \                                 In segment CONFIG_C, align 4, align-sorted, root
     45          __root const char MAP1[128] = DEFAULT_DISK ":\\ZBin\\SieTxtView\\uc2gb.map";
   \                     MAP1:
   \   00000000   343A5C5A4269       DC8 "4:\\ZBin\\SieTxtView\\uc2gb.map"
   \              6E5C53696554
   \              787456696577
   \              5C7563326762
   \              2E6D617000  
   \   0000001D   000000000000       DC8 0, 0, 0, 0, 0, 0, 0, 0, 0, 0, 0, 0, 0, 0, 0, 0
   \              000000000000
   \              00000000    
   \   0000002D   000000000000       DC8 0, 0, 0, 0, 0, 0, 0, 0, 0, 0, 0, 0, 0, 0, 0, 0
   \              000000000000
   \              00000000    
   \   0000003D   000000000000       DC8 0, 0, 0, 0, 0, 0, 0, 0, 0, 0, 0, 0, 0, 0, 0, 0
   \              000000000000
   \              00000000    
   \   0000004D   000000000000       DC8 0, 0, 0, 0, 0, 0, 0, 0, 0, 0, 0, 0, 0, 0, 0, 0
   \              000000000000
   \              00000000    
   \   0000005D   000000000000       DC8 0, 0, 0, 0, 0, 0, 0, 0, 0, 0, 0, 0, 0, 0, 0, 0
   \              000000000000
   \              00000000    
   \   0000006D   000000000000       DC8 0, 0, 0, 0, 0, 0, 0, 0, 0, 0, 0, 0, 0, 0, 0, 0, 0, 0, 0
   \              000000000000
   \              000000000000
   \              00          

   \                                 In segment CONFIG_C, align 4, align-sorted, root
     46          __root const CFG_HDR cfghdr_m41 = {CFG_LEVEL, "", 0, 0};
   \                     cfghdr_m41:
   \   00000000   09000000           DC32 9
   \   00000004   00                 DC8 ""
   \   00000005   000000000000       DC8 0, 0, 0, 0, 0, 0, 0, 0, 0, 0, 0, 0, 0, 0, 0, 0
   \              000000000000
   \              00000000    
   \   00000015   000000000000       DC8 0, 0, 0, 0, 0, 0, 0, 0, 0, 0, 0, 0, 0, 0, 0
   \              000000000000
   \              000000      
   \   00000024   000000000000       DC32 0, 0
   \              0000        
     47          

   \                                 In segment CONFIG_C, align 4, align-sorted, root
     48          __root const CFG_HDR cfghdr60 = {CFG_STR_UTF8,"Last opened file", 0, 127};
   \                     cfghdr60:
   \   00000000   02000000           DC32 2
   \   00000004   4C617374206F       DC8 "Last opened file"
   \              70656E656420
   \              66696C6500  
   \   00000015   000000000000       DC8 0, 0, 0, 0, 0, 0, 0, 0, 0, 0, 0, 0, 0, 0, 0
   \              000000000000
   \              000000      
   \   00000024   000000007F00       DC32 0, 127
   \              0000        

   \                                 In segment CONFIG_C, align 4, align-sorted, root
     49          __root const char LAST[128] = "";
   \                     LAST:
   \   00000000   00                 DC8 ""
   \   00000001   000000000000       DC8 0, 0, 0, 0, 0, 0, 0, 0, 0, 0, 0, 0, 0, 0, 0, 0
   \              000000000000
   \              00000000    
   \   00000011   000000000000       DC8 0, 0, 0, 0, 0, 0, 0, 0, 0, 0, 0, 0, 0, 0, 0, 0
   \              000000000000
   \              00000000    
   \   00000021   000000000000       DC8 0, 0, 0, 0, 0, 0, 0, 0, 0, 0, 0, 0, 0, 0, 0, 0
   \              000000000000
   \              00000000    
   \   00000031   000000000000       DC8 0, 0, 0, 0, 0, 0, 0, 0, 0, 0, 0, 0, 0, 0, 0, 0
   \              000000000000
   \              00000000    
   \   00000041   000000000000       DC8 0, 0, 0, 0, 0, 0, 0, 0, 0, 0, 0, 0, 0, 0, 0, 0
   \              000000000000
   \              00000000    
   \   00000051   000000000000       DC8 0, 0, 0, 0, 0, 0, 0, 0, 0, 0, 0, 0, 0, 0, 0, 0
   \              000000000000
   \              00000000    
   \   00000061   000000000000       DC8 0, 0, 0, 0, 0, 0, 0, 0, 0, 0, 0, 0, 0, 0, 0, 0
   \              000000000000
   \              00000000    
   \   00000071   000000000000       DC8 0, 0, 0, 0, 0, 0, 0, 0, 0, 0, 0, 0, 0, 0, 0
   \              000000000000
   \              000000      


   Segment part sizes:

     Function/Label Bytes
     -------------- -----
     cfghdr0          44
     charset           4
     cfgcbox1        160
     cfghdr_m10       44
     cfghdr10         44
     font              4
     cfghdr11         44
     space             4
     cfghdr12         44
     statfont          4
     cfghdr_m11       44
     cfghdr_m20       44
     cfghdr20         44
     fontcolor         4
     cfghdr21         44
     bgcolor           4
     cfghdr22         44
     statfontcolor     4
     cfghdr23         44
     statbgcolor       4
     cfghdr_m21       44
     cfghdr_m30       44
     cfghdr30         44
     status            4
     cfghdr31         44
     acbm              4
     cfgcbox2         96
     cfghdr_m31       44
     cfghdr_m40       44
     cfghdr40         44
     MAP0            128
     cfghdr41         44
     MAP1            128
     cfghdr_m41       44
     cfghdr60         44
     LAST            128

 
 1 604 bytes in segment CONFIG_C
 
 1 604 bytes of CONST memory

Errors: none
Warnings: none
