##############################################################################
#                                                                            #
# IAR ARM ANSI C/C++ Compiler V4.42A/W32 EVALUATION    01/Aug/2010  17:46:10 #
# Copyright 1999-2005 IAR Systems. All rights reserved.                      #
#                                                                            #
#    Cpu mode        =  interwork                                            #
#    Endian          =  little                                               #
#    Stack alignment =  4                                                    #
#    Source file     =  D:\pasha\elf\_MY_PROJECT_\Reminder_ms\config_data.c  #
#    Command line    =  D:\pasha\elf\_MY_PROJECT_\Reminder_ms\config_data.c  #
#                       -lC D:\pasha\elf\_MY_PROJECT_\Reminder_ms\Release_SG #
#                       OLD\List\ -o D:\pasha\elf\_MY_PROJECT_\Reminder_ms\R #
#                       elease_SGOLD\Obj\ -s9 --cpu_mode arm --endian        #
#                       little --cpu ARM926EJ-S --stack_align 4 --interwork  #
#                       -e --fpu None --dlib_config "D:\pasha\Embedded       #
#                       Workbench 4.0 Evaluation2\ARM\LIB\dl5tpainl8n.h"     #
#                       --segment code=CONFIG --segment data=CONFIG -I       #
#                       "D:\pasha\Embedded Workbench 4.0                     #
#                       Evaluation2\ARM\INC\" --inline_threshold=2           #
#    List file       =  D:\pasha\elf\_MY_PROJECT_\Reminder_ms\Release_SGOLD\ #
#                       List\config_data.lst                                 #
#    Object file     =  D:\pasha\elf\_MY_PROJECT_\Reminder_ms\Release_SGOLD\ #
#                       Obj\config_data.r79                                  #
#                                                                            #
#                                                                            #
##############################################################################

D:\pasha\elf\_MY_PROJECT_\Reminder_ms\config_data.c
      1          #include "..\inc\cfg_items.h"
      2          #include "..\inc\swilib.h"
      3          
      4          

   \                                 In segment CONFIG_C, align 4, align-sorted, root
      5          __root const CFG_HDR cfghdr0={CFG_CBOX,"Выравнивание общее",0,3};
   \                     cfghdr0:
   \   00000000   05000000           DC32 5
   \   00000004   C2FBF0E0E2ED       DC8 "\302\373\360\340\342\355\350\342\340\355\350\345 \356\341\371\345\345"
   \              E8E2E0EDE8E5
   \              20EEE1F9E5E5
   \              00          
   \   00000017   000000000000       DC8 0, 0, 0, 0, 0, 0, 0, 0, 0, 0, 0, 0, 0
   \              000000000000
   \              00          
   \   00000024   000000000300       DC32 0, 3
   \              0000        

   \                                 In segment CONFIG_C, align 4, align-sorted, root
      6          __root const int align=0;
   \                     align:
   \   00000000   00000000           DC32 0

   \                                 In segment CONFIG_C, align 4, align-sorted, root
      7          __root const CFG_CBOX_ITEM cfgcbox1[3]={"Left","Center","Right"};
   \                     cfgcbox1:
   \   00000000   4C65667400         DC8 "Left"
   \   00000005   000000000000       DC8 0, 0, 0, 0, 0, 0, 0, 0, 0, 0, 0, 0, 0, 0, 0, 0
   \              000000000000
   \              00000000    
   \   00000015   000000000000       DC8 0, 0, 0, 0, 0, 0, 0, 0, 0, 0, 0
   \              0000000000  
   \   00000020   43656E746572       DC8 "Center"
   \              00          
   \   00000027   000000000000       DC8 0, 0, 0, 0, 0, 0, 0, 0, 0, 0, 0, 0, 0, 0, 0, 0
   \              000000000000
   \              00000000    
   \   00000037   000000000000       DC8 0, 0, 0, 0, 0, 0, 0, 0, 0
   \              000000      
   \   00000040   526967687400       DC8 "Right"
   \   00000046   000000000000       DC8 0, 0, 0, 0, 0, 0, 0, 0, 0, 0, 0, 0, 0, 0, 0, 0
   \              000000000000
   \              00000000    
   \   00000056   000000000000       DC8 0, 0, 0, 0, 0, 0, 0, 0, 0, 0
   \              00000000    
      8          

   \                                 In segment CONFIG_C, align 4, align-sorted, root
      9          __root const CFG_HDR cfghdr1={CFG_UINT,"Шрифт",0,65535};
   \                     cfghdr1:
   \   00000000   01000000           DC32 1
   \   00000004   D8F0E8F4F200       DC8 "\330\360\350\364\362"
   \   0000000A   000000000000       DC8 0, 0, 0, 0, 0, 0, 0, 0, 0, 0, 0, 0, 0, 0, 0, 0
   \              000000000000
   \              00000000    
   \   0000001A   000000000000       DC8 0, 0, 0, 0, 0, 0, 0, 0, 0, 0
   \              00000000    
   \   00000024   00000000FFFF       DC32 0, 65535
   \              0000        

   \                                 In segment CONFIG_C, align 4, align-sorted, root
     10          __root const int font=FONT_SMALL;
   \                     font:
   \   00000000   07000000           DC32 7
     11          

   \                                 In segment CONFIG_C, align 4, align-sorted, root
     12          __root const CFG_HDR cfghdr2={CFG_UINT,"Расстояние между буквами",0,65535};
   \                     cfghdr2:
   \   00000000   01000000           DC32 1
   \   00000004   D0E0F1F1F2EE       DC8 "\320\340\361\361\362\356\377\355\350\345 \354\345\346\344\363 \341\363\352\342\340\354\350"
   \              FFEDE8E520EC
   \              E5E6E4F320E1
   \              F3EAE2E0ECE8
   \              00          
   \   0000001D   000000000000       DC8 0, 0, 0, 0, 0, 0, 0
   \              00          
   \   00000024   00000000FFFF       DC32 0, 65535
   \              0000        

   \                                 In segment CONFIG_C, align 4, align-sorted, root
     13          __root const int space=1;
   \                     space:
   \   00000000   01000000           DC32 1
     14          

   \                                 In segment CONFIG_C, align 4, align-sorted, root
     15          __root const CFG_HDR cfghdr3={CFG_COLOR,"Цвет",0,0};
   \                     cfghdr3:
   \   00000000   08000000           DC32 8
   \   00000004   D6E2E5F200         DC8 "\326\342\345\362"
   \   00000009   000000000000       DC8 0, 0, 0, 0, 0, 0, 0, 0, 0, 0, 0, 0, 0, 0, 0, 0
   \              000000000000
   \              00000000    
   \   00000019   000000000000       DC8 0, 0, 0, 0, 0, 0, 0, 0, 0, 0, 0
   \              0000000000  
   \   00000024   000000000000       DC32 0, 0
   \              0000        

   \                                 In segment CONFIG_C, align 4, align-sorted, root
     16          __root const char col[4]={255,255,255,100};
   \                     col:
   \   00000000   FFFFFF64           DC8 255, 255, 255, 100
     17          

   \                                 In segment CONFIG_C, align 4, align-sorted, root
     18          __root const CFG_HDR cfghdr4={CFG_COORDINATES,"Координаты",0,0};
   \                     cfghdr4:
   \   00000000   07000000           DC32 7
   \   00000004   CAEEEEF0E4E8       DC8 "\312\356\356\360\344\350\355\340\362\373"
   \              EDE0F2FB00  
   \   0000000F   000000000000       DC8 0, 0, 0, 0, 0, 0, 0, 0, 0, 0, 0, 0, 0, 0, 0, 0, 0, 0, 0, 0, 0
   \              000000000000
   \              000000000000
   \              000000      
   \   00000024   000000000000       DC32 0, 0
   \              0000        

   \                                 In segment CONFIG_C, align 4, align-sorted, root
     19          __root const unsigned int X=0;
   \                     X:
   \   00000000   00000000           DC32 0

   \                                 In segment CONFIG_C, align 4, align-sorted, root
     20          __root const unsigned int Y=170;
   \                     Y:
   \   00000000   AA000000           DC32 170
     21          

   \                                 In segment CONFIG_C, align 4, align-sorted, root
     22          __root const CFG_HDR cfghdr5={CFG_UINT,"Месяц",0,12};
   \                     cfghdr5:
   \   00000000   01000000           DC32 1
   \   00000004   CCE5F1FFF600       DC8 "\314\345\361\377\366"
   \   0000000A   000000000000       DC8 0, 0, 0, 0, 0, 0, 0, 0, 0, 0, 0, 0, 0, 0, 0, 0
   \              000000000000
   \              00000000    
   \   0000001A   000000000000       DC8 0, 0, 0, 0, 0, 0, 0, 0, 0, 0
   \              00000000    
   \   00000024   000000000C00       DC32 0, 12
   \              0000        

   \                                 In segment CONFIG_C, align 4, align-sorted, root
     23          __root const int cfgMonth=10;
   \                     cfgMonth:
   \   00000000   0A000000           DC32 10
     24          

   \                                 In segment CONFIG_C, align 4, align-sorted, root
     25          __root const CFG_HDR cfghdr6={CFG_UINT,"День",0,31};
   \                     cfghdr6:
   \   00000000   01000000           DC32 1
   \   00000004   C4E5EDFC00         DC8 "\304\345\355\374"
   \   00000009   000000000000       DC8 0, 0, 0, 0, 0, 0, 0, 0, 0, 0, 0, 0, 0, 0, 0, 0
   \              000000000000
   \              00000000    
   \   00000019   000000000000       DC8 0, 0, 0, 0, 0, 0, 0, 0, 0, 0, 0
   \              0000000000  
   \   00000024   000000001F00       DC32 0, 31
   \              0000        

   \                                 In segment CONFIG_C, align 4, align-sorted, root
     26          __root const int cfgDay=3;
   \                     cfgDay:
   \   00000000   03000000           DC32 3
     27          

   \                                 In segment CONFIG_C, align 4, align-sorted, root
     28          __root const CFG_HDR cfghdr7={CFG_STR_WIN1251,"Текст до",0,127};
   \                     cfghdr7:
   \   00000000   04000000           DC32 4
   \   00000004   D2E5EAF1F220       DC8 "\322\345\352\361\362 \344\356"
   \              E4EE00      
   \   0000000D   000000000000       DC8 0, 0, 0, 0, 0, 0, 0, 0, 0, 0, 0, 0, 0, 0, 0, 0, 0, 0, 0, 0, 0, 0, 0
   \              000000000000
   \              000000000000
   \              0000000000  
   \   00000024   000000007F00       DC32 0, 127
   \              0000        

   \                                 In segment CONFIG_C, align 4, align-sorted, root
     29          __root const char TEXT_BEFORE[128]="Осталось ";
   \                     TEXT_BEFORE:
   \   00000000   CEF1F2E0EBEE       DC8 "\316\361\362\340\353\356\361\374 "
   \              F1FC2000    
   \   0000000A   000000000000       DC8 0, 0, 0, 0, 0, 0, 0, 0, 0, 0, 0, 0, 0, 0, 0, 0
   \              000000000000
   \              00000000    
   \   0000001A   000000000000       DC8 0, 0, 0, 0, 0, 0, 0, 0, 0, 0, 0, 0, 0, 0, 0, 0
   \              000000000000
   \              00000000    
   \   0000002A   000000000000       DC8 0, 0, 0, 0, 0, 0, 0, 0, 0, 0, 0, 0, 0, 0, 0, 0
   \              000000000000
   \              00000000    
   \   0000003A   000000000000       DC8 0, 0, 0, 0, 0, 0, 0, 0, 0, 0, 0, 0, 0, 0, 0, 0
   \              000000000000
   \              00000000    
   \   0000004A   000000000000       DC8 0, 0, 0, 0, 0, 0, 0, 0, 0, 0, 0, 0, 0, 0, 0, 0
   \              000000000000
   \              00000000    
   \   0000005A   000000000000       DC8 0, 0, 0, 0, 0, 0, 0, 0, 0, 0, 0, 0, 0, 0, 0, 0
   \              000000000000
   \              00000000    
   \   0000006A   000000000000       DC8 0, 0, 0, 0, 0, 0, 0, 0, 0, 0, 0, 0, 0, 0, 0, 0, 0, 0, 0, 0, 0, 0
   \              000000000000
   \              000000000000
   \              00000000    
     30            

   \                                 In segment CONFIG_C, align 4, align-sorted, root
     31          __root const CFG_HDR cfghdr8={CFG_STR_WIN1251,"После",0,127};
   \                     cfghdr8:
   \   00000000   04000000           DC32 4
   \   00000004   CFEEF1EBE500       DC8 "\317\356\361\353\345"
   \   0000000A   000000000000       DC8 0, 0, 0, 0, 0, 0, 0, 0, 0, 0, 0, 0, 0, 0, 0, 0
   \              000000000000
   \              00000000    
   \   0000001A   000000000000       DC8 0, 0, 0, 0, 0, 0, 0, 0, 0, 0
   \              00000000    
   \   00000024   000000007F00       DC32 0, 127
   \              0000        

   \                                 In segment CONFIG_C, align 4, align-sorted, root
     32          __root const char TEXT_AFTER[128]=" дней";
   \                     TEXT_AFTER:
   \   00000000   20E4EDE5E900       DC8 " \344\355\345\351"
   \   00000006   000000000000       DC8 0, 0, 0, 0, 0, 0, 0, 0, 0, 0, 0, 0, 0, 0, 0, 0
   \              000000000000
   \              00000000    
   \   00000016   000000000000       DC8 0, 0, 0, 0, 0, 0, 0, 0, 0, 0, 0, 0, 0, 0, 0, 0
   \              000000000000
   \              00000000    
   \   00000026   000000000000       DC8 0, 0, 0, 0, 0, 0, 0, 0, 0, 0, 0, 0, 0, 0, 0, 0
   \              000000000000
   \              00000000    
   \   00000036   000000000000       DC8 0, 0, 0, 0, 0, 0, 0, 0, 0, 0, 0, 0, 0, 0, 0, 0
   \              000000000000
   \              00000000    
   \   00000046   000000000000       DC8 0, 0, 0, 0, 0, 0, 0, 0, 0, 0, 0, 0, 0, 0, 0, 0
   \              000000000000
   \              00000000    
   \   00000056   000000000000       DC8 0, 0, 0, 0, 0, 0, 0, 0, 0, 0, 0, 0, 0, 0, 0, 0
   \              000000000000
   \              00000000    
   \   00000066   000000000000       DC8 0, 0, 0, 0, 0, 0, 0, 0, 0, 0, 0, 0, 0, 0, 0, 0
   \              000000000000
   \              00000000    
   \   00000076   000000000000       DC8 0, 0, 0, 0, 0, 0, 0, 0, 0, 0
   \              00000000    


   Segment part sizes:

     Function/Label Bytes
     -------------- -----
     cfghdr0          44
     align             4
     cfgcbox1         96
     cfghdr1          44
     font              4
     cfghdr2          44
     space             4
     cfghdr3          44
     col               4
     cfghdr4          44
     X                 4
     Y                 4
     cfghdr5          44
     cfgMonth          4
     cfghdr6          44
     cfgDay            4
     cfghdr7          44
     TEXT_BEFORE     128
     cfghdr8          44
     TEXT_AFTER      128

 
 780 bytes in segment CONFIG_C
 
 780 bytes of CONST memory

Errors: none
Warnings: none
