##############################################################################
#                                                                            #
# IAR ARM ANSI C/C++ Compiler V4.42A/W32 EVALUATION    06/Jul/2010  10:16:47 #
# Copyright 1999-2005 IAR Systems. All rights reserved.                      #
#                                                                            #
#    Cpu mode        =  interwork                                            #
#    Endian          =  little                                               #
#    Stack alignment =  4                                                    #
#    Source file     =  F:\SVN\cn\TIIGPRSLogo\config_data.c                  #
#    Command line    =  F:\SVN\cn\TIIGPRSLogo\config_data.c -D NODEBUG -D    #
#                       NEWSGOLD -D ELKA -lC F:\SVN\cn\TIIGPRSLogo\S7Cv47\Li #
#                       st\ -o F:\SVN\cn\TIIGPRSLogo\S7Cv47\Obj\ -s9         #
#                       --no_unroll --cpu_mode arm --endian little --cpu     #
#                       ARM926EJ-S --stack_align 4 --interwork -e --fpu      #
#                       None --segment code=CONFIG_CODE --segment            #
#                       data=CONFIG_DATA -I "F:\software\Embedded Workbench  #
#                       4.0 Evaluation\ARM\INC\" --inline_threshold=2        #
#    List file       =  F:\SVN\cn\TIIGPRSLogo\S7Cv47\List\config_data.lst    #
#    Object file     =  F:\SVN\cn\TIIGPRSLogo\S7Cv47\Obj\config_data.r79     #
#                                                                            #
#                                                                            #
##############################################################################

F:\SVN\cn\TIIGPRSLogo\config_data.c
      1          #include "..\inc\cfg_items.h"
      2          #include "..\inc\swilib.h"
      3          #include "lang.h"
      4          

   \                                 In segment CONFIG_DATA_I, align 4, align-sorted, root
      5          __root CFG_HDR cfghdr1={CFG_COORDINATES, cfgPOS, 0, 0};
   \                     cfghdr1:
   \   00000000                      DS8 44
   \   0000002C                      REQUIRE `?<Initializer for cfghdr1>`

   \                                 In segment CONFIG_DATA_I, align 4, align-sorted, root
      6          __root unsigned int pos_x=131;
   \                     pos_x:
   \   00000000                      DS8 4
   \   00000004                      REQUIRE `?<Initializer for pos_x>`

   \                                 In segment CONFIG_DATA_I, align 4, align-sorted, root
      7          __root unsigned int pos_y=0x02;
   \                     pos_y:
   \   00000000                      DS8 4
   \   00000004                      REQUIRE `?<Initializer for pos_y>`
      8          

   \                                 In segment CONFIG_DATA_I, align 4, align-sorted, root
      9          __root CFG_HDR cfghdr2={CFG_UINT, cfgFONT, 0, 16};
   \                     cfghdr2:
   \   00000000                      DS8 44
   \   0000002C                      REQUIRE `?<Initializer for cfghdr2>`

   \                                 In segment CONFIG_DATA_I, align 4, align-sorted, root
     10          __root unsigned int font=FONT_SMALL;
   \                     font:
   \   00000000                      DS8 4
   \   00000004                      REQUIRE `?<Initializer for font>`
     11          

   \                                 In segment CONFIG_DATA_I, align 4, align-sorted, root
     12          __root CFG_HDR cfghdr3={CFG_UINT, cfgATTR, 0, 512};
   \                     cfghdr3:
   \   00000000                      DS8 44
   \   0000002C                      REQUIRE `?<Initializer for cfghdr3>`

   \                                 In segment CONFIG_DATA_I, align 4, align-sorted, root
     13          __root unsigned int txt_attr=TEXT_ALIGNMIDDLE+TEXT_OUTLINE;
   \                     txt_attr:
   \   00000000                      DS8 4
   \   00000004                      REQUIRE `?<Initializer for txt_attr>`
     14          

   \                                 In segment CONFIG_DATA_I, align 4, align-sorted, root
     15          __root CFG_HDR cfghdr4={CFG_COLOR, cfgWD_COLOR, 0, 0};
   \                     cfghdr4:
   \   00000000                      DS8 44
   \   0000002C                      REQUIRE `?<Initializer for cfghdr4>`

   \                                 In segment CONFIG_DATA_I, align 4, align-sorted, root
     16          __root char word_color[4]={0xFF, 0xFF, 0xFF, 100};
   \                     word_color:
   \   00000000                      DS8 4
   \   00000004                      REQUIRE `?<Initializer for word_color>`
     17          

   \                                 In segment CONFIG_DATA_I, align 4, align-sorted, root
     18          __root CFG_HDR cfghdr5={CFG_COLOR, cfgWS_FRM_COLOR, 0, 0};
   \                     cfghdr5:
   \   00000000                      DS8 44
   \   0000002C                      REQUIRE `?<Initializer for cfghdr5>`

   \                                 In segment CONFIG_DATA_I, align 4, align-sorted, root
     19          __root char word_frm_color[4]={0, 0, 0, 100};
   \                     word_frm_color:
   \   00000000                      DS8 4
   \   00000004                      REQUIRE `?<Initializer for word_frm_color>`
     20          

   \                                 In segment CONFIG_DATA_I, align 4, align-sorted, root
     21          __root CFG_HDR cfghdr6={CFG_COLOR, cfgRND_FRM_COLOR, 0, 0};
   \                     cfghdr6:
   \   00000000                      DS8 44
   \   0000002C                      REQUIRE `?<Initializer for cfghdr6>`

   \                                 In segment CONFIG_DATA_I, align 4, align-sorted, root
     22          __root char rnd_frm_color[4]={0xFF, 0xFF, 0xFF, 100};
   \                     rnd_frm_color:
   \   00000000                      DS8 4
   \   00000004                      REQUIRE `?<Initializer for rnd_frm_color>`
     23          

   \                                 In segment CONFIG_DATA_I, align 4, align-sorted, root
     24          __root CFG_HDR cfghdr7={CFG_COLOR, cfgFRM_COLOR, 0, 0};
   \                     cfghdr7:
   \   00000000                      DS8 44
   \   0000002C                      REQUIRE `?<Initializer for cfghdr7>`

   \                                 In segment CONFIG_DATA_I, align 4, align-sorted, root
     25          __root char frm_color[4]={0, 0, 0, 100};
   \                     frm_color:
   \   00000000                      DS8 4
   \   00000004                      REQUIRE `?<Initializer for frm_color>`

   \                                 In segment CONFIG_DATA_ID, align 4, align-sorted, root
   \                     `?<Initializer for cfghdr1>`:
   \   00000000   07000000           DC32 7
   \   00000004   D7F8B1EACEBB       DC8 "\327\370\261\352\316\273\326\303"
   \              D6C300      
   \   0000000D   000000000000       DC8 0, 0, 0, 0, 0, 0, 0, 0, 0, 0, 0, 0, 0, 0, 0, 0, 0, 0, 0, 0, 0, 0, 0
   \              000000000000
   \              000000000000
   \              0000000000  
   \   00000024   000000000000       DC32 0, 0
   \              0000        

   \                                 In segment CONFIG_DATA_ID, align 4, align-sorted, root
   \                     `?<Initializer for pos_x>`:
   \   00000000   83000000           DC32 131

   \                                 In segment CONFIG_DATA_ID, align 4, align-sorted, root
   \                     `?<Initializer for pos_y>`:
   \   00000000   02000000           DC32 2

   \                                 In segment CONFIG_DATA_ID, align 4, align-sorted, root
   \                     `?<Initializer for cfghdr2>`:
   \   00000000   01000000           DC32 1
   \   00000004   D7D6CCE500         DC8 "\327\326\314\345"
   \   00000009   000000000000       DC8 0, 0, 0, 0, 0, 0, 0, 0, 0, 0, 0, 0, 0, 0, 0, 0
   \              000000000000
   \              00000000    
   \   00000019   000000000000       DC8 0, 0, 0, 0, 0, 0, 0, 0, 0, 0, 0
   \              0000000000  
   \   00000024   000000001000       DC32 0, 16
   \              0000        

   \                                 In segment CONFIG_DATA_ID, align 4, align-sorted, root
   \                     `?<Initializer for font>`:
   \   00000000   08000000           DC32 8

   \                                 In segment CONFIG_DATA_ID, align 4, align-sorted, root
   \                     `?<Initializer for cfghdr3>`:
   \   00000000   01000000           DC32 1
   \   00000004   CEC4B1BECAF4       DC8 "\316\304\261\276\312\364\320\324"
   \              D0D400      
   \   0000000D   000000000000       DC8 0, 0, 0, 0, 0, 0, 0, 0, 0, 0, 0, 0, 0, 0, 0, 0, 0, 0, 0, 0, 0, 0, 0
   \              000000000000
   \              000000000000
   \              0000000000  
   \   00000024   000000000002       DC32 0, 512
   \              0000        

   \                                 In segment CONFIG_DATA_ID, align 4, align-sorted, root
   \                     `?<Initializer for txt_attr>`:
   \   00000000   22000000           DC32 34

   \                                 In segment CONFIG_DATA_ID, align 4, align-sorted, root
   \                     `?<Initializer for cfghdr4>`:
   \   00000000   08000000           DC32 8
   \   00000004   CEC4D7D6D1D5       DC8 "\316\304\327\326\321\325\311\253"
   \              C9AB00      
   \   0000000D   000000000000       DC8 0, 0, 0, 0, 0, 0, 0, 0, 0, 0, 0, 0, 0, 0, 0, 0, 0, 0, 0, 0, 0, 0, 0
   \              000000000000
   \              000000000000
   \              0000000000  
   \   00000024   000000000000       DC32 0, 0
   \              0000        

   \                                 In segment CONFIG_DATA_ID, align 4, align-sorted, root
   \                     `?<Initializer for word_color>`:
   \   00000000   FFFFFF64           DC8 255, 255, 255, 100

   \                                 In segment CONFIG_DATA_ID, align 4, align-sorted, root
   \                     `?<Initializer for cfghdr5>`:
   \   00000000   08000000           DC32 8
   \   00000004   CEC4D7D6B1DF       DC8 "\316\304\327\326\261\337\277\362\321\325\311\253"
   \              BFF2D1D5C9AB
   \              00          
   \   00000011   000000000000       DC8 0, 0, 0, 0, 0, 0, 0, 0, 0, 0, 0, 0, 0, 0, 0, 0, 0, 0, 0
   \              000000000000
   \              000000000000
   \              00          
   \   00000024   000000000000       DC32 0, 0
   \              0000        

   \                                 In segment CONFIG_DATA_ID, align 4, align-sorted, root
   \                     `?<Initializer for word_frm_color>`:
   \   00000000   00000064           DC8 0, 0, 0, 100

   \                                 In segment CONFIG_DATA_ID, align 4, align-sorted, root
   \                     `?<Initializer for cfghdr6>`:
   \   00000000   08000000           DC32 8
   \   00000004   CDE2BFF2D1D5       DC8 "\315\342\277\362\321\325\311\253"
   \              C9AB00      
   \   0000000D   000000000000       DC8 0, 0, 0, 0, 0, 0, 0, 0, 0, 0, 0, 0, 0, 0, 0, 0, 0, 0, 0, 0, 0, 0, 0
   \              000000000000
   \              000000000000
   \              0000000000  
   \   00000024   000000000000       DC32 0, 0
   \              0000        

   \                                 In segment CONFIG_DATA_ID, align 4, align-sorted, root
   \                     `?<Initializer for rnd_frm_color>`:
   \   00000000   FFFFFF64           DC8 255, 255, 255, 100

   \                                 In segment CONFIG_DATA_ID, align 4, align-sorted, root
   \                     `?<Initializer for cfghdr7>`:
   \   00000000   08000000           DC32 8
   \   00000004   CDE2BFF2CCEE       DC8 "\315\342\277\362\314\356\263\344\321\325\311\253"
   \              B3E4D1D5C9AB
   \              00          
   \   00000011   000000000000       DC8 0, 0, 0, 0, 0, 0, 0, 0, 0, 0, 0, 0, 0, 0, 0, 0, 0, 0, 0
   \              000000000000
   \              000000000000
   \              00          
   \   00000024   000000000000       DC32 0, 0
   \              0000        

   \                                 In segment CONFIG_DATA_ID, align 4, align-sorted, root
   \                     `?<Initializer for frm_color>`:
   \   00000000   00000064           DC8 0, 0, 0, 100
     26          
     27          


   Segment part sizes:

     Function/Label                 Bytes
     --------------                 -----
     cfghdr1                          44
     pos_x                             4
     pos_y                             4
     cfghdr2                          44
     font                              4
     cfghdr3                          44
     txt_attr                          4
     cfghdr4                          44
     word_color                        4
     cfghdr5                          44
     word_frm_color                    4
     cfghdr6                          44
     rnd_frm_color                     4
     cfghdr7                          44
     frm_color                         4
     ?<Initializer for cfghdr1>       44
     ?<Initializer for pos_x>          4
     ?<Initializer for pos_y>          4
     ?<Initializer for cfghdr2>       44
     ?<Initializer for font>           4
     ?<Initializer for cfghdr3>       44
     ?<Initializer for txt_attr>       4
     ?<Initializer for cfghdr4>       44
     ?<Initializer for word_color>     4
     ?<Initializer for cfghdr5>       44
     ?<Initializer for word_frm_color>
                                       4
     ?<Initializer for cfghdr6>       44
     ?<Initializer for rnd_frm_color>
                                       4
     ?<Initializer for cfghdr7>       44
     ?<Initializer for frm_color>      4
      Others                          12

 
 340 bytes in segment CONFIG_DATA_I
 340 bytes in segment CONFIG_DATA_ID
  12 bytes in segment INITTAB
 
   0 bytes of CODE  memory (+ 12 bytes shared)
 340 bytes of CONST memory
 340 bytes of DATA  memory

Errors: none
Warnings: none
