##############################################################################
#                                                                            #
# IAR ARM ANSI C/C++ Compiler V4.42A/W32 EVALUATION    08/Jun/2010  15:03:34 #
# Copyright 1999-2005 IAR Systems. All rights reserved.                      #
#                                                                            #
#    Cpu mode        =  interwork                                            #
#    Endian          =  little                                               #
#    Stack alignment =  4                                                    #
#    Source file     =  F:\SVN\cn\Master\usedstr.c                           #
#    Command line    =  F:\SVN\cn\Master\usedstr.c -D NEWSGOLD -lC           #
#                       F:\SVN\cn\Master\Release_NEWSGOLD\List\ -o           #
#                       F:\SVN\cn\Master\Release_NEWSGOLD\Obj\ -s9           #
#                       --no_unroll --no_clustering --cpu_mode arm --endian  #
#                       little --cpu ARM926EJ-S --stack_align 4 --interwork  #
#                       -e --fpu None --dlib_config "F:\software\Embedded    #
#                       Workbench 4.0 Evaluation\ARM\LIB\dl5tpainl8n.h" -I   #
#                       "F:\software\Embedded Workbench 4.0                  #
#                       Evaluation\ARM\INC\" --inline_threshold=2            #
#    List file       =  F:\SVN\cn\Master\Release_NEWSGOLD\List\usedstr.lst   #
#    Object file     =  F:\SVN\cn\Master\Release_NEWSGOLD\Obj\usedstr.r79    #
#                                                                            #
#                                                                            #
##############################################################################

F:\SVN\cn\Master\usedstr.c
      1          #include "usedstr.h"
      2          

   \                                 In segment DATA_C, align 1, align-sorted
      3          const char PERCENT_T[]="%t";
   \                     PERCENT_T:
   \   00000000   257400             DC8 "%t"

   \                                 In segment DATA_C, align 1, align-sorted
      4          const char PERCENT_D[]="%d";
   \                     PERCENT_D:
   \   00000000   256400             DC8 "%d"

   \                                 In segment DATA_C, align 4, align-sorted
      5          const char PERCENT_D_D[]="%d,%d";
   \                     PERCENT_D_D:
   \   00000000   25642C256400       DC8 "%d,%d"
   \   00000006   0000               DC8 0, 0

   \                                 In segment DATA_C, align 4, align-sorted
      6          const char PERCENT_08X[]="%08X";
   \                     PERCENT_08X:
   \   00000000   2530385800         DC8 "%08X"
   \   00000005   000000             DC8 0, 0, 0

   \                                 In segment DATA_C, align 4, align-sorted
      7          const char PERCENT_02X[]="%02X";
   \                     PERCENT_02X:
   \   00000000   2530325800         DC8 "%02X"
   \   00000005   000000             DC8 0, 0, 0

   \                                 In segment DATA_C, align 4, align-sorted
      8          const char PERCENT_02X_02X_[]="%02X,%02X,%02X,%02X";
   \                     PERCENT_02X_02X_:
   \   00000000   253032582C25       DC8 "%02X,%02X,%02X,%02X"
   \              3032582C2530
   \              32582C253032
   \              5800        

   \                                 In segment DATA_C, align 4, align-sorted
      9          const char D_PERCENT_D[]=",%d";
   \                     D_PERCENT_D:
   \   00000000   2C256400           DC8 ",%d"

   \                                 In segment DATA_C, align 4, align-sorted
     10          const char STR_CHKBOX1[]=" cb ";
   \                     STR_CHKBOX1:
   \   00000000   2063622000         DC8 " cb "
   \   00000005   000000             DC8 0, 0, 0

   \                                 In segment DATA_C, align 4, align-sorted
     11          const char STR_CHKBOX2[]=" checkbox ";
   \                     STR_CHKBOX2:
   \   00000000   20636865636B       DC8 " checkbox "
   \              626F782000  
   \   0000000B   00                 DC8 0

   \                                 In segment DATA_C, align 4, align-sorted
     12          const char STR_VL[]=" v=";
   \                     STR_VL:
   \   00000000   20763D00           DC8 " v="

   \                                 In segment DATA_C, align 4, align-sorted
     13          const char STR_VL1[]=" value=";
   \                     STR_VL1:
   \   00000000   2076616C7565       DC8 " value="
   \              3D00        

   \                                 In segment DATA_C, align 4, align-sorted
     14          const char STR_XY1[]=" xy ";
   \                     STR_XY1:
   \   00000000   2078792000         DC8 " xy "
   \   00000005   000000             DC8 0, 0, 0

   \                                 In segment DATA_C, align 4, align-sorted
     15          const char STR_XY2[]=" xy2 ";
   \                     STR_XY2:
   \   00000000   207879322000       DC8 " xy2 "
   \   00000006   0000               DC8 0, 0

   \                                 In segment DATA_C, align 4, align-sorted
     16          const char STR_X[]=" x=";
   \                     STR_X:
   \   00000000   20783D00           DC8 " x="

   \                                 In segment DATA_C, align 4, align-sorted
     17          const char STR_Y[]=" y=";
   \                     STR_Y:
   \   00000000   20793D00           DC8 " y="

   \                                 In segment DATA_C, align 4, align-sorted
     18          const char STR_WIDTH[]=" w=";
   \                     STR_WIDTH:
   \   00000000   20773D00           DC8 " w="

   \                                 In segment DATA_C, align 4, align-sorted
     19          const char STR_HIGHT[]=" h=";
   \                     STR_HIGHT:
   \   00000000   20683D00           DC8 " h="

   \                                 In segment DATA_C, align 1, align-sorted
     20          const char STR_CHOICE[]="c=";
   \                     STR_CHOICE:
   \   00000000   633D00             DC8 "c="

   \                                 In segment DATA_C, align 1, align-sorted
     21          const char STR_CHOICE1[]="c ";
   \                     STR_CHOICE1:
   \   00000000   632000             DC8 "c "

   \                                 In segment DATA_C, align 4, align-sorted
     22          const char STR_CHOICE2[]="choice";
   \                     STR_CHOICE2:
   \   00000000   63686F696365       DC8 "choice"
   \              00          
   \   00000007   00                 DC8 0

   \                                 In segment DATA_C, align 4, align-sorted
     23          const char STR_SLIDER1[]=" slider ";
   \                     STR_SLIDER1:
   \   00000000   20736C696465       DC8 " slider "
   \              722000      
   \   00000009   000000             DC8 0, 0, 0

   \                                 In segment DATA_C, align 4, align-sorted
     24          const char STR_SLIDER2[]=" sl ";
   \                     STR_SLIDER2:
   \   00000000   20736C2000         DC8 " sl "
   \   00000005   000000             DC8 0, 0, 0

   \                                 In segment DATA_C, align 4, align-sorted
     25          const char STR_ENDSUBMENU1[]="endsm";
   \                     STR_ENDSUBMENU1:
   \   00000000   656E64736D00       DC8 "endsm"
   \   00000006   0000               DC8 0, 0

   \                                 In segment DATA_C, align 4, align-sorted
     26          const char STR_ENDSUBMENU2[]="endsubmenu";
   \                     STR_ENDSUBMENU2:
   \   00000000   656E64737562       DC8 "endsubmenu"
   \              6D656E7500  
   \   0000000B   00                 DC8 0

   \                                 In segment DATA_C, align 4, align-sorted
     27          const char STR_SUBMENU1[]="submenu";
   \                     STR_SUBMENU1:
   \   00000000   7375626D656E       DC8 "submenu"
   \              7500        

   \                                 In segment DATA_C, align 1, align-sorted
     28          const char STR_SUBMENU2[]="sm";
   \                     STR_SUBMENU2:
   \   00000000   736D00             DC8 "sm"

   \                                 In segment DATA_C, align 1, align-sorted
     29          const char STR_TEMPLATE1[]="tp";
   \                     STR_TEMPLATE1:
   \   00000000   747000             DC8 "tp"

   \                                 In segment DATA_C, align 4, align-sorted
     30          const char STR_TEMPLATE2[]="template";
   \                     STR_TEMPLATE2:
   \   00000000   74656D706C61       DC8 "template"
   \              746500      
   \   00000009   000000             DC8 0, 0, 0

   \                                 In segment DATA_C, align 4, align-sorted
     31          const char STR_ENDTEMPLATE1[]="endtp";
   \                     STR_ENDTEMPLATE1:
   \   00000000   656E64747000       DC8 "endtp"
   \   00000006   0000               DC8 0, 0

   \                                 In segment DATA_C, align 4, align-sorted
     32          const char STR_ENDTEMPLATE2[]="endtemplate";
   \                     STR_ENDTEMPLATE2:
   \   00000000   656E6474656D       DC8 "endtemplate"
   \              706C61746500

   \                                 In segment DATA_C, align 4, align-sorted
     33          const char STR_USETEMPLATE1[]=" usetemplate ";
   \                     STR_USETEMPLATE1:
   \   00000000   207573657465       DC8 " usetemplate "
   \              6D706C617465
   \              2000        
   \   0000000E   0000               DC8 0, 0

   \                                 In segment DATA_C, align 4, align-sorted
     34          const char STR_USRTEMPLATE2[]=" usetp ";
   \                     STR_USRTEMPLATE2:
   \   00000000   207573657470       DC8 " usetp "
   \              2000        

   \                                 In segment DATA_C, align 4, align-sorted
     35          const char STR_MS1[]=" timeinms ";
   \                     STR_MS1:
   \   00000000   2074696D6569       DC8 " timeinms "
   \              6E6D732000  
   \   0000000B   00                 DC8 0

   \                                 In segment DATA_C, align 4, align-sorted
     36          const char STR_MS2[]=" ms ";
   \                     STR_MS2:
   \   00000000   206D732000         DC8 " ms "
   \   00000005   000000             DC8 0, 0, 0

   \                                 In segment DATA_C, align 4, align-sorted
     37          const char STR_DISPF1[]=" pf=n";
   \                     STR_DISPF1:
   \   00000000   2070663D6E00       DC8 " pf=n"
   \   00000006   0000               DC8 0, 0

   \                                 In segment DATA_C, align 4, align-sorted
     38          const char STR_DISPF2[]=" profile=n";
   \                     STR_DISPF2:
   \   00000000   2070726F6669       DC8 " profile=n"
   \              6C653D6E00  
   \   0000000B   00                 DC8 0

   \                                 In segment DATA_C, align 4, align-sorted
     39          const char STR_RANGE1[]=" r=";
   \                     STR_RANGE1:
   \   00000000   20723D00           DC8 " r="

   \                                 In segment DATA_C, align 4, align-sorted
     40          const char STR_RANGE2[]=" range=";
   \                     STR_RANGE2:
   \   00000000   2072616E6765       DC8 " range="
   \              3D00        

   \                                 In segment DATA_C, align 4, align-sorted
     41          const char STR_BYTES1[]=" b(";
   \                     STR_BYTES1:
   \   00000000   20622800           DC8 " b("

   \                                 In segment DATA_C, align 4, align-sorted
     42          const char STR_BYTES2[]=" byte(";
   \                     STR_BYTES2:
   \   00000000   206279746528       DC8 " byte("
   \              00          
   \   00000007   00                 DC8 0

   \                                 In segment DATA_C, align 4, align-sorted
     43          const char STR_INTS1[]=" i(";
   \                     STR_INTS1:
   \   00000000   20692800           DC8 " i("

   \                                 In segment DATA_C, align 4, align-sorted
     44          const char STR_INTS2[]=" int(";
   \                     STR_INTS2:
   \   00000000   20696E742800       DC8 " int("
   \   00000006   0000               DC8 0, 0

   \                                 In segment DATA_C, align 4, align-sorted
     45          const char STR_CONST[]=" const ";
   \                     STR_CONST:
   \   00000000   20636F6E7374       DC8 " const "
   \              2000        
     46          
     47          
     48          
     49          
     50          
     51          
     52          


   Segment part sizes:

     Function/Label   Bytes
     --------------   -----
     PERCENT_T           3
     PERCENT_D           3
     PERCENT_D_D         8
     PERCENT_08X         8
     PERCENT_02X         8
     PERCENT_02X_02X_   20
     D_PERCENT_D         4
     STR_CHKBOX1         8
     STR_CHKBOX2        12
     STR_VL              4
     STR_VL1             8
     STR_XY1             8
     STR_XY2             8
     STR_X               4
     STR_Y               4
     STR_WIDTH           4
     STR_HIGHT           4
     STR_CHOICE          3
     STR_CHOICE1         3
     STR_CHOICE2         8
     STR_SLIDER1        12
     STR_SLIDER2         8
     STR_ENDSUBMENU1     8
     STR_ENDSUBMENU2    12
     STR_SUBMENU1        8
     STR_SUBMENU2        3
     STR_TEMPLATE1       3
     STR_TEMPLATE2      12
     STR_ENDTEMPLATE1    8
     STR_ENDTEMPLATE2   12
     STR_USETEMPLATE1   16
     STR_USRTEMPLATE2    8
     STR_MS1            12
     STR_MS2             8
     STR_DISPF1          8
     STR_DISPF2         12
     STR_RANGE1          4
     STR_RANGE2          8
     STR_BYTES1          4
     STR_BYTES2          8
     STR_INTS1           4
     STR_INTS2           8
     STR_CONST           8

 
 326 bytes in segment DATA_C
 
 326 bytes of CONST memory

Errors: none
Warnings: none
