##############################################################################
#                                                                            #
# IAR ARM ANSI C/C++ Compiler V4.42A/W32 EVALUATION    04/Apr/2008  19:29:48 #
# Copyright 1999-2005 IAR Systems. All rights reserved.                      #
#                                                                            #
#    Cpu mode        =  interwork                                            #
#    Endian          =  little                                               #
#    Stack alignment =  4                                                    #
#    Source file     =  D:\Pasha\elf\_MY_PROJECT_\naticq_mod\config_data.c   #
#    Command line    =  D:\Pasha\elf\_MY_PROJECT_\naticq_mod\config_data.c   #
#                       -D NEWSGOLD -D ELKA -D UIN_WRITE -D kluchnik -D      #
#                       BCFG --preprocess D:\Pasha\elf\_MY_PROJECT_\naticq_m #
#                       od\1stconfig\kluchnik\List\ -lC                      #
#                       D:\Pasha\elf\_MY_PROJECT_\naticq_mod\1stconfig\kluch #
#                       nik\List\ -o D:\Pasha\elf\_MY_PROJECT_\naticq_mod\1s #
#                       tconfig\kluchnik\Obj\ -s9 --no_unroll --cpu_mode     #
#                       arm --endian little --cpu ARM926EJ-S --stack_align   #
#                       4 --interwork -e --fpu None --dlib_config            #
#                       "D:\Pasha\Embedded Workbench 4.0                     #
#                       Evaluation2\ARM\LIB\dl5tpainl8n.h" --segment         #
#                       code=CONFIG --segment data=CONFIG -I                 #
#                       "D:\Pasha\Embedded Workbench 4.0                     #
#                       Evaluation2\ARM\INC\" --inline_threshold=2           #
#    List file       =  D:\Pasha\elf\_MY_PROJECT_\naticq_mod\1stconfig\kluch #
#                       nik\List\config_data.lst                             #
#    Object file     =  D:\Pasha\elf\_MY_PROJECT_\naticq_mod\1stconfig\kluch #
#                       nik\Obj\config_data.r79                              #
#                                                                            #
#                                                                            #
##############################################################################

D:\Pasha\elf\_MY_PROJECT_\naticq_mod\config_data.c
      1          #include "..\inc\cfg_items.h"
      2          #include "language.h"
      3          //Конфигурация
      4          
      5          #ifdef NEWSGOLD
      6          #define DEFAULT_DISK "4"
      7          #else
      8          #define DEFAULT_DISK "0"
      9          #endif
     10          #ifdef BCFG

   \                                 In segment CONFIG_C, align 4, align-sorted, root
     11          __root const CFG_HDR cfghdr0={CFG_UINT,"UIN",0,0xFFFFFFFF};
   \                     cfghdr0:
   \   00000000   01000000           DC32 1
   \   00000004   55494E00           DC8 "UIN"
   \   00000008   000000000000       DC8 0, 0, 0, 0, 0, 0, 0, 0, 0, 0, 0, 0, 0, 0, 0, 0
   \              000000000000
   \              00000000    
   \   00000018   000000000000       DC8 0, 0, 0, 0, 0, 0, 0, 0, 0, 0, 0, 0
   \              000000000000
   \   00000024   00000000FFFF       DC32 0, 4294967295
   \              FFFF        

   \                                 In segment CONFIG_C, align 4, align-sorted, root
     12          __root const unsigned int UIN=0;
   \                     UIN:
   \   00000000   00000000           DC32 0
     13          

   \                                 In segment CONFIG_C, align 4, align-sorted, root
     14          __root const CFG_HDR cfghdr1={CFG_STR_PASS,"Password",0,8};
   \                     cfghdr1:
   \   00000000   06000000           DC32 6
   \   00000004   50617373776F       DC8 "Password"
   \              726400      
   \   0000000D   000000000000       DC8 0, 0, 0, 0, 0, 0, 0, 0, 0, 0, 0, 0, 0, 0, 0, 0, 0, 0, 0, 0, 0, 0, 0
   \              000000000000
   \              000000000000
   \              0000000000  
   \   00000024   000000000800       DC32 0, 8
   \              0000        

   \                                 In segment CONFIG_C, align 4, align-sorted, root
     15          __root const char PASS[9]="";
   \                     PASS:
   \   00000000   00                 DC8 ""
   \   00000001   000000000000       DC8 0, 0, 0, 0, 0, 0, 0, 0, 0, 0, 0
   \              0000000000  
     16          
     17          //Network settings

   \                                 In segment CONFIG_C, align 4, align-sorted, root
     18          __root const CFG_HDR cfghdr2={CFG_LEVEL,"Hosts and paths",1,0};
   \                     cfghdr2:
   \   00000000   09000000           DC32 9
   \   00000004   486F73747320       DC8 "Hosts and paths"
   \              616E64207061
   \              74687300    
   \   00000014   000000000000       DC8 0, 0, 0, 0, 0, 0, 0, 0, 0, 0, 0, 0, 0, 0, 0, 0
   \              000000000000
   \              00000000    
   \   00000024   010000000000       DC32 1, 0
   \              0000        

   \                                 In segment CONFIG_C, align 4, align-sorted, root
     19            __root const CFG_HDR cfghdr2_1={CFG_STR_WIN1251,"Host",0,127};
   \                     cfghdr2_1:
   \   00000000   04000000           DC32 4
   \   00000004   486F737400         DC8 "Host"
   \   00000009   000000000000       DC8 0, 0, 0, 0, 0, 0, 0, 0, 0, 0, 0, 0, 0, 0, 0, 0
   \              000000000000
   \              00000000    
   \   00000019   000000000000       DC8 0, 0, 0, 0, 0, 0, 0, 0, 0, 0, 0
   \              0000000000  
   \   00000024   000000007F00       DC32 0, 127
   \              0000        

   \                                 In segment CONFIG_C, align 4, align-sorted, root
     20            __root const char NATICQ_HOST[128]="cbsie.dyndns.info; freegw.alltime.ru";
   \                     NATICQ_HOST:
   \   00000000   63627369652E       DC8 "cbsie.dyndns.info; freegw.alltime.ru"
   \              64796E646E73
   \              2E696E666F3B
   \              206672656567
   \              772E616C6C74
   \              696D652E7275
   \              00          
   \   00000025   000000000000       DC8 0, 0, 0, 0, 0, 0, 0, 0, 0, 0, 0, 0, 0, 0, 0, 0
   \              000000000000
   \              00000000    
   \   00000035   000000000000       DC8 0, 0, 0, 0, 0, 0, 0, 0, 0, 0, 0, 0, 0, 0, 0, 0
   \              000000000000
   \              00000000    
   \   00000045   000000000000       DC8 0, 0, 0, 0, 0, 0, 0, 0, 0, 0, 0, 0, 0, 0, 0, 0
   \              000000000000
   \              00000000    
   \   00000055   000000000000       DC8 0, 0, 0, 0, 0, 0, 0, 0, 0, 0, 0, 0, 0, 0, 0, 0
   \              000000000000
   \              00000000    
   \   00000065   000000000000       DC8 0, 0, 0, 0, 0, 0, 0, 0, 0, 0, 0, 0, 0, 0, 0, 0
   \              000000000000
   \              00000000    
   \   00000075   000000000000       DC8 0, 0, 0, 0, 0, 0, 0, 0, 0, 0, 0
   \              0000000000  
     21          

   \                                 In segment CONFIG_C, align 4, align-sorted, root
     22            __root const CFG_HDR cfghdr2_2={CFG_UINT,"Default port",0,65535};
   \                     cfghdr2_2:
   \   00000000   01000000           DC32 1
   \   00000004   44656661756C       DC8 "Default port"
   \              7420706F7274
   \              00          
   \   00000011   000000000000       DC8 0, 0, 0, 0, 0, 0, 0, 0, 0, 0, 0, 0, 0, 0, 0, 0, 0, 0, 0
   \              000000000000
   \              000000000000
   \              00          
   \   00000024   00000000FFFF       DC32 0, 65535
   \              0000        

   \                                 In segment CONFIG_C, align 4, align-sorted, root
     23            __root const unsigned int NATICQ_PORT=5050;
   \                     NATICQ_PORT:
   \   00000000   BA130000           DC32 5050
     24          

   \                                 In segment CONFIG_C, align 4, align-sorted, root
     25            __root const CFG_HDR cfghdr2_3={CFG_UINT,"Reconnect timeout",0,65535};
   \                     cfghdr2_3:
   \   00000000   01000000           DC32 1
   \   00000004   5265636F6E6E       DC8 "Reconnect timeout"
   \              656374207469
   \              6D656F757400
   \   00000016   000000000000       DC8 0, 0, 0, 0, 0, 0, 0, 0, 0, 0, 0, 0, 0, 0
   \              000000000000
   \              0000        
   \   00000024   00000000FFFF       DC32 0, 65535
   \              0000        

   \                                 In segment CONFIG_C, align 4, align-sorted, root
     26            __root const unsigned int RECONNECT_TIME=10;
   \                     RECONNECT_TIME:
   \   00000000   0A000000           DC32 10
     27            

   \                                 In segment CONFIG_C, align 4, align-sorted, root
     28            __root const CFG_HDR cfghdr2_4={CFG_STR_UTF8,"History path",0,63};
   \                     cfghdr2_4:
   \   00000000   02000000           DC32 2
   \   00000004   486973746F72       DC8 "History path"
   \              792070617468
   \              00          
   \   00000011   000000000000       DC8 0, 0, 0, 0, 0, 0, 0, 0, 0, 0, 0, 0, 0, 0, 0, 0, 0, 0, 0
   \              000000000000
   \              000000000000
   \              00          
   \   00000024   000000003F00       DC32 0, 63
   \              0000        

   \                                 In segment CONFIG_C, align 4, align-sorted, root
     29            __root const char HIST_PATH[64]=DEFAULT_DISK ":\\ZBin\\NatICQ\\history";
   \                     HIST_PATH:
   \   00000000   343A5C5A4269       DC8 "4:\\ZBin\\NatICQ\\history"
   \              6E5C4E617449
   \              43515C686973
   \              746F727900  
   \   00000017   000000000000       DC8 0, 0, 0, 0, 0, 0, 0, 0, 0, 0, 0, 0, 0, 0, 0, 0
   \              000000000000
   \              00000000    
   \   00000027   000000000000       DC8 0, 0, 0, 0, 0, 0, 0, 0, 0, 0, 0, 0, 0, 0, 0, 0
   \              000000000000
   \              00000000    
   \   00000037   000000000000       DC8 0, 0, 0, 0, 0, 0, 0, 0, 0
   \              000000      
     30          

   \                                 In segment CONFIG_C, align 4, align-sorted, root
     31            __root const CFG_HDR cfghdr2_5={CFG_STR_UTF8,"Smiles File",0,63};
   \                     cfghdr2_5:
   \   00000000   02000000           DC32 2
   \   00000004   536D696C6573       DC8 "Smiles File"
   \              2046696C6500
   \   00000010   000000000000       DC8 0, 0, 0, 0, 0, 0, 0, 0, 0, 0, 0, 0, 0, 0, 0, 0, 0, 0, 0, 0
   \              000000000000
   \              000000000000
   \              0000        
   \   00000024   000000003F00       DC32 0, 63
   \              0000        

   \                                 In segment CONFIG_C, align 4, align-sorted, root
     32            __root const char SMILE_FILE[64]=DEFAULT_DISK ":\\ZBin\\NatICQ\\smiles.cfg";
   \                     SMILE_FILE:
   \   00000000   343A5C5A4269       DC8 "4:\\ZBin\\NatICQ\\smiles.cfg"
   \              6E5C4E617449
   \              43515C736D69
   \              6C65732E6366
   \              6700        
   \   0000001A   000000000000       DC8 0, 0, 0, 0, 0, 0, 0, 0, 0, 0, 0, 0, 0, 0, 0, 0
   \              000000000000
   \              00000000    
   \   0000002A   000000000000       DC8 0, 0, 0, 0, 0, 0, 0, 0, 0, 0, 0, 0, 0, 0, 0, 0, 0, 0, 0, 0, 0, 0
   \              000000000000
   \              000000000000
   \              00000000    
     33          

   \                                 In segment CONFIG_C, align 4, align-sorted, root
     34            __root const CFG_HDR cfghdr2_6={CFG_STR_UTF8,"Smiles .png path",0,63};
   \                     cfghdr2_6:
   \   00000000   02000000           DC32 2
   \   00000004   536D696C6573       DC8 "Smiles .png path"
   \              202E706E6720
   \              7061746800  
   \   00000015   000000000000       DC8 0, 0, 0, 0, 0, 0, 0, 0, 0, 0, 0, 0, 0, 0, 0
   \              000000000000
   \              000000      
   \   00000024   000000003F00       DC32 0, 63
   \              0000        

   \                                 In segment CONFIG_C, align 4, align-sorted, root
     35            __root const char SMILE_PATH[64]=DEFAULT_DISK ":\\ZBin\\NatICQ\\smiles";
   \                     SMILE_PATH:
   \   00000000   343A5C5A4269       DC8 "4:\\ZBin\\NatICQ\\smiles"
   \              6E5C4E617449
   \              43515C736D69
   \              6C657300    
   \   00000016   000000000000       DC8 0, 0, 0, 0, 0, 0, 0, 0, 0, 0, 0, 0, 0, 0, 0, 0
   \              000000000000
   \              00000000    
   \   00000026   000000000000       DC8 0, 0, 0, 0, 0, 0, 0, 0, 0, 0, 0, 0, 0, 0, 0, 0
   \              000000000000
   \              00000000    
   \   00000036   000000000000       DC8 0, 0, 0, 0, 0, 0, 0, 0, 0, 0
   \              00000000    
     36          

   \                                 In segment CONFIG_C, align 4, align-sorted, root
     37            __root const CFG_HDR cfghdr2_7={CFG_STR_UTF8,"Images .png path",0,63};
   \                     cfghdr2_7:
   \   00000000   02000000           DC32 2
   \   00000004   496D61676573       DC8 "Images .png path"
   \              202E706E6720
   \              7061746800  
   \   00000015   000000000000       DC8 0, 0, 0, 0, 0, 0, 0, 0, 0, 0, 0, 0, 0, 0, 0
   \              000000000000
   \              000000      
   \   00000024   000000003F00       DC32 0, 63
   \              0000        

   \                                 In segment CONFIG_C, align 4, align-sorted, root
     38            __root const char ICON_PATH[64]=DEFAULT_DISK ":\\ZBin\\NatICQ\\img";
   \                     ICON_PATH:
   \   00000000   343A5C5A4269       DC8 "4:\\ZBin\\NatICQ\\img"
   \              6E5C4E617449
   \              43515C696D67
   \              00          
   \   00000013   000000000000       DC8 0, 0, 0, 0, 0, 0, 0, 0, 0, 0, 0, 0, 0, 0, 0, 0
   \              000000000000
   \              00000000    
   \   00000023   000000000000       DC8 0, 0, 0, 0, 0, 0, 0, 0, 0, 0, 0, 0, 0, 0, 0, 0
   \              000000000000
   \              00000000    
   \   00000033   000000000000       DC8 0, 0, 0, 0, 0, 0, 0, 0, 0, 0, 0, 0, 0
   \              000000000000
   \              00          
     39          

   \                                 In segment CONFIG_C, align 4, align-sorted, root
     40            __root const CFG_HDR cfghdr2_8={CFG_STR_UTF8,"XStatus .png path",0,63};
   \                     cfghdr2_8:
   \   00000000   02000000           DC32 2
   \   00000004   585374617475       DC8 "XStatus .png path"
   \              73202E706E67
   \              207061746800
   \   00000016   000000000000       DC8 0, 0, 0, 0, 0, 0, 0, 0, 0, 0, 0, 0, 0, 0
   \              000000000000
   \              0000        
   \   00000024   000000003F00       DC32 0, 63
   \              0000        

   \                                 In segment CONFIG_C, align 4, align-sorted, root
     41            __root const char XSTATUSES_PATH[64]=DEFAULT_DISK ":\\ZBin\\NatICQ\\ximg";
   \                     XSTATUSES_PATH:
   \   00000000   343A5C5A4269       DC8 "4:\\ZBin\\NatICQ\\ximg"
   \              6E5C4E617449
   \              43515C78696D
   \              6700        
   \   00000014   000000000000       DC8 0, 0, 0, 0, 0, 0, 0, 0, 0, 0, 0, 0, 0, 0, 0, 0
   \              000000000000
   \              00000000    
   \   00000024   000000000000       DC8 0, 0, 0, 0, 0, 0, 0, 0, 0, 0, 0, 0, 0, 0, 0, 0
   \              000000000000
   \              00000000    
   \   00000034   000000000000       DC8 0, 0, 0, 0, 0, 0, 0, 0, 0, 0, 0, 0
   \              000000000000
     42          

   \                                 In segment CONFIG_C, align 4, align-sorted, root
     43            __root const CFG_HDR cfghdr2_9={CFG_STR_UTF8,"Templates path",0,63};
   \                     cfghdr2_9:
   \   00000000   02000000           DC32 2
   \   00000004   54656D706C61       DC8 "Templates path"
   \              746573207061
   \              746800      
   \   00000013   000000000000       DC8 0, 0, 0, 0, 0, 0, 0, 0, 0, 0, 0, 0, 0, 0, 0, 0, 0
   \              000000000000
   \              0000000000  
   \   00000024   000000003F00       DC32 0, 63
   \              0000        

   \                                 In segment CONFIG_C, align 4, align-sorted, root
     44            __root const char TEMPLATES_PATH[64]=DEFAULT_DISK ":\\ZBin\\NatICQ\\templates";
   \                     TEMPLATES_PATH:
   \   00000000   343A5C5A4269       DC8 "4:\\ZBin\\NatICQ\\templates"
   \              6E5C4E617449
   \              43515C74656D
   \              706C61746573
   \              00          
   \   00000019   000000000000       DC8 0, 0, 0, 0, 0, 0, 0, 0, 0, 0, 0, 0, 0, 0, 0, 0
   \              000000000000
   \              00000000    
   \   00000029   000000000000       DC8 0, 0, 0, 0, 0, 0, 0, 0, 0, 0, 0, 0, 0, 0, 0, 0, 0, 0, 0, 0, 0, 0, 0
   \              000000000000
   \              000000000000
   \              0000000000  

   \                                 In segment CONFIG_C, align 4, align-sorted, root
     45          __root const CFG_HDR cfghdr3={CFG_LEVEL,"",0,0};
   \                     cfghdr3:
   \   00000000   09000000           DC32 9
   \   00000004   00                 DC8 ""
   \   00000005   000000000000       DC8 0, 0, 0, 0, 0, 0, 0, 0, 0, 0, 0, 0, 0, 0, 0, 0
   \              000000000000
   \              00000000    
   \   00000015   000000000000       DC8 0, 0, 0, 0, 0, 0, 0, 0, 0, 0, 0, 0, 0, 0, 0
   \              000000000000
   \              000000      
   \   00000024   000000000000       DC32 0, 0
   \              0000        
     46          
     47          //View settings

   \                                 In segment CONFIG_C, align 4, align-sorted, root
     48          __root const CFG_HDR cfghdr4={CFG_LEVEL,"Interface",1,0};
   \                     cfghdr4:
   \   00000000   09000000           DC32 9
   \   00000004   496E74657266       DC8 "Interface"
   \              61636500    
   \   0000000E   000000000000       DC8 0, 0, 0, 0, 0, 0, 0, 0, 0, 0, 0, 0, 0, 0, 0, 0, 0, 0, 0, 0, 0, 0
   \              000000000000
   \              000000000000
   \              00000000    
   \   00000024   010000000000       DC32 1, 0
   \              0000        
     49          //Status icon on mainscreen position

   \                                 In segment CONFIG_C, align 4, align-sorted, root
     50            __root const CFG_HDR cfghdr4_1={CFG_COORDINATES,"Idle icon position",0,0};
   \                     cfghdr4_1:
   \   00000000   07000000           DC32 7
   \   00000004   49646C652069       DC8 "Idle icon position"
   \              636F6E20706F
   \              736974696F6E
   \              00          
   \   00000017   000000000000       DC8 0, 0, 0, 0, 0, 0, 0, 0, 0, 0, 0, 0, 0
   \              000000000000
   \              00          
   \   00000024   000000000000       DC32 0, 0
   \              0000        

   \                                 In segment CONFIG_C, align 4, align-sorted, root
     51            __root const unsigned int IDLEICON_X=0;
   \                     IDLEICON_X:
   \   00000000   00000000           DC32 0

   \                                 In segment CONFIG_C, align 4, align-sorted, root
     52            __root const unsigned int IDLEICON_Y=50;
   \                     IDLEICON_Y:
   \   00000000   32000000           DC32 50
     53          
     54          //Popup chat

   \                                 In segment CONFIG_C, align 4, align-sorted, root
     55            __root const CFG_HDR cfghdr4_2={CFG_CBOX,"Popup",0,4};
   \                     cfghdr4_2:
   \   00000000   05000000           DC32 5
   \   00000004   506F70757000       DC8 "Popup"
   \   0000000A   000000000000       DC8 0, 0, 0, 0, 0, 0, 0, 0, 0, 0, 0, 0, 0, 0, 0, 0
   \              000000000000
   \              00000000    
   \   0000001A   000000000000       DC8 0, 0, 0, 0, 0, 0, 0, 0, 0, 0
   \              00000000    
   \   00000024   000000000400       DC32 0, 4
   \              0000        

   \                                 In segment CONFIG_C, align 4, align-sorted, root
     56            __root const int DEVELOP_IF = 3;
   \                     DEVELOP_IF:
   \   00000000   03000000           DC32 3

   \                                 In segment CONFIG_C, align 4, align-sorted, root
     57            __root const CFG_CBOX_ITEM cfgcbox15_1[4]={"Always", "If Kbd Unlock","Never", "After unlock"};
   \                     cfgcbox15_1:
   \   00000000   416C77617973       DC8 "Always"
   \              00          
   \   00000007   000000000000       DC8 0, 0, 0, 0, 0, 0, 0, 0, 0, 0, 0, 0, 0, 0, 0, 0
   \              000000000000
   \              00000000    
   \   00000017   000000000000       DC8 0, 0, 0, 0, 0, 0, 0, 0, 0
   \              000000      
   \   00000020   4966204B6264       DC8 "If Kbd Unlock"
   \              20556E6C6F63
   \              6B00        
   \   0000002E   000000000000       DC8 0, 0, 0, 0, 0, 0, 0, 0, 0, 0, 0, 0, 0, 0, 0, 0, 0, 0
   \              000000000000
   \              000000000000
   \   00000040   4E6576657200       DC8 "Never"
   \   00000046   000000000000       DC8 0, 0, 0, 0, 0, 0, 0, 0, 0, 0, 0, 0, 0, 0, 0, 0
   \              000000000000
   \              00000000    
   \   00000056   000000000000       DC8 0, 0, 0, 0, 0, 0, 0, 0, 0, 0
   \              00000000    
   \   00000060   416674657220       DC8 "After unlock"
   \              756E6C6F636B
   \              00          
   \   0000006D   000000000000       DC8 0, 0, 0, 0, 0, 0, 0, 0, 0, 0, 0, 0, 0, 0, 0, 0, 0, 0, 0
   \              000000000000
   \              000000000000
   \              00          
     58          
     59          #ifdef kluchnik

   \                                 In segment CONFIG_C, align 4, align-sorted, root
     60            __root const CFG_HDR cfghdr4_3={CFG_CBOX,"Sort CList",0,2};
   \                     cfghdr4_3:
   \   00000000   05000000           DC32 5
   \   00000004   536F72742043       DC8 "Sort CList"
   \              4C69737400  
   \   0000000F   000000000000       DC8 0, 0, 0, 0, 0, 0, 0, 0, 0, 0, 0, 0, 0, 0, 0, 0, 0, 0, 0, 0, 0
   \              000000000000
   \              000000000000
   \              000000      
   \   00000024   000000000200       DC32 0, 2
   \              0000        

   \                                 In segment CONFIG_C, align 4, align-sorted, root
     61            __root const int SORT_CLIST = 1;
   \                     SORT_CLIST:
   \   00000000   01000000           DC32 1

   \                                 In segment CONFIG_C, align 4, align-sorted, root
     62            __root const CFG_CBOX_ITEM cfgcbox4_3[2]={"By Name","By Status"};
   \                     cfgcbox4_3:
   \   00000000   4279204E616D       DC8 "By Name"
   \              6500        
   \   00000008   000000000000       DC8 0, 0, 0, 0, 0, 0, 0, 0, 0, 0, 0, 0, 0, 0, 0, 0
   \              000000000000
   \              00000000    
   \   00000018   000000000000       DC8 0, 0, 0, 0, 0, 0, 0, 0
   \              0000        
   \   00000020   427920537461       DC8 "By Status"
   \              74757300    
   \   0000002A   000000000000       DC8 0, 0, 0, 0, 0, 0, 0, 0, 0, 0, 0, 0, 0, 0, 0, 0, 0, 0, 0, 0, 0, 0
   \              000000000000
   \              000000000000
   \              00000000    
     63          #else
     64            //Sorting
     65            __root const CFG_HDR cfghdr4_3={CFG_CBOX,"Sort CList",0,2};
     66            __root const int SORT_CLIST = 0;
     67            __root const CFG_CBOX_ITEM cfgcbox4_3[2]={"By Name","By Status"};
     68          #endif
     69          //First letter when typing

   \                                 In segment CONFIG_C, align 4, align-sorted, root
     70            __root const CFG_HDR cfghdr4_4={CFG_CBOX,"First letter",0,2};
   \                     cfghdr4_4:
   \   00000000   05000000           DC32 5
   \   00000004   466972737420       DC8 "First letter"
   \              6C6574746572
   \              00          
   \   00000011   000000000000       DC8 0, 0, 0, 0, 0, 0, 0, 0, 0, 0, 0, 0, 0, 0, 0, 0, 0, 0, 0
   \              000000000000
   \              000000000000
   \              00          
   \   00000024   000000000200       DC32 0, 2
   \              0000        

   \                                 In segment CONFIG_C, align 4, align-sorted, root
     71            __root const int FIRST_LETTER = 0;
   \                     FIRST_LETTER:
   \   00000000   00000000           DC32 0

   \                                 In segment CONFIG_C, align 4, align-sorted, root
     72            __root const CFG_CBOX_ITEM cfgcbox4_4[2]={"Small","Big"};
   \                     cfgcbox4_4:
   \   00000000   536D616C6C00       DC8 "Small"
   \   00000006   000000000000       DC8 0, 0, 0, 0, 0, 0, 0, 0, 0, 0, 0, 0, 0, 0, 0, 0
   \              000000000000
   \              00000000    
   \   00000016   000000000000       DC8 0, 0, 0, 0, 0, 0, 0, 0, 0, 0
   \              00000000    
   \   00000020   42696700           DC8 "Big"
   \   00000024   000000000000       DC8 0, 0, 0, 0, 0, 0, 0, 0, 0, 0, 0, 0, 0, 0, 0, 0
   \              000000000000
   \              00000000    
   \   00000034   000000000000       DC8 0, 0, 0, 0, 0, 0, 0, 0, 0, 0, 0, 0
   \              000000000000
     73          
     74            //Fonts and colors

   \                                 In segment CONFIG_C, align 4, align-sorted, root
     75            __root const CFG_HDR cfghdr4_5={CFG_LEVEL,"Font and colors",1,0};
   \                     cfghdr4_5:
   \   00000000   09000000           DC32 9
   \   00000004   466F6E742061       DC8 "Font and colors"
   \              6E6420636F6C
   \              6F727300    
   \   00000014   000000000000       DC8 0, 0, 0, 0, 0, 0, 0, 0, 0, 0, 0, 0, 0, 0, 0, 0
   \              000000000000
   \              00000000    
   \   00000024   010000000000       DC32 1, 0
   \              0000        
     76            
     77          #ifdef kluchnik

   \                                 In segment CONFIG_C, align 4, align-sorted, root
     78            __root const CFG_HDR cfghdr4_5_1={CFG_UINT,"My string color",0,1000};
   \                     cfghdr4_5_1:
   \   00000000   01000000           DC32 1
   \   00000004   4D7920737472       DC8 "My string color"
   \              696E6720636F
   \              6C6F7200    
   \   00000014   000000000000       DC8 0, 0, 0, 0, 0, 0, 0, 0, 0, 0, 0, 0, 0, 0, 0, 0
   \              000000000000
   \              00000000    
   \   00000024   00000000E803       DC32 0, 1000
   \              0000        

   \                                 In segment CONFIG_C, align 4, align-sorted, root
     79            __root const unsigned int I_COLOR=3;
   \                     I_COLOR:
   \   00000000   03000000           DC32 3
     80            

   \                                 In segment CONFIG_C, align 4, align-sorted, root
     81            __root const CFG_HDR cfghdr4_5_2={CFG_UINT,"Your string color",0,1000};
   \                     cfghdr4_5_2:
   \   00000000   01000000           DC32 1
   \   00000004   596F75722073       DC8 "Your string color"
   \              7472696E6720
   \              636F6C6F7200
   \   00000016   000000000000       DC8 0, 0, 0, 0, 0, 0, 0, 0, 0, 0, 0, 0, 0, 0
   \              000000000000
   \              0000        
   \   00000024   00000000E803       DC32 0, 1000
   \              0000        

   \                                 In segment CONFIG_C, align 4, align-sorted, root
     82            __root const unsigned int TO_COLOR=2;
   \                     TO_COLOR:
   \   00000000   02000000           DC32 2
     83            

   \                                 In segment CONFIG_C, align 4, align-sorted, root
     84            __root const CFG_HDR cfghdr4_5_3={CFG_UINT,"XStatus color",0,1000};
   \                     cfghdr4_5_3:
   \   00000000   01000000           DC32 1
   \   00000004   585374617475       DC8 "XStatus color"
   \              7320636F6C6F
   \              7200        
   \   00000012   000000000000       DC8 0, 0, 0, 0, 0, 0, 0, 0, 0, 0, 0, 0, 0, 0, 0, 0, 0, 0
   \              000000000000
   \              000000000000
   \   00000024   00000000E803       DC32 0, 1000
   \              0000        

   \                                 In segment CONFIG_C, align 4, align-sorted, root
     85            __root const unsigned int X_COLOR=7;
   \                     X_COLOR:
   \   00000000   07000000           DC32 7
     86            

   \                                 In segment CONFIG_C, align 4, align-sorted, root
     87            __root const CFG_HDR cfghdr4_5_4={CFG_UINT,"Main font size",0,6};
   \                     cfghdr4_5_4:
   \   00000000   01000000           DC32 1
   \   00000004   4D61696E2066       DC8 "Main font size"
   \              6F6E74207369
   \              7A6500      
   \   00000013   000000000000       DC8 0, 0, 0, 0, 0, 0, 0, 0, 0, 0, 0, 0, 0, 0, 0, 0, 0
   \              000000000000
   \              0000000000  
   \   00000024   000000000600       DC32 0, 6
   \              0000        

   \                                 In segment CONFIG_C, align 4, align-sorted, root
     88            __root const unsigned int ED_FONT_SIZE=3;
   \                     ED_FONT_SIZE:
   \   00000000   03000000           DC32 3
     89            

   \                                 In segment CONFIG_C, align 4, align-sorted, root
     90            __root const CFG_HDR cfghdr4_5_5={CFG_UINT,"Header font size",0,6};
   \                     cfghdr4_5_5:
   \   00000000   01000000           DC32 1
   \   00000004   486561646572       DC8 "Header font size"
   \              20666F6E7420
   \              73697A6500  
   \   00000015   000000000000       DC8 0, 0, 0, 0, 0, 0, 0, 0, 0, 0, 0, 0, 0, 0, 0
   \              000000000000
   \              000000      
   \   00000024   000000000600       DC32 0, 6
   \              0000        

   \                                 In segment CONFIG_C, align 4, align-sorted, root
     91            __root const unsigned int ED_H_FONT_SIZE=2;
   \                     ED_H_FONT_SIZE:
   \   00000000   02000000           DC32 2
     92            

   \                                 In segment CONFIG_C, align 4, align-sorted, root
     93            __root const CFG_HDR cfghdr4_5_6={CFG_UINT,"XStatus font size",0,6};
   \                     cfghdr4_5_6:
   \   00000000   01000000           DC32 1
   \   00000004   585374617475       DC8 "XStatus font size"
   \              7320666F6E74
   \              2073697A6500
   \   00000016   000000000000       DC8 0, 0, 0, 0, 0, 0, 0, 0, 0, 0, 0, 0, 0, 0
   \              000000000000
   \              0000        
   \   00000024   000000000600       DC32 0, 6
   \              0000        

   \                                 In segment CONFIG_C, align 4, align-sorted, root
     94            __root const unsigned int ED_X_FONT_SIZE=1;
   \                     ED_X_FONT_SIZE:
   \   00000000   01000000           DC32 1
     95            

   \                                 In segment CONFIG_C, align 4, align-sorted, root
     96            __root const CFG_HDR cfghdr4_5_7={CFG_UINT,"My old string color",0,1000};
   \                     cfghdr4_5_7:
   \   00000000   01000000           DC32 1
   \   00000004   4D79206F6C64       DC8 "My old string color"
   \              20737472696E
   \              6720636F6C6F
   \              7200        
   \   00000018   000000000000       DC8 0, 0, 0, 0, 0, 0, 0, 0, 0, 0, 0, 0
   \              000000000000
   \   00000024   00000000E803       DC32 0, 1000
   \              0000        

   \                                 In segment CONFIG_C, align 4, align-sorted, root
     97            __root const unsigned int O_I_COLOR=15;
   \                     O_I_COLOR:
   \   00000000   0F000000           DC32 15
     98            

   \                                 In segment CONFIG_C, align 4, align-sorted, root
     99            __root const CFG_HDR cfghdr4_5_8={CFG_UINT,"Your old string color",0,1000};
   \                     cfghdr4_5_8:
   \   00000000   01000000           DC32 1
   \   00000004   596F7572206F       DC8 "Your old string color"
   \              6C6420737472
   \              696E6720636F
   \              6C6F7200    
   \   0000001A   000000000000       DC8 0, 0, 0, 0, 0, 0, 0, 0, 0, 0
   \              00000000    
   \   00000024   00000000E803       DC32 0, 1000
   \              0000        

   \                                 In segment CONFIG_C, align 4, align-sorted, root
    100            __root const unsigned int O_TO_COLOR=14;
   \                     O_TO_COLOR:
   \   00000000   0E000000           DC32 14
    101              

   \                                 In segment CONFIG_C, align 4, align-sorted, root
    102            __root const CFG_HDR cfghdr4_5_9={CFG_UINT,"XStatus old color",0,1000};
   \                     cfghdr4_5_9:
   \   00000000   01000000           DC32 1
   \   00000004   585374617475       DC8 "XStatus old color"
   \              73206F6C6420
   \              636F6C6F7200
   \   00000016   000000000000       DC8 0, 0, 0, 0, 0, 0, 0, 0, 0, 0, 0, 0, 0, 0
   \              000000000000
   \              0000        
   \   00000024   00000000E803       DC32 0, 1000
   \              0000        

   \                                 In segment CONFIG_C, align 4, align-sorted, root
    103            __root const unsigned int O_X_COLOR=22;
   \                     O_X_COLOR:
   \   00000000   16000000           DC32 22
    104            

   \                                 In segment CONFIG_C, align 4, align-sorted, root
    105            __root const CFG_HDR cfghdr4_5_10={CFG_UINT,"Main old font size",0,6};
   \                     cfghdr4_5_10:
   \   00000000   01000000           DC32 1
   \   00000004   4D61696E206F       DC8 "Main old font size"
   \              6C6420666F6E
   \              742073697A65
   \              00          
   \   00000017   000000000000       DC8 0, 0, 0, 0, 0, 0, 0, 0, 0, 0, 0, 0, 0
   \              000000000000
   \              00          
   \   00000024   000000000600       DC32 0, 6
   \              0000        

   \                                 In segment CONFIG_C, align 4, align-sorted, root
    106            __root const unsigned int O_ED_FONT_SIZE=1;
   \                     O_ED_FONT_SIZE:
   \   00000000   01000000           DC32 1
    107            

   \                                 In segment CONFIG_C, align 4, align-sorted, root
    108            __root const CFG_HDR cfghdr4_5_11={CFG_UINT,"Header old font size",0,6};
   \                     cfghdr4_5_11:
   \   00000000   01000000           DC32 1
   \   00000004   486561646572       DC8 "Header old font size"
   \              206F6C642066
   \              6F6E74207369
   \              7A6500      
   \   00000019   000000000000       DC8 0, 0, 0, 0, 0, 0, 0, 0, 0, 0, 0
   \              0000000000  
   \   00000024   000000000600       DC32 0, 6
   \              0000        

   \                                 In segment CONFIG_C, align 4, align-sorted, root
    109            __root const unsigned int O_ED_H_FONT_SIZE=2;
   \                     O_ED_H_FONT_SIZE:
   \   00000000   02000000           DC32 2
    110            

   \                                 In segment CONFIG_C, align 4, align-sorted, root
    111            __root const CFG_HDR cfghdr4_5_12={CFG_UINT,"XStatus old font size",0,6};
   \                     cfghdr4_5_12:
   \   00000000   01000000           DC32 1
   \   00000004   585374617475       DC8 "XStatus old font size"
   \              73206F6C6420
   \              666F6E742073
   \              697A6500    
   \   0000001A   000000000000       DC8 0, 0, 0, 0, 0, 0, 0, 0, 0, 0
   \              00000000    
   \   00000024   000000000600       DC32 0, 6
   \              0000        

   \                                 In segment CONFIG_C, align 4, align-sorted, root
    112            __root const unsigned int O_ED_X_FONT_SIZE=1;
   \                     O_ED_X_FONT_SIZE:
   \   00000000   01000000           DC32 1
    113            

   \                                 In segment CONFIG_C, align 4, align-sorted, root
    114            __root const CFG_HDR cfghdr4_5_13={CFG_UINT,"Acked color",0,1000};
   \                     cfghdr4_5_13:
   \   00000000   01000000           DC32 1
   \   00000004   41636B656420       DC8 "Acked color"
   \              636F6C6F7200
   \   00000010   000000000000       DC8 0, 0, 0, 0, 0, 0, 0, 0, 0, 0, 0, 0, 0, 0, 0, 0, 0, 0, 0, 0
   \              000000000000
   \              000000000000
   \              0000        
   \   00000024   00000000E803       DC32 0, 1000
   \              0000        

   \                                 In segment CONFIG_C, align 4, align-sorted, root
    115            __root const unsigned int ACK_COLOR=4;
   \                     ACK_COLOR:
   \   00000000   04000000           DC32 4
    116            

   \                                 In segment CONFIG_C, align 4, align-sorted, root
    117            __root const CFG_HDR cfghdr4_5_14={CFG_UINT,"Unacked color",0,1000};
   \                     cfghdr4_5_14:
   \   00000000   01000000           DC32 1
   \   00000004   556E61636B65       DC8 "Unacked color"
   \              6420636F6C6F
   \              7200        
   \   00000012   000000000000       DC8 0, 0, 0, 0, 0, 0, 0, 0, 0, 0, 0, 0, 0, 0, 0, 0, 0, 0
   \              000000000000
   \              000000000000
   \   00000024   00000000E803       DC32 0, 1000
   \              0000        

   \                                 In segment CONFIG_C, align 4, align-sorted, root
    118            __root const unsigned int UNACK_COLOR=20;
   \                     UNACK_COLOR:
   \   00000000   14000000           DC32 20
    119          #else
    120              __root const CFG_HDR cfghdr4_5_1={CFG_UINT,"My string color",0,1000};
    121              __root const unsigned int I_COLOR=3;
    122            
    123              __root const CFG_HDR cfghdr4_5_2={CFG_UINT,"Your string color",0,1000};
    124              __root const unsigned int TO_COLOR=2;
    125            
    126              __root const CFG_HDR cfghdr4_5_3={CFG_UINT,"XStatus color",0,1000};
    127              __root const unsigned int X_COLOR=2;
    128            
    129              __root const CFG_HDR cfghdr4_5_4={CFG_UINT,"Main font size",0,6};
    130              __root const unsigned int ED_FONT_SIZE=1;
    131            
    132              __root const CFG_HDR cfghdr4_5_5={CFG_UINT,"Header font size",0,6};
    133              __root const unsigned int ED_H_FONT_SIZE=2;
    134            
    135              __root const CFG_HDR cfghdr4_5_6={CFG_UINT,"XStatus font size",0,6};
    136              __root const unsigned int ED_X_FONT_SIZE=1;
    137            
    138              __root const CFG_HDR cfghdr4_5_7={CFG_UINT,"My old string color",0,1000};
    139              __root const unsigned int O_I_COLOR=15;
    140            
    141              __root const CFG_HDR cfghdr4_5_8={CFG_UINT,"Your old string color",0,1000};
    142              __root const unsigned int O_TO_COLOR=14;
    143              
    144              __root const CFG_HDR cfghdr4_5_9={CFG_UINT,"XStatus old color",0,1000};
    145              __root const unsigned int O_X_COLOR=14;
    146            
    147              __root const CFG_HDR cfghdr4_5_10={CFG_UINT,"Main old font size",0,6};
    148              __root const unsigned int O_ED_FONT_SIZE=1;
    149            
    150              __root const CFG_HDR cfghdr4_5_11={CFG_UINT,"Header old font size",0,6};
    151              __root const unsigned int O_ED_H_FONT_SIZE=2;
    152            
    153              __root const CFG_HDR cfghdr4_5_12={CFG_UINT,"XStatus old font size",0,6};
    154              __root const unsigned int O_ED_X_FONT_SIZE=1;
    155            
    156              __root const CFG_HDR cfghdr4_5_13={CFG_UINT,"Acked color",0,1000};
    157              __root const unsigned int ACK_COLOR=4;
    158            
    159              __root const CFG_HDR cfghdr4_5_14={CFG_UINT,"Unacked color",0,1000};
    160              __root const unsigned int UNACK_COLOR=20;
    161            
    162          #endif
    163          //Color for background in select smail

   \                                 In segment CONFIG_C, align 4, align-sorted, root
    164            __root const CFG_HDR cfghdr19_1={CFG_UINT,"Smile BG color",0,23};
   \                     cfghdr19_1:
   \   00000000   01000000           DC32 1
   \   00000004   536D696C6520       DC8 "Smile BG color"
   \              424720636F6C
   \              6F7200      
   \   00000013   000000000000       DC8 0, 0, 0, 0, 0, 0, 0, 0, 0, 0, 0, 0, 0, 0, 0, 0, 0
   \              000000000000
   \              0000000000  
   \   00000024   000000001700       DC32 0, 23
   \              0000        

   \                                 In segment CONFIG_C, align 4, align-sorted, root
    165            __root const unsigned int color_choose = 1;
   \                     color_choose:
   \   00000000   01000000           DC32 1
    166          

   \                                 In segment CONFIG_C, align 4, align-sorted, root
    167            __root const CFG_HDR cfghdr4_6={CFG_LEVEL,"",0,0};  
   \                     cfghdr4_6:
   \   00000000   09000000           DC32 9
   \   00000004   00                 DC8 ""
   \   00000005   000000000000       DC8 0, 0, 0, 0, 0, 0, 0, 0, 0, 0, 0, 0, 0, 0, 0, 0
   \              000000000000
   \              00000000    
   \   00000015   000000000000       DC8 0, 0, 0, 0, 0, 0, 0, 0, 0, 0, 0, 0, 0, 0, 0
   \              000000000000
   \              000000      
   \   00000024   000000000000       DC32 0, 0
   \              0000        
    168          
    169            //Illumination by BoBa 19.04.2007

   \                                 In segment CONFIG_C, align 4, align-sorted, root
    170            __root const CFG_HDR cfghdr4_7={CFG_LEVEL,"Illumination setup",1,0};
   \                     cfghdr4_7:
   \   00000000   09000000           DC32 9
   \   00000004   496C6C756D69       DC8 "Illumination setup"
   \              6E6174696F6E
   \              207365747570
   \              00          
   \   00000017   000000000000       DC8 0, 0, 0, 0, 0, 0, 0, 0, 0, 0, 0, 0, 0
   \              000000000000
   \              00          
   \   00000024   010000000000       DC32 1, 0
   \              0000        

   \                                 In segment CONFIG_C, align 4, align-sorted, root
    171              __root const CFG_HDR cfghdr4_7_1={CFG_INT,"Display on Recv",0,100};
   \                     cfghdr4_7_1:
   \   00000000   03000000           DC32 3
   \   00000004   446973706C61       DC8 "Display on Recv"
   \              79206F6E2052
   \              65637600    
   \   00000014   000000000000       DC8 0, 0, 0, 0, 0, 0, 0, 0, 0, 0, 0, 0, 0, 0, 0, 0
   \              000000000000
   \              00000000    
   \   00000024   000000006400       DC32 0, 100
   \              0000        

   \                                 In segment CONFIG_C, align 4, align-sorted, root
    172              __root const unsigned int ILL_DISP_RECV=10;
   \                     ILL_DISP_RECV:
   \   00000000   0A000000           DC32 10
    173            

   \                                 In segment CONFIG_C, align 4, align-sorted, root
    174              __root const CFG_HDR cfghdr4_7_2={CFG_INT,"Keys on Recv",0,100};
   \                     cfghdr4_7_2:
   \   00000000   03000000           DC32 3
   \   00000004   4B657973206F       DC8 "Keys on Recv"
   \              6E2052656376
   \              00          
   \   00000011   000000000000       DC8 0, 0, 0, 0, 0, 0, 0, 0, 0, 0, 0, 0, 0, 0, 0, 0, 0, 0, 0
   \              000000000000
   \              000000000000
   \              00          
   \   00000024   000000006400       DC32 0, 100
   \              0000        

   \                                 In segment CONFIG_C, align 4, align-sorted, root
    175              __root const unsigned int ILL_KEYS_RECV=10;
   \                     ILL_KEYS_RECV:
   \   00000000   0A000000           DC32 10
    176            

   \                                 In segment CONFIG_C, align 4, align-sorted, root
    177              __root const CFG_HDR cfghdr4_7_3={CFG_INT,"Timeout on Recv",0,60};
   \                     cfghdr4_7_3:
   \   00000000   03000000           DC32 3
   \   00000004   54696D656F75       DC8 "Timeout on Recv"
   \              74206F6E2052
   \              65637600    
   \   00000014   000000000000       DC8 0, 0, 0, 0, 0, 0, 0, 0, 0, 0, 0, 0, 0, 0, 0, 0
   \              000000000000
   \              00000000    
   \   00000024   000000003C00       DC32 0, 60
   \              0000        

   \                                 In segment CONFIG_C, align 4, align-sorted, root
    178              __root const unsigned int ILL_RECV_TMR=10;
   \                     ILL_RECV_TMR:
   \   00000000   0A000000           DC32 10
    179            

   \                                 In segment CONFIG_C, align 4, align-sorted, root
    180              __root const CFG_HDR cfghdr4_7_4={CFG_INT,"Fade on Recv",0,1000};
   \                     cfghdr4_7_4:
   \   00000000   03000000           DC32 3
   \   00000004   46616465206F       DC8 "Fade on Recv"
   \              6E2052656376
   \              00          
   \   00000011   000000000000       DC8 0, 0, 0, 0, 0, 0, 0, 0, 0, 0, 0, 0, 0, 0, 0, 0, 0, 0, 0
   \              000000000000
   \              000000000000
   \              00          
   \   00000024   00000000E803       DC32 0, 1000
   \              0000        

   \                                 In segment CONFIG_C, align 4, align-sorted, root
    181              __root const unsigned int ILL_RECV_FADE=256;
   \                     ILL_RECV_FADE:
   \   00000000   00010000           DC32 256
    182            

   \                                 In segment CONFIG_C, align 4, align-sorted, root
    183              __root const CFG_HDR cfghdr4_7_5={CFG_INT,"Display on Send",0,100};
   \                     cfghdr4_7_5:
   \   00000000   03000000           DC32 3
   \   00000004   446973706C61       DC8 "Display on Send"
   \              79206F6E2053
   \              656E6400    
   \   00000014   000000000000       DC8 0, 0, 0, 0, 0, 0, 0, 0, 0, 0, 0, 0, 0, 0, 0, 0
   \              000000000000
   \              00000000    
   \   00000024   000000006400       DC32 0, 100
   \              0000        

   \                                 In segment CONFIG_C, align 4, align-sorted, root
    184              __root const unsigned int ILL_DISP_SEND=10;
   \                     ILL_DISP_SEND:
   \   00000000   0A000000           DC32 10
    185            

   \                                 In segment CONFIG_C, align 4, align-sorted, root
    186              __root const CFG_HDR cfghdr4_7_6={CFG_INT,"Keys on Send",0,100};
   \                     cfghdr4_7_6:
   \   00000000   03000000           DC32 3
   \   00000004   4B657973206F       DC8 "Keys on Send"
   \              6E2053656E64
   \              00          
   \   00000011   000000000000       DC8 0, 0, 0, 0, 0, 0, 0, 0, 0, 0, 0, 0, 0, 0, 0, 0, 0, 0, 0
   \              000000000000
   \              000000000000
   \              00          
   \   00000024   000000006400       DC32 0, 100
   \              0000        

   \                                 In segment CONFIG_C, align 4, align-sorted, root
    187              __root const unsigned int ILL_KEYS_SEND=0;
   \                     ILL_KEYS_SEND:
   \   00000000   00000000           DC32 0
    188            

   \                                 In segment CONFIG_C, align 4, align-sorted, root
    189              __root const CFG_HDR cfghdr4_7_7={CFG_INT,"Timeout on Send",0,60};
   \                     cfghdr4_7_7:
   \   00000000   03000000           DC32 3
   \   00000004   54696D656F75       DC8 "Timeout on Send"
   \              74206F6E2053
   \              656E6400    
   \   00000014   000000000000       DC8 0, 0, 0, 0, 0, 0, 0, 0, 0, 0, 0, 0, 0, 0, 0, 0
   \              000000000000
   \              00000000    
   \   00000024   000000003C00       DC32 0, 60
   \              0000        

   \                                 In segment CONFIG_C, align 4, align-sorted, root
    190              __root const unsigned int ILL_SEND_TMR=5;
   \                     ILL_SEND_TMR:
   \   00000000   05000000           DC32 5
    191            

   \                                 In segment CONFIG_C, align 4, align-sorted, root
    192              __root const CFG_HDR cfghdr4_7_8={CFG_INT,"Fade on Send",0,1000};
   \                     cfghdr4_7_8:
   \   00000000   03000000           DC32 3
   \   00000004   46616465206F       DC8 "Fade on Send"
   \              6E2053656E64
   \              00          
   \   00000011   000000000000       DC8 0, 0, 0, 0, 0, 0, 0, 0, 0, 0, 0, 0, 0, 0, 0, 0, 0, 0, 0
   \              000000000000
   \              000000000000
   \              00          
   \   00000024   00000000E803       DC32 0, 1000
   \              0000        

   \                                 In segment CONFIG_C, align 4, align-sorted, root
    193              __root const unsigned int ILL_SEND_FADE=256;
   \                     ILL_SEND_FADE:
   \   00000000   00010000           DC32 256
    194            

   \                                 In segment CONFIG_C, align 4, align-sorted, root
    195              __root const CFG_HDR cfghdr4_7_9={CFG_INT,"Fade on Off",0,1000};
   \                     cfghdr4_7_9:
   \   00000000   03000000           DC32 3
   \   00000004   46616465206F       DC8 "Fade on Off"
   \              6E204F666600
   \   00000010   000000000000       DC8 0, 0, 0, 0, 0, 0, 0, 0, 0, 0, 0, 0, 0, 0, 0, 0, 0, 0, 0, 0
   \              000000000000
   \              000000000000
   \              0000        
   \   00000024   00000000E803       DC32 0, 1000
   \              0000        

   \                                 In segment CONFIG_C, align 4, align-sorted, root
    196              __root const unsigned int ILL_OFF_FADE=256;
   \                     ILL_OFF_FADE:
   \   00000000   00010000           DC32 256

   \                                 In segment CONFIG_C, align 4, align-sorted, root
    197            __root const CFG_HDR cfghdr4_8={CFG_LEVEL,"",0,0};  
   \                     cfghdr4_8:
   \   00000000   09000000           DC32 9
   \   00000004   00                 DC8 ""
   \   00000005   000000000000       DC8 0, 0, 0, 0, 0, 0, 0, 0, 0, 0, 0, 0, 0, 0, 0, 0
   \              000000000000
   \              00000000    
   \   00000015   000000000000       DC8 0, 0, 0, 0, 0, 0, 0, 0, 0, 0, 0, 0, 0, 0, 0
   \              000000000000
   \              000000      
   \   00000024   000000000000       DC32 0, 0
   \              0000        
    198           

   \                                 In segment CONFIG_C, align 4, align-sorted, root
    199          __root const CFG_HDR cfghdr5={CFG_LEVEL,"",0,0};
   \                     cfghdr5:
   \   00000000   09000000           DC32 9
   \   00000004   00                 DC8 ""
   \   00000005   000000000000       DC8 0, 0, 0, 0, 0, 0, 0, 0, 0, 0, 0, 0, 0, 0, 0, 0
   \              000000000000
   \              00000000    
   \   00000015   000000000000       DC8 0, 0, 0, 0, 0, 0, 0, 0, 0, 0, 0, 0, 0, 0, 0
   \              000000000000
   \              000000      
   \   00000024   000000000000       DC32 0, 0
   \              0000        
    200          
    201          
    202          //------------------------------------------------------------------------------//
    203          //                                  HISTORY
    204          //------------------------------------------------------------------------------//
    205          
    206          //History

   \                                 In segment CONFIG_C, align 4, align-sorted, root
    207          __root const CFG_HDR cfghdr6={CFG_LEVEL,"History",1,0};
   \                     cfghdr6:
   \   00000000   09000000           DC32 9
   \   00000004   486973746F72       DC8 "History"
   \              7900        
   \   0000000C   000000000000       DC8 0, 0, 0, 0, 0, 0, 0, 0, 0, 0, 0, 0, 0, 0, 0, 0
   \              000000000000
   \              00000000    
   \   0000001C   000000000000       DC8 0, 0, 0, 0, 0, 0, 0, 0
   \              0000        
   \   00000024   010000000000       DC32 1, 0
   \              0000        
    208          

   \                                 In segment CONFIG_C, align 4, align-sorted, root
    209              __root const CFG_HDR cfghdr6_8={CFG_CBOX,"Show Active",0,2};
   \                     cfghdr6_8:
   \   00000000   05000000           DC32 5
   \   00000004   53686F772041       DC8 "Show Active"
   \              637469766500
   \   00000010   000000000000       DC8 0, 0, 0, 0, 0, 0, 0, 0, 0, 0, 0, 0, 0, 0, 0, 0, 0, 0, 0, 0
   \              000000000000
   \              000000000000
   \              0000        
   \   00000024   000000000200       DC32 0, 2
   \              0000        

   \                                 In segment CONFIG_C, align 4, align-sorted, root
    210              __root const int SHOW_ACTIVE = 1;
   \                     SHOW_ACTIVE:
   \   00000000   01000000           DC32 1

   \                                 In segment CONFIG_C, align 4, align-sorted, root
    211              __root const CFG_CBOX_ITEM cfgcbox6_8[2]={"No","Yes"};
   \                     cfgcbox6_8:
   \   00000000   4E6F00             DC8 "No"
   \   00000003   000000000000       DC8 0, 0, 0, 0, 0, 0, 0, 0, 0, 0, 0, 0, 0, 0, 0, 0
   \              000000000000
   \              00000000    
   \   00000013   000000000000       DC8 0, 0, 0, 0, 0, 0, 0, 0, 0, 0, 0, 0, 0
   \              000000000000
   \              00          
   \   00000020   59657300           DC8 "Yes"
   \   00000024   000000000000       DC8 0, 0, 0, 0, 0, 0, 0, 0, 0, 0, 0, 0, 0, 0, 0, 0
   \              000000000000
   \              00000000    
   \   00000034   000000000000       DC8 0, 0, 0, 0, 0, 0, 0, 0, 0, 0, 0, 0
   \              000000000000
    212          //Enable history logging

   \                                 In segment CONFIG_C, align 4, align-sorted, root
    213              __root const CFG_HDR cfghdr6_1={CFG_CBOX,"Enable logs",0,2};
   \                     cfghdr6_1:
   \   00000000   05000000           DC32 5
   \   00000004   456E61626C65       DC8 "Enable logs"
   \              206C6F677300
   \   00000010   000000000000       DC8 0, 0, 0, 0, 0, 0, 0, 0, 0, 0, 0, 0, 0, 0, 0, 0, 0, 0, 0, 0
   \              000000000000
   \              000000000000
   \              0000        
   \   00000024   000000000200       DC32 0, 2
   \              0000        

   \                                 In segment CONFIG_C, align 4, align-sorted, root
    214              __root const int LOG_ALL = 1;
   \                     LOG_ALL:
   \   00000000   01000000           DC32 1

   \                                 In segment CONFIG_C, align 4, align-sorted, root
    215              __root const CFG_CBOX_ITEM cfgcbox6_1[2]={"No","Yes"};
   \                     cfgcbox6_1:
   \   00000000   4E6F00             DC8 "No"
   \   00000003   000000000000       DC8 0, 0, 0, 0, 0, 0, 0, 0, 0, 0, 0, 0, 0, 0, 0, 0
   \              000000000000
   \              00000000    
   \   00000013   000000000000       DC8 0, 0, 0, 0, 0, 0, 0, 0, 0, 0, 0, 0, 0
   \              000000000000
   \              00          
   \   00000020   59657300           DC8 "Yes"
   \   00000024   000000000000       DC8 0, 0, 0, 0, 0, 0, 0, 0, 0, 0, 0, 0, 0, 0, 0, 0
   \              000000000000
   \              00000000    
   \   00000034   000000000000       DC8 0, 0, 0, 0, 0, 0, 0, 0, 0, 0, 0, 0
   \              000000000000
    216          
    217          //History type

   \                                 In segment CONFIG_C, align 4, align-sorted, root
    218              __root const CFG_HDR cfghdr6_2={CFG_CBOX,"History for",0,2};
   \                     cfghdr6_2:
   \   00000000   05000000           DC32 5
   \   00000004   486973746F72       DC8 "History for"
   \              7920666F7200
   \   00000010   000000000000       DC8 0, 0, 0, 0, 0, 0, 0, 0, 0, 0, 0, 0, 0, 0, 0, 0, 0, 0, 0, 0
   \              000000000000
   \              000000000000
   \              0000        
   \   00000024   000000000200       DC32 0, 2
   \              0000        

   \                                 In segment CONFIG_C, align 4, align-sorted, root
    219              __root const int HISTORY_TYPE = 1;
   \                     HISTORY_TYPE:
   \   00000000   01000000           DC32 1

   \                                 In segment CONFIG_C, align 4, align-sorted, root
    220              __root const CFG_CBOX_ITEM cfgcbox6_2[2]={"All","Everyone"};
   \                     cfgcbox6_2:
   \   00000000   416C6C00           DC8 "All"
   \   00000004   000000000000       DC8 0, 0, 0, 0, 0, 0, 0, 0, 0, 0, 0, 0, 0, 0, 0, 0
   \              000000000000
   \              00000000    
   \   00000014   000000000000       DC8 0, 0, 0, 0, 0, 0, 0, 0, 0, 0, 0, 0
   \              000000000000
   \   00000020   45766572796F       DC8 "Everyone"
   \              6E6500      
   \   00000029   000000000000       DC8 0, 0, 0, 0, 0, 0, 0, 0, 0, 0, 0, 0, 0, 0, 0, 0, 0, 0, 0, 0, 0, 0, 0
   \              000000000000
   \              000000000000
   \              0000000000  
    221            
    222          //Enable status logging

   \                                 In segment CONFIG_C, align 4, align-sorted, root
    223              __root const CFG_HDR cfghdr6_3={CFG_CBOX,"Log status changes",0,2};
   \                     cfghdr6_3:
   \   00000000   05000000           DC32 5
   \   00000004   4C6F67207374       DC8 "Log status changes"
   \              617475732063
   \              68616E676573
   \              00          
   \   00000017   000000000000       DC8 0, 0, 0, 0, 0, 0, 0, 0, 0, 0, 0, 0, 0
   \              000000000000
   \              00          
   \   00000024   000000000200       DC32 0, 2
   \              0000        

   \                                 In segment CONFIG_C, align 4, align-sorted, root
    224              __root const int LOG_STATCH = 0;
   \                     LOG_STATCH:
   \   00000000   00000000           DC32 0

   \                                 In segment CONFIG_C, align 4, align-sorted, root
    225              __root const CFG_CBOX_ITEM cfgcbox6_3[2]={"No","Yes"};
   \                     cfgcbox6_3:
   \   00000000   4E6F00             DC8 "No"
   \   00000003   000000000000       DC8 0, 0, 0, 0, 0, 0, 0, 0, 0, 0, 0, 0, 0, 0, 0, 0
   \              000000000000
   \              00000000    
   \   00000013   000000000000       DC8 0, 0, 0, 0, 0, 0, 0, 0, 0, 0, 0, 0, 0
   \              000000000000
   \              00          
   \   00000020   59657300           DC8 "Yes"
   \   00000024   000000000000       DC8 0, 0, 0, 0, 0, 0, 0, 0, 0, 0, 0, 0, 0, 0, 0, 0
   \              000000000000
   \              00000000    
   \   00000034   000000000000       DC8 0, 0, 0, 0, 0, 0, 0, 0, 0, 0, 0, 0
   \              000000000000
    226          
    227          //Enable X-status logging

   \                                 In segment CONFIG_C, align 4, align-sorted, root
    228              __root const CFG_HDR cfghdr6_4={CFG_CBOX,"Log X-Text",0,2};
   \                     cfghdr6_4:
   \   00000000   05000000           DC32 5
   \   00000004   4C6F6720582D       DC8 "Log X-Text"
   \              5465787400  
   \   0000000F   000000000000       DC8 0, 0, 0, 0, 0, 0, 0, 0, 0, 0, 0, 0, 0, 0, 0, 0, 0, 0, 0, 0, 0
   \              000000000000
   \              000000000000
   \              000000      
   \   00000024   000000000200       DC32 0, 2
   \              0000        

   \                                 In segment CONFIG_C, align 4, align-sorted, root
    229              __root const int LOG_XTXT = 1;
   \                     LOG_XTXT:
   \   00000000   01000000           DC32 1

   \                                 In segment CONFIG_C, align 4, align-sorted, root
    230              __root const CFG_CBOX_ITEM cfgcbox6_4[2]={"No","Yes"};
   \                     cfgcbox6_4:
   \   00000000   4E6F00             DC8 "No"
   \   00000003   000000000000       DC8 0, 0, 0, 0, 0, 0, 0, 0, 0, 0, 0, 0, 0, 0, 0, 0
   \              000000000000
   \              00000000    
   \   00000013   000000000000       DC8 0, 0, 0, 0, 0, 0, 0, 0, 0, 0, 0, 0, 0
   \              000000000000
   \              00          
   \   00000020   59657300           DC8 "Yes"
   \   00000024   000000000000       DC8 0, 0, 0, 0, 0, 0, 0, 0, 0, 0, 0, 0, 0, 0, 0, 0
   \              000000000000
   \              00000000    
   \   00000034   000000000000       DC8 0, 0, 0, 0, 0, 0, 0, 0, 0, 0, 0, 0
   \              000000000000
    231            
    232          //Auto request X-status if entering to chat

   \                                 In segment CONFIG_C, align 4, align-sorted, root
    233              __root const CFG_HDR cfghdr6_5={CFG_CBOX,"Auto Request XText",0,2};
   \                     cfghdr6_5:
   \   00000000   05000000           DC32 5
   \   00000004   4175746F2052       DC8 "Auto Request XText"
   \              657175657374
   \              205854657874
   \              00          
   \   00000017   000000000000       DC8 0, 0, 0, 0, 0, 0, 0, 0, 0, 0, 0, 0, 0
   \              000000000000
   \              00          
   \   00000024   000000000200       DC32 0, 2
   \              0000        

   \                                 In segment CONFIG_C, align 4, align-sorted, root
    234              __root const int ENA_AUTO_XTXT = 1;
   \                     ENA_AUTO_XTXT:
   \   00000000   01000000           DC32 1

   \                                 In segment CONFIG_C, align 4, align-sorted, root
    235              __root const CFG_CBOX_ITEM cfgcbox6_5[2]={"No","Yes"};
   \                     cfgcbox6_5:
   \   00000000   4E6F00             DC8 "No"
   \   00000003   000000000000       DC8 0, 0, 0, 0, 0, 0, 0, 0, 0, 0, 0, 0, 0, 0, 0, 0
   \              000000000000
   \              00000000    
   \   00000013   000000000000       DC8 0, 0, 0, 0, 0, 0, 0, 0, 0, 0, 0, 0, 0
   \              000000000000
   \              00          
   \   00000020   59657300           DC8 "Yes"
   \   00000024   000000000000       DC8 0, 0, 0, 0, 0, 0, 0, 0, 0, 0, 0, 0, 0, 0, 0, 0
   \              000000000000
   \              00000000    
   \   00000034   000000000000       DC8 0, 0, 0, 0, 0, 0, 0, 0, 0, 0, 0, 0
   \              000000000000
    236          
    237          //Don't log X-status, if it same as prevision

   \                                 In segment CONFIG_C, align 4, align-sorted, root
    238              __root const CFG_HDR cfghdr6_6={CFG_CBOX,"Not log same XText",0,2};
   \                     cfghdr6_6:
   \   00000000   05000000           DC32 5
   \   00000004   4E6F74206C6F       DC8 "Not log same XText"
   \              672073616D65
   \              205854657874
   \              00          
   \   00000017   000000000000       DC8 0, 0, 0, 0, 0, 0, 0, 0, 0, 0, 0, 0, 0
   \              000000000000
   \              00          
   \   00000024   000000000200       DC32 0, 2
   \              0000        

   \                                 In segment CONFIG_C, align 4, align-sorted, root
    239              __root const int NOT_LOG_SAME_XTXT = 1;
   \                     NOT_LOG_SAME_XTXT:
   \   00000000   01000000           DC32 1

   \                                 In segment CONFIG_C, align 4, align-sorted, root
    240              __root const CFG_CBOX_ITEM cfgcbox6_6[2]={"No","Yes"};
   \                     cfgcbox6_6:
   \   00000000   4E6F00             DC8 "No"
   \   00000003   000000000000       DC8 0, 0, 0, 0, 0, 0, 0, 0, 0, 0, 0, 0, 0, 0, 0, 0
   \              000000000000
   \              00000000    
   \   00000013   000000000000       DC8 0, 0, 0, 0, 0, 0, 0, 0, 0, 0, 0, 0, 0
   \              000000000000
   \              00          
   \   00000020   59657300           DC8 "Yes"
   \   00000024   000000000000       DC8 0, 0, 0, 0, 0, 0, 0, 0, 0, 0, 0, 0, 0, 0, 0, 0
   \              000000000000
   \              00000000    
   \   00000034   000000000000       DC8 0, 0, 0, 0, 0, 0, 0, 0, 0, 0, 0, 0
   \              000000000000
    241          
    242          //Buffer for fill from history

   \                                 In segment CONFIG_C, align 4, align-sorted, root
    243              __root const CFG_HDR cfghdr6_7={CFG_CBOX,"History read buffer",0,7};
   \                     cfghdr6_7:
   \   00000000   05000000           DC32 5
   \   00000004   486973746F72       DC8 "History read buffer"
   \              792072656164
   \              206275666665
   \              7200        
   \   00000018   000000000000       DC8 0, 0, 0, 0, 0, 0, 0, 0, 0, 0, 0, 0
   \              000000000000
   \   00000024   000000000700       DC32 0, 7
   \              0000        

   \                                 In segment CONFIG_C, align 4, align-sorted, root
    244              __root const int HISTORY_BUFFER = 6;
   \                     HISTORY_BUFFER:
   \   00000000   06000000           DC32 6

   \                                 In segment CONFIG_C, align 4, align-sorted, root
    245              __root const CFG_CBOX_ITEM cfgcbox6_7[7]={"Disabled","128 bytes","256 bytes","512 bytes","1 kbyte","2 kbyte","4 kbyte"};
   \                     cfgcbox6_7:
   \   00000000   44697361626C       DC8 "Disabled"
   \              656400      
   \   00000009   000000000000       DC8 0, 0, 0, 0, 0, 0, 0, 0, 0, 0, 0, 0, 0, 0, 0, 0, 0, 0, 0, 0, 0, 0, 0
   \              000000000000
   \              000000000000
   \              0000000000  
   \   00000020   313238206279       DC8 "128 bytes"
   \              74657300    
   \   0000002A   000000000000       DC8 0, 0, 0, 0, 0, 0, 0, 0, 0, 0, 0, 0, 0, 0, 0, 0, 0, 0, 0, 0, 0, 0
   \              000000000000
   \              000000000000
   \              00000000    
   \   00000040   323536206279       DC8 "256 bytes"
   \              74657300    
   \   0000004A   000000000000       DC8 0, 0, 0, 0, 0, 0, 0, 0, 0, 0, 0, 0, 0, 0, 0, 0, 0, 0, 0, 0, 0, 0
   \              000000000000
   \              000000000000
   \              00000000    
   \   00000060   353132206279       DC8 "512 bytes"
   \              74657300    
   \   0000006A   000000000000       DC8 0, 0, 0, 0, 0, 0, 0, 0, 0, 0, 0, 0, 0, 0, 0, 0, 0, 0, 0, 0, 0, 0
   \              000000000000
   \              000000000000
   \              00000000    
   \   00000080   31206B627974       DC8 "1 kbyte"
   \              6500        
   \   00000088   000000000000       DC8 0, 0, 0, 0, 0, 0, 0, 0, 0, 0, 0, 0, 0, 0, 0, 0
   \              000000000000
   \              00000000    
   \   00000098   000000000000       DC8 0, 0, 0, 0, 0, 0, 0, 0
   \              0000        
   \   000000A0   32206B627974       DC8 "2 kbyte"
   \              6500        
   \   000000A8   000000000000       DC8 0, 0, 0, 0, 0, 0, 0, 0, 0, 0, 0, 0, 0, 0, 0, 0
   \              000000000000
   \              00000000    
   \   000000B8   000000000000       DC8 0, 0, 0, 0, 0, 0, 0, 0
   \              0000        
   \   000000C0   34206B627974       DC8 "4 kbyte"
   \              6500        
   \   000000C8   000000000000       DC8 0, 0, 0, 0, 0, 0, 0, 0, 0, 0, 0, 0, 0, 0, 0, 0
   \              000000000000
   \              00000000    
   \   000000D8   000000000000       DC8 0, 0, 0, 0, 0, 0, 0, 0
   \              0000        
    246            

   \                                 In segment CONFIG_C, align 4, align-sorted, root
    247          __root const CFG_HDR cfghdr7={CFG_LEVEL,"",0,0};
   \                     cfghdr7:
   \   00000000   09000000           DC32 9
   \   00000004   00                 DC8 ""
   \   00000005   000000000000       DC8 0, 0, 0, 0, 0, 0, 0, 0, 0, 0, 0, 0, 0, 0, 0, 0
   \              000000000000
   \              00000000    
   \   00000015   000000000000       DC8 0, 0, 0, 0, 0, 0, 0, 0, 0, 0, 0, 0, 0, 0, 0
   \              000000000000
   \              000000      
   \   00000024   000000000000       DC32 0, 0
   \              0000        
    248          
    249          
    250          //Notify

   \                                 In segment CONFIG_C, align 4, align-sorted, root
    251          __root const CFG_HDR cfghdr8={CFG_LEVEL,"Notify power",1,0};
   \                     cfghdr8:
   \   00000000   09000000           DC32 9
   \   00000004   4E6F74696679       DC8 "Notify power"
   \              20706F776572
   \              00          
   \   00000011   000000000000       DC8 0, 0, 0, 0, 0, 0, 0, 0, 0, 0, 0, 0, 0, 0, 0, 0, 0, 0, 0
   \              000000000000
   \              000000000000
   \              00          
   \   00000024   010000000000       DC32 1, 0
   \              0000        
    252          

   \                                 In segment CONFIG_C, align 4, align-sorted, root
    253            __root const CFG_HDR cfghdr8_1={CFG_UINT,"Sound Volume",0,6};
   \                     cfghdr8_1:
   \   00000000   01000000           DC32 1
   \   00000004   536F756E6420       DC8 "Sound Volume"
   \              566F6C756D65
   \              00          
   \   00000011   000000000000       DC8 0, 0, 0, 0, 0, 0, 0, 0, 0, 0, 0, 0, 0, 0, 0, 0, 0, 0, 0
   \              000000000000
   \              000000000000
   \              00          
   \   00000024   000000000600       DC32 0, 6
   \              0000        

   \                                 In segment CONFIG_C, align 4, align-sorted, root
    254            __root const unsigned int sndVolume=3;
   \                     sndVolume:
   \   00000000   03000000           DC32 3
    255          

   \                                 In segment CONFIG_C, align 4, align-sorted, root
    256            __root const CFG_HDR cfghdr8_2={CFG_UINT,"Vibra power",0,100};
   \                     cfghdr8_2:
   \   00000000   01000000           DC32 1
   \   00000004   566962726120       DC8 "Vibra power"
   \              706F77657200
   \   00000010   000000000000       DC8 0, 0, 0, 0, 0, 0, 0, 0, 0, 0, 0, 0, 0, 0, 0, 0, 0, 0, 0, 0
   \              000000000000
   \              000000000000
   \              0000        
   \   00000024   000000006400       DC32 0, 100
   \              0000        

   \                                 In segment CONFIG_C, align 4, align-sorted, root
    257            __root const unsigned int vibraPower=30;
   \                     vibraPower:
   \   00000000   1E000000           DC32 30
    258          

   \                                 In segment CONFIG_C, align 4, align-sorted, root
    259            __root const CFG_HDR cfghdr8_3={CFG_CBOX,"Vibration type",0,2};
   \                     cfghdr8_3:
   \   00000000   05000000           DC32 5
   \   00000004   566962726174       DC8 "Vibration type"
   \              696F6E207479
   \              706500      
   \   00000013   000000000000       DC8 0, 0, 0, 0, 0, 0, 0, 0, 0, 0, 0, 0, 0, 0, 0, 0, 0
   \              000000000000
   \              0000000000  
   \   00000024   000000000200       DC32 0, 2
   \              0000        

   \                                 In segment CONFIG_C, align 4, align-sorted, root
    260            __root const int VIBR_TYPE = 1;
   \                     VIBR_TYPE:
   \   00000000   01000000           DC32 1

   \                                 In segment CONFIG_C, align 4, align-sorted, root
    261            __root const CFG_CBOX_ITEM cfgcbox8_3[2]={"Single","Double"};
   \                     cfgcbox8_3:
   \   00000000   53696E676C65       DC8 "Single"
   \              00          
   \   00000007   000000000000       DC8 0, 0, 0, 0, 0, 0, 0, 0, 0, 0, 0, 0, 0, 0, 0, 0
   \              000000000000
   \              00000000    
   \   00000017   000000000000       DC8 0, 0, 0, 0, 0, 0, 0, 0, 0
   \              000000      
   \   00000020   446F75626C65       DC8 "Double"
   \              00          
   \   00000027   000000000000       DC8 0, 0, 0, 0, 0, 0, 0, 0, 0, 0, 0, 0, 0, 0, 0, 0
   \              000000000000
   \              00000000    
   \   00000037   000000000000       DC8 0, 0, 0, 0, 0, 0, 0, 0, 0
   \              000000      
    262          

   \                                 In segment CONFIG_C, align 4, align-sorted, root
    263            __root const CFG_HDR cfghdr8_4={CFG_CBOX,"Vibra on connect",0,2};
   \                     cfghdr8_4:
   \   00000000   05000000           DC32 5
   \   00000004   566962726120       DC8 "Vibra on connect"
   \              6F6E20636F6E
   \              6E65637400  
   \   00000015   000000000000       DC8 0, 0, 0, 0, 0, 0, 0, 0, 0, 0, 0, 0, 0, 0, 0
   \              000000000000
   \              000000      
   \   00000024   000000000200       DC32 0, 2
   \              0000        

   \                                 In segment CONFIG_C, align 4, align-sorted, root
    264            __root const int VIBR_ON_CONNECT = 1;
   \                     VIBR_ON_CONNECT:
   \   00000000   01000000           DC32 1

   \                                 In segment CONFIG_C, align 4, align-sorted, root
    265            __root const CFG_CBOX_ITEM cfgcbox8_4[2]={"No","Yes"};
   \                     cfgcbox8_4:
   \   00000000   4E6F00             DC8 "No"
   \   00000003   000000000000       DC8 0, 0, 0, 0, 0, 0, 0, 0, 0, 0, 0, 0, 0, 0, 0, 0
   \              000000000000
   \              00000000    
   \   00000013   000000000000       DC8 0, 0, 0, 0, 0, 0, 0, 0, 0, 0, 0, 0, 0
   \              000000000000
   \              00          
   \   00000020   59657300           DC8 "Yes"
   \   00000024   000000000000       DC8 0, 0, 0, 0, 0, 0, 0, 0, 0, 0, 0, 0, 0, 0, 0, 0
   \              000000000000
   \              00000000    
   \   00000034   000000000000       DC8 0, 0, 0, 0, 0, 0, 0, 0, 0, 0, 0, 0
   \              000000000000
    266          

   \                                 In segment CONFIG_C, align 4, align-sorted, root
    267            __root const CFG_HDR cfghdr8_5={CFG_LEVEL,"Sounds setup",1,0};
   \                     cfghdr8_5:
   \   00000000   09000000           DC32 9
   \   00000004   536F756E6473       DC8 "Sounds setup"
   \              207365747570
   \              00          
   \   00000011   000000000000       DC8 0, 0, 0, 0, 0, 0, 0, 0, 0, 0, 0, 0, 0, 0, 0, 0, 0, 0, 0
   \              000000000000
   \              000000000000
   \              00          
   \   00000024   010000000000       DC32 1, 0
   \              0000        
    268            

   \                                 In segment CONFIG_C, align 4, align-sorted, root
    269              __root const CFG_HDR cfghdr181={CFG_CBOX,"Extended sounds",0,2};
   \                     cfghdr181:
   \   00000000   05000000           DC32 5
   \   00000004   457874656E64       DC8 "Extended sounds"
   \              656420736F75
   \              6E647300    
   \   00000014   000000000000       DC8 0, 0, 0, 0, 0, 0, 0, 0, 0, 0, 0, 0, 0, 0, 0, 0
   \              000000000000
   \              00000000    
   \   00000024   000000000200       DC32 0, 2
   \              0000        

   \                                 In segment CONFIG_C, align 4, align-sorted, root
    270              __root const unsigned int extended_sounds = 0;
   \                     extended_sounds:
   \   00000000   00000000           DC32 0

   \                                 In segment CONFIG_C, align 4, align-sorted, root
    271              __root const CFG_CBOX_ITEM cfgcbox18_3_2[2]={"No","Yes"};
   \                     cfgcbox18_3_2:
   \   00000000   4E6F00             DC8 "No"
   \   00000003   000000000000       DC8 0, 0, 0, 0, 0, 0, 0, 0, 0, 0, 0, 0, 0, 0, 0, 0
   \              000000000000
   \              00000000    
   \   00000013   000000000000       DC8 0, 0, 0, 0, 0, 0, 0, 0, 0, 0, 0, 0, 0
   \              000000000000
   \              00          
   \   00000020   59657300           DC8 "Yes"
   \   00000024   000000000000       DC8 0, 0, 0, 0, 0, 0, 0, 0, 0, 0, 0, 0, 0, 0, 0, 0
   \              000000000000
   \              00000000    
   \   00000034   000000000000       DC8 0, 0, 0, 0, 0, 0, 0, 0, 0, 0, 0, 0
   \              000000000000
    272              

   \                                 In segment CONFIG_C, align 4, align-sorted, root
    273              __root const CFG_HDR cfghdr8_5_1={CFG_STR_UTF8,"snd Startup",0,63};
   \                     cfghdr8_5_1:
   \   00000000   02000000           DC32 2
   \   00000004   736E64205374       DC8 "snd Startup"
   \              617274757000
   \   00000010   000000000000       DC8 0, 0, 0, 0, 0, 0, 0, 0, 0, 0, 0, 0, 0, 0, 0, 0, 0, 0, 0, 0
   \              000000000000
   \              000000000000
   \              0000        
   \   00000024   000000003F00       DC32 0, 63
   \              0000        

   \                                 In segment CONFIG_C, align 4, align-sorted, root
    274              __root const char sndStartup[64]=DEFAULT_DISK ":\\ZBin\\NatICQ\\Sounds\\sndStartup.wav";
   \                     sndStartup:
   \   00000000   343A5C5A4269       DC8 "4:\\ZBin\\NatICQ\\Sounds\\sndStartup.wav"
   \              6E5C4E617449
   \              43515C536F75
   \              6E64735C736E
   \              645374617274
   \              75702E776176
   \              00          
   \   00000025   000000000000       DC8 0, 0, 0, 0, 0, 0, 0, 0, 0, 0, 0, 0, 0, 0, 0, 0
   \              000000000000
   \              00000000    
   \   00000035   000000000000       DC8 0, 0, 0, 0, 0, 0, 0, 0, 0, 0, 0
   \              0000000000  
    275            

   \                                 In segment CONFIG_C, align 4, align-sorted, root
    276              __root const CFG_HDR cfghdr8_5_2={CFG_STR_UTF8,"snd SrvMsg",0,63};
   \                     cfghdr8_5_2:
   \   00000000   02000000           DC32 2
   \   00000004   736E64205372       DC8 "snd SrvMsg"
   \              764D736700  
   \   0000000F   000000000000       DC8 0, 0, 0, 0, 0, 0, 0, 0, 0, 0, 0, 0, 0, 0, 0, 0, 0, 0, 0, 0, 0
   \              000000000000
   \              000000000000
   \              000000      
   \   00000024   000000003F00       DC32 0, 63
   \              0000        

   \                                 In segment CONFIG_C, align 4, align-sorted, root
    277              __root const char sndSrvMsg[64]=DEFAULT_DISK ":\\ZBin\\NatICQ\\Sounds\\sndSrvMsg.wav";
   \                     sndSrvMsg:
   \   00000000   343A5C5A4269       DC8 "4:\\ZBin\\NatICQ\\Sounds\\sndSrvMsg.wav"
   \              6E5C4E617449
   \              43515C536F75
   \              6E64735C736E
   \              645372764D73
   \              672E77617600
   \   00000024   000000000000       DC8 0, 0, 0, 0, 0, 0, 0, 0, 0, 0, 0, 0, 0, 0, 0, 0
   \              000000000000
   \              00000000    
   \   00000034   000000000000       DC8 0, 0, 0, 0, 0, 0, 0, 0, 0, 0, 0, 0
   \              000000000000
    278            

   \                                 In segment CONFIG_C, align 4, align-sorted, root
    279              __root const CFG_HDR cfghdr8_5_3={CFG_STR_UTF8,"snd Global",0,63};
   \                     cfghdr8_5_3:
   \   00000000   02000000           DC32 2
   \   00000004   736E6420476C       DC8 "snd Global"
   \              6F62616C00  
   \   0000000F   000000000000       DC8 0, 0, 0, 0, 0, 0, 0, 0, 0, 0, 0, 0, 0, 0, 0, 0, 0, 0, 0, 0, 0
   \              000000000000
   \              000000000000
   \              000000      
   \   00000024   000000003F00       DC32 0, 63
   \              0000        

   \                                 In segment CONFIG_C, align 4, align-sorted, root
    280              __root const char sndGlobal[64]=DEFAULT_DISK ":\\ZBin\\NatICQ\\Sounds\\sndGlobal.wav";
   \                     sndGlobal:
   \   00000000   343A5C5A4269       DC8 "4:\\ZBin\\NatICQ\\Sounds\\sndGlobal.wav"
   \              6E5C4E617449
   \              43515C536F75
   \              6E64735C736E
   \              64476C6F6261
   \              6C2E77617600
   \   00000024   000000000000       DC8 0, 0, 0, 0, 0, 0, 0, 0, 0, 0, 0, 0, 0, 0, 0, 0
   \              000000000000
   \              00000000    
   \   00000034   000000000000       DC8 0, 0, 0, 0, 0, 0, 0, 0, 0, 0, 0, 0
   \              000000000000
    281            

   \                                 In segment CONFIG_C, align 4, align-sorted, root
    282              __root const CFG_HDR cfghdr8_5_4={CFG_STR_UTF8,"snd Msg",0,63};
   \                     cfghdr8_5_4:
   \   00000000   02000000           DC32 2
   \   00000004   736E64204D73       DC8 "snd Msg"
   \              6700        
   \   0000000C   000000000000       DC8 0, 0, 0, 0, 0, 0, 0, 0, 0, 0, 0, 0, 0, 0, 0, 0
   \              000000000000
   \              00000000    
   \   0000001C   000000000000       DC8 0, 0, 0, 0, 0, 0, 0, 0
   \              0000        
   \   00000024   000000003F00       DC32 0, 63
   \              0000        

   \                                 In segment CONFIG_C, align 4, align-sorted, root
    283              __root const char sndMsg[64]=DEFAULT_DISK ":\\ZBin\\NatICQ\\Sounds\\sndMsg.wav";
   \                     sndMsg:
   \   00000000   343A5C5A4269       DC8 "4:\\ZBin\\NatICQ\\Sounds\\sndMsg.wav"
   \              6E5C4E617449
   \              43515C536F75
   \              6E64735C736E
   \              644D73672E77
   \              617600      
   \   00000021   000000000000       DC8 0, 0, 0, 0, 0, 0, 0, 0, 0, 0, 0, 0, 0, 0, 0, 0
   \              000000000000
   \              00000000    
   \   00000031   000000000000       DC8 0, 0, 0, 0, 0, 0, 0, 0, 0, 0, 0, 0, 0, 0, 0
   \              000000000000
   \              000000      
    284            

   \                                 In segment CONFIG_C, align 4, align-sorted, root
    285              __root const CFG_HDR cfghdr8_5_5={CFG_STR_UTF8,"snd MsgSent",0,63};
   \                     cfghdr8_5_5:
   \   00000000   02000000           DC32 2
   \   00000004   736E64204D73       DC8 "snd MsgSent"
   \              6753656E7400
   \   00000010   000000000000       DC8 0, 0, 0, 0, 0, 0, 0, 0, 0, 0, 0, 0, 0, 0, 0, 0, 0, 0, 0, 0
   \              000000000000
   \              000000000000
   \              0000        
   \   00000024   000000003F00       DC32 0, 63
   \              0000        

   \                                 In segment CONFIG_C, align 4, align-sorted, root
    286              __root const char sndMsgSent[64]=DEFAULT_DISK ":\\ZBin\\NatICQ\\Sounds\\sndMsgSent.wav";
   \                     sndMsgSent:
   \   00000000   343A5C5A4269       DC8 "4:\\ZBin\\NatICQ\\Sounds\\sndMsgSent.wav"
   \              6E5C4E617449
   \              43515C536F75
   \              6E64735C736E
   \              644D73675365
   \              6E742E776176
   \              00          
   \   00000025   000000000000       DC8 0, 0, 0, 0, 0, 0, 0, 0, 0, 0, 0, 0, 0, 0, 0, 0
   \              000000000000
   \              00000000    
   \   00000035   000000000000       DC8 0, 0, 0, 0, 0, 0, 0, 0, 0, 0, 0
   \              0000000000  
    287              

   \                                 In segment CONFIG_C, align 4, align-sorted, root
    288                __root const CFG_HDR cfghdr15={CFG_STR_UTF8,"add online msg path",0,63};
   \                     cfghdr15:
   \   00000000   02000000           DC32 2
   \   00000004   616464206F6E       DC8 "add online msg path"
   \              6C696E65206D
   \              736720706174
   \              6800        
   \   00000018   000000000000       DC8 0, 0, 0, 0, 0, 0, 0, 0, 0, 0, 0, 0
   \              000000000000
   \   00000024   000000003F00       DC32 0, 63
   \              0000        

   \                                 In segment CONFIG_C, align 4, align-sorted, root
    289              __root const char sndGlobal2[64]=DEFAULT_DISK ":\\ZBin\\NatICQ\\Sounds\\Uins_on\\";
   \                     sndGlobal2:
   \   00000000   343A5C5A4269       DC8 "4:\\ZBin\\NatICQ\\Sounds\\Uins_on\\"
   \              6E5C4E617449
   \              43515C536F75
   \              6E64735C5569
   \              6E735F6F6E5C
   \              00          
   \   0000001F   000000000000       DC8 0, 0, 0, 0, 0, 0, 0, 0, 0, 0, 0, 0, 0, 0, 0, 0
   \              000000000000
   \              00000000    
   \   0000002F   000000000000       DC8 0, 0, 0, 0, 0, 0, 0, 0, 0, 0, 0, 0, 0, 0, 0, 0, 0
   \              000000000000
   \              0000000000  
    290            

   \                                 In segment CONFIG_C, align 4, align-sorted, root
    291              __root const CFG_HDR cfghdr161={CFG_STR_UTF8,"add new msg path",0,63};
   \                     cfghdr161:
   \   00000000   02000000           DC32 2
   \   00000004   616464206E65       DC8 "add new msg path"
   \              77206D736720
   \              7061746800  
   \   00000015   000000000000       DC8 0, 0, 0, 0, 0, 0, 0, 0, 0, 0, 0, 0, 0, 0, 0
   \              000000000000
   \              000000      
   \   00000024   000000003F00       DC32 0, 63
   \              0000        

   \                                 In segment CONFIG_C, align 4, align-sorted, root
    292              __root const char sndMsg2[64]=DEFAULT_DISK ":\\ZBin\\NatICQ\\Sounds\\Uins_msg\\";
   \                     sndMsg2:
   \   00000000   343A5C5A4269       DC8 "4:\\ZBin\\NatICQ\\Sounds\\Uins_msg\\"
   \              6E5C4E617449
   \              43515C536F75
   \              6E64735C5569
   \              6E735F6D7367
   \              5C00        
   \   00000020   000000000000       DC8 0, 0, 0, 0, 0, 0, 0, 0, 0, 0, 0, 0, 0, 0, 0, 0
   \              000000000000
   \              00000000    
   \   00000030   000000000000       DC8 0, 0, 0, 0, 0, 0, 0, 0, 0, 0, 0, 0, 0, 0, 0, 0
   \              000000000000
   \              00000000    
    293              

   \                                 In segment CONFIG_C, align 4, align-sorted, root
    294              __root const CFG_HDR cfghdr16r1={CFG_STR_UTF8,"ping sound",0,63};
   \                     cfghdr16r1:
   \   00000000   02000000           DC32 2
   \   00000004   70696E672073       DC8 "ping sound"
   \              6F756E6400  
   \   0000000F   000000000000       DC8 0, 0, 0, 0, 0, 0, 0, 0, 0, 0, 0, 0, 0, 0, 0, 0, 0, 0, 0, 0, 0
   \              000000000000
   \              000000000000
   \              000000      
   \   00000024   000000003F00       DC32 0, 63
   \              0000        

   \                                 In segment CONFIG_C, align 4, align-sorted, root
    295              __root const char pingsnd[64]=DEFAULT_DISK ":\\ZBin\\NatICQ\\Sounds\\sndPing.wav";
   \                     pingsnd:
   \   00000000   343A5C5A4269       DC8 "4:\\ZBin\\NatICQ\\Sounds\\sndPing.wav"
   \              6E5C4E617449
   \              43515C536F75
   \              6E64735C736E
   \              6450696E672E
   \              77617600    
   \   00000022   000000000000       DC8 0, 0, 0, 0, 0, 0, 0, 0, 0, 0, 0, 0, 0, 0, 0, 0
   \              000000000000
   \              00000000    
   \   00000032   000000000000       DC8 0, 0, 0, 0, 0, 0, 0, 0, 0, 0, 0, 0, 0, 0
   \              000000000000
   \              0000        
    296              

   \                                 In segment CONFIG_C, align 4, align-sorted, root
    297            __root const CFG_HDR cfghdr8_6={CFG_LEVEL,"",0,0};
   \                     cfghdr8_6:
   \   00000000   09000000           DC32 9
   \   00000004   00                 DC8 ""
   \   00000005   000000000000       DC8 0, 0, 0, 0, 0, 0, 0, 0, 0, 0, 0, 0, 0, 0, 0, 0
   \              000000000000
   \              00000000    
   \   00000015   000000000000       DC8 0, 0, 0, 0, 0, 0, 0, 0, 0, 0, 0, 0, 0, 0, 0
   \              000000000000
   \              000000      
   \   00000024   000000000000       DC32 0, 0
   \              0000        
    298            

   \                                 In segment CONFIG_C, align 4, align-sorted, root
    299          __root const CFG_HDR cfghdr9={CFG_LEVEL,"",0,0};
   \                     cfghdr9:
   \   00000000   09000000           DC32 9
   \   00000004   00                 DC8 ""
   \   00000005   000000000000       DC8 0, 0, 0, 0, 0, 0, 0, 0, 0, 0, 0, 0, 0, 0, 0, 0
   \              000000000000
   \              00000000    
   \   00000015   000000000000       DC8 0, 0, 0, 0, 0, 0, 0, 0, 0, 0, 0, 0, 0, 0, 0
   \              000000000000
   \              000000      
   \   00000024   000000000000       DC32 0, 0
   \              0000        
    300          
    301          #endif


   Segment part sizes:

     Function/Label    Bytes
     --------------    -----
     cfghdr0             44
     UIN                  4
     cfghdr1             44
     PASS                12
     cfghdr2             44
     cfghdr2_1           44
     NATICQ_HOST        128
     cfghdr2_2           44
     NATICQ_PORT          4
     cfghdr2_3           44
     RECONNECT_TIME       4
     cfghdr2_4           44
     HIST_PATH           64
     cfghdr2_5           44
     SMILE_FILE          64
     cfghdr2_6           44
     SMILE_PATH          64
     cfghdr2_7           44
     ICON_PATH           64
     cfghdr2_8           44
     XSTATUSES_PATH      64
     cfghdr2_9           44
     TEMPLATES_PATH      64
     cfghdr3             44
     cfghdr4             44
     cfghdr4_1           44
     IDLEICON_X           4
     IDLEICON_Y           4
     cfghdr4_2           44
     DEVELOP_IF           4
     cfgcbox15_1        128
     cfghdr4_3           44
     SORT_CLIST           4
     cfgcbox4_3          64
     cfghdr4_4           44
     FIRST_LETTER         4
     cfgcbox4_4          64
     cfghdr4_5           44
     cfghdr4_5_1         44
     I_COLOR              4
     cfghdr4_5_2         44
     TO_COLOR             4
     cfghdr4_5_3         44
     X_COLOR              4
     cfghdr4_5_4         44
     ED_FONT_SIZE         4
     cfghdr4_5_5         44
     ED_H_FONT_SIZE       4
     cfghdr4_5_6         44
     ED_X_FONT_SIZE       4
     cfghdr4_5_7         44
     O_I_COLOR            4
     cfghdr4_5_8         44
     O_TO_COLOR           4
     cfghdr4_5_9         44
     O_X_COLOR            4
     cfghdr4_5_10        44
     O_ED_FONT_SIZE       4
     cfghdr4_5_11        44
     O_ED_H_FONT_SIZE     4
     cfghdr4_5_12        44
     O_ED_X_FONT_SIZE     4
     cfghdr4_5_13        44
     ACK_COLOR            4
     cfghdr4_5_14        44
     UNACK_COLOR          4
     cfghdr19_1          44
     color_choose         4
     cfghdr4_6           44
     cfghdr4_7           44
     cfghdr4_7_1         44
     ILL_DISP_RECV        4
     cfghdr4_7_2         44
     ILL_KEYS_RECV        4
     cfghdr4_7_3         44
     ILL_RECV_TMR         4
     cfghdr4_7_4         44
     ILL_RECV_FADE        4
     cfghdr4_7_5         44
     ILL_DISP_SEND        4
     cfghdr4_7_6         44
     ILL_KEYS_SEND        4
     cfghdr4_7_7         44
     ILL_SEND_TMR         4
     cfghdr4_7_8         44
     ILL_SEND_FADE        4
     cfghdr4_7_9         44
     ILL_OFF_FADE         4
     cfghdr4_8           44
     cfghdr5             44
     cfghdr6             44
     cfghdr6_8           44
     SHOW_ACTIVE          4
     cfgcbox6_8          64
     cfghdr6_1           44
     LOG_ALL              4
     cfgcbox6_1          64
     cfghdr6_2           44
     HISTORY_TYPE         4
     cfgcbox6_2          64
     cfghdr6_3           44
     LOG_STATCH           4
     cfgcbox6_3          64
     cfghdr6_4           44
     LOG_XTXT             4
     cfgcbox6_4          64
     cfghdr6_5           44
     ENA_AUTO_XTXT        4
     cfgcbox6_5          64
     cfghdr6_6           44
     NOT_LOG_SAME_XTXT    4
     cfgcbox6_6          64
     cfghdr6_7           44
     HISTORY_BUFFER       4
     cfgcbox6_7         224
     cfghdr7             44
     cfghdr8             44
     cfghdr8_1           44
     sndVolume            4
     cfghdr8_2           44
     vibraPower           4
     cfghdr8_3           44
     VIBR_TYPE            4
     cfgcbox8_3          64
     cfghdr8_4           44
     VIBR_ON_CONNECT      4
     cfgcbox8_4          64
     cfghdr8_5           44
     cfghdr181           44
     extended_sounds      4
     cfgcbox18_3_2       64
     cfghdr8_5_1         44
     sndStartup          64
     cfghdr8_5_2         44
     sndSrvMsg           64
     cfghdr8_5_3         44
     sndGlobal           64
     cfghdr8_5_4         44
     sndMsg              64
     cfghdr8_5_5         44
     sndMsgSent          64
     cfghdr15            44
     sndGlobal2          64
     cfghdr161           44
     sndMsg2             64
     cfghdr16r1          44
     pingsnd             64
     cfghdr8_6           44
     cfghdr9             44

 
 5 592 bytes in segment CONFIG_C
 
 5 592 bytes of CONST memory

Errors: none
Warnings: none
