##############################################################################
#                                                                            #
# IAR ARM ANSI C/C++ Compiler V4.42A/W32 EVALUATION    14/Dec/2008  11:37:34 #
# Copyright 1999-2005 IAR Systems. All rights reserved.                      #
#                                                                            #
#    Cpu mode        =  interwork                                            #
#    Endian          =  little                                               #
#    Stack alignment =  4                                                    #
#    Source file     =  D:\Pasha\elf\_MY_PROJECT_\naticq_mod\mainmenu.c      #
#    Command line    =  D:\Pasha\elf\_MY_PROJECT_\naticq_mod\mainmenu.c -D   #
#                       NEWSGOLD -D ELKA -D kluchnik -D BCFGGEN              #
#                       --preprocess D:\Pasha\elf\_MY_PROJECT_\naticq_mod\kl #
#                       uchnik\List\ -lC D:\Pasha\elf\_MY_PROJECT_\naticq_mo #
#                       d\kluchnik\List\ -o D:\Pasha\elf\_MY_PROJECT_\naticq #
#                       _mod\kluchnik\Obj\ -s9 --no_unroll --cpu_mode arm    #
#                       --endian little --cpu ARM926EJ-S --stack_align 4     #
#                       --interwork -e --fpu None --dlib_config              #
#                       "D:\Pasha\Embedded Workbench 4.0                     #
#                       Evaluation2\ARM\LIB\dl5tpainl8n.h" -I                #
#                       "D:\Pasha\Embedded Workbench 4.0                     #
#                       Evaluation2\ARM\INC\" --inline_threshold=2           #
#    List file       =  D:\Pasha\elf\_MY_PROJECT_\naticq_mod\kluchnik\List\m #
#                       ainmenu.lst                                          #
#    Object file     =  D:\Pasha\elf\_MY_PROJECT_\naticq_mod\kluchnik\Obj\ma #
#                       inmenu.r79                                           #
#                                                                            #
#                                                                            #
##############################################################################

D:\Pasha\elf\_MY_PROJECT_\naticq_mod\mainmenu.c
      1          #include "../inc/swilib.h"
      2          #include "../inc/cfg_items.h"
      3          #include "../inc/pnglist.h"
      4          #include "NatICQ.h"
      5          #include "history.h"
      6          #include "mainmenu.h"
      7          #include "main.h"
      8          #include "conf_loader.h"
      9          #include "status_change.h"
     10          #include "language.h"
     11          #include "revision.h"
     12          #include "manage_cl.h"
     13          #include "rect_patcher.h"
     14          #include "cl_work.h"
     15          
     16          //==============================================================================
     17          int MainMenu_ID;
     18          
     19          extern int CurrentStatus;
     20          extern int CurrentXStatus;
     21          extern DYNPNGICONLIST *XStatusesImgList;
     22          extern int *XStatusesIconArray;
     23          extern  int S_ICONS[];
     24          extern const SOFTKEYSTAB menu_skt;
     25          extern int Is_INC_On;
     26          extern int Is_SLI_On;
     27          extern int Is_SMARTCPU_On;
     28          extern int Is_ILU_On;
     29          extern int Is_Double_Vibra_On;
     30          int janis;
     31          extern int Is_PING_On;
     32          extern int Is_UPTIME_On;
     33          extern int Is_Vibra_Enabled;
     34          #ifdef NEWSGOLD
     35          extern int Is_Id3tag_Enabled;
     36          #endif
     37          extern unsigned int Is_Sounds_Enabled; 
     38          extern int Is_Show_Offline;
     39          extern int Is_Show_Groups;
     40          
     41          

   \                                 In segment CODE, align 4, keep-with-next
     42          static void ChangeVibraMode(void)
     43          {
     44            Is_Vibra_Enabled=!(Is_Vibra_Enabled);
   \                     ChangeVibraMode:
   \   00000000   ........           LDR      R0,??DataTable28  ;; Is_Vibra_Enabled
   \   00000004   00402DE9           PUSH     {LR}
   \   00000008   001090E5           LDR      R1,[R0, #+0]
   \   0000000C   000051E3           CMP      R1,#+0
   \   00000010   0110A003           MOVEQ    R1,#+1
   \   00000014   0010A013           MOVNE    R1,#+0
   \   00000018   001080E5           STR      R1,[R0, #+0]
     45            SUBPROC((void*)WriteDefSettings);
   \   0000001C   ........           LDR      R0,??DataTable24  ;; WriteDefSettings
   \   00000020   710100EF           SWI      +369
     46            RefreshGUI();
   \   00000024   960100EF           SWI      +406
     47          }
   \   00000028   0080BDE8           POP      {PC}             ;; return
     48          #ifdef NEWSGOLD

   \                                 In segment CODE, align 4, keep-with-next
     49          static void ChangeId3tagMode(void)
     50          {
     51            Is_Id3tag_Enabled=!(Is_Id3tag_Enabled);
   \                     ChangeId3tagMode:
   \   00000000   ........           LDR      R0,??DataTable26  ;; Is_Id3tag_Enabled
   \   00000004   00402DE9           PUSH     {LR}
   \   00000008   001090E5           LDR      R1,[R0, #+0]
   \   0000000C   000051E3           CMP      R1,#+0
   \   00000010   0110A003           MOVEQ    R1,#+1
   \   00000014   0010A013           MOVNE    R1,#+0
   \   00000018   001080E5           STR      R1,[R0, #+0]
     52            SUBPROC((void*)WriteDefSettings);
   \   0000001C   ........           LDR      R0,??DataTable24  ;; WriteDefSettings
   \   00000020   710100EF           SWI      +369
     53            RefreshGUI();
   \   00000024   960100EF           SWI      +406
     54            set_my_xstatus();
   \   00000028   0040BDE8           POP      {LR}             ;; Pop
   \   0000002C   ........           _BF      set_my_xstatus,??set_my_xstatus??rA  ;; tailcall
     55          }
     56          #endif
     57          
     58          extern int msg_away_timer;
     59          extern GBSTMR away_tmr;
     60          extern void away_timer();
     61          extern int main_d;
     62          extern int away_m;
     63          extern unsigned int AUTO_ENGADE;
     64          
     65          extern void UpdateCLheader(void);
     66          

   \                                 In segment CODE, align 4, keep-with-next
     67          static void AutoAwayMSG(void)
     68          {
     69           if(!away_m)
   \                     AutoAwayMSG:
   \   00000000   ........           LDR      R0,??DataTable27  ;; away_m
   \   00000004   30402DE9           PUSH     {R4,R5,LR}
   \   00000008   001090E5           LDR      R1,[R0, #+0]
   \   0000000C   58409FE5           LDR      R4,??AutoAwayMSG_0  ;; msg_away_timer
   \   00000010   000051E3           CMP      R1,#+0
   \   00000014   0E00001A           BNE      ??AutoAwayMSG_1
     70            {
     71             away_m=!away_m;
   \   00000018   0150A0E3           MOV      R5,#+1
   \   0000001C   005080E5           STR      R5,[R0, #+0]
     72             GBS_StopTimer(&away_tmr);
   \   00000020   48009FE5           LDR      R0,??AutoAwayMSG_0+0x4  ;; away_tmr
   \   00000024   440100EF           SWI      +324
     73             msg_away_timer=AUTO_ENGADE*12;
   \   00000028   44009FE5           LDR      R0,??AutoAwayMSG_0+0x8  ;; AUTO_ENGADE
   \   0000002C   0C10A0E3           MOV      R1,#+12
   \   00000030   000090E5           LDR      R0,[R0, #+0]
   \   00000034   910000E0           MUL      R0,R1,R0
   \   00000038   000084E5           STR      R0,[R4, #+0]
     74             away_timer();
   \   0000003C   ........           _BLF     away_timer,??away_timer??rA
     75             main_d=1;
   \   00000040   30009FE5           LDR      R0,??AutoAwayMSG_0+0xC  ;; main_d
   \   00000044   005080E5           STR      R5,[R0, #+0]
   \   00000048   ........           _BLF     UpdateCLheader,??UpdateCLheader??rA
   \   0000004C   960100EF           SWI      +406
   \   00000050   3080BDE8           POP      {R4,R5,PC}
     76            }
     77           else
     78            {
     79             msg_away_timer=0;
   \                     ??AutoAwayMSG_1:
   \   00000054   0010A0E3           MOV      R1,#+0
   \   00000058   001084E5           STR      R1,[R4, #+0]
     80             away_m=!away_m;
   \   0000005C   001080E5           STR      R1,[R0, #+0]
     81            }
     82           UpdateCLheader();
   \   00000060   ........           _BLF     UpdateCLheader,??UpdateCLheader??rA
     83           RefreshGUI();
   \   00000064   960100EF           SWI      +406
     84          }
   \   00000068   3080BDE8           POP      {R4,R5,PC}       ;; return
   \                     ??AutoAwayMSG_0:
   \   0000006C   ........           DC32     msg_away_timer
   \   00000070   ........           DC32     away_tmr
   \   00000074   ........           DC32     AUTO_ENGADE
   \   00000078   ........           DC32     main_d
     85          
     86          

   \                                 In segment CODE, align 4, keep-with-next
     87          static void ChangeSoundMode(void)
     88          {
     89            Is_Sounds_Enabled=!(Is_Sounds_Enabled);
   \                     ChangeSoundMode:
   \   00000000   ........           LDR      R0,??DataTable29  ;; Is_Sounds_Enabled
   \   00000004   00402DE9           PUSH     {LR}
   \   00000008   001090E5           LDR      R1,[R0, #+0]
   \   0000000C   000051E3           CMP      R1,#+0
   \   00000010   0110A003           MOVEQ    R1,#+1
   \   00000014   0010A013           MOVNE    R1,#+0
   \   00000018   001080E5           STR      R1,[R0, #+0]
     90            SUBPROC((void*)WriteDefSettings);
   \   0000001C   ........           LDR      R0,??DataTable24  ;; WriteDefSettings
   \   00000020   710100EF           SWI      +369
     91            RefreshGUI();
   \   00000024   960100EF           SWI      +406
     92          }
   \   00000028   0080BDE8           POP      {PC}             ;; return
     93          

   \                                 In segment CODE, align 4, keep-with-next
     94          static void ChangeShowOfflineMode(void)
     95          {
     96            void RecountMenu(CLIST *req, int needfocus);
     97            Is_Show_Offline=!(Is_Show_Offline);
   \                     ChangeShowOfflineMode:
   \   00000000   ........           LDR      R0,??DataTable37  ;; Is_Show_Offline
   \   00000004   00402DE9           PUSH     {LR}
   \   00000008   001090E5           LDR      R1,[R0, #+0]
   \   0000000C   000051E3           CMP      R1,#+0
   \   00000010   0110A003           MOVEQ    R1,#+1
   \   00000014   0010A013           MOVNE    R1,#+0
   \   00000018   001080E5           STR      R1,[R0, #+0]
     98            SUBPROC((void*)WriteDefSettings);
   \   0000001C   ........           LDR      R0,??DataTable24  ;; WriteDefSettings
   \   00000020   710100EF           SWI      +369
     99            RecountMenu(NULL,1);
   \   00000024   0110A0E3           MOV      R1,#+1
   \   00000028   0000A0E3           MOV      R0,#+0
   \   0000002C   ........           _BLF     RecountMenu,??RecountMenu??rA
    100            RefreshGUI();
   \   00000030   960100EF           SWI      +406
    101          }
   \   00000034   0080BDE8           POP      {PC}             ;; return
    102          

   \                                 In segment CODE, align 4, keep-with-next
    103          static void ChangeShowGroupsMode(void)
    104          {
    105            void RecountMenu(CLIST *req,int needfocus);
    106            Is_Show_Groups=!(Is_Show_Groups);
   \                     ChangeShowGroupsMode:
   \   00000000   ........           LDR      R0,??DataTable38  ;; Is_Show_Groups
   \   00000004   00402DE9           PUSH     {LR}
   \   00000008   001090E5           LDR      R1,[R0, #+0]
   \   0000000C   000051E3           CMP      R1,#+0
   \   00000010   0110A003           MOVEQ    R1,#+1
   \   00000014   0010A013           MOVNE    R1,#+0
   \   00000018   001080E5           STR      R1,[R0, #+0]
    107            SUBPROC((void*)WriteDefSettings);
   \   0000001C   ........           LDR      R0,??DataTable24  ;; WriteDefSettings
   \   00000020   710100EF           SWI      +369
    108            ResortCL();
   \   00000024   ........           _BLF     ResortCL,??ResortCL??rA
    109            RecountMenu(NULL,1);
   \   00000028   0110A0E3           MOV      R1,#+1
   \   0000002C   0000A0E3           MOV      R0,#+0
   \   00000030   ........           _BLF     RecountMenu,??RecountMenu??rA
    110            RefreshGUI();
   \   00000034   960100EF           SWI      +406
    111          }
   \   00000038   0080BDE8           POP      {PC}             ;; return
    112          
    113          //extern int get_file_size(char* fname);
    114          extern char suc_config_name[64];
    115          extern char suc_config_name_mod[64];

   \                                 In segment CODE, align 4, keep-with-next
    116          static void EditConfig(void)
    117          {
   \                     EditConfig:
   \   00000000   10402DE9           PUSH     {R4,LR}
    118            WSHDR *ws;
    119            ws=AllocWS(150);
   \   00000004   9600A0E3           MOV      R0,#+150
   \   00000008   250100EF           SWI      +293
    120            str_2ws(ws,  suc_config_name,128);
   \   0000000C   2C109FE5           LDR      R1,??EditConfig_0  ;; suc_config_name
   \   00000010   0040A0E1           MOV      R4,R0
   \   00000014   8020A0E3           MOV      R2,#+128
   \   00000018   6C0100EF           SWI      +364
    121            ExecuteFile(ws,0,0);
   \   0000001C   0020A0E3           MOV      R2,#+0
   \   00000020   0010A0E3           MOV      R1,#+0
   \   00000024   0400A0E1           MOV      R0,R4
   \   00000028   940000EF           SWI      +148
    122            FreeWS(ws);
   \   0000002C   0400A0E1           MOV      R0,R4
   \   00000030   290100EF           SWI      +297
    123            GeneralFuncF1(1);
   \   00000034   0100A0E3           MOV      R0,#+1
   \   00000038   3B0100EF           SWI      +315
    124          }
   \   0000003C   1080BDE8           POP      {R4,PC}          ;; return
   \                     ??EditConfig_0:
   \   00000040   ........           DC32     suc_config_name
    125          

   \                                 In segment CODE, align 4, keep-with-next
    126          static void EditConfigMod(void)
    127          {
   \                     EditConfigMod:
   \   00000000   10402DE9           PUSH     {R4,LR}
    128            WSHDR *ws;
    129            ws=AllocWS(150);
   \   00000004   9600A0E3           MOV      R0,#+150
   \   00000008   250100EF           SWI      +293
    130            str_2ws(ws,suc_config_name_mod,128);
   \   0000000C   2C109FE5           LDR      R1,??EditConfigMod_0  ;; suc_config_name_mod
   \   00000010   0040A0E1           MOV      R4,R0
   \   00000014   8020A0E3           MOV      R2,#+128
   \   00000018   6C0100EF           SWI      +364
    131            ExecuteFile(ws,0,0);
   \   0000001C   0020A0E3           MOV      R2,#+0
   \   00000020   0010A0E3           MOV      R1,#+0
   \   00000024   0400A0E1           MOV      R0,R4
   \   00000028   940000EF           SWI      +148
    132            FreeWS(ws);
   \   0000002C   0400A0E1           MOV      R0,R4
   \   00000030   290100EF           SWI      +297
    133            GeneralFuncF1(1);
   \   00000034   0100A0E3           MOV      R0,#+1
   \   00000038   3B0100EF           SWI      +315
    134          }
   \   0000003C   1080BDE8           POP      {R4,PC}          ;; return
   \                     ??EditConfigMod_0:
   \   00000040   ........           DC32     suc_config_name_mod
    135          
    136          

   \                                 In segment CODE, align 4, keep-with-next
    137          static void Disconnect(void)
    138          {
    139            extern volatile int disautorecconect;
    140            disautorecconect=1;
   \                     Disconnect:
   \   00000000   1C009FE5           LDR      R0,??Disconnect_0  ;; disautorecconect
   \   00000004   00402DE9           PUSH     {LR}
   \   00000008   0110A0E3           MOV      R1,#+1
   \   0000000C   001080E5           STR      R1,[R0, #+0]
    141            extern void end_socket(void);
    142            SUBPROC((void*)end_socket);
   \   00000010   10009FE5           LDR      R0,??Disconnect_0+0x4  ;; end_socket
   \   00000014   710100EF           SWI      +369
    143            GeneralFuncF1(1);
   \   00000018   0100A0E3           MOV      R0,#+1
   \   0000001C   3B0100EF           SWI      +315
    144          }
   \   00000020   0080BDE8           POP      {PC}             ;; return
   \                     ??Disconnect_0:
   \   00000024   ........           DC32     disautorecconect
   \   00000028   ........           DC32     end_socket
    145          
    146          extern int uins;
    147          char hmm1[64];
    148          

   \                                 In segment CODE, align 4, keep-with-next
    149          static void PingToServer(void)
    150          {
    151            janis=1;
   \                     PingToServer:
   \   00000000   4C009FE5           LDR      R0,??PingToServer_0  ;; janis
   \   00000004   10402DE9           PUSH     {R4,LR}
   \   00000008   0110A0E3           MOV      R1,#+1
   \   0000000C   001080E5           STR      R1,[R0, #+0]
    152            TPKT *p;
    153            p=malloc(sizeof(PKT)+sizeof(TTime));
   \   00000010   1000A0E3           MOV      R0,#+16
   \   00000014   140000EF           SWI      +20
   \   00000018   0040A0E1           MOV      R4,R0
    154            GetDateTime(NULL,(TTime *)p->data);
   \   0000001C   081084E2           ADD      R1,R4,#+8
   \   00000020   0000A0E3           MOV      R0,#+0
   \   00000024   B40000EF           SWI      +180
    155            p->pkt.uin=0;
   \   00000028   0000A0E3           MOV      R0,#+0
   \   0000002C   000084E5           STR      R0,[R4, #+0]
    156            p->pkt.type=T_ECHO;
   \   00000030   1200A0E3           MOV      R0,#+18
   \   00000034   B400C4E1           STRH     R0,[R4, #+4]
    157            p->pkt.data_len=sizeof(TTime);
   \   00000038   0800A0E3           MOV      R0,#+8
   \   0000003C   B600C4E1           STRH     R0,[R4, #+6]
    158            SUBPROC((void *)SendAnswer,0,p);
   \   00000040   10009FE5           LDR      R0,??PingToServer_0+0x4  ;; SendAnswer
   \   00000044   0420A0E1           MOV      R2,R4
   \   00000048   0010A0E3           MOV      R1,#+0
   \   0000004C   710100EF           SWI      +369
    159          }
   \   00000050   1080BDE8           POP      {R4,PC}          ;; return
   \                     ??PingToServer_0:
   \   00000054   ........           DC32     janis
   \   00000058   ........           DC32     SendAnswer
    160          

   \                                 In segment CODE, align 4, keep-with-next
    161          static void AboutDlg()
    162          {
    163            char s[256];
    164            snprintf(s,255,LG_COPYRIGHT,__SVN_REVISION__);
   \                     AboutDlg:
   \   00000000   2C209FE5           LDR      R2,??AboutDlg_0  ;; `?<Constant "NATICQ v2.0\\nRevision ...">`
   \   00000004   00402DE9           PUSH     {LR}
   \   00000008   40DF4DE2           SUB      SP,SP,#+256
   \   0000000C   0A30A0E3           MOV      R3,#+10
   \   00000010   803E83E3           ORR      R3,R3,#0x800
   \   00000014   FF10A0E3           MOV      R1,#+255
   \   00000018   0D00A0E1           MOV      R0,SP
   \   0000001C   1B0100EF           SWI      +283
    165            ShowMSG(2, (int)s);
   \   00000020   0D10A0E1           MOV      R1,SP
   \   00000024   0200A0E3           MOV      R0,#+2
   \   00000028   480100EF           SWI      +328
    166          }
   \   0000002C   40DF8DE2           ADD      SP,SP,#+256
   \   00000030   0080BDE8           POP      {PC}             ;; return
   \                     ??AboutDlg_0:
   \   00000034   ........           DC32     `?<Constant "NATICQ v2.0\\nRevision ...">`
    167          

   \                                 In segment CODE, align 4, keep-with-next
    168          static void SaveCL()
    169          {
    170            extern void CreateCLFile(void);
    171            CreateCLFile();
   \                     SaveCL:
   \   00000000   ........           _BF      CreateCLFile,??CreateCLFile??rA  ;; tailcall
    172          }
    173          
    174          static const HEADER_DESC menuhdr={0,0,0,0,NULL,(int)LG_MENU,LGP_NULL};
    175          
    176          static const int mmenusoftkeys[]={0,1,2};
    177          
    178          //Переходим к универсальности))
    179          #ifdef NEWSGOLD
    180            #ifdef ELKA
    181                #define MENU_ITEMS 23//ELKA
    182            #else
    183                #define MENU_ITEMS 22//NEWSGOLD
    184            #endif
    185          #else
    186            #define MENU_ITEMS 21//SGOLD
    187          #endif
    188          
    189          static const char * const menutexts[MENU_ITEMS]=
    190          {
    191            LG_MNUSTATUS,
    192            LG_MNUXSTATUS,
    193            LG_MANAGELIST,
    194          #ifdef NEWSGOLD
    195            LG_ID3TAG,
    196          #endif
    197            LG_AUTOANSWER,//"Автоответчик",
    198            LG_MNUVIBRA,
    199            LG_MNUSOUND,
    200          //#ifdef NEWSGOLD
    201            LG_INCMSG,
    202          //#endif
    203          #ifdef ELKA
    204            LG_MNUSLION, 
    205          #endif
    206            LG_MNUSMARTCPU,
    207            LG_REMINDERON,
    208            LG_MNUILUON,
    209            LG_MNUPINGON,
    210            LG_MNUUPTIMEON,
    211            LG_MNUSHOWOFF,
    212            LG_MNUSHOWGROUP,
    213            LG_MNUEDCFG,
    214            LG_MNUEDCFG_MOD,
    215            LG_MNUDISCONNECT,
    216            LG_MSGINFO,
    217            LG_SAVECL,
    218            LG_MNUPING,
    219            LG_MNUABOUT
    220          };
    221          
    222          #ifdef ELKA

   \                                 In segment CODE, align 4, keep-with-next
    223          static void ChangeSLIMode(void)
    224          {
    225            Is_SLI_On=!(Is_SLI_On);
   \                     ChangeSLIMode:
   \   00000000   ........           LDR      R0,??DataTable31  ;; Is_SLI_On
   \   00000004   00402DE9           PUSH     {LR}
   \   00000008   001090E5           LDR      R1,[R0, #+0]
   \   0000000C   000051E3           CMP      R1,#+0
   \   00000010   0110A003           MOVEQ    R1,#+1
   \   00000014   0010A013           MOVNE    R1,#+0
   \   00000018   001080E5           STR      R1,[R0, #+0]
    226            SUBPROC((void*)WriteDefSettings);
   \   0000001C   ........           LDR      R0,??DataTable24  ;; WriteDefSettings
   \   00000020   710100EF           SWI      +369
    227            RefreshGUI();
   \   00000024   960100EF           SWI      +406
    228          }
   \   00000028   0080BDE8           POP      {PC}             ;; return
    229          #endif

   \                                 In segment CODE, align 4, keep-with-next
    230          static void ChangeSMARTCPUMode(void)
    231          {
    232            Is_SMARTCPU_On=!(Is_SMARTCPU_On);
   \                     ChangeSMARTCPUMode:
   \   00000000   ........           LDR      R0,??DataTable32  ;; Is_SMARTCPU_On
   \   00000004   00402DE9           PUSH     {LR}
   \   00000008   001090E5           LDR      R1,[R0, #+0]
   \   0000000C   000051E3           CMP      R1,#+0
   \   00000010   0110A003           MOVEQ    R1,#+1
   \   00000014   0010A013           MOVNE    R1,#+0
   \   00000018   001080E5           STR      R1,[R0, #+0]
    233            SUBPROC((void*)WriteDefSettings);
   \   0000001C   ........           LDR      R0,??DataTable24  ;; WriteDefSettings
   \   00000020   710100EF           SWI      +369
    234            RefreshGUI();
   \   00000024   960100EF           SWI      +406
    235          }
   \   00000028   0080BDE8           POP      {PC}             ;; return
    236          //#ifdef NEWSGOLD

   \                                 In segment CODE, align 4, keep-with-next
    237          static void ChangeINCMode(void)
    238          {
    239            Is_INC_On=!(Is_INC_On);
   \                     ChangeINCMode:
   \   00000000   ........           LDR      R0,??DataTable30  ;; Is_INC_On
   \   00000004   00402DE9           PUSH     {LR}
   \   00000008   001090E5           LDR      R1,[R0, #+0]
   \   0000000C   000051E3           CMP      R1,#+0
   \   00000010   0110A003           MOVEQ    R1,#+1
   \   00000014   0010A013           MOVNE    R1,#+0
   \   00000018   001080E5           STR      R1,[R0, #+0]
    240            SUBPROC((void*)WriteDefSettings);
   \   0000001C   ........           LDR      R0,??DataTable24  ;; WriteDefSettings
   \   00000020   710100EF           SWI      +369
    241            RefreshGUI();
   \   00000024   960100EF           SWI      +406
    242          }
   \   00000028   0080BDE8           POP      {PC}             ;; return
    243          //#endif

   \                                 In segment CODE, align 4, keep-with-next
    244          static void ChangeILUMode(void)
    245          {
    246            Is_ILU_On=!(Is_ILU_On);
   \                     ChangeILUMode:
   \   00000000   ........           LDR      R0,??DataTable34  ;; Is_ILU_On
   \   00000004   00402DE9           PUSH     {LR}
   \   00000008   001090E5           LDR      R1,[R0, #+0]
   \   0000000C   000051E3           CMP      R1,#+0
   \   00000010   0110A003           MOVEQ    R1,#+1
   \   00000014   0010A013           MOVNE    R1,#+0
   \   00000018   001080E5           STR      R1,[R0, #+0]
    247            SUBPROC((void*)WriteDefSettings);
   \   0000001C   ........           LDR      R0,??DataTable24  ;; WriteDefSettings
   \   00000020   710100EF           SWI      +369
    248            RefreshGUI();
   \   00000024   960100EF           SWI      +406
    249          }
   \   00000028   0080BDE8           POP      {PC}             ;; return
    250          

   \                                 In segment CODE, align 4, keep-with-next
    251          static void ChangePINGMode(void)
    252          {
    253            Is_PING_On=!(Is_PING_On);
   \                     ChangePINGMode:
   \   00000000   ........           LDR      R0,??DataTable35  ;; Is_PING_On
   \   00000004   00402DE9           PUSH     {LR}
   \   00000008   001090E5           LDR      R1,[R0, #+0]
   \   0000000C   000051E3           CMP      R1,#+0
   \   00000010   0110A003           MOVEQ    R1,#+1
   \   00000014   0010A013           MOVNE    R1,#+0
   \   00000018   001080E5           STR      R1,[R0, #+0]
    254            SUBPROC((void*)WriteDefSettings);
   \   0000001C   ........           LDR      R0,??DataTable24  ;; WriteDefSettings
   \   00000020   710100EF           SWI      +369
    255            RefreshGUI();
   \   00000024   960100EF           SWI      +406
    256          }
   \   00000028   0080BDE8           POP      {PC}             ;; return
    257          

   \                                 In segment CODE, align 4, keep-with-next
    258          static void ChangeUPTIMEMode(void)
    259          {
    260            Is_UPTIME_On=!(Is_UPTIME_On);
   \                     ChangeUPTIMEMode:
   \   00000000   ........           LDR      R0,??DataTable36  ;; Is_UPTIME_On
   \   00000004   00402DE9           PUSH     {LR}
   \   00000008   001090E5           LDR      R1,[R0, #+0]
   \   0000000C   000051E3           CMP      R1,#+0
   \   00000010   0110A003           MOVEQ    R1,#+1
   \   00000014   0010A013           MOVNE    R1,#+0
   \   00000018   001080E5           STR      R1,[R0, #+0]
    261            SUBPROC((void*)WriteDefSettings);
   \   0000001C   ........           LDR      R0,??DataTable24  ;; WriteDefSettings
   \   00000020   710100EF           SWI      +369
    262            RefreshGUI();
   \   00000024   960100EF           SWI      +406
    263          }
   \   00000028   0080BDE8           POP      {PC}             ;; return
    264          
    265          int main_count;
    266          int main2_count;
    267          

   \                                 In segment CODE, align 4, keep-with-next
    268          static void MSG_Info(void)
    269          {
   \                     MSG_Info:
   \   00000000   10402DE9           PUSH     {R4,LR}
    270            char *info=malloc(64);
   \   00000004   4000A0E3           MOV      R0,#+64
   \   00000008   140000EF           SWI      +20
    271            sprintf(info, "Отправлено: %d\n"
    272                          "Принято: %d", main2_count, main_count);
   \   0000000C   2C109FE5           LDR      R1,??MSG_Info_0  ;; `?<Constant "\\316\\362\\357\\360\\340\\342\\353\\345\\3`
   \   00000010   0040A0E1           MOV      R4,R0
   \   00000014   28009FE5           LDR      R0,??MSG_Info_0+0x4  ;; main_count
   \   00000018   003090E5           LDR      R3,[R0, #+0]
   \   0000001C   042090E5           LDR      R2,[R0, #+4]
   \   00000020   0400A0E1           MOV      R0,R4
   \   00000024   160000EF           SWI      +22
    273            ShowMSG(1,(int)info);
   \   00000028   0410A0E1           MOV      R1,R4
   \   0000002C   0100A0E3           MOV      R0,#+1
   \   00000030   480100EF           SWI      +328
    274            mfree(info);
   \   00000034   0400A0E1           MOV      R0,R4
   \   00000038   150000EF           SWI      +21
    275          }
   \   0000003C   1080BDE8           POP      {R4,PC}          ;; return
   \                     ??MSG_Info_0:
   \   00000040   ........           DC32     `?<Constant "\\316\\362\\357\\360\\340\\342\\353\\345\\3`
   \   00000044   ........           DC32     main_count
    276          

   \                                 In segment CODE, align 4, keep-with-next
    277          static void ChangeDoubleVibra(void)
    278          {
    279            Is_Double_Vibra_On=!(Is_Double_Vibra_On);
   \                     ChangeDoubleVibra:
   \   00000000   ........           LDR      R0,??DataTable33  ;; Is_Double_Vibra_On
   \   00000004   00402DE9           PUSH     {LR}
   \   00000008   001090E5           LDR      R1,[R0, #+0]
   \   0000000C   000051E3           CMP      R1,#+0
   \   00000010   0110A003           MOVEQ    R1,#+1
   \   00000014   0010A013           MOVNE    R1,#+0
   \   00000018   001080E5           STR      R1,[R0, #+0]
    280            SUBPROC((void*)WriteDefSettings);
   \   0000001C   ........           LDR      R0,??DataTable24  ;; WriteDefSettings
   \   00000020   710100EF           SWI      +369
    281            RefreshGUI();
   \   00000024   960100EF           SWI      +406
    282          }
   \   00000028   0080BDE8           POP      {PC}             ;; return

   \                                 In segment DATA_I, align 4, align-sorted
    283          static const void *menuprocs[MENU_ITEMS]=
   \                     menuprocs:
   \   00000000                      DS8 92
   \   0000005C                      REQUIRE `?<Initializer for menuprocs>`
    284          {
    285            (void *)DispStatusChangeMenu,
    286            (void *)DispXStatusChangeMenu,
    287            (void *)CreateManageCLMenu,
    288          #ifdef NEWSGOLD
    289            (void *)ChangeId3tagMode,
    290          #endif
    291            (void *)AutoAwayMSG,
    292            (void *)ChangeVibraMode,
    293            (void *)ChangeSoundMode,
    294          //#ifdef NEWSGOLD
    295            (void *)ChangeINCMode,
    296          //#endif
    297          #ifdef ELKA
    298            (void *)ChangeSLIMode,
    299          #endif
    300            (void *)ChangeSMARTCPUMode,
    301            (void *)ChangeDoubleVibra,
    302            (void *)ChangeILUMode,
    303            (void *)ChangePINGMode,
    304            (void *)ChangeUPTIMEMode,
    305            (void *)ChangeShowOfflineMode,
    306            (void *)ChangeShowGroupsMode,
    307            (void *)EditConfig,
    308            (void *)EditConfigMod,
    309            (void *)Disconnect, 
    310            (void *)MSG_Info,
    311            (void*)SaveCL,
    312            (void *)PingToServer,
    313            (void *)AboutDlg,
    314          };
    315          
    316          static const SOFTKEY_DESC mmenu_sk[]=
    317          {
    318            {0x0018,0x0000,(int)LG_SELECT},
    319            {0x0001,0x0000,(int)LG_BACK},
    320            {0x003D,0x0000,(int)LGP_DOIT_PIC}
    321          };
    322          
    323          static const SOFTKEYSTAB mmenu_skt=
    324          {
    325            mmenu_sk,0
    326          };
    327          

   \                                 In segment CODE, align 4, keep-with-next
    328          void tmenu_ghook(void *data, int cmd)
    329          {
   \                     tmenu_ghook:
   \   00000000   10402DE9           PUSH     {R4,LR}
   \   00000004   0140A0E1           MOV      R4,R1
    330            PNGTOP_DESC *pltop=PNG_TOP();
   \   00000008   B98100EF           SWI      +33209
    331            if (cmd==9)
   \   0000000C   090054E3           CMP      R4,#+9
    332            {
    333              pltop->dyn_pltop=NULL;
   \   00000010   0010A003           MOVEQ    R1,#+0
   \   00000014   08108005           STREQ    R1,[R0, #+8]
   \   00000018   1080BD08           POPEQ    {R4,PC}
    334            }
    335            if (cmd==0x0A)
   \   0000001C   0A0054E3           CMP      R4,#+10
   \   00000020   1080BD18           POPNE    {R4,PC}
    336            {
    337              pltop->dyn_pltop=XStatusesImgList;
   \   00000024   0C109FE5           LDR      R1,??tmenu_ghook_0  ;; XStatusesImgList
   \   00000028   001091E5           LDR      R1,[R1, #+0]
   \   0000002C   081080E5           STR      R1,[R0, #+8]
    338              DisableIDLETMR();
   \   00000030   7F0100EF           SWI      +383
    339            }
    340          }
   \   00000034   1080BDE8           POP      {R4,PC}          ;; return
   \                     ??tmenu_ghook_0:
   \   00000038   ........           DC32     XStatusesImgList

   \                                 In segment DATA_Z, align 4, align-sorted
    341          
    342          static int icon_array[2];
   \                     icon_array:
   \   00000000                      DS8 8
   \                     MainMenu_ID:
   \   00000008                      DS8 4

   \                                 In segment DATA_Z, align 4, align-sorted
   \                     janis:
   \   00000000                      DS8 4

   \                                 In segment DATA_Z, align 4, align-sorted
   \                     hmm1:
   \   00000000                      DS8 64

   \                                 In segment DATA_Z, align 4, align-sorted
   \                     main_count:
   \   00000000                      DS8 4
   \                     main2_count:
   \   00000004                      DS8 4
    343          

   \                                 In segment CODE, align 4, keep-with-next
    344          static void menuitemhandler(void *data, int curitem, void *unk)
    345          {
   \                     menuitemhandler:
   \   00000000   F0412DE9           PUSH     {R4-R8,LR}
   \   00000004   0040A0E1           MOV      R4,R0
   \   00000008   0150A0E1           MOV      R5,R1
    346            WSHDR *ws;
    347            void *item=AllocMenuItem(data);
   \   0000000C   970100EF           SWI      +407
   \   00000010   0060A0E1           MOV      R6,R0
   \   00000014   68019FE5           LDR      R0,??menuitemhandler_1  ;; menutexts
   \   00000018   058190E7           LDR      R8,[R0, +R5, LSL #+2]
   \   0000001C   0800A0E1           MOV      R0,R8
    348            extern const char percent_t[];
    349            ws=AllocMenuWS(data,strlen(menutexts[curitem]));
   \   00000020   1B0000EF           SWI      +27
   \   00000024   0010A0E1           MOV      R1,R0
   \   00000028   0400A0E1           MOV      R0,R4
   \   0000002C   980100EF           SWI      +408
    350            wsprintf(ws,percent_t,menutexts[curitem]);
   \   00000030   50119FE5           LDR      R1,??menuitemhandler_1+0x4  ;; percent_t
   \   00000034   0070A0E1           MOV      R7,R0
   \   00000038   0820A0E1           MOV      R2,R8
   \   0000003C   240100EF           SWI      +292
    351            switch(curitem)
   \   00000040   ........           LDR      R0,??DataTable39  ;; icon_array
   \   00000044   40219FE5           LDR      R2,??menuitemhandler_1+0x8  ;; S_ICONS
   \   00000048   0510A0E1           MOV      R1,R5
   \   0000004C   160051E3           CMP      R1,#+22
   \   00000050   4500008A           BHI      ??menuitemhandler_2
   \   00000054   013F8FE2           ADR      R3,??menuitemhandler_0
   \   00000058   0130D3E7           LDRB     R3,[R3, R1]
   \   0000005C   03F18FE0           ADD      PC,PC,R3, LSL #+2
   \                     ??menuitemhandler_0:
   \   00000060   05090F11           DC8      +5,+9,+15,+17
   \   00000064   181A2123           DC8      +24,+26,+33,+35
   \   00000068   25272E30           DC8      +37,+39,+46,+48
   \   0000006C   32343638           DC8      +50,+52,+54,+56
   \   00000070   3A3A3F3C           DC8      +58,+58,+63,+60
   \   00000074   3C3E3C00           DC8      +60,+62,+60,+0
    352            {
    353            case 0:
    354              SetMenuItemIconArray(data,item,S_ICONS+CurrentStatus);
   \                     ??menuitemhandler_3:
   \   00000078   10019FE5           LDR      R0,??menuitemhandler_1+0xC  ;; CurrentStatus
   \   0000007C   000090E5           LDR      R0,[R0, #+0]
   \   00000080   002182E0           ADD      R2,R2,R0, LSL #+2
   \   00000084   350000EA           B        ??menuitemhandler_4
    355              break;
    356            case 1:
    357              SetMenuItemIconArray(data,item,XStatusesIconArray+CurrentXStatus);
   \                     ??menuitemhandler_5:
   \   00000088   04019FE5           LDR      R0,??menuitemhandler_1+0x10  ;; CurrentXStatus
   \   0000008C   04119FE5           LDR      R1,??menuitemhandler_1+0x14  ;; XStatusesIconArray
   \   00000090   000090E5           LDR      R0,[R0, #+0]
   \   00000094   001091E5           LDR      R1,[R1, #+0]
   \   00000098   002181E0           ADD      R2,R1,R0, LSL #+2
   \   0000009C   2F0000EA           B        ??menuitemhandler_4
    358              break;
    359            case 2:
    360              SetMenuItemIconArray(data,item,S_ICONS+ICON_ADDCONTACT);
   \                     ??menuitemhandler_6:
   \   000000A0   482082E2           ADD      R2,R2,#+72
   \   000000A4   2D0000EA           B        ??menuitemhandler_4
    361              break;
    362          #ifdef NEWSGOLD
    363            case 3:
    364              SetMenuItemIconArray(data,item,icon_array+(Is_Id3tag_Enabled?0:1));
   \                     ??menuitemhandler_7:
   \   000000A8   ........           LDR      R1,??DataTable26  ;; Is_Id3tag_Enabled
   \                     ??menuitemhandler_8:
   \   000000AC   001091E5           LDR      R1,[R1, #+0]
   \   000000B0   000051E3           CMP      R1,#+0
   \   000000B4   0010A013           MOVNE    R1,#+0
   \   000000B8   0110A003           MOVEQ    R1,#+1
   \   000000BC   012180E0           ADD      R2,R0,R1, LSL #+2
   \   000000C0   260000EA           B        ??menuitemhandler_4
    365              break;
    366            case 4:
    367              SetMenuItemIconArray(data,item,icon_array+(away_m?0:1));
   \                     ??menuitemhandler_9:
   \   000000C4   ........           LDR      R1,??DataTable27  ;; away_m
   \   000000C8   F7FFFFEA           B        ??menuitemhandler_8
    368              break;
    369            case 5:
    370              SetMenuItemIconArray(data,item,icon_array+(Is_Vibra_Enabled?0:1));
   \                     ??menuitemhandler_10:
   \   000000CC   ........           LDR      R1,??DataTable28  ;; Is_Vibra_Enabled
   \                     ??menuitemhandler_11:
   \   000000D0   001091E5           LDR      R1,[R1, #+0]
   \   000000D4   000051E3           CMP      R1,#+0
   \   000000D8   0010A013           MOVNE    R1,#+0
   \   000000DC   0110A003           MOVEQ    R1,#+1
   \   000000E0   012180E0           ADD      R2,R0,R1, LSL #+2
   \   000000E4   1D0000EA           B        ??menuitemhandler_4
    371              break;
    372            case 6:
    373              SetMenuItemIconArray(data,item,icon_array+(Is_Sounds_Enabled?0:1));
   \                     ??menuitemhandler_12:
   \   000000E8   ........           LDR      R1,??DataTable29  ;; Is_Sounds_Enabled
   \   000000EC   EEFFFFEA           B        ??menuitemhandler_8
    374              break;
    375          #ifdef ELKA
    376            case 7:
    377              SetMenuItemIconArray(data,item,icon_array+(Is_INC_On?0:1));
   \                     ??menuitemhandler_13:
   \   000000F0   ........           LDR      R1,??DataTable30  ;; Is_INC_On
   \   000000F4   F5FFFFEA           B        ??menuitemhandler_11
    378              break;  
    379            case 8:
    380              SetMenuItemIconArray(data,item,icon_array+(Is_SLI_On?0:1));
   \                     ??menuitemhandler_14:
   \   000000F8   ........           LDR      R1,??DataTable31  ;; Is_SLI_On
   \   000000FC   EAFFFFEA           B        ??menuitemhandler_8
    381              break;
    382            case 9:
    383              SetMenuItemIconArray(data,item,icon_array+(Is_SMARTCPU_On?0:1));
   \                     ??menuitemhandler_15:
   \   00000100   ........           LDR      R1,??DataTable32  ;; Is_SMARTCPU_On
   \                     ??menuitemhandler_16:
   \   00000104   001091E5           LDR      R1,[R1, #+0]
   \   00000108   000051E3           CMP      R1,#+0
   \   0000010C   0010A013           MOVNE    R1,#+0
   \   00000110   0110A003           MOVEQ    R1,#+1
   \   00000114   012180E0           ADD      R2,R0,R1, LSL #+2
   \   00000118   100000EA           B        ??menuitemhandler_4
    384              break;
    385            case 10:
    386              SetMenuItemIconArray(data,item,icon_array+(Is_Double_Vibra_On?0:1));
   \                     ??menuitemhandler_17:
   \   0000011C   ........           LDR      R1,??DataTable33  ;; Is_Double_Vibra_On
   \   00000120   E1FFFFEA           B        ??menuitemhandler_8
    387              break;
    388            case 11:
    389              SetMenuItemIconArray(data,item,icon_array+(Is_ILU_On?0:1));
   \                     ??menuitemhandler_18:
   \   00000124   ........           LDR      R1,??DataTable34  ;; Is_ILU_On
   \   00000128   E8FFFFEA           B        ??menuitemhandler_11
    390              break;
    391            case 12:
    392              SetMenuItemIconArray(data,item,icon_array+(Is_PING_On?0:1));
   \                     ??menuitemhandler_19:
   \   0000012C   ........           LDR      R1,??DataTable35  ;; Is_PING_On
   \   00000130   DDFFFFEA           B        ??menuitemhandler_8
    393              break;
    394            case 13:
    395              SetMenuItemIconArray(data,item,icon_array+(Is_UPTIME_On?0:1));
   \                     ??menuitemhandler_20:
   \   00000134   ........           LDR      R1,??DataTable36  ;; Is_UPTIME_On
   \   00000138   F1FFFFEA           B        ??menuitemhandler_16
    396              break;  
    397            case 14:
    398              SetMenuItemIconArray(data,item,icon_array+(Is_Show_Offline?0:1));
   \                     ??menuitemhandler_21:
   \   0000013C   ........           LDR      R1,??DataTable37  ;; Is_Show_Offline
   \   00000140   D9FFFFEA           B        ??menuitemhandler_8
    399              break;
    400            case 15:
    401              SetMenuItemIconArray(data,item,icon_array+(Is_Show_Groups?0:1));
   \                     ??menuitemhandler_22:
   \   00000144   ........           LDR      R1,??DataTable38  ;; Is_Show_Groups
   \   00000148   E0FFFFEA           B        ??menuitemhandler_11
    402              break;    
    403            case 16:
    404              SetMenuItemIconArray(data,item,S_ICONS+ICON_SETTINGS);
   \                     ??menuitemhandler_23:
   \   0000014C   582082E2           ADD      R2,R2,#+88
   \   00000150   020000EA           B        ??menuitemhandler_4
    405              break;
    406            case 17:
    407              SetMenuItemIconArray(data,item,S_ICONS+ICON_SETTINGS);
    408              break;
    409            case 18:
    410              SetMenuItemIconArray(data,item,S_ICONS+IS_OFFLINE);
    411              break;
    412            case 19:
    413              SetMenuItemIconArray(data,item,S_ICONS+IS_UNKNOWN);
   \                     ??menuitemhandler_24:
   \   00000154   382082E2           ADD      R2,R2,#+56
   \   00000158   000000EA           B        ??menuitemhandler_4
    414              break;  
    415            case 20:
    416              SetMenuItemIconArray(data,item,S_ICONS+IS_UNKNOWN);
    417              break;  
    418            case 21:
    419              SetMenuItemIconArray(data,item,S_ICONS+ICON_PING);
   \                     ??menuitemhandler_25:
   \   0000015C   542082E2           ADD      R2,R2,#+84
   \                     ??menuitemhandler_4:
   \   00000160   0610A0E1           MOV      R1,R6
   \   00000164   0400A0E1           MOV      R0,R4
   \   00000168   990100EF           SWI      +409
    420              break;
    421            case 22:
    422              SetMenuItemIconArray(data,item,S_ICONS+IS_UNKNOWN);
    423              break;
    424          #else
    425            case 7:
    426              SetMenuItemIconArray(data,item,icon_array+(Is_INC_On?0:1));
    427              break;
    428            case 8:
    429              SetMenuItemIconArray(data,item,icon_array+(Is_SMARTCPU_On?0:1));
    430              break;
    431            case 9:
    432              SetMenuItemIconArray(data,item,icon_array+(Is_Double_Vibra_On?0:1));
    433              break;
    434            case 10:
    435              SetMenuItemIconArray(data,item,icon_array+(Is_ILU_On?0:1));
    436              break;
    437            case 11:
    438              SetMenuItemIconArray(data,item,icon_array+(Is_PING_On?0:1));
    439              break;
    440            case 12:
    441              SetMenuItemIconArray(data,item,icon_array+(Is_UPTIME_On?0:1));
    442              break;  
    443            case 13:
    444              SetMenuItemIconArray(data,item,icon_array+(Is_Show_Offline?0:1));
    445              break;
    446            case 14:
    447              SetMenuItemIconArray(data,item,icon_array+(Is_Show_Groups?0:1));
    448              break;    
    449            case 15:
    450              SetMenuItemIconArray(data,item,S_ICONS+ICON_SETTINGS);
    451              break;
    452            case 16:
    453              SetMenuItemIconArray(data,item,S_ICONS+ICON_SETTINGS);
    454              break;
    455            case 17:
    456              SetMenuItemIconArray(data,item,S_ICONS+IS_OFFLINE);
    457              break;
    458            case 18:
    459              SetMenuItemIconArray(data,item,S_ICONS+IS_UNKNOWN);
    460              break;
    461            case 19:
    462              SetMenuItemIconArray(data,item,S_ICONS+IS_UNKNOWN);
    463              break;  
    464            case 20:
    465              SetMenuItemIconArray(data,item,S_ICONS+ICON_PING);
    466              break;
    467            case 21:
    468              SetMenuItemIconArray(data,item,S_ICONS+IS_UNKNOWN);
    469              break;
    470          #endif
    471          #else
    472            case 3:
    473              SetMenuItemIconArray(data,item,icon_array+(away_m?0:1));
    474              break;
    475            case 4:
    476              SetMenuItemIconArray(data,item,icon_array+(Is_Vibra_Enabled?0:1));
    477              break;
    478            case 5:
    479              SetMenuItemIconArray(data,item,icon_array+(Is_Sounds_Enabled?0:1));
    480              break;
    481            case 6:
    482              SetMenuItemIconArray(data,item,icon_array+(Is_INC_On?0:1));
    483              break;
    484            case 7:
    485              SetMenuItemIconArray(data,item,icon_array+(Is_SMARTCPU_On?0:1));
    486              break;
    487            case 8:
    488              SetMenuItemIconArray(data,item,icon_array+(Is_Double_Vibra_On?0:1));
    489              break;
    490            case 9:
    491              SetMenuItemIconArray(data,item,icon_array+(Is_ILU_On?0:1));
    492              break;
    493            case 10:
    494              SetMenuItemIconArray(data,item,icon_array+(Is_PING_On?0:1));
    495              break;
    496            case 11:
    497              SetMenuItemIconArray(data,item,icon_array+(Is_UPTIME_On?0:1));
    498              break;  
    499            case 12:
    500              SetMenuItemIconArray(data,item,icon_array+(Is_Show_Offline?0:1));
    501              break;
    502            case 13:
    503              SetMenuItemIconArray(data,item,icon_array+(Is_Show_Groups?0:1));
    504              break;    
    505            case 14:
    506              SetMenuItemIconArray(data,item,S_ICONS+ICON_SETTINGS);
    507              break;
    508            case 15:
    509              SetMenuItemIconArray(data,item,S_ICONS+ICON_SETTINGS);
    510              break;
    511            case 16:
    512              SetMenuItemIconArray(data,item,S_ICONS+IS_OFFLINE);
    513              break;
    514            case 17:
    515              SetMenuItemIconArray(data,item,S_ICONS+IS_UNKNOWN);
    516              break;
    517            case 18:
    518              SetMenuItemIconArray(data,item,S_ICONS+IS_UNKNOWN);
    519              break;   
    520            case 19:
    521              SetMenuItemIconArray(data,item,S_ICONS+ICON_PING);
    522              break;
    523            case 20:
    524              SetMenuItemIconArray(data,item,S_ICONS+IS_UNKNOWN);
    525              break;
    526          #endif
    527            }
    528            SetMenuItemText(data, item, ws, curitem);
   \                     ??menuitemhandler_2:
   \   0000016C   0530A0E1           MOV      R3,R5
   \   00000170   0720A0E1           MOV      R2,R7
   \   00000174   0610A0E1           MOV      R1,R6
   \   00000178   0400A0E1           MOV      R0,R4
   \   0000017C   9A0100EF           SWI      +410
    529          }
   \   00000180   F081BDE8           POP      {R4-R8,PC}       ;; return
   \                     ??menuitemhandler_1:
   \   00000184   ........           DC32     menutexts
   \   00000188   ........           DC32     percent_t
   \   0000018C   ........           DC32     S_ICONS
   \   00000190   ........           DC32     CurrentStatus
   \   00000194   ........           DC32     CurrentXStatus
   \   00000198   ........           DC32     XStatusesIconArray
    530          

   \                                 In segment CODE, align 4, keep-with-next
    531          static int tmenu_keyhook(void *data, GUI_MSG *msg)
    532          {
   \                     tmenu_keyhook:
   \   00000000   00402DE9           PUSH     {LR}
    533            if ((msg->keys==0x18)||(msg->keys==0x3D))
   \   00000004   F210D1E1           LDRSH    R1,[R1, #+2]
   \   00000008   180051E3           CMP      R1,#+24
   \   0000000C   3D005113           CMPNE    R1,#+61
   \   00000010   0300001A           BNE      ??tmenu_keyhook_0
    534            {
    535              ((void (*)(void))(menuprocs[GetCurMenuItem(data)]))();
   \   00000014   8F0100EF           SWI      +399
   \   00000018   0C109FE5           LDR      R1,??tmenu_keyhook_1  ;; menuprocs
   \   0000001C   000191E7           LDR      R0,[R1, +R0, LSL #+2]
   \   00000020   30FF2FE1           BLX      R0
    536            }
    537            return(0);
   \                     ??tmenu_keyhook_0:
   \   00000024   0000A0E3           MOV      R0,#+0
   \   00000028   0080BDE8           POP      {PC}             ;; return
   \                     ??tmenu_keyhook_1:
   \   0000002C   ........           DC32     menuprocs
    538          }

   \                                 In segment DATA_C, align 4, align-sorted
   \                     menuhdr:
   \   00000000   000000000000       DC16 0, 0, 0, 0
   \              0000        
   \   00000008   00000000....       DC32 0H, `?<Constant "\\314\\345\\355\\376">`, 2147483647
   \              ....FFFFFF7F
   \   00000014   08000000....       DC32 8, tmenu_keyhook, tmenu_ghook, 0H, mmenusoftkeys, mmenu_skt, 17
   \              ............
   \              00000000....
   \              ............
   \              11000000    
   \   00000030   ........0000       DC32 menuitemhandler, 0H, 0H, 23
   \              000000000000
   \              17000000    

   \                                 In segment DATA_C, align 4, align-sorted
   \                     mmenusoftkeys:
   \   00000000   000000000100       DC32 0, 1, 2
   \              000002000000

   \                                 In segment DATA_C, align 4, align-sorted
   \                     menutexts:
   \   00000000   ........           DC32 `?<Constant "\\321\\362\\340\\362\\363\\361">`
   \   00000004   ........           DC32 `?<Constant "X-\\321\\362\\340\\362\\363\\361">`
   \   00000008   ........           DC32 `?<Constant "\\323\\357\\360\\340\\342\\353\\345\\355\\3`
   \   0000000C   ........           DC32 `?<Constant "\\320\\345\\346\\350\\354 Id3tag">`
   \   00000010   ........           DC32 `?<Constant "\\300\\342\\362\\356\\356\\362\\342\\345\\3`
   \   00000014   ........           DC32 `?<Constant "\\320\\345\\346\\350\\354 \\342\\350\\341\\`
   \   00000018   ........           DC32 `?<Constant "\\320\\345\\346\\350\\354 \\347\\342\\363\\`
   \   0000001C   ........           DC32 `?<Constant "\\302\\361\\357\\353\\373\\342\\340\\376\\3`
   \   00000020   ........           DC32 `?<Constant "\\320\\345\\346\\350\\354 SLI">`
   \   00000024   ........           DC32 `?<Constant "\\321\\356\\356\\341\\371\\345\\355\\350\\3`
   \   00000028   ........           DC32 `?<Constant "\\320\\345\\346\\350\\354 \\355\\340\\357\\`
   \   0000002C   ........           DC32 `?<Constant "\\320\\345\\346\\350\\354 \\357\\356\\344\\`
   \   00000030   ........           DC32 `?<Constant "\\300\\342\\362\\356\\354\\340\\362\\350\\3`
   \   00000034   ........           DC32 `?<Constant "\\302\\360\\345\\354\\377 \\360\\340\\341\\`
   \   00000038   ........           DC32 `?<Constant "\\316\\364\\364. \\352\\356\\355\\362\\340`
   \   0000003C   ........           DC32 `?<Constant "\\303\\360\\363\\357\\357\\373">`
   \   00000040   ........           DC32 `?<Constant "\\315\\340\\361\\362\\360\\356\\351\\352\\3`
   \   00000044   ........           DC32 `?<Constant "\\315\\340\\361\\362\\360\\356\\351\\352\\3_1`
   \   00000048   ........           DC32 `?<Constant "\\316\\341\\356\\360\\342\\340\\362\\374 \\`
   \   0000004C   ........           DC32 `?<Constant "\\310\\355\\364\\356 \\356 \\361\\356\\356`
   \   00000050   ........           DC32 `?<Constant "\\321\\356\\365\\360\\340\\355\\350\\362\\3`
   \   00000054   ........           DC32 `?<Constant "\\317\\350\\355\\343">`
   \   00000058   ........           DC32 `?<Constant "\\316\\341 \\375\\353\\374\\364\\345">`

   \                                 In segment DATA_C, align 4, align-sorted
   \                     mmenu_sk:
   \   00000000   18000000           DC16 24, 0
   \   00000004   ........           DC32 `?<Constant "\\302\\373\\341\\356\\360">`
   \   00000008   01000000           DC16 1, 0
   \   0000000C   ........           DC32 `?<Constant "\\315\\340\\347\\340\\344">`
   \   00000010   3D000000           DC16 61, 0
   \   00000014   FBC0FF7F           DC32 2147467515

   \                                 In segment DATA_C, align 4, align-sorted
   \                     mmenu_skt:
   \   00000000   ........0000       DC32 mmenu_sk, 0
   \              0000        
    539          
    540          
    541          static const MENU_DESC tmenu=
    542          {
    543            8,tmenu_keyhook,tmenu_ghook,NULL,
    544            mmenusoftkeys,
    545            &mmenu_skt,
    546            0x11,//MENU_FLAG,
    547            menuitemhandler,
    548            NULL,//menuitems,
    549            NULL,//menuprocs,
    550            MENU_ITEMS
    551          };
    552          

   \                                 In segment CODE, align 4, keep-with-next
    553          void ShowMainMenu()
    554          {
   \                     ShowMainMenu:
   \   00000000   30402DE9           PUSH     {R4,R5,LR}
    555            icon_array[0]=GetPicNByUnicodeSymbol(CBOX_CHECKED);
   \   00000004   ........           LDR      R4,??DataTable39  ;; icon_array
    556            icon_array[1]=GetPicNByUnicodeSymbol(CBOX_UNCHECKED);
    557            *((int **)(&menuhdr.icon))=S_ICONS+IS_ONLINE;
   \   00000008   80509FE5           LDR      R5,??ShowMainMenu_0  ;; menuhdr
   \   0000000C   1600A0E3           MOV      R0,#+22
   \   00000010   E10C80E3           ORR      R0,R0,#0xE100
   \   00000014   E40100EF           SWI      +484
   \   00000018   000084E5           STR      R0,[R4, #+0]
   \   0000001C   1700A0E3           MOV      R0,#+23
   \   00000020   E10C80E3           ORR      R0,R0,#0xE100
   \   00000024   E40100EF           SWI      +484
   \   00000028   040084E5           STR      R0,[R4, #+4]
   \   0000002C   60009FE5           LDR      R0,??ShowMainMenu_0+0x4  ;; S_ICONS + 44
   \   00000030   080085E5           STR      R0,[R5, #+8]
    558            patch_header(&menuhdr);
   \   00000034   0000A0E3           MOV      R0,#+0
   \   00000038   B000C5E1           STRH     R0,[R5, #+0]
   \   0000003C   1800A0E3           MOV      R0,#+24
   \   00000040   B200C5E1           STRH     R0,[R5, #+2]
   \   00000044   888100EF           SWI      +33160
   \   00000048   010040E2           SUB      R0,R0,#+1
   \   0000004C   B400C5E1           STRH     R0,[R5, #+4]
   \   00000050   8A8100EF           SWI      +33162
   \   00000054   170080E2           ADD      R0,R0,#+23
   \   00000058   B600C5E1           STRH     R0,[R5, #+6]
    559            MainMenu_ID=CreateMenu(0,0,&tmenu,&menuhdr,0,MENU_ITEMS,0,0);
   \   0000005C   0000A0E3           MOV      R0,#+0
   \   00000060   01002DE9           PUSH     {R0}
   \   00000064   01002DE9           PUSH     {R0}
   \   00000068   0530A0E1           MOV      R3,R5
   \   0000006C   142085E2           ADD      R2,R5,#+20
   \   00000070   0010A0E3           MOV      R1,#+0
   \   00000074   1700A0E3           MOV      R0,#+23
   \   00000078   01002DE9           PUSH     {R0}
   \   0000007C   0000A0E3           MOV      R0,#+0
   \   00000080   01002DE9           PUSH     {R0}
   \   00000084   520100EF           SWI      +338
   \   00000088   080084E5           STR      R0,[R4, #+8]
    560          }
   \   0000008C   3F80BDE8           POP      {R0-R5,PC}       ;; return
   \                     ??ShowMainMenu_0:
   \   00000090   ........           DC32     menuhdr
   \   00000094   ........           DC32     S_ICONS + 44

   \                                 In segment CODE, align 4, keep-with-next
   \                     ??DataTable24:
   \   00000000   ........           DC32     WriteDefSettings

   \                                 In segment CODE, align 4, keep-with-next
   \                     ??DataTable26:
   \   00000000   ........           DC32     Is_Id3tag_Enabled

   \                                 In segment CODE, align 4, keep-with-next
   \                     ??DataTable27:
   \   00000000   ........           DC32     away_m

   \                                 In segment CODE, align 4, keep-with-next
   \                     ??DataTable28:
   \   00000000   ........           DC32     Is_Vibra_Enabled

   \                                 In segment CODE, align 4, keep-with-next
   \                     ??DataTable29:
   \   00000000   ........           DC32     Is_Sounds_Enabled

   \                                 In segment CODE, align 4, keep-with-next
   \                     ??DataTable30:
   \   00000000   ........           DC32     Is_INC_On

   \                                 In segment CODE, align 4, keep-with-next
   \                     ??DataTable31:
   \   00000000   ........           DC32     Is_SLI_On

   \                                 In segment CODE, align 4, keep-with-next
   \                     ??DataTable32:
   \   00000000   ........           DC32     Is_SMARTCPU_On

   \                                 In segment CODE, align 4, keep-with-next
   \                     ??DataTable33:
   \   00000000   ........           DC32     Is_Double_Vibra_On

   \                                 In segment CODE, align 4, keep-with-next
   \                     ??DataTable34:
   \   00000000   ........           DC32     Is_ILU_On

   \                                 In segment CODE, align 4, keep-with-next
   \                     ??DataTable35:
   \   00000000   ........           DC32     Is_PING_On

   \                                 In segment CODE, align 4, keep-with-next
   \                     ??DataTable36:
   \   00000000   ........           DC32     Is_UPTIME_On

   \                                 In segment CODE, align 4, keep-with-next
   \                     ??DataTable37:
   \   00000000   ........           DC32     Is_Show_Offline

   \                                 In segment CODE, align 4, keep-with-next
   \                     ??DataTable38:
   \   00000000   ........           DC32     Is_Show_Groups

   \                                 In segment CODE, align 4, keep-with-next
   \                     ??DataTable39:
   \   00000000   ........           DC32     icon_array

   \                                 In segment DATA_ID, align 4, align-sorted
   \                     `?<Initializer for menuprocs>`:
   \   00000000   ............       DC32 DispStatusChangeMenu, DispXStatusChangeMenu, CreateManageCLMenu
   \              ............
   \   0000000C   ............       DC32 ChangeId3tagMode, AutoAwayMSG, ChangeVibraMode, ChangeSoundMode
   \              ............
   \              ........    
   \   0000001C   ............       DC32 ChangeINCMode, ChangeSLIMode, ChangeSMARTCPUMode
   \              ............
   \   00000028   ............       DC32 ChangeDoubleVibra, ChangeILUMode, ChangePINGMode, ChangeUPTIMEMode
   \              ............
   \              ........    
   \   00000038   ............       DC32 ChangeShowOfflineMode, ChangeShowGroupsMode, EditConfig
   \              ............
   \   00000044   ............       DC32 EditConfigMod, Disconnect, MSG_Info, SaveCL, PingToServer
   \              ............
   \              ............
   \              ....        
   \   00000058   ........           DC32 AboutDlg

   \                                 In segment DATA_C, align 4, align-sorted
   \                     `?<Constant "\\320\\345\\346\\350\\354 \\347\\342\\363\\`:
   \   00000000   D0E5E6E8EC20       DC8 "\320\345\346\350\354 \347\342\363\352\340"
   \              E7E2F3EAE000

   \                                 In segment DATA_C, align 4, align-sorted
   \                     `?<Constant "\\316\\364\\364. \\352\\356\\355\\362\\340`:
   \   00000000   CEF4F42E20EA       DC8 "\316\364\364. \352\356\355\362\340\352\362\373"
   \              EEEDF2E0EAF2
   \              FB00        
   \   0000000E   0000               DC8 0, 0

   \                                 In segment DATA_C, align 4, align-sorted
   \                     `?<Constant "\\303\\360\\363\\357\\357\\373">`:
   \   00000000   C3F0F3EFEFFB       DC8 "\303\360\363\357\357\373"
   \              00          
   \   00000007   00                 DC8 0

   \                                 In segment DATA_C, align 4, align-sorted
   \                     `?<Constant "\\315\\340\\361\\362\\360\\356\\351\\352\\3`:
   \   00000000   CDE0F1F2F0EE       DC8 "\315\340\361\362\360\356\351\352\350"
   \              E9EAE800    
   \   0000000A   0000               DC8 0, 0

   \                                 In segment DATA_C, align 4, align-sorted
   \                     `?<Constant "\\315\\340\\361\\362\\360\\356\\351\\352\\3_1`:
   \   00000000   CDE0F1F2F0EE       DC8 "\315\340\361\362\360\356\351\352\350 \354\356\344\340"
   \              E9EAE820ECEE
   \              E4E000      
   \   0000000F   00                 DC8 0

   \                                 In segment DATA_C, align 4, align-sorted
   \                     `?<Constant "\\316\\341\\356\\360\\342\\340\\362\\374 \\`:
   \   00000000   CEE1EEF0E2E0       DC8 "\316\341\356\360\342\340\362\374 \361\342\377\347\374"
   \              F2FC20F1E2FF
   \              E7FC00      
   \   0000000F   00                 DC8 0

   \                                 In segment DATA_C, align 4, align-sorted
   \                     `?<Constant "\\310\\355\\364\\356 \\356 \\361\\356\\356`:
   \   00000000   C8EDF4EE20EE       DC8 "\310\355\364\356 \356 \361\356\356\341\371\345\355\350\377\365"
   \              20F1EEEEE1F9
   \              E5EDE8FFF500
   \   00000012   0000               DC8 0, 0

   \                                 In segment DATA_C, align 4, align-sorted
   \                     `?<Constant "\\321\\356\\365\\360\\340\\355\\350\\362\\3`:
   \   00000000   D1EEF5F0E0ED       DC8 "\321\356\365\360\340\355\350\362\374 \312\313"
   \              E8F2FC20CACB
   \              00          
   \   0000000D   000000             DC8 0, 0, 0

   \                                 In segment DATA_C, align 4, align-sorted
   \                     `?<Constant "\\317\\350\\355\\343">`:
   \   00000000   CFE8EDE300         DC8 "\317\350\355\343"
   \   00000005   000000             DC8 0, 0, 0

   \                                 In segment DATA_C, align 4, align-sorted
   \                     `?<Constant "\\316\\341 \\375\\353\\374\\364\\345">`:
   \   00000000   CEE120FDEBFC       DC8 "\316\341 \375\353\374\364\345"
   \              F4E500      
   \   00000009   000000             DC8 0, 0, 0

   \                                 In segment DATA_C, align 4, align-sorted
   \                     `?<Constant "\\302\\373\\341\\356\\360">`:
   \   00000000   C2FBE1EEF000       DC8 "\302\373\341\356\360"
   \   00000006   0000               DC8 0, 0

   \                                 In segment DATA_C, align 4, align-sorted
   \                     `?<Constant "\\315\\340\\347\\340\\344">`:
   \   00000000   CDE0E7E0E400       DC8 "\315\340\347\340\344"
   \   00000006   0000               DC8 0, 0

   \                                 In segment DATA_C, align 4, align-sorted
   \                     `?<Constant "NATICQ v2.0\\nRevision ...">`:
   \   00000000   4E4154494351       DC8 4EH, 41H, 54H, 49H, 43H, 51H, 20H, 76H
   \              2076        
   \   00000008   322E300A5265       DC8 32H, 2EH, 30H, 0AH, 52H, 65H, 76H, 69H
   \              7669        
   \   00000010   73696F6E2025       DC8 73H, 69H, 6FH, 6EH, 20H, 25H, 64H, 0AH
   \              640A        
   \   00000018   284329206279       DC8 28H, 43H, 29H, 20H, 62H, 79H, 20H, 52H
   \              2052        
   \   00000020   7374372F4342       DC8 73H, 74H, 37H, 2FH, 43H, 42H, 53H, 49H
   \              5349        
   \   00000028   450A4B72656E       DC8 45H, 0AH, 4BH, 72H, 65H, 6EH, 0AH, 4BH
   \              0A4B        
   \   00000030   696261620A53       DC8 69H, 62H, 61H, 62H, 0AH, 53H, 68H, 61H
   \              6861        
   \   00000038   646F770A5365       DC8 64H, 6FH, 77H, 0AH, 53H, 65H, 6BH, 6CH
   \              6B6C        
   \   00000040   746800             DC8 74H, 68H, 0
   \   00000043   00                 DC8 0

   \                                 In segment DATA_C, align 4, align-sorted
   \                     `?<Constant "\\314\\345\\355\\376">`:
   \   00000000   CCE5EDFE00         DC8 "\314\345\355\376"
   \   00000005   000000             DC8 0, 0, 0

   \                                 In segment DATA_C, align 4, align-sorted
   \                     `?<Constant "\\321\\362\\340\\362\\363\\361">`:
   \   00000000   D1F2E0F2F3F1       DC8 "\321\362\340\362\363\361"
   \              00          
   \   00000007   00                 DC8 0

   \                                 In segment DATA_C, align 4, align-sorted
   \                     `?<Constant "X-\\321\\362\\340\\362\\363\\361">`:
   \   00000000   582DD1F2E0F2       DC8 "X-\321\362\340\362\363\361"
   \              F3F100      
   \   00000009   000000             DC8 0, 0, 0

   \                                 In segment DATA_C, align 4, align-sorted
   \                     `?<Constant "\\323\\357\\360\\340\\342\\353\\345\\355\\3`:
   \   00000000   D3EFF0E0E2EB       DC8 "\323\357\360\340\342\353\345\355\350\345 \361\357\350\361\352\356\354"
   \              E5EDE8E520F1
   \              EFE8F1EAEEEC
   \              00          
   \   00000013   00                 DC8 0

   \                                 In segment DATA_C, align 4, align-sorted
   \                     `?<Constant "\\320\\345\\346\\350\\354 Id3tag">`:
   \   00000000   D0E5E6E8EC20       DC8 "\320\345\346\350\354 Id3tag"
   \              496433746167
   \              00          
   \   0000000D   000000             DC8 0, 0, 0

   \                                 In segment DATA_C, align 4, align-sorted
   \                     `?<Constant "\\300\\342\\362\\356\\356\\362\\342\\345\\3`:
   \   00000000   C0E2F2EEEEF2       DC8 "\300\342\362\356\356\362\342\345\362\367\350\352"
   \              E2E5F2F7E8EA
   \              00          
   \   0000000D   000000             DC8 0, 0, 0

   \                                 In segment DATA_C, align 4, align-sorted
   \                     `?<Constant "\\320\\345\\346\\350\\354 \\342\\350\\341\\`:
   \   00000000   D0E5E6E8EC20       DC8 "\320\345\346\350\354 \342\350\341\360\373"
   \              E2E8E1F0FB00

   \                                 In segment DATA_C, align 4, align-sorted
   \                     `?<Constant "\\316\\362\\357\\360\\340\\342\\353\\345\\3`:
   \   00000000   CEF2EFF0E0E2       DC8 "\316\362\357\360\340\342\353\345\355\356: %d\012\317\360\350\355\377\362\356: %d"
   \              EBE5EDEE3A20
   \              25640ACFF0E8
   \              EDFFF2EE3A20
   \              256400      
   \   0000001B   00                 DC8 0

   \                                 In segment DATA_C, align 4, align-sorted
   \                     `?<Constant "\\302\\361\\357\\353\\373\\342\\340\\376\\3`:
   \   00000000   C2F1EFEBFBE2       DC8 "\302\361\357\353\373\342\340\376\371\350\345 \361\356\341\371\345\355\350\377"
   \              E0FEF9E8E520
   \              F1EEE1F9E5ED
   \              E8FF00      
   \   00000015   000000             DC8 0, 0, 0

   \                                 In segment DATA_C, align 4, align-sorted
   \                     `?<Constant "\\320\\345\\346\\350\\354 SLI">`:
   \   00000000   D0E5E6E8EC20       DC8 "\320\345\346\350\354 SLI"
   \              534C4900    
   \   0000000A   0000               DC8 0, 0

   \                                 In segment DATA_C, align 4, align-sorted
   \                     `?<Constant "\\321\\356\\356\\341\\371\\345\\355\\350\\3`:
   \   00000000   D1EEEEE1F9E5       DC8 "\321\356\356\341\371\345\355\350\377 \355\340 \343\375"
   \              EDE8FF20EDE0
   \              20E3FD00    

   \                                 In segment DATA_C, align 4, align-sorted
   \                     `?<Constant "\\320\\345\\346\\350\\354 \\355\\340\\357\\`:
   \   00000000   D0E5E6E8EC20       DC8 "\320\345\346\350\354 \355\340\357\356\354\350\355\340\355\350\377"
   \              EDE0EFEEECE8
   \              EDE0EDE8FF00
   \   00000012   0000               DC8 0, 0

   \                                 In segment DATA_C, align 4, align-sorted
   \                     `?<Constant "\\320\\345\\346\\350\\354 \\357\\356\\344\\`:
   \   00000000   D0E5E6E8EC20       DC8 "\320\345\346\350\354 \357\356\344\361\342\345\362\352\350"
   \              EFEEE4F1E2E5
   \              F2EAE800    

   \                                 In segment DATA_C, align 4, align-sorted
   \                     `?<Constant "\\300\\342\\362\\356\\354\\340\\362\\350\\3`:
   \   00000000   C0E2F2EEECE0       DC8 "\300\342\362\356\354\340\362\350\367\345\361\352\350\351 \357\350\355\343"
   \              F2E8F7E5F1EA
   \              E8E920EFE8ED
   \              E300        

   \                                 In segment DATA_C, align 4, align-sorted
   \                     `?<Constant "\\302\\360\\345\\354\\377 \\360\\340\\341\\`:
   \   00000000   C2F0E5ECFF20       DC8 "\302\360\345\354\377 \360\340\341\356\362\373"
   \              F0E0E1EEF2FB
   \              00          
   \   0000000D   000000             DC8 0, 0, 0

   Maximum stack usage in bytes:

     Function              CSTACK
     --------              ------
     AboutDlg                260
     AutoAwayMSG              12
     ChangeDoubleVibra         4
     ChangeILUMode             4
     ChangeINCMode             4
     ChangeId3tagMode          4
     ChangePINGMode            4
     ChangeSLIMode             4
     ChangeSMARTCPUMode        4
     ChangeShowGroupsMode      4
     ChangeShowOfflineMode     4
     ChangeSoundMode           4
     ChangeUPTIMEMode          4
     ChangeVibraMode           4
     Disconnect                4
     EditConfig                8
     EditConfigMod             8
     MSG_Info                  8
     PingToServer              8
     SaveCL                    4
     ShowMainMenu             28
     menuitemhandler          24
     tmenu_ghook               8
     tmenu_keyhook             4


   Segment part sizes:

     Function/Label                 Bytes
     --------------                 -----
     ChangeVibraMode                  44
     ChangeId3tagMode                 48
     AutoAwayMSG                     124
     ChangeSoundMode                  44
     ChangeShowOfflineMode            56
     ChangeShowGroupsMode             60
     EditConfig                       68
     EditConfigMod                    68
     Disconnect                       44
     PingToServer                     92
     AboutDlg                         56
     SaveCL                            4
     ChangeSLIMode                    44
     ChangeSMARTCPUMode               44
     ChangeINCMode                    44
     ChangeILUMode                    44
     ChangePINGMode                   44
     ChangeUPTIMEMode                 44
     MSG_Info                         72
     ChangeDoubleVibra                44
     menuprocs                        92
     tmenu_ghook                      60
     icon_array                       12
     janis                             4
     hmm1                             64
     main_count                        8
     menuitemhandler                 412
     tmenu_keyhook                    48
     menuhdr                          64
     mmenusoftkeys                    12
     menutexts                        92
     mmenu_sk                         24
     mmenu_skt                         8
     ShowMainMenu                    152
     ??DataTable24                     4
     ??DataTable26                     4
     ??DataTable27                     4
     ??DataTable28                     4
     ??DataTable29                     4
     ??DataTable30                     4
     ??DataTable31                     4
     ??DataTable32                     4
     ??DataTable33                     4
     ??DataTable34                     4
     ??DataTable35                     4
     ??DataTable36                     4
     ??DataTable37                     4
     ??DataTable38                     4
     ??DataTable39                     4
     ?<Initializer for menuprocs>     92
     ?<Constant "\320\345\346\350\354 \347\342\363\
                                      12
     ?<Constant "\316\364\364. \352\356\355\362\340
                                      16
     ?<Constant "\303\360\363\357\357\373">
                                       8
     ?<Constant "\315\340\361\362\360\356\351\352\3
                                      12
     ?<Constant "\315\340\361\362\360\356\351\352\3_1
                                      16
     ?<Constant "\316\341\356\360\342\340\362\374 \
                                      16
     ?<Constant "\310\355\364\356 \356 \361\356\356
                                      20
     ?<Constant "\321\356\365\360\340\355\350\362\3
                                      16
     ?<Constant "\317\350\355\343">    8
     ?<Constant "\316\341 \375\353\374\364\345">
                                      12
     ?<Constant "\302\373\341\356\360">
                                       8
     ?<Constant "\315\340\347\340\344">
                                       8
     ?<Constant "NATICQ v2.0\nRevision ...">
                                      68
     ?<Constant "\314\345\355\376">    8
     ?<Constant "\321\362\340\362\363\361">
                                       8
     ?<Constant "X-\321\362\340\362\363\361">
                                      12
     ?<Constant "\323\357\360\340\342\353\345\355\3
                                      20
     ?<Constant "\320\345\346\350\354 Id3tag">
                                      16
     ?<Constant "\300\342\362\356\356\362\342\345\3
                                      16
     ?<Constant "\320\345\346\350\354 \342\350\341\
                                      12
     ?<Constant "\316\362\357\360\340\342\353\345\3
                                      28
     ?<Constant "\302\361\357\353\373\342\340\376\3
                                      24
     ?<Constant "\320\345\346\350\354 SLI">
                                      12
     ?<Constant "\321\356\356\341\371\345\355\350\3
                                      16
     ?<Constant "\320\345\346\350\354 \355\340\357\
                                      20
     ?<Constant "\320\345\346\350\354 \357\356\344\
                                      16
     ?<Constant "\300\342\362\356\354\340\362\350\3
                                      20
     ?<Constant "\302\360\345\354\377 \360\340\341\
                                      16
      Others                         192

 
 1 988 bytes in segment CODE
   664 bytes in segment DATA_C
    92 bytes in segment DATA_I
    92 bytes in segment DATA_ID
    88 bytes in segment DATA_Z
    24 bytes in segment INITTAB
 
 1 820 bytes of CODE  memory (+ 192 bytes shared)
   756 bytes of CONST memory
   180 bytes of DATA  memory

Errors: none
Warnings: none
