##############################################################################
#                                                                            #
# IAR ARM ANSI C/C++ Compiler V4.41A/W32 EVALUATION    27/Jul/2007  12:35:20 #
# Copyright 1999-2005 IAR Systems. All rights reserved.                      #
#                                                                            #
#    Cpu mode        =  interwork                                            #
#    Endian          =  little                                               #
#    Stack alignment =  4                                                    #
#    Source file     =  D:\Pasha\elf\41325_profile_switcher_s-c.ru\config_da #
#                       ta.c                                                 #
#    Command line    =  D:\Pasha\elf\41325_profile_switcher_s-c.ru\config_da #
#                       ta.c -lC D:\Pasha\elf\41325_profile_switcher_s-c.ru\ #
#                       Release\List\ -o D:\Pasha\elf\41325_profile_switcher #
#                       _s-c.ru\Release\Obj\ -s9 --no_unroll                 #
#                       --no_clustering --cpu_mode arm --endian little       #
#                       --cpu ARM926EJ-S --stack_align 4 --interwork -e      #
#                       --fpu None --dlib_config "D:\Pasha\ARM_Embedded_Work #
#                       bench\Embedded Workbench 4.0                         #
#                       Evaluation\ARM\LIB\dl5tpainl8n.h" --segment          #
#                       code=CONFIG --segment data=CONFIG -I                 #
#                       "D:\Pasha\ARM_Embedded_Workbench\Embedded Workbench  #
#                       4.0 Evaluation\ARM\INC\" --inline_threshold=2        #
#    List file       =  D:\Pasha\elf\41325_profile_switcher_s-c.ru\Release\L #
#                       ist\config_data.lst                                  #
#    Object file     =  D:\Pasha\elf\41325_profile_switcher_s-c.ru\Release\O #
#                       bj\config_data.r79                                   #
#                                                                            #
#                                                                            #
##############################################################################

D:\Pasha\elf\41325_profile_switcher_s-c.ru\config_data.c
      1          #include "..\inc\cfg_items.h"
      2          

   \                                 In segment CONFIG_C, align 4, align-sorted, root
      3          __root const CFG_HDR cfghdr0={CFG_UINT,"00 часов",0,8};
   \                     cfghdr0:
   \   00000000   01000000           DC32 1
   \   00000004   303020F7E0F1       DC8 "00 \367\340\361\356\342"
   \              EEE200      
   \   0000000D   000000000000       DC8 0, 0, 0, 0, 0, 0, 0, 0, 0, 0, 0, 0, 0, 0, 0, 0, 0, 0, 0, 0, 0, 0, 0
   \              000000000000
   \              000000000000
   \              0000000000  
   \   00000024   000000000800       DC32 0, 8
   \              0000        

   \                                 In segment CONFIG_C, align 4, align-sorted, root
      4          __root const unsigned int profile1=1;
   \                     profile1:
   \   00000000   01000000           DC32 1
      5          

   \                                 In segment CONFIG_C, align 4, align-sorted, root
      6          __root const CFG_HDR cfghdr1={CFG_UINT,"01 часов",0,8};
   \                     cfghdr1:
   \   00000000   01000000           DC32 1
   \   00000004   303120F7E0F1       DC8 "01 \367\340\361\356\342"
   \              EEE200      
   \   0000000D   000000000000       DC8 0, 0, 0, 0, 0, 0, 0, 0, 0, 0, 0, 0, 0, 0, 0, 0, 0, 0, 0, 0, 0, 0, 0
   \              000000000000
   \              000000000000
   \              0000000000  
   \   00000024   000000000800       DC32 0, 8
   \              0000        

   \                                 In segment CONFIG_C, align 4, align-sorted, root
      7          __root const unsigned int profile2=1;
   \                     profile2:
   \   00000000   01000000           DC32 1
      8          

   \                                 In segment CONFIG_C, align 4, align-sorted, root
      9          __root const CFG_HDR cfghdr2={CFG_UINT,"02 часов",0,8};
   \                     cfghdr2:
   \   00000000   01000000           DC32 1
   \   00000004   303220F7E0F1       DC8 "02 \367\340\361\356\342"
   \              EEE200      
   \   0000000D   000000000000       DC8 0, 0, 0, 0, 0, 0, 0, 0, 0, 0, 0, 0, 0, 0, 0, 0, 0, 0, 0, 0, 0, 0, 0
   \              000000000000
   \              000000000000
   \              0000000000  
   \   00000024   000000000800       DC32 0, 8
   \              0000        

   \                                 In segment CONFIG_C, align 4, align-sorted, root
     10          __root const unsigned int profile3=1;
   \                     profile3:
   \   00000000   01000000           DC32 1
     11          

   \                                 In segment CONFIG_C, align 4, align-sorted, root
     12          __root const CFG_HDR cfghdr3={CFG_UINT,"03 часов",0,8};
   \                     cfghdr3:
   \   00000000   01000000           DC32 1
   \   00000004   303320F7E0F1       DC8 "03 \367\340\361\356\342"
   \              EEE200      
   \   0000000D   000000000000       DC8 0, 0, 0, 0, 0, 0, 0, 0, 0, 0, 0, 0, 0, 0, 0, 0, 0, 0, 0, 0, 0, 0, 0
   \              000000000000
   \              000000000000
   \              0000000000  
   \   00000024   000000000800       DC32 0, 8
   \              0000        

   \                                 In segment CONFIG_C, align 4, align-sorted, root
     13          __root const unsigned int profile4=1;
   \                     profile4:
   \   00000000   01000000           DC32 1
     14          

   \                                 In segment CONFIG_C, align 4, align-sorted, root
     15          __root const CFG_HDR cfghdr4={CFG_UINT,"04 часов",0,8};
   \                     cfghdr4:
   \   00000000   01000000           DC32 1
   \   00000004   303420F7E0F1       DC8 "04 \367\340\361\356\342"
   \              EEE200      
   \   0000000D   000000000000       DC8 0, 0, 0, 0, 0, 0, 0, 0, 0, 0, 0, 0, 0, 0, 0, 0, 0, 0, 0, 0, 0, 0, 0
   \              000000000000
   \              000000000000
   \              0000000000  
   \   00000024   000000000800       DC32 0, 8
   \              0000        

   \                                 In segment CONFIG_C, align 4, align-sorted, root
     16          __root const unsigned int profile5=1;
   \                     profile5:
   \   00000000   01000000           DC32 1
     17          

   \                                 In segment CONFIG_C, align 4, align-sorted, root
     18          __root const CFG_HDR cfghdr5={CFG_UINT,"05 часов",0,8};
   \                     cfghdr5:
   \   00000000   01000000           DC32 1
   \   00000004   303520F7E0F1       DC8 "05 \367\340\361\356\342"
   \              EEE200      
   \   0000000D   000000000000       DC8 0, 0, 0, 0, 0, 0, 0, 0, 0, 0, 0, 0, 0, 0, 0, 0, 0, 0, 0, 0, 0, 0, 0
   \              000000000000
   \              000000000000
   \              0000000000  
   \   00000024   000000000800       DC32 0, 8
   \              0000        

   \                                 In segment CONFIG_C, align 4, align-sorted, root
     19          __root const unsigned int profile6=1;
   \                     profile6:
   \   00000000   01000000           DC32 1
     20          

   \                                 In segment CONFIG_C, align 4, align-sorted, root
     21          __root const CFG_HDR cfghdr6={CFG_UINT,"06 часов",0,8};
   \                     cfghdr6:
   \   00000000   01000000           DC32 1
   \   00000004   303620F7E0F1       DC8 "06 \367\340\361\356\342"
   \              EEE200      
   \   0000000D   000000000000       DC8 0, 0, 0, 0, 0, 0, 0, 0, 0, 0, 0, 0, 0, 0, 0, 0, 0, 0, 0, 0, 0, 0, 0
   \              000000000000
   \              000000000000
   \              0000000000  
   \   00000024   000000000800       DC32 0, 8
   \              0000        

   \                                 In segment CONFIG_C, align 4, align-sorted, root
     22          __root const unsigned int profile7=1;
   \                     profile7:
   \   00000000   01000000           DC32 1
     23          

   \                                 In segment CONFIG_C, align 4, align-sorted, root
     24          __root const CFG_HDR cfghdr7={CFG_UINT,"07 часов",0,8};
   \                     cfghdr7:
   \   00000000   01000000           DC32 1
   \   00000004   303720F7E0F1       DC8 "07 \367\340\361\356\342"
   \              EEE200      
   \   0000000D   000000000000       DC8 0, 0, 0, 0, 0, 0, 0, 0, 0, 0, 0, 0, 0, 0, 0, 0, 0, 0, 0, 0, 0, 0, 0
   \              000000000000
   \              000000000000
   \              0000000000  
   \   00000024   000000000800       DC32 0, 8
   \              0000        

   \                                 In segment CONFIG_C, align 4, align-sorted, root
     25          __root const unsigned int profile8=1;
   \                     profile8:
   \   00000000   01000000           DC32 1
     26          

   \                                 In segment CONFIG_C, align 4, align-sorted, root
     27          __root const CFG_HDR cfghdr8={CFG_UINT,"08 часов",0,8};
   \                     cfghdr8:
   \   00000000   01000000           DC32 1
   \   00000004   303820F7E0F1       DC8 "08 \367\340\361\356\342"
   \              EEE200      
   \   0000000D   000000000000       DC8 0, 0, 0, 0, 0, 0, 0, 0, 0, 0, 0, 0, 0, 0, 0, 0, 0, 0, 0, 0, 0, 0, 0
   \              000000000000
   \              000000000000
   \              0000000000  
   \   00000024   000000000800       DC32 0, 8
   \              0000        

   \                                 In segment CONFIG_C, align 4, align-sorted, root
     28          __root const unsigned int profile9=1;
   \                     profile9:
   \   00000000   01000000           DC32 1
     29          

   \                                 In segment CONFIG_C, align 4, align-sorted, root
     30          __root const CFG_HDR cfghdr9={CFG_UINT,"09 часов",0,8};
   \                     cfghdr9:
   \   00000000   01000000           DC32 1
   \   00000004   303920F7E0F1       DC8 "09 \367\340\361\356\342"
   \              EEE200      
   \   0000000D   000000000000       DC8 0, 0, 0, 0, 0, 0, 0, 0, 0, 0, 0, 0, 0, 0, 0, 0, 0, 0, 0, 0, 0, 0, 0
   \              000000000000
   \              000000000000
   \              0000000000  
   \   00000024   000000000800       DC32 0, 8
   \              0000        

   \                                 In segment CONFIG_C, align 4, align-sorted, root
     31          __root const unsigned int profile10=1;
   \                     profile10:
   \   00000000   01000000           DC32 1
     32          

   \                                 In segment CONFIG_C, align 4, align-sorted, root
     33          __root const CFG_HDR cfghdr10={CFG_UINT,"10 часов",0,8};
   \                     cfghdr10:
   \   00000000   01000000           DC32 1
   \   00000004   313020F7E0F1       DC8 "10 \367\340\361\356\342"
   \              EEE200      
   \   0000000D   000000000000       DC8 0, 0, 0, 0, 0, 0, 0, 0, 0, 0, 0, 0, 0, 0, 0, 0, 0, 0, 0, 0, 0, 0, 0
   \              000000000000
   \              000000000000
   \              0000000000  
   \   00000024   000000000800       DC32 0, 8
   \              0000        

   \                                 In segment CONFIG_C, align 4, align-sorted, root
     34          __root const unsigned int profile11=1;
   \                     profile11:
   \   00000000   01000000           DC32 1
     35          

   \                                 In segment CONFIG_C, align 4, align-sorted, root
     36          __root const CFG_HDR cfghdr11={CFG_UINT,"11 часов",0,8};
   \                     cfghdr11:
   \   00000000   01000000           DC32 1
   \   00000004   313120F7E0F1       DC8 "11 \367\340\361\356\342"
   \              EEE200      
   \   0000000D   000000000000       DC8 0, 0, 0, 0, 0, 0, 0, 0, 0, 0, 0, 0, 0, 0, 0, 0, 0, 0, 0, 0, 0, 0, 0
   \              000000000000
   \              000000000000
   \              0000000000  
   \   00000024   000000000800       DC32 0, 8
   \              0000        

   \                                 In segment CONFIG_C, align 4, align-sorted, root
     37          __root const unsigned int profile12=1;
   \                     profile12:
   \   00000000   01000000           DC32 1
     38          

   \                                 In segment CONFIG_C, align 4, align-sorted, root
     39          __root const CFG_HDR cfghdr12={CFG_UINT,"12 часов",0,8};
   \                     cfghdr12:
   \   00000000   01000000           DC32 1
   \   00000004   313220F7E0F1       DC8 "12 \367\340\361\356\342"
   \              EEE200      
   \   0000000D   000000000000       DC8 0, 0, 0, 0, 0, 0, 0, 0, 0, 0, 0, 0, 0, 0, 0, 0, 0, 0, 0, 0, 0, 0, 0
   \              000000000000
   \              000000000000
   \              0000000000  
   \   00000024   000000000800       DC32 0, 8
   \              0000        

   \                                 In segment CONFIG_C, align 4, align-sorted, root
     40          __root const unsigned int profile13=1;
   \                     profile13:
   \   00000000   01000000           DC32 1
     41          

   \                                 In segment CONFIG_C, align 4, align-sorted, root
     42          __root const CFG_HDR cfghdr13={CFG_UINT,"13 часов",0,8};
   \                     cfghdr13:
   \   00000000   01000000           DC32 1
   \   00000004   313320F7E0F1       DC8 "13 \367\340\361\356\342"
   \              EEE200      
   \   0000000D   000000000000       DC8 0, 0, 0, 0, 0, 0, 0, 0, 0, 0, 0, 0, 0, 0, 0, 0, 0, 0, 0, 0, 0, 0, 0
   \              000000000000
   \              000000000000
   \              0000000000  
   \   00000024   000000000800       DC32 0, 8
   \              0000        

   \                                 In segment CONFIG_C, align 4, align-sorted, root
     43          __root const unsigned int profile14=1;
   \                     profile14:
   \   00000000   01000000           DC32 1
     44          

   \                                 In segment CONFIG_C, align 4, align-sorted, root
     45          __root const CFG_HDR cfghdr14={CFG_UINT,"14 часов",0,8};
   \                     cfghdr14:
   \   00000000   01000000           DC32 1
   \   00000004   313420F7E0F1       DC8 "14 \367\340\361\356\342"
   \              EEE200      
   \   0000000D   000000000000       DC8 0, 0, 0, 0, 0, 0, 0, 0, 0, 0, 0, 0, 0, 0, 0, 0, 0, 0, 0, 0, 0, 0, 0
   \              000000000000
   \              000000000000
   \              0000000000  
   \   00000024   000000000800       DC32 0, 8
   \              0000        

   \                                 In segment CONFIG_C, align 4, align-sorted, root
     46          __root const unsigned int profile15=1;
   \                     profile15:
   \   00000000   01000000           DC32 1
     47          

   \                                 In segment CONFIG_C, align 4, align-sorted, root
     48          __root const CFG_HDR cfghdr15={CFG_UINT,"15 часов",0,8};
   \                     cfghdr15:
   \   00000000   01000000           DC32 1
   \   00000004   313520F7E0F1       DC8 "15 \367\340\361\356\342"
   \              EEE200      
   \   0000000D   000000000000       DC8 0, 0, 0, 0, 0, 0, 0, 0, 0, 0, 0, 0, 0, 0, 0, 0, 0, 0, 0, 0, 0, 0, 0
   \              000000000000
   \              000000000000
   \              0000000000  
   \   00000024   000000000800       DC32 0, 8
   \              0000        

   \                                 In segment CONFIG_C, align 4, align-sorted, root
     49          __root const unsigned int profile16=1;
   \                     profile16:
   \   00000000   01000000           DC32 1
     50          

   \                                 In segment CONFIG_C, align 4, align-sorted, root
     51          __root const CFG_HDR cfghdr16={CFG_UINT,"16 часов",0,8};
   \                     cfghdr16:
   \   00000000   01000000           DC32 1
   \   00000004   313620F7E0F1       DC8 "16 \367\340\361\356\342"
   \              EEE200      
   \   0000000D   000000000000       DC8 0, 0, 0, 0, 0, 0, 0, 0, 0, 0, 0, 0, 0, 0, 0, 0, 0, 0, 0, 0, 0, 0, 0
   \              000000000000
   \              000000000000
   \              0000000000  
   \   00000024   000000000800       DC32 0, 8
   \              0000        

   \                                 In segment CONFIG_C, align 4, align-sorted, root
     52          __root const unsigned int profile17=1;
   \                     profile17:
   \   00000000   01000000           DC32 1
     53          

   \                                 In segment CONFIG_C, align 4, align-sorted, root
     54          __root const CFG_HDR cfghdr17={CFG_UINT,"17 часов",0,8};
   \                     cfghdr17:
   \   00000000   01000000           DC32 1
   \   00000004   313720F7E0F1       DC8 "17 \367\340\361\356\342"
   \              EEE200      
   \   0000000D   000000000000       DC8 0, 0, 0, 0, 0, 0, 0, 0, 0, 0, 0, 0, 0, 0, 0, 0, 0, 0, 0, 0, 0, 0, 0
   \              000000000000
   \              000000000000
   \              0000000000  
   \   00000024   000000000800       DC32 0, 8
   \              0000        

   \                                 In segment CONFIG_C, align 4, align-sorted, root
     55          __root const unsigned int profile18=1;
   \                     profile18:
   \   00000000   01000000           DC32 1
     56          

   \                                 In segment CONFIG_C, align 4, align-sorted, root
     57          __root const CFG_HDR cfghdr18={CFG_UINT,"18 часов",0,8};
   \                     cfghdr18:
   \   00000000   01000000           DC32 1
   \   00000004   313820F7E0F1       DC8 "18 \367\340\361\356\342"
   \              EEE200      
   \   0000000D   000000000000       DC8 0, 0, 0, 0, 0, 0, 0, 0, 0, 0, 0, 0, 0, 0, 0, 0, 0, 0, 0, 0, 0, 0, 0
   \              000000000000
   \              000000000000
   \              0000000000  
   \   00000024   000000000800       DC32 0, 8
   \              0000        

   \                                 In segment CONFIG_C, align 4, align-sorted, root
     58          __root const unsigned int profile19=1;
   \                     profile19:
   \   00000000   01000000           DC32 1
     59          

   \                                 In segment CONFIG_C, align 4, align-sorted, root
     60          __root const CFG_HDR cfghdr19={CFG_UINT,"19 часов",0,8};
   \                     cfghdr19:
   \   00000000   01000000           DC32 1
   \   00000004   313920F7E0F1       DC8 "19 \367\340\361\356\342"
   \              EEE200      
   \   0000000D   000000000000       DC8 0, 0, 0, 0, 0, 0, 0, 0, 0, 0, 0, 0, 0, 0, 0, 0, 0, 0, 0, 0, 0, 0, 0
   \              000000000000
   \              000000000000
   \              0000000000  
   \   00000024   000000000800       DC32 0, 8
   \              0000        

   \                                 In segment CONFIG_C, align 4, align-sorted, root
     61          __root const unsigned int profile20=1;
   \                     profile20:
   \   00000000   01000000           DC32 1
     62          

   \                                 In segment CONFIG_C, align 4, align-sorted, root
     63          __root const CFG_HDR cfghdr20={CFG_UINT,"20 часов",0,8};
   \                     cfghdr20:
   \   00000000   01000000           DC32 1
   \   00000004   323020F7E0F1       DC8 "20 \367\340\361\356\342"
   \              EEE200      
   \   0000000D   000000000000       DC8 0, 0, 0, 0, 0, 0, 0, 0, 0, 0, 0, 0, 0, 0, 0, 0, 0, 0, 0, 0, 0, 0, 0
   \              000000000000
   \              000000000000
   \              0000000000  
   \   00000024   000000000800       DC32 0, 8
   \              0000        

   \                                 In segment CONFIG_C, align 4, align-sorted, root
     64          __root const unsigned int profile21=1;
   \                     profile21:
   \   00000000   01000000           DC32 1
     65          

   \                                 In segment CONFIG_C, align 4, align-sorted, root
     66          __root const CFG_HDR cfghdr21={CFG_UINT,"21 часов",0,8};
   \                     cfghdr21:
   \   00000000   01000000           DC32 1
   \   00000004   323120F7E0F1       DC8 "21 \367\340\361\356\342"
   \              EEE200      
   \   0000000D   000000000000       DC8 0, 0, 0, 0, 0, 0, 0, 0, 0, 0, 0, 0, 0, 0, 0, 0, 0, 0, 0, 0, 0, 0, 0
   \              000000000000
   \              000000000000
   \              0000000000  
   \   00000024   000000000800       DC32 0, 8
   \              0000        

   \                                 In segment CONFIG_C, align 4, align-sorted, root
     67          __root const unsigned int profile22=1;
   \                     profile22:
   \   00000000   01000000           DC32 1
     68          

   \                                 In segment CONFIG_C, align 4, align-sorted, root
     69          __root const CFG_HDR cfghdr22={CFG_UINT,"22 часов",0,8};
   \                     cfghdr22:
   \   00000000   01000000           DC32 1
   \   00000004   323220F7E0F1       DC8 "22 \367\340\361\356\342"
   \              EEE200      
   \   0000000D   000000000000       DC8 0, 0, 0, 0, 0, 0, 0, 0, 0, 0, 0, 0, 0, 0, 0, 0, 0, 0, 0, 0, 0, 0, 0
   \              000000000000
   \              000000000000
   \              0000000000  
   \   00000024   000000000800       DC32 0, 8
   \              0000        

   \                                 In segment CONFIG_C, align 4, align-sorted, root
     70          __root const unsigned int profile23=1;
   \                     profile23:
   \   00000000   01000000           DC32 1
     71          

   \                                 In segment CONFIG_C, align 4, align-sorted, root
     72          __root const CFG_HDR cfghdr23={CFG_UINT,"23 часов",0,8};
   \                     cfghdr23:
   \   00000000   01000000           DC32 1
   \   00000004   323320F7E0F1       DC8 "23 \367\340\361\356\342"
   \              EEE200      
   \   0000000D   000000000000       DC8 0, 0, 0, 0, 0, 0, 0, 0, 0, 0, 0, 0, 0, 0, 0, 0, 0, 0, 0, 0, 0, 0, 0
   \              000000000000
   \              000000000000
   \              0000000000  
   \   00000024   000000000800       DC32 0, 8
   \              0000        

   \                                 In segment CONFIG_C, align 4, align-sorted, root
     73          __root const unsigned int profile24=1;
   \                     profile24:
   \   00000000   01000000           DC32 1
     74          
     75          
     76          


   Segment part sizes:

     Function/Label Bytes
     -------------- -----
     cfghdr0          44
     profile1          4
     cfghdr1          44
     profile2          4
     cfghdr2          44
     profile3          4
     cfghdr3          44
     profile4          4
     cfghdr4          44
     profile5          4
     cfghdr5          44
     profile6          4
     cfghdr6          44
     profile7          4
     cfghdr7          44
     profile8          4
     cfghdr8          44
     profile9          4
     cfghdr9          44
     profile10         4
     cfghdr10         44
     profile11         4
     cfghdr11         44
     profile12         4
     cfghdr12         44
     profile13         4
     cfghdr13         44
     profile14         4
     cfghdr14         44
     profile15         4
     cfghdr15         44
     profile16         4
     cfghdr16         44
     profile17         4
     cfghdr17         44
     profile18         4
     cfghdr18         44
     profile19         4
     cfghdr19         44
     profile20         4
     cfghdr20         44
     profile21         4
     cfghdr21         44
     profile22         4
     cfghdr22         44
     profile23         4
     cfghdr23         44
     profile24         4

 
 1 152 bytes in segment CONFIG_C
 
 1 152 bytes of CONST memory

Errors: none
Warnings: none
