##############################################################################
#                                                                            #
# IAR ARM ANSI C/C++ Compiler V4.41A/W32 EVALUATION    01/Oct/2007  12:34:33 #
# Copyright 1999-2005 IAR Systems. All rights reserved.                      #
#                                                                            #
#    Cpu mode        =  interwork                                            #
#    Endian          =  little                                               #
#    Stack alignment =  4                                                    #
#    Source file     =  D:\Pasha\elf\JavaFolder\config_data.c                #
#    Command line    =  D:\Pasha\elf\JavaFolder\config_data.c -lC            #
#                       D:\Pasha\elf\JavaFolder\Release_SGOLD\List\ -o       #
#                       D:\Pasha\elf\JavaFolder\Release_SGOLD\Obj\ -s9       #
#                       --no_unroll --no_clustering --cpu_mode arm --endian  #
#                       little --cpu ARM926EJ-S --stack_align 4 --interwork  #
#                       -e --fpu None --segment code=CONFIG --segment        #
#                       data=CONFIG -I "D:\Pasha\ARM_Embedded_Workbench\Embe #
#                       dded Workbench 4.0 Evaluation\ARM\INC\"              #
#                       --inline_threshold=2                                 #
#    List file       =  D:\Pasha\elf\JavaFolder\Release_SGOLD\List\config_da #
#                       ta.lst                                               #
#    Object file     =  D:\Pasha\elf\JavaFolder\Release_SGOLD\Obj\config_dat #
#                       a.r79                                                #
#                                                                            #
#                                                                            #
##############################################################################

D:\Pasha\elf\JavaFolder\config_data.c
      1          #include "..\inc\cfg_items.h"
      2          

   \                                 In segment CONFIG_C, align 4, align-sorted, root
      3          __root const CFG_HDR cfghdr0={CFG_CBOX,"Диск для сканирования",0,2};
   \                     cfghdr0:
   \   00000000   05000000           DC32 5
   \   00000004   C4E8F1EA20E4       DC8 "\304\350\361\352 \344\353\377 \361\352\340\355\350\360\356\342\340\355\350\377"
   \              EBFF20F1EAE0
   \              EDE8F0EEE2E0
   \              EDE8FF00    
   \   0000001A   000000000000       DC8 0, 0, 0, 0, 0, 0, 0, 0, 0, 0
   \              00000000    
   \   00000024   000000000200       DC32 0, 2
   \              0000        

   \                                 In segment CONFIG_C, align 4, align-sorted, root
      4          __root const int scan_disc = 0;
   \                     scan_disc:
   \   00000000   00000000           DC32 0

   \                                 In segment CONFIG_C, align 4, align-sorted, root
      5          __root const CFG_CBOX_ITEM cfgcbox2[2]={"Data","Config"};
   \                     cfgcbox2:
   \   00000000   4461746100         DC8 "Data"
   \   00000005   000000000000       DC8 0, 0, 0, 0, 0, 0, 0, 0, 0, 0, 0, 0, 0, 0, 0, 0
   \              000000000000
   \              00000000    
   \   00000015   000000000000       DC8 0, 0, 0, 0, 0, 0, 0, 0, 0, 0, 0
   \              0000000000  
   \   00000020   436F6E666967       DC8 "Config"
   \              00          
   \   00000027   000000000000       DC8 0, 0, 0, 0, 0, 0, 0, 0, 0, 0, 0, 0, 0, 0, 0, 0
   \              000000000000
   \              00000000    
   \   00000037   000000000000       DC8 0, 0, 0, 0, 0, 0, 0, 0, 0
   \              000000      
      6          
      7          

   \                                 In segment CONFIG_C, align 4, align-sorted, root
      8          __root const CFG_HDR cfghdr6={CFG_STR_UTF8,"Путь до list.txt",0,127};
   \                     cfghdr6:
   \   00000000   02000000           DC32 2
   \   00000004   CFF3F2FC20E4       DC8 "\317\363\362\374 \344\356 list.txt"
   \              EE206C697374
   \              2E74787400  
   \   00000015   000000000000       DC8 0, 0, 0, 0, 0, 0, 0, 0, 0, 0, 0, 0, 0, 0, 0
   \              000000000000
   \              000000      
   \   00000024   000000007F00       DC32 0, 127
   \              0000        

   \                                 In segment CONFIG_C, align 4, align-sorted, root
      9          __root const char list_txt[128]="0:\\System\\java\\list.txt";
   \                     list_txt:
   \   00000000   303A5C537973       DC8 "0:\\System\\java\\list.txt"
   \              74656D5C6A61
   \              76615C6C6973
   \              742E74787400
   \   00000018   000000000000       DC8 0, 0, 0, 0, 0, 0, 0, 0, 0, 0, 0, 0, 0, 0, 0, 0
   \              000000000000
   \              00000000    
   \   00000028   000000000000       DC8 0, 0, 0, 0, 0, 0, 0, 0, 0, 0, 0, 0, 0, 0, 0, 0
   \              000000000000
   \              00000000    
   \   00000038   000000000000       DC8 0, 0, 0, 0, 0, 0, 0, 0, 0, 0, 0, 0, 0, 0, 0, 0
   \              000000000000
   \              00000000    
   \   00000048   000000000000       DC8 0, 0, 0, 0, 0, 0, 0, 0, 0, 0, 0, 0, 0, 0, 0, 0
   \              000000000000
   \              00000000    
   \   00000058   000000000000       DC8 0, 0, 0, 0, 0, 0, 0, 0, 0, 0, 0, 0, 0, 0, 0, 0
   \              000000000000
   \              00000000    
   \   00000068   000000000000       DC8 0, 0, 0, 0, 0, 0, 0, 0, 0, 0, 0, 0, 0, 0, 0, 0
   \              000000000000
   \              00000000    
   \   00000078   000000000000       DC8 0, 0, 0, 0, 0, 0, 0, 0
   \              0000        
     10          


   Segment part sizes:

     Function/Label Bytes
     -------------- -----
     cfghdr0          44
     scan_disc         4
     cfgcbox2         64
     cfghdr6          44
     list_txt        128

 
 284 bytes in segment CONFIG_C
 
 284 bytes of CONST memory

Errors: none
Warnings: none
