##############################################################################
#                                                                            #
# IAR ARM ANSI C/C++ Compiler V4.42A/W32 EVALUATION    10/Nov/2010  19:42:20 #
# Copyright 1999-2005 IAR Systems. All rights reserved.                      #
#                                                                            #
#    Cpu mode        =  interwork                                            #
#    Endian          =  little                                               #
#    Stack alignment =  4                                                    #
#    Source file     =  D:\pasha\elf\_MY_PROJECT_\hider\config_data.c        #
#    Command line    =  D:\pasha\elf\_MY_PROJECT_\hider\config_data.c -D     #
#                       NEWSGOLD -lC D:\pasha\elf\_MY_PROJECT_\hider\Release #
#                       \List\ -o D:\pasha\elf\_MY_PROJECT_\hider\Release\Ob #
#                       j\ -s9 --no_unroll --no_clustering --cpu_mode arm    #
#                       --endian little --cpu ARM926EJ-S --stack_align 4     #
#                       --interwork -e --fpu None --dlib_config              #
#                       "D:\pasha\Embedded Workbench 4.0                     #
#                       Evaluation2\ARM\LIB\dl5tpainl8n.h" --segment         #
#                       code=CONFIG --segment data=CONFIG -I                 #
#                       "D:\pasha\Embedded Workbench 4.0                     #
#                       Evaluation2\ARM\INC\" --inline_threshold=2           #
#    List file       =  D:\pasha\elf\_MY_PROJECT_\hider\Release\List\config_ #
#                       data.lst                                             #
#    Object file     =  D:\pasha\elf\_MY_PROJECT_\hider\Release\Obj\config_d #
#                       ata.r79                                              #
#                                                                            #
#                                                                            #
##############################################################################

D:\pasha\elf\_MY_PROJECT_\hider\config_data.c
      1          #include "..\inc\cfg_items.h"
      2          

   \                                 In segment CONFIG_C, align 4, align-sorted, root
      3          __root const CFG_HDR cfghdr25={CFG_STR_WIN1251,"UnderIdleCSM_DESC",0,8};
   \                     cfghdr25:
   \   00000000   04000000           DC32 4
   \   00000004   556E64657249       DC8 "UnderIdleCSM_DESC"
   \              646C6543534D
   \              5F4445534300
   \   00000016   000000000000       DC8 0, 0, 0, 0, 0, 0, 0, 0, 0, 0, 0, 0, 0, 0
   \              000000000000
   \              0000        
   \   00000024   000000000800       DC32 0, 8
   \              0000        

   \                                 In segment CONFIG_C, align 4, align-sorted, root
      4          __root const char UNDER_IDLE_CONSTR[9]="";
   \                     UNDER_IDLE_CONSTR:
   \   00000000   00                 DC8 ""
   \   00000001   000000000000       DC8 0, 0, 0, 0, 0, 0, 0, 0, 0, 0, 0
   \              0000000000  


   Segment part sizes:

     Function/Label    Bytes
     --------------    -----
     cfghdr25            44
     UNDER_IDLE_CONSTR   12

 
 56 bytes in segment CONFIG_C
 
 56 bytes of CONST memory

Errors: none
Warnings: none
