##############################################################################
#                                                                            #
# IAR ARM ANSI C/C++ Compiler V4.42A/W32 EVALUATION    19/Dec/2010  16:45:19 #
# Copyright 1999-2005 IAR Systems. All rights reserved.                      #
#                                                                            #
#    Cpu mode        =  interwork                                            #
#    Endian          =  little                                               #
#    Stack alignment =  4                                                    #
#    Source file     =  D:\pasha\elf\_MY_PROJECT_\naticq_mod\player_tags.c   #
#    Command line    =  D:\pasha\elf\_MY_PROJECT_\naticq_mod\player_tags.c   #
#                       -D NEWSGOLD --preprocess D:\pasha\elf\_MY_PROJECT_\n #
#                       aticq_mod\Release\List\ -lC                          #
#                       D:\pasha\elf\_MY_PROJECT_\naticq_mod\Release\List\   #
#                       -o D:\pasha\elf\_MY_PROJECT_\naticq_mod\Release\Obj\ #
#                        -s9 --no_unroll --cpu_mode arm --endian little      #
#                       --cpu ARM926EJ-S --stack_align 4 --interwork         #
#                       --separate_cluster_for_initialized_variables -e      #
#                       --fpu None --dlib_config "D:\pasha\Embedded          #
#                       Workbench 4.0 Evaluation2\ARM\LIB\dl5tpainl8n.h" -I  #
#                       "D:\pasha\Embedded Workbench 4.0                     #
#                       Evaluation2\ARM\INC\" --inline_threshold=2           #
#    List file       =  D:\pasha\elf\_MY_PROJECT_\naticq_mod\Release\List\pl #
#                       ayer_tags.lst                                        #
#    Object file     =  D:\pasha\elf\_MY_PROJECT_\naticq_mod\Release\Obj\pla #
#                       yer_tags.r79                                         #
#                                                                            #
#                                                                            #
##############################################################################

D:\pasha\elf\_MY_PROJECT_\naticq_mod\player_tags.c
      1          #ifdef NEWSGOLD
      2          #include "..\inc\swilib.h"
      3          #include "swilib2.h"
      4          #include "player_tags.h"
      5          #include "strings.h"
      6          #include "NatICQ.h"
      7          #include "main.h"

   \                                 In segment DATA_Z, align 4, align-sorted
      8          int scr_w;
   \                     scr_w:
   \   00000000                      DS8 4
      9          extern unsigned long  strtoul (const char *nptr,char **endptr,int base); //must overwrite
     10          unsigned int pcsmid=0;
     11          extern unsigned int cfnt;
     12          extern int Is_Id3tag_Enabled;
     13          extern char CsmAdr[];
     14          unsigned int cfnt=FONT_SMALL_BOLD;

   \                                 In segment DATA_Z, align 4, align-sorted
     15          char teast2[256];
     16          char teast3[256];
   \                     teast3:
   \   00000000                      DS8 256
   \                     teast2:
   \   00000100                      DS8 256

   \                                 In segment DATA_I, align 4, align-sorted
     17          
     18          void *pcsmadr=NULL;
     19          WSHDR *wstag=NULL;
     20          word tagw=0;
   \                     tagw:
   \   00000000                      DS8 2
   \   00000002                      REQUIRE `?<Initializer for tagw>`
   \   00000002                      DS8 2
   \                     pcsmid:
   \   00000004                      DS8 4
   \   00000008                      REQUIRE `?<Initializer for pcsmid>`
   \                     cfnt:
   \   00000008                      DS8 4
   \   0000000C                      REQUIRE `?<Initializer for cfnt>`
   \                     pcsmadr:
   \   0000000C                      DS8 4
   \   00000010                      REQUIRE `?<Initializer for pcsmadr>`
   \                     wstag:
   \   00000010                      DS8 4
   \   00000014                      REQUIRE `?<Initializer for wstag>`
     21            
     22          //------------------------------------
     23          
     24          extern int CurrentXStatus;
     25          

   \                                 In segment CODE, align 4, keep-with-next
     26          void  initTags()
     27          {
     28            pcsmadr=(void *)strtoul(CsmAdr,NULL,16);
   \                     initTags:
   \   00000000   30009FE5           LDR      R0,??initTags_0  ;; CsmAdr
   \   00000004   10402DE9           PUSH     {R4,LR}
   \   00000008   2C409FE5           LDR      R4,??initTags_0+0x4  ;; tagw
   \   0000000C   1020A0E3           MOV      R2,#+16
   \   00000010   0010A0E3           MOV      R1,#+0
   \   00000014   ........           _BLF     strtoul,??strtoul??rA
   \   00000018   0C0084E5           STR      R0,[R4, #+12]
     29            if (!wstag)    wstag=AllocWS(256);
   \   0000001C   100094E5           LDR      R0,[R4, #+16]
   \   00000020   000050E3           CMP      R0,#+0
   \   00000024   1080BD18           POPNE    {R4,PC}
   \   00000028   400FA0E3           MOV      R0,#+256
   \   0000002C   250100EF           SWI      +293
   \   00000030   100084E5           STR      R0,[R4, #+16]
     30          };
   \   00000034   1080BDE8           POP      {R4,PC}          ;; return
   \                     ??initTags_0:
   \   00000038   ........           DC32     CsmAdr
   \   0000003C   ........           DC32     tagw
     31          
     32          //------------------------------------
     33          

   \                                 In segment CODE, align 4, keep-with-next
     34          void GetTags()
     35          {
   \                     GetTags:
   \   00000000   F0472DE9           PUSH     {R4-R10,LR}
     36            if((CurrentXStatus!=11)||(!Is_Id3tag_Enabled))
   \   00000004   94629FE5           LDR      R6,??GetTags_0+0x4  ;; CurrentXStatus
   \   00000008   94429FE5           LDR      R4,??GetTags_0+0x8  ;; teast3
   \   0000000C   94529FE5           LDR      R5,??GetTags_0+0xC  ;; `?<Constant "Unknown">`
   \   00000010   10D04DE2           SUB      SP,SP,#+16
   \   00000014   000096E5           LDR      R0,[R6, #+0]
   \   00000018   0B0050E3           CMP      R0,#+11
   \   0000001C   0400001A           BNE      ??GetTags_1
   \   00000020   84029FE5           LDR      R0,??GetTags_0+0x10  ;; Is_Id3tag_Enabled
   \   00000024   84729FE5           LDR      R7,??GetTags_0+0x14  ;; tagw
   \   00000028   000090E5           LDR      R0,[R0, #+0]
   \   0000002C   000050E3           CMP      R0,#+0
   \   00000030   0900001A           BNE      ??GetTags_2
     37            {
     38              sprintf(teast3, "zaebaloaq");
   \                     ??GetTags_1:
   \   00000034   081085E2           ADD      R1,R5,#+8
   \   00000038   0400A0E1           MOV      R0,R4
   \   0000003C   160000EF           SWI      +22
   \   00000040   FF87BDE8           POP      {R0-R10,PC}
     39            }
     40            else
     41              if(Is_Id3tag_Enabled)
     42               {
     43                {
     44                 L1://Respect to Rst7
     45                  if (pcsmid)
     46                  {
     47                    CSM_RAM *csmp=FindCSMbyID(pcsmid);
     48                    if (csmp)
     49                    {
     50                      WSHDR *fn=((WSHDR **)csmp)[0x2C/4];
     51                      if (!fn)return;
     52                      if (!fn->wsbody) return;
     53                      if (fn->wsbody[0]);
     54              #ifdef ELKA
     55                      WSHDR **wws=((WSHDR ***)csmp)[(0x18C/4)]-1;
     56              #else
     57                      WSHDR **wws=((WSHDR ***)csmp)[(0x170/4)]-1;
     58              #endif
     59                      if (wws)        
     60                      {
     61                        WSHDR *tws;
     62                        const char unk[]="Unknown";
     63                        const char pr[]="%w - %w";
     64                        if (!(tws=wws[2]));
     65                        else
     66                          if (!(tws->wsbody));
     67                        else
     68                          if (tws->wsbody[0])      
     69                            wstrcpy(wstag,tws);
     70                        else  wsprintf(wstag,"%t",unk);
     71                          if (!(tws=wws[1]));
     72                        else
     73                          if (!(tws->wsbody));
     74                        else
     75                           if (tws->wsbody[0])     
     76                              wsprintf(wstag,pr,wstag,tws);
     77                         else
     78                           wstrcpy(wstag,fn);            
     79                           //Патчим строку на предмет win1251
     80                          int i=1;
     81                          int c;
     82                          tagw=0;
     83                          while(i<=wstag->wsbody[0])		{
     84                            c=wstag->wsbody[i];
     85                            if (c==0xA8) c=0x401;
     86                            if (c==0xAA) c=0x404;
     87                            if (c==0xAF) c=0x407;
     88                            if (c==0xB8) c=0x451;
     89                            if (c==0xBA) c=0x454;
     90                            if (c==0xBF) c=0x457;
     91                            if ((c>=0xC0)&&(c<0x100)) c+=0x350;
     92                            wstag->wsbody[i++]=c;
     93                            tagw+=GetSymbolWidth(c,cfnt);
     94                          }
     95                        }
     96                        else;
     97                    }
     98                    else pcsmid=0;
     99                  }
    100                  else  
    101                  {
    102                    CSM_RAM *p=((void **)CSM_root()->csm_q)[2];
    103                    while(p)
    104                    {
    105                      if (p->constr==pcsmadr) break;
   \                     ??GetTags_3:
   \   00000044   081090E5           LDR      R1,[R0, #+8]
   \   00000048   0C2097E5           LDR      R2,[R7, #+12]
   \   0000004C   020051E1           CMP      R1,R2
   \   00000050   6A00001A           BNE      ??GetTags_4
    106                      p=p->next;
    107                    }
    108                    if (p)
    109                    {
    110                      pcsmid=p->id;
   \   00000054   0C0090E5           LDR      R0,[R0, #+12]
   \   00000058   040087E5           STR      R0,[R7, #+4]
    111                    goto L1;
    112                    }
   \                     ??GetTags_2:
   \   0000005C   040097E5           LDR      R0,[R7, #+4]
   \   00000060   000050E3           CMP      R0,#+0
   \   00000064   6100000A           BEQ      ??GetTags_5
   \   00000068   080100EF           SWI      +264
   \   0000006C   0080A0E3           MOV      R8,#+0
   \   00000070   000050E3           CMP      R0,#+0
   \   00000074   5B00000A           BEQ      ??GetTags_6
   \   00000078   2C9090E5           LDR      R9,[R0, #+44]
   \   0000007C   000059E3           CMP      R9,#+0
   \   00000080   00109915           LDRNE    R1,[R9, #+0]
   \   00000084   00005113           CMPNE    R1,#+0
   \   00000088   FF87BD08           POPEQ    {R0-R10,PC}
   \   0000008C   700190E5           LDR      R0,[R0, #+368]
   \   00000090   04A050E2           SUBS     R10,R0,#+4
   \   00000094   5C00000A           BEQ      ??GetTags_7
   \   00000098   0C0095E8           LDM      R5,{R2,R3}
   \   0000009C   10129FE5           LDR      R1,??GetTags_0+0x18  ;; `?<Constant "%w - %w">`
   \   000000A0   0D00A0E1           MOV      R0,SP
   \   000000A4   0C0080E8           STM      R0,{R2,R3}
   \   000000A8   0C0091E8           LDM      R1,{R2,R3}
   \   000000AC   08008DE2           ADD      R0,SP,#+8
   \   000000B0   0C0080E8           STM      R0,{R2,R3}
   \   000000B4   08109AE5           LDR      R1,[R10, #+8]
   \   000000B8   000051E3           CMP      R1,#+0
   \   000000BC   00209115           LDRNE    R2,[R1, #+0]
   \   000000C0   00005213           CMPNE    R2,#+0
   \   000000C4   0800000A           BEQ      ??GetTags_8
   \   000000C8   B020D2E1           LDRH     R2,[R2, #+0]
   \   000000CC   100097E5           LDR      R0,[R7, #+16]
   \   000000D0   000052E3           CMP      R2,#+0
   \   000000D4   0100000A           BEQ      ??GetTags_9
   \   000000D8   1F0100EF           SWI      +287
   \   000000DC   020000EA           B        ??GetTags_8
   \                     ??GetTags_9:
   \   000000E0   0D20A0E1           MOV      R2,SP
   \   000000E4   6C1F8FE2           ADR      R1,??GetTags_0   ;; "%t"
   \   000000E8   240100EF           SWI      +292
   \                     ??GetTags_8:
   \   000000EC   04309AE5           LDR      R3,[R10, #+4]
   \   000000F0   000053E3           CMP      R3,#+0
   \   000000F4   00109315           LDRNE    R1,[R3, #+0]
   \   000000F8   00005113           CMPNE    R1,#+0
   \   000000FC   0900000A           BEQ      ??GetTags_10
   \   00000100   B010D1E1           LDRH     R1,[R1, #+0]
   \   00000104   100097E5           LDR      R0,[R7, #+16]
   \   00000108   000051E3           CMP      R1,#+0
   \   0000010C   0300000A           BEQ      ??GetTags_11
   \   00000110   0020A0E1           MOV      R2,R0
   \   00000114   08108DE2           ADD      R1,SP,#+8
   \   00000118   240100EF           SWI      +292
   \   0000011C   010000EA           B        ??GetTags_10
   \                     ??GetTags_11:
   \   00000120   0910A0E1           MOV      R1,R9
   \   00000124   1F0100EF           SWI      +287
   \                     ??GetTags_10:
   \   00000128   100097E5           LDR      R0,[R7, #+16]
   \   0000012C   B080C7E1           STRH     R8,[R7, #+0]
   \   00000130   000090E5           LDR      R0,[R0, #+0]
   \   00000134   0190A0E3           MOV      R9,#+1
   \   00000138   B000D0E1           LDRH     R0,[R0, #+0]
   \   0000013C   000050E3           CMP      R0,#+0
   \   00000140   0B00001A           BNE      ??GetTags_12
   \   00000144   300000EA           B        ??GetTags_7
   \                     ??GetTags_13:
   \   00000148   C00050E3           CMP      R0,#+192
   \   0000014C   010000BA           BLT      ??GetTags_14
   \   00000150   400F50E3           CMP      R0,#+256
   \   00000154   D40F80B2           ADDLT    R0,R0,#+848
   \                     ??GetTags_14:
   \   00000158   B000C1E1           STRH     R0,[R1, #+0]
   \   0000015C   081097E5           LDR      R1,[R7, #+8]
   \   00000160   019089E2           ADD      R9,R9,#+1
   \   00000164   E10100EF           SWI      +481
   \   00000168   B010D7E1           LDRH     R1,[R7, #+0]
   \   0000016C   010080E0           ADD      R0,R0,R1
   \   00000170   B000C7E1           STRH     R0,[R7, #+0]
   \                     ??GetTags_12:
   \   00000174   100097E5           LDR      R0,[R7, #+16]
   \   00000178   000090E5           LDR      R0,[R0, #+0]
   \   0000017C   B010D0E1           LDRH     R1,[R0, #+0]
   \   00000180   090051E1           CMP      R1,R9
   \   00000184   200000BA           BLT      ??GetTags_7
   \   00000188   891080E0           ADD      R1,R0,R9, LSL #+1
   \   0000018C   B000D1E1           LDRH     R0,[R1, #+0]
   \   00000190   A80050E3           CMP      R0,#+168
   \   00000194   0200001A           BNE      ??GetTags_15
   \   00000198   0100A0E3           MOV      R0,#+1
   \                     ??GetTags_16:
   \   0000019C   400E80E3           ORR      R0,R0,#0x400
   \   000001A0   ECFFFFEA           B        ??GetTags_14
   \                     ??GetTags_15:
   \   000001A4   AA0050E3           CMP      R0,#+170
   \   000001A8   0400A003           MOVEQ    R0,#+4
   \   000001AC   FAFFFF0A           BEQ      ??GetTags_16
   \   000001B0   AF0050E3           CMP      R0,#+175
   \   000001B4   0100001A           BNE      ??GetTags_17
   \   000001B8   0700A0E3           MOV      R0,#+7
   \                     ??GetTags_18:
   \   000001BC   F6FFFFEA           B        ??GetTags_16
   \                     ??GetTags_17:
   \   000001C0   B80050E3           CMP      R0,#+184
   \   000001C4   5100A003           MOVEQ    R0,#+81
   \   000001C8   F3FFFF0A           BEQ      ??GetTags_16
   \   000001CC   BA0050E3           CMP      R0,#+186
   \   000001D0   5400A003           MOVEQ    R0,#+84
   \   000001D4   F0FFFF0A           BEQ      ??GetTags_16
   \   000001D8   BF0050E3           CMP      R0,#+191
   \   000001DC   D9FFFF1A           BNE      ??GetTags_13
   \   000001E0   5700A0E3           MOV      R0,#+87
   \   000001E4   ECFFFFEA           B        ??GetTags_16
   \                     ??GetTags_6:
   \   000001E8   048087E5           STR      R8,[R7, #+4]
   \   000001EC   060000EA           B        ??GetTags_7
   \                     ??GetTags_5:
   \   000001F0   068100EF           SWI      +33030
   \   000001F4   080090E5           LDR      R0,[R0, #+8]
   \   000001F8   080090E5           LDR      R0,[R0, #+8]
   \   000001FC   000000EA           B        ??GetTags_19
   \                     ??GetTags_4:
   \   00000200   000090E5           LDR      R0,[R0, #+0]
   \                     ??GetTags_19:
   \   00000204   000050E3           CMP      R0,#+0
   \   00000208   8DFFFF1A           BNE      ??GetTags_3
    113                  }
    114                convWS_to_ANSI(wstag, teast2);
   \                     ??GetTags_7:
   \   0000020C   100097E5           LDR      R0,[R7, #+16]
   \   00000210   409FA0E3           MOV      R9,#+256
   \   00000214   041089E0           ADD      R1,R9,R4
   \   00000218   ........           _BLF     convWS_to_ANSI,??convWS_to_ANSI??rA
    115                if(_GetPlayStatus()==2)
   \   0000021C   0080A0E3           MOV      R8,#+0
   \   00000220   0B70A0E3           MOV      R7,#+11
   \   00000224   F80100EF           SWI      +504
   \   00000228   020050E3           CMP      R0,#+2
   \   0000022C   0700001A           BNE      ??GetTags_20
    116                {
    117                  if(strcmp(teast2,teast3)) 
   \   00000230   0410A0E1           MOV      R1,R4
   \   00000234   040089E0           ADD      R0,R9,R4
   \   00000238   190000EF           SWI      +25
   \   0000023C   000050E3           CMP      R0,#+0
   \   00000240   FF87BD08           POPEQ    {R0-R10,PC}
    118                  {
    119                  //  ShowMSG(1,(int)teast2);
    120                    CurrentXStatus=0;
   \   00000244   008086E5           STR      R8,[R6, #+0]
    121                    set_my_xstatus();  
   \   00000248   ........           _BLF     set_my_xstatus,??set_my_xstatus??rA
    122                    set_my_xstatus2();
   \   0000024C   0C0000EA           B        ??GetTags_21
    123                    strcpy(teast3, teast2);
    124                    CurrentXStatus=11;
    125                  }
    126                 }
    127                else
    128                {
    129                  if((teast3[0]!='N'&&teast3[8]!='P')&&(_GetPlayStatus()!=1)) 
   \                     ??GetTags_20:
   \   00000250   0000D4E5           LDRB     R0,[R4, #+0]
   \   00000254   4E0050E3           CMP      R0,#+78
   \   00000258   0800D415           LDRBNE   R0,[R4, #+8]
   \   0000025C   50005013           CMPNE    R0,#+80
   \   00000260   FF87BD08           POPEQ    {R0-R10,PC}
   \   00000264   F80100EF           SWI      +504
   \   00000268   010050E3           CMP      R0,#+1
   \   0000026C   FF87BD08           POPEQ    {R0-R10,PC}
    130                  {
    131                    CurrentXStatus=0;
   \   00000270   008086E5           STR      R8,[R6, #+0]
    132                    set_my_xstatus();
   \   00000274   ........           _BLF     set_my_xstatus,??set_my_xstatus??rA
    133                    sprintf(teast2, "Nothing Played"); 
   \   00000278   141085E2           ADD      R1,R5,#+20
   \   0000027C   040089E0           ADD      R0,R9,R4
   \   00000280   160000EF           SWI      +22
    134                    set_my_xstatus2();
   \                     ??GetTags_21:
   \   00000284   ........           _BLF     set_my_xstatus2,??set_my_xstatus2??rA
    135                    strcpy(teast3, teast2);
   \   00000288   041089E0           ADD      R1,R9,R4
   \   0000028C   0400A0E1           MOV      R0,R4
   \   00000290   1A0000EF           SWI      +26
    136                    CurrentXStatus=11;
   \   00000294   007086E5           STR      R7,[R6, #+0]
   \   00000298   FF87BDE8           POP      {R0-R10,PC}      ;; return
   \                     ??GetTags_0:
   \   0000029C   25740000           DC8      "%t",+0
   \   000002A0   ........           DC32     CurrentXStatus
   \   000002A4   ........           DC32     teast3
   \   000002A8   ........           DC32     `?<Constant "Unknown">`
   \   000002AC   ........           DC32     Is_Id3tag_Enabled
   \   000002B0   ........           DC32     tagw
   \   000002B4   ........           DC32     `?<Constant "%w - %w">`
    137                  }
    138                 }
    139               }
    140             }  
    141          };  

   \                                 In segment DATA_ID, align 4, align-sorted
   \                     `?<Initializer for tagw>`:
   \   00000000   0000               DC16 0
   \   00000002   0000               DC8 0, 0
   \                     `?<Initializer for pcsmid>`:
   \   00000004   00000000           DC32 0
   \                     `?<Initializer for cfnt>`:
   \   00000008   0C000000           DC32 12
   \                     `?<Initializer for pcsmadr>`:
   \   0000000C   00000000           DC32 0H
   \                     `?<Initializer for wstag>`:
   \   00000010   00000000           DC32 0H

   \                                 In segment DATA_C, align 4, align-sorted
   \                     `?<Constant "Unknown">`:
   \   00000000   556E6B6E6F77       DC8 "Unknown"
   \              6E00        
   \   00000008   7A616562616C       DC8 "zaebaloaq"
   \              6F617100    
   \   00000012   0000               DC8 0, 0
   \   00000014   4E6F7468696E       DC8 "Nothing Played"
   \              6720506C6179
   \              656400      
   \   00000023   00                 DC8 0

   \                                 In segment DATA_C, align 4, align-sorted
   \                     `?<Constant "%w - %w">`:
   \   00000000   2577202D2025       DC8 "%w - %w"
   \              7700        

   \                                 In segment DATA_C, align 1, align-sorted
   \   00000000   257400             DC8 "%t"
    142          
    143          /*
    144          int  ShowTag(void){
    145            if (pcsmadr&&((_GetPlayStatus()==2)));else return 2;
    146            GUI *igui;
    147            if (!TopG(DISPLACE_OF_IDLEGUI_ID))return 0;
    148            
    149            if (!(igui=GetTopGUI())) return 0;
    150            if (igui){
    151          #ifdef ELKA
    152              {
    153                void *canvasdata = BuildCanvas();
    154          #else
    155              void *idata = GetDataOfItemByID(igui, 2);
    156              if (idata)
    157              {
    158                void *canvasdata = ((void **)idata)[DISPLACE_OF_IDLECANVAS / 4];        
    159          #endif        
    160                
    161                DrawCanvas(canvasdata,cTgr.x, cTgr.y,cTgr.x2, cTgr.y+GetFontYSIZE(cfnt), 1);  
    162          
    163                if (tagw<scr_w)
    164                  DrawString(wstag,cTgr.x,cTgr.y,cTgr.x2,cTgr.y+GetFontYSIZE(cfnt),cfnt,TEXT_ALIGNMIDDLE,(char*)clr,GetPaletteAdrByColorIndex(23));
    165                else{
    166                  static byte dir=0;
    167                  int dif=tagw-scr_w;
    168                  static short sm=0;
    169          //        int step=(7*tagw)/scr_w;
    170                  int step=4+(3*tagw)/scr_w;        
    171                  sm+=step*(dir?-1:1);
    172                  
    173                  DrawScrollString(wstag,cTgr.x,cTgr.y,cTgr.x2,cTgr.y+GetFontYSIZE(cfnt)+10,sm+1,cfnt,TEXT_ALIGNLEFT,(char*)clr,GetPaletteAdrByColorIndex(23));
    174                  if ((sm-step)<0)dir=0;else
    175                   if ((sm)>dif)dir=1;
    176                }
    177              }
    178            }
    179            return 1;
    180          } ;
    181          */
    182          #endif

   Maximum stack usage in bytes:

     Function CSTACK
     -------- ------
     GetTags     48
     initTags     8


   Segment part sizes:

     Function/Label          Bytes
     --------------          -----
     scr_w                      4
     teast3                   512
     tagw                      20
     initTags                  64
     GetTags                  696
     ?<Initializer for tagw>   20
     ?<Constant "Unknown">     36
     ?<Constant "%w - %w">      8
     ?<Constant "%t">           3
      Others                   80

 
 816 bytes in segment CODE
  47 bytes in segment DATA_C
  20 bytes in segment DATA_I
  20 bytes in segment DATA_ID
 516 bytes in segment DATA_Z
  24 bytes in segment INITTAB
 
 760 bytes of CODE  memory (+ 80 bytes shared)
  67 bytes of CONST memory
 536 bytes of DATA  memory

Errors: none
Warnings: none
