###############################################################################
#                                                                             #
#     IAR Systems ARM Assembler V4.42A/W32 06/Jul/2010  10:14:10              #
#     Copyright 1999-2007 IAR Systems. All rights reserved.                   #
#                                                                             #
#           Source file   =  F:\SVN\cn\TIIGPRSLogo\main.asm                   #
#           List file     =  F:\SVN\cn\TIIGPRSLogo\E71Csw41\List\main.lst     #
#           Object file   =  F:\SVN\cn\TIIGPRSLogo\E71Csw41\Obj\main.r79      #
#           Command line  =  F:\SVN\cn\TIIGPRSLogo\main.asm                   #
#                            -OF:\SVN\cn\TIIGPRSLogo\E71Csw41\Obj\ -s+ -M<>   #
#                            -w+ -LF:\SVN\cn\TIIGPRSLogo\E71Csw41\List\ -cE   #
#                            -t8 --cpu ARM926EJ-S --fpu None                  #
#                            -IF:\software\Embedded Workbench 4.0 Evaluation\ARM\INC\ #
#                                                                             #
###############################################################################

    1    00000000                      
    2    00000000                      extern draw
    3    00000000                      CODE32
    4    00000000                      RSEG    HOOK
    5    00000000 ........             BL      draw
    6    00000004 ........             B       0xA0AC1154
    7    00000008                      
    8    00000008                      END
##############################
#          CRC:F3E8          #
#        Errors:   0         #
#        Warnings: 0         #
#          Bytes: 8          #
##############################



