##############################################################################
#                                                                            #
# IAR ARM ANSI C/C++ Compiler V4.42A/W32 EVALUATION    12/Jul/2010  20:35:17 #
# Copyright 1999-2005 IAR Systems. All rights reserved.                      #
#                                                                            #
#    Cpu mode        =  interwork                                            #
#    Endian          =  little                                               #
#    Stack alignment =  4                                                    #
#    Source file     =  F:\SVN\cn\TIIGPRSLogo\config_data.c                  #
#    Command line    =  F:\SVN\cn\TIIGPRSLogo\config_data.c -D NODEBUG -D    #
#                       NEWSGOLD -D ELKA -lC F:\SVN\cn\TIIGPRSLogo\S75v47\Li #
#                       st\ -o F:\SVN\cn\TIIGPRSLogo\S75v47\Obj\ -s9         #
#                       --no_unroll --cpu_mode arm --endian little --cpu     #
#                       ARM926EJ-S --stack_align 4 --interwork -e --fpu      #
#                       None --segment code=CONFIG_CODE --segment            #
#                       data=CONFIG_DATA -I "F:\software\Embedded Workbench  #
#                       4.0 Evaluation\ARM\INC\" --inline_threshold=2        #
#    List file       =  F:\SVN\cn\TIIGPRSLogo\S75v47\List\config_data.lst    #
#    Object file     =  F:\SVN\cn\TIIGPRSLogo\S75v47\Obj\config_data.r79     #
#                                                                            #
#                                                                            #
##############################################################################

F:\SVN\cn\TIIGPRSLogo\config_data.c
      1          #include "..\inc\cfg_items.h"
      2          #include "..\inc\swilib.h"
      3          #include "lang.h"

  #define cfgPOS "Position"
          ^
"F:\SVN\cn\TIIGPRSLogo\lang.h",16  Warning[Pe047]: incompatible redefinition
          of macro "cfgPOS" (declared at line 5)

  #define cfgFONT "Font"
          ^
"F:\SVN\cn\TIIGPRSLogo\lang.h",17  Warning[Pe047]: incompatible redefinition
          of macro "cfgFONT" (declared at line 6)

  #define cfgATTR "Text Attrib"
          ^
"F:\SVN\cn\TIIGPRSLogo\lang.h",18  Warning[Pe047]: incompatible redefinition
          of macro "cfgATTR" (declared at line 7)

  #define cfgWD_COLOR "Text Color"
          ^
"F:\SVN\cn\TIIGPRSLogo\lang.h",19  Warning[Pe047]: incompatible redefinition
          of macro "cfgWD_COLOR" (declared at line 8)

  #define cfgWS_FRM_COLOR "Text Frame Color"
          ^
"F:\SVN\cn\TIIGPRSLogo\lang.h",20  Warning[Pe047]: incompatible redefinition
          of macro "cfgWS_FRM_COLOR" (declared at line 9)

  #define cfgRND_FRM_COLOR "Frame Color"
          ^
"F:\SVN\cn\TIIGPRSLogo\lang.h",21  Warning[Pe047]: incompatible redefinition
          of macro "cfgRND_FRM_COLOR" (declared at line 10)

  #define cfgFRM_COLOR "Frame Fill Color"
          ^
"F:\SVN\cn\TIIGPRSLogo\lang.h",22  Warning[Pe047]: incompatible redefinition
          of macro "cfgFRM_COLOR" (declared at line 11)
      4          

   \                                 In segment CONFIG_DATA_I, align 4, align-sorted, root
      5          __root CFG_HDR cfghdr1={CFG_COORDINATES, cfgPOS, 0, 0};
   \                     cfghdr1:
   \   00000000                      DS8 44
   \   0000002C                      REQUIRE `?<Initializer for cfghdr1>`

   \                                 In segment CONFIG_DATA_I, align 4, align-sorted, root
      6          __root unsigned int pos_x=131;
   \                     pos_x:
   \   00000000                      DS8 4
   \   00000004                      REQUIRE `?<Initializer for pos_x>`

   \                                 In segment CONFIG_DATA_I, align 4, align-sorted, root
      7          __root unsigned int pos_y=0x02;
   \                     pos_y:
   \   00000000                      DS8 4
   \   00000004                      REQUIRE `?<Initializer for pos_y>`
      8          

   \                                 In segment CONFIG_DATA_I, align 4, align-sorted, root
      9          __root CFG_HDR cfghdr2={CFG_UINT, cfgFONT, 0, 16};
   \                     cfghdr2:
   \   00000000                      DS8 44
   \   0000002C                      REQUIRE `?<Initializer for cfghdr2>`

   \                                 In segment CONFIG_DATA_I, align 4, align-sorted, root
     10          __root unsigned int font=FONT_SMALL;
   \                     font:
   \   00000000                      DS8 4
   \   00000004                      REQUIRE `?<Initializer for font>`
     11          

   \                                 In segment CONFIG_DATA_I, align 4, align-sorted, root
     12          __root CFG_HDR cfghdr3={CFG_UINT, cfgATTR, 0, 512};
   \                     cfghdr3:
   \   00000000                      DS8 44
   \   0000002C                      REQUIRE `?<Initializer for cfghdr3>`

   \                                 In segment CONFIG_DATA_I, align 4, align-sorted, root
     13          __root unsigned int txt_attr=TEXT_ALIGNMIDDLE+TEXT_OUTLINE;
   \                     txt_attr:
   \   00000000                      DS8 4
   \   00000004                      REQUIRE `?<Initializer for txt_attr>`
     14          

   \                                 In segment CONFIG_DATA_I, align 4, align-sorted, root
     15          __root CFG_HDR cfghdr4={CFG_COLOR, cfgWD_COLOR, 0, 0};
   \                     cfghdr4:
   \   00000000                      DS8 44
   \   0000002C                      REQUIRE `?<Initializer for cfghdr4>`

   \                                 In segment CONFIG_DATA_I, align 4, align-sorted, root
     16          __root char word_color[4]={0xFF, 0xFF, 0xFF, 100};
   \                     word_color:
   \   00000000                      DS8 4
   \   00000004                      REQUIRE `?<Initializer for word_color>`
     17          

   \                                 In segment CONFIG_DATA_I, align 4, align-sorted, root
     18          __root CFG_HDR cfghdr5={CFG_COLOR, cfgWS_FRM_COLOR, 0, 0};
   \                     cfghdr5:
   \   00000000                      DS8 44
   \   0000002C                      REQUIRE `?<Initializer for cfghdr5>`

   \                                 In segment CONFIG_DATA_I, align 4, align-sorted, root
     19          __root char word_frm_color[4]={0, 0, 0, 100};
   \                     word_frm_color:
   \   00000000                      DS8 4
   \   00000004                      REQUIRE `?<Initializer for word_frm_color>`
     20          

   \                                 In segment CONFIG_DATA_I, align 4, align-sorted, root
     21          __root CFG_HDR cfghdr6={CFG_COLOR, cfgRND_FRM_COLOR, 0, 0};
   \                     cfghdr6:
   \   00000000                      DS8 44
   \   0000002C                      REQUIRE `?<Initializer for cfghdr6>`

   \                                 In segment CONFIG_DATA_I, align 4, align-sorted, root
     22          __root char rnd_frm_color[4]={0xFF, 0xFF, 0xFF, 100};
   \                     rnd_frm_color:
   \   00000000                      DS8 4
   \   00000004                      REQUIRE `?<Initializer for rnd_frm_color>`
     23          

   \                                 In segment CONFIG_DATA_I, align 4, align-sorted, root
     24          __root CFG_HDR cfghdr7={CFG_COLOR, cfgFRM_COLOR, 0, 0};
   \                     cfghdr7:
   \   00000000                      DS8 44
   \   0000002C                      REQUIRE `?<Initializer for cfghdr7>`

   \                                 In segment CONFIG_DATA_I, align 4, align-sorted, root
     25          __root char frm_color[4]={0, 0, 0, 100};
   \                     frm_color:
   \   00000000                      DS8 4
   \   00000004                      REQUIRE `?<Initializer for frm_color>`

   \                                 In segment CONFIG_DATA_ID, align 4, align-sorted, root
   \                     `?<Initializer for cfghdr1>`:
   \   00000000   07000000           DC32 7
   \   00000004   506F73697469       DC8 "Position"
   \              6F6E00      
   \   0000000D   000000000000       DC8 0, 0, 0, 0, 0, 0, 0, 0, 0, 0, 0, 0, 0, 0, 0, 0, 0, 0, 0, 0, 0, 0, 0
   \              000000000000
   \              000000000000
   \              0000000000  
   \   00000024   000000000000       DC32 0, 0
   \              0000        

   \                                 In segment CONFIG_DATA_ID, align 4, align-sorted, root
   \                     `?<Initializer for pos_x>`:
   \   00000000   83000000           DC32 131

   \                                 In segment CONFIG_DATA_ID, align 4, align-sorted, root
   \                     `?<Initializer for pos_y>`:
   \   00000000   02000000           DC32 2

   \                                 In segment CONFIG_DATA_ID, align 4, align-sorted, root
   \                     `?<Initializer for cfghdr2>`:
   \   00000000   01000000           DC32 1
   \   00000004   466F6E7400         DC8 "Font"
   \   00000009   000000000000       DC8 0, 0, 0, 0, 0, 0, 0, 0, 0, 0, 0, 0, 0, 0, 0, 0
   \              000000000000
   \              00000000    
   \   00000019   000000000000       DC8 0, 0, 0, 0, 0, 0, 0, 0, 0, 0, 0
   \              0000000000  
   \   00000024   000000001000       DC32 0, 16
   \              0000        

   \                                 In segment CONFIG_DATA_ID, align 4, align-sorted, root
   \                     `?<Initializer for font>`:
   \   00000000   08000000           DC32 8

   \                                 In segment CONFIG_DATA_ID, align 4, align-sorted, root
   \                     `?<Initializer for cfghdr3>`:
   \   00000000   01000000           DC32 1
   \   00000004   546578742041       DC8 "Text Attrib"
   \              747472696200
   \   00000010   000000000000       DC8 0, 0, 0, 0, 0, 0, 0, 0, 0, 0, 0, 0, 0, 0, 0, 0, 0, 0, 0, 0
   \              000000000000
   \              000000000000
   \              0000        
   \   00000024   000000000002       DC32 0, 512
   \              0000        

   \                                 In segment CONFIG_DATA_ID, align 4, align-sorted, root
   \                     `?<Initializer for txt_attr>`:
   \   00000000   22000000           DC32 34

   \                                 In segment CONFIG_DATA_ID, align 4, align-sorted, root
   \                     `?<Initializer for cfghdr4>`:
   \   00000000   08000000           DC32 8
   \   00000004   546578742043       DC8 "Text Color"
   \              6F6C6F7200  
   \   0000000F   000000000000       DC8 0, 0, 0, 0, 0, 0, 0, 0, 0, 0, 0, 0, 0, 0, 0, 0, 0, 0, 0, 0, 0
   \              000000000000
   \              000000000000
   \              000000      
   \   00000024   000000000000       DC32 0, 0
   \              0000        

   \                                 In segment CONFIG_DATA_ID, align 4, align-sorted, root
   \                     `?<Initializer for word_color>`:
   \   00000000   FFFFFF64           DC8 255, 255, 255, 100

   \                                 In segment CONFIG_DATA_ID, align 4, align-sorted, root
   \                     `?<Initializer for cfghdr5>`:
   \   00000000   08000000           DC32 8
   \   00000004   546578742046       DC8 "Text Frame Color"
   \              72616D652043
   \              6F6C6F7200  
   \   00000015   000000000000       DC8 0, 0, 0, 0, 0, 0, 0, 0, 0, 0, 0, 0, 0, 0, 0
   \              000000000000
   \              000000      
   \   00000024   000000000000       DC32 0, 0
   \              0000        

   \                                 In segment CONFIG_DATA_ID, align 4, align-sorted, root
   \                     `?<Initializer for word_frm_color>`:
   \   00000000   00000064           DC8 0, 0, 0, 100

   \                                 In segment CONFIG_DATA_ID, align 4, align-sorted, root
   \                     `?<Initializer for cfghdr6>`:
   \   00000000   08000000           DC32 8
   \   00000004   4672616D6520       DC8 "Frame Color"
   \              436F6C6F7200
   \   00000010   000000000000       DC8 0, 0, 0, 0, 0, 0, 0, 0, 0, 0, 0, 0, 0, 0, 0, 0, 0, 0, 0, 0
   \              000000000000
   \              000000000000
   \              0000        
   \   00000024   000000000000       DC32 0, 0
   \              0000        

   \                                 In segment CONFIG_DATA_ID, align 4, align-sorted, root
   \                     `?<Initializer for rnd_frm_color>`:
   \   00000000   FFFFFF64           DC8 255, 255, 255, 100

   \                                 In segment CONFIG_DATA_ID, align 4, align-sorted, root
   \                     `?<Initializer for cfghdr7>`:
   \   00000000   08000000           DC32 8
   \   00000004   4672616D6520       DC8 "Frame Fill Color"
   \              46696C6C2043
   \              6F6C6F7200  
   \   00000015   000000000000       DC8 0, 0, 0, 0, 0, 0, 0, 0, 0, 0, 0, 0, 0, 0, 0
   \              000000000000
   \              000000      
   \   00000024   000000000000       DC32 0, 0
   \              0000        

   \                                 In segment CONFIG_DATA_ID, align 4, align-sorted, root
   \                     `?<Initializer for frm_color>`:
   \   00000000   00000064           DC8 0, 0, 0, 100
     26          
     27          


   Segment part sizes:

     Function/Label                 Bytes
     --------------                 -----
     cfghdr1                          44
     pos_x                             4
     pos_y                             4
     cfghdr2                          44
     font                              4
     cfghdr3                          44
     txt_attr                          4
     cfghdr4                          44
     word_color                        4
     cfghdr5                          44
     word_frm_color                    4
     cfghdr6                          44
     rnd_frm_color                     4
     cfghdr7                          44
     frm_color                         4
     ?<Initializer for cfghdr1>       44
     ?<Initializer for pos_x>          4
     ?<Initializer for pos_y>          4
     ?<Initializer for cfghdr2>       44
     ?<Initializer for font>           4
     ?<Initializer for cfghdr3>       44
     ?<Initializer for txt_attr>       4
     ?<Initializer for cfghdr4>       44
     ?<Initializer for word_color>     4
     ?<Initializer for cfghdr5>       44
     ?<Initializer for word_frm_color>
                                       4
     ?<Initializer for cfghdr6>       44
     ?<Initializer for rnd_frm_color>
                                       4
     ?<Initializer for cfghdr7>       44
     ?<Initializer for frm_color>      4
      Others                          12

 
 340 bytes in segment CONFIG_DATA_I
 340 bytes in segment CONFIG_DATA_ID
  12 bytes in segment INITTAB
 
   0 bytes of CODE  memory (+ 12 bytes shared)
 340 bytes of CONST memory
 340 bytes of DATA  memory

Errors: none
Warnings: 7
