###############################################################################
#                                                                             #
#     IAR Systems ARM Assembler V4.42A/W32 12/Jul/2010  20:35:16              #
#     Copyright 1999-2007 IAR Systems. All rights reserved.                   #
#                                                                             #
#           Source file   =  F:\SVN\cn\TIIGPRSLogo\main.asm                   #
#           List file     =  F:\SVN\cn\TIIGPRSLogo\S75v47\List\main.lst       #
#           Object file   =  F:\SVN\cn\TIIGPRSLogo\S75v47\Obj\main.r79        #
#           Command line  =  F:\SVN\cn\TIIGPRSLogo\main.asm                   #
#                            -OF:\SVN\cn\TIIGPRSLogo\S75v47\Obj\ -s+ -M<>     #
#                            -w+ -DLANG_EN                                    #
#                            -LF:\SVN\cn\TIIGPRSLogo\S75v47\List\ -cE -t8     #
#                            --cpu ARM926EJ-S --fpu None                      #
#                            -IF:\software\Embedded Workbench 4.0 Evaluation\ARM\INC\ #
#                                                                             #
###############################################################################

    1    00000000                      
    2    00000000                      extern draw
    3    00000000                      CODE32
    4    00000000                      RSEG    HOOK
    5    00000000 ........             BL      draw
    6    00000004 ........             B       0xA0AC1154
    7    00000008                      
    8    00000008                      END
##############################
#          CRC:89A1          #
#        Errors:   0         #
#        Warnings: 0         #
#          Bytes: 8          #
##############################



