##############################################################################
#                                                                            #
# IAR ARM ANSI C/C++ Compiler V4.42A/W32 EVALUATION    15/May/2010  19:28:05 #
# Copyright 1999-2005 IAR Systems. All rights reserved.                      #
#                                                                            #
#    Cpu mode        =  interwork                                            #
#    Endian          =  little                                               #
#    Stack alignment =  4                                                    #
#    Source file     =  F:\SVN\cn\EMenuD2\config_data.c                      #
#    Command line    =  F:\SVN\cn\EMenuD2\config_data.c -lC                  #
#                       F:\SVN\cn\EMenuD2\Release\List\ -o                   #
#                       F:\SVN\cn\EMenuD2\Release\Obj\ -s9 --no_unroll       #
#                       --no_clustering --cpu_mode arm --endian little       #
#                       --cpu ARM926EJ-S --stack_align 4 --interwork -e      #
#                       --fpu None --dlib_config "F:\software\Embedded       #
#                       Workbench 4.0 Evaluation\ARM\LIB\dl5tpainl8f.h"      #
#                       --segment code=CONFIG --segment data=CONFIG -I       #
#                       "F:\software\Embedded Workbench 4.0                  #
#                       Evaluation\ARM\INC\" --inline_threshold=2            #
#    List file       =  F:\SVN\cn\EMenuD2\Release\List\config_data.lst       #
#    Object file     =  F:\SVN\cn\EMenuD2\Release\Obj\config_data.r79        #
#                                                                            #
#                                                                            #
##############################################################################

F:\SVN\cn\EMenuD2\config_data.c
      1          #include "..\inc\cfg_items.h"
      2          #include "..\inc\swilib.h"

  rewritten calling SaveMaxIllumination (), and for some reason limited to 80% 
  ^
"F:\SVN\cn\inc\swilib.h",379  Error[Pe020]: identifier "rewritten" is undefined

  rewritten calling SaveMaxIllumination (), and for some reason limited to 80% 
                    ^
"F:\SVN\cn\inc\swilib.h",379  Error[Pe065]: expected a ";"

  #pragma swi_number=107
          ^
"F:\SVN\cn\inc\swilib.h",1661  Warning[Pe606]: this pragma must immediately
          precede a declaration

  __swi	__arm	int  FindFirstFile (DIR_ENTRY *DIRENTRY,char *mask,unsigned int *ErrorNumber);
  ^
"F:\SVN\cn\inc\swilib.h",1662  Error[Pe130]: expected a "{"

  #pragma swi_number=108
          ^
"F:\SVN\cn\inc\swilib.h",1666  Warning[Pe606]: this pragma must immediately
          precede a declaration

  #pragma swi_number=109
          ^
"F:\SVN\cn\inc\swilib.h",1671  Warning[Pe606]: this pragma must immediately
          precede a declaration

  #pragma swi_number=0x06E
          ^
"F:\SVN\cn\inc\swilib.h",1676  Warning[Pe606]: this pragma must immediately
          precede a declaration

  #pragma swi_number=111
          ^
"F:\SVN\cn\inc\swilib.h",1679  Warning[Pe606]: this pragma must immediately
          precede a declaration

  #pragma swi_number=112
          ^
"F:\SVN\cn\inc\swilib.h",1684  Warning[Pe606]: this pragma must immediately
          precede a declaration

  #pragma swi_number=0x0073
          ^
"F:\SVN\cn\inc\swilib.h",1689  Warning[Pe606]: this pragma must immediately
          precede a declaration

  #pragma swi_number=116
          ^
"F:\SVN\cn\inc\swilib.h",1694  Warning[Pe606]: this pragma must immediately
          precede a declaration

  #pragma swi_number=124
          ^
"F:\SVN\cn\inc\swilib.h",1697  Warning[Pe606]: this pragma must immediately
          precede a declaration

  #pragma swi_number=0x007F
          ^
"F:\SVN\cn\inc\swilib.h",1702  Warning[Pe606]: this pragma must immediately
          precede a declaration

  #pragma swi_number=128
          ^
"F:\SVN\cn\inc\swilib.h",1705  Warning[Pe606]: this pragma must immediately
          precede a declaration

  #pragma swi_number=132
          ^
"F:\SVN\cn\inc\swilib.h",1710  Warning[Pe606]: this pragma must immediately
          precede a declaration

  #pragma swi_number=0x0085
          ^
"F:\SVN\cn\inc\swilib.h",1715  Warning[Pe606]: this pragma must immediately
          precede a declaration

  #pragma swi_number=0x86
          ^
"F:\SVN\cn\inc\swilib.h",1718  Warning[Pe606]: this pragma must immediately
          precede a declaration

  #pragma swi_number=0x87
          ^
"F:\SVN\cn\inc\swilib.h",1725  Warning[Pe606]: this pragma must immediately
          precede a declaration

  #pragma swi_number=138
          ^
"F:\SVN\cn\inc\swilib.h",1732  Warning[Pe606]: this pragma must immediately
          precede a declaration

  #pragma swi_number=139
          ^
"F:\SVN\cn\inc\swilib.h",1737  Warning[Pe606]: this pragma must immediately
          precede a declaration

  #pragma swi_number=140
          ^
"F:\SVN\cn\inc\swilib.h",1742  Warning[Pe606]: this pragma must immediately
          precede a declaration

  #pragma swi_number=142
          ^
"F:\SVN\cn\inc\swilib.h",1747  Warning[Pe606]: this pragma must immediately
          precede a declaration

  #pragma swi_number=143
          ^
"F:\SVN\cn\inc\swilib.h",1752  Warning[Pe606]: this pragma must immediately
          precede a declaration

  #pragma swi_number=144
          ^
"F:\SVN\cn\inc\swilib.h",1757  Warning[Pe606]: this pragma must immediately
          precede a declaration

  #pragma swi_number=145
          ^
"F:\SVN\cn\inc\swilib.h",1762  Warning[Pe606]: this pragma must immediately
          precede a declaration

  #pragma swi_number=146
          ^
"F:\SVN\cn\inc\swilib.h",1767  Warning[Pe606]: this pragma must immediately
          precede a declaration

  #pragma swi_number=148
          ^
"F:\SVN\cn\inc\swilib.h",1772  Warning[Pe606]: this pragma must immediately
          precede a declaration

  #pragma swi_number=149
          ^
"F:\SVN\cn\inc\swilib.h",1777  Warning[Pe606]: this pragma must immediately
          precede a declaration

  #pragma swi_number=0x99
          ^
"F:\SVN\cn\inc\swilib.h",1782  Warning[Pe606]: this pragma must immediately
          precede a declaration

  #pragma swi_number=154
          ^
"F:\SVN\cn\inc\swilib.h",1787  Warning[Pe606]: this pragma must immediately
          precede a declaration

  #pragma swi_number=163
          ^
"F:\SVN\cn\inc\swilib.h",1794  Warning[Pe606]: this pragma must immediately
          precede a declaration

  #pragma swi_number=166
          ^
"F:\SVN\cn\inc\swilib.h",1799  Warning[Pe606]: this pragma must immediately
          precede a declaration

  #pragma swi_number=170
          ^
"F:\SVN\cn\inc\swilib.h",1804  Warning[Pe606]: this pragma must immediately
          precede a declaration

  #pragma swi_number=171
          ^
"F:\SVN\cn\inc\swilib.h",1810  Warning[Pe606]: this pragma must immediately
          precede a declaration

  #pragma swi_number=180
          ^
"F:\SVN\cn\inc\swilib.h",1815  Warning[Pe606]: this pragma must immediately
          precede a declaration

  #pragma swi_number=181
          ^
"F:\SVN\cn\inc\swilib.h",1821  Warning[Pe606]: this pragma must immediately
          precede a declaration

  #pragma swi_number=182
          ^
"F:\SVN\cn\inc\swilib.h",1826  Warning[Pe606]: this pragma must immediately
          precede a declaration

  #pragma swi_number=183
          ^
"F:\SVN\cn\inc\swilib.h",1831  Warning[Pe606]: this pragma must immediately
          precede a declaration

  #pragma swi_number=184
          ^
"F:\SVN\cn\inc\swilib.h",1836  Warning[Pe606]: this pragma must immediately
          precede a declaration

  #pragma swi_number=167
          ^
"F:\SVN\cn\inc\swilib.h",1841  Warning[Pe606]: this pragma must immediately
          precede a declaration

  #pragma swi_number=168
          ^
"F:\SVN\cn\inc\swilib.h",1846  Warning[Pe606]: this pragma must immediately
          precede a declaration

  #pragma swi_number=169
          ^
"F:\SVN\cn\inc\swilib.h",1851  Warning[Pe606]: this pragma must immediately
          precede a declaration

  #pragma swi_number=185
          ^
"F:\SVN\cn\inc\swilib.h",1856  Warning[Pe606]: this pragma must immediately
          precede a declaration

  #pragma swi_number=186
          ^
"F:\SVN\cn\inc\swilib.h",1861  Warning[Pe606]: this pragma must immediately
          precede a declaration

  #pragma swi_number=187
          ^
"F:\SVN\cn\inc\swilib.h",1866  Warning[Pe606]: this pragma must immediately
          precede a declaration

  #pragma swi_number=188
          ^
"F:\SVN\cn\inc\swilib.h",1871  Warning[Pe606]: this pragma must immediately
          precede a declaration

  #pragma swi_number=189
          ^
"F:\SVN\cn\inc\swilib.h",1876  Warning[Pe606]: this pragma must immediately
          precede a declaration

  #pragma swi_number=0x00BF
          ^
"F:\SVN\cn\inc\swilib.h",1882  Warning[Pe606]: this pragma must immediately
          precede a declaration

  #pragma swi_number=0x00C4
          ^
"F:\SVN\cn\inc\swilib.h",1885  Warning[Pe606]: this pragma must immediately
          precede a declaration

  #pragma swi_number=198
          ^
"F:\SVN\cn\inc\swilib.h",1889  Warning[Pe606]: this pragma must immediately
          precede a declaration

  #pragma swi_number=0x088
          ^
"F:\SVN\cn\inc\swilib.h",1896  Warning[Pe606]: this pragma must immediately
          precede a declaration

  #pragma swi_number=0x93
          ^
"F:\SVN\cn\inc\swilib.h",1901  Warning[Pe606]: this pragma must immediately
          precede a declaration

  #pragma swi_number=0x80C8
          ^
"F:\SVN\cn\inc\swilib.h",1906  Warning[Pe606]: this pragma must immediately
          precede a declaration

  #pragma swi_number=0x80C9
          ^
"F:\SVN\cn\inc\swilib.h",1910  Warning[Pe606]: this pragma must immediately
          precede a declaration

  #pragma swi_number=0x80CA
          ^
"F:\SVN\cn\inc\swilib.h",1913  Warning[Pe606]: this pragma must immediately
          precede a declaration

  #pragma swi_number=0x80CC 
          ^
"F:\SVN\cn\inc\swilib.h",1917  Warning[Pe606]: this pragma must immediately
          precede a declaration

  #pragma swi_number=0x80CD 
          ^
"F:\SVN\cn\inc\swilib.h",1920  Warning[Pe606]: this pragma must immediately
          precede a declaration

  #pragma swi_number=0x80D4 
          ^
"F:\SVN\cn\inc\swilib.h",1923  Warning[Pe606]: this pragma must immediately
          precede a declaration

  #pragma swi_number=0x80D8
          ^
"F:\SVN\cn\inc\swilib.h",1926  Warning[Pe606]: this pragma must immediately
          precede a declaration

  #pragma swi_number=0x80DF
          ^
"F:\SVN\cn\inc\swilib.h",1929  Warning[Pe606]: this pragma must immediately
          precede a declaration

  #pragma swi_number=0x80E0
          ^
"F:\SVN\cn\inc\swilib.h",1932  Warning[Pe606]: this pragma must immediately
          precede a declaration

  #pragma swi_number=0x80E1
          ^
"F:\SVN\cn\inc\swilib.h",1935  Warning[Pe606]: this pragma must immediately
          precede a declaration

  #pragma swi_number=0x80E4
          ^
"F:\SVN\cn\inc\swilib.h",1940  Warning[Pe606]: this pragma must immediately
          precede a declaration

  #pragma swi_number=0x80F1
          ^
"F:\SVN\cn\inc\swilib.h",1943  Warning[Pe606]: this pragma must immediately
          precede a declaration

  #pragma swi_number=0x80FF
          ^
"F:\SVN\cn\inc\swilib.h",1946  Warning[Pe606]: this pragma must immediately
          precede a declaration

  #pragma swi_number=0x0100
          ^
"F:\SVN\cn\inc\swilib.h",1949  Warning[Pe606]: this pragma must immediately
          precede a declaration

  #pragma swi_number=0x0101
          ^
"F:\SVN\cn\inc\swilib.h",1954  Warning[Pe606]: this pragma must immediately
          precede a declaration

  #pragma swi_number=0x0102
          ^
"F:\SVN\cn\inc\swilib.h",1959  Warning[Pe606]: this pragma must immediately
          precede a declaration

  #pragma swi_number=0x0103
          ^
"F:\SVN\cn\inc\swilib.h",1964  Warning[Pe606]: this pragma must immediately
          precede a declaration

  #pragma swi_number=0x0104
          ^
"F:\SVN\cn\inc\swilib.h",1969  Warning[Pe606]: this pragma must immediately
          precede a declaration

  #pragma swi_number=0x0105
          ^
"F:\SVN\cn\inc\swilib.h",1974  Warning[Pe606]: this pragma must immediately
          precede a declaration

  #pragma swi_number=0x8106
          ^
"F:\SVN\cn\inc\swilib.h",1979  Warning[Pe606]: this pragma must immediately
          precede a declaration

  #pragma swi_number=0x0107
          ^
"F:\SVN\cn\inc\swilib.h",1982  Warning[Pe606]: this pragma must immediately
          precede a declaration

  #pragma swi_number=0x0108
          ^
"F:\SVN\cn\inc\swilib.h",1987  Warning[Pe606]: this pragma must immediately
          precede a declaration

  #pragma swi_number=0x0109
          ^
"F:\SVN\cn\inc\swilib.h",1992  Warning[Pe606]: this pragma must immediately
          precede a declaration

  #pragma swi_number=0x010A
          ^
"F:\SVN\cn\inc\swilib.h",1997  Warning[Pe606]: this pragma must immediately
          precede a declaration

  #pragma swi_number=0x810B
          ^
"F:\SVN\cn\inc\swilib.h",2000  Warning[Pe606]: this pragma must immediately
          precede a declaration

  #pragma swi_number=0x810C
          ^
"F:\SVN\cn\inc\swilib.h",2004  Warning[Pe606]: this pragma must immediately
          precede a declaration

  #pragma swi_number=0x810D
          ^
"F:\SVN\cn\inc\swilib.h",2008  Warning[Pe606]: this pragma must immediately
          precede a declaration

  #pragma swi_number=0x010E
          ^
"F:\SVN\cn\inc\swilib.h",2011  Warning[Pe606]: this pragma must immediately
          precede a declaration

  #pragma swi_number=0x010F
          ^
"F:\SVN\cn\inc\swilib.h",2014  Warning[Pe606]: this pragma must immediately
          precede a declaration

  #pragma swi_number=0x0110
          ^
"F:\SVN\cn\inc\swilib.h",2019  Warning[Pe606]: this pragma must immediately
          precede a declaration

  #pragma swi_number=0x0111
          ^
"F:\SVN\cn\inc\swilib.h",2024  Warning[Pe606]: this pragma must immediately
          precede a declaration

  #pragma swi_number=0x0112
          ^
"F:\SVN\cn\inc\swilib.h",2029  Warning[Pe606]: this pragma must immediately
          precede a declaration

  #pragma swi_number=0x0113
          ^
"F:\SVN\cn\inc\swilib.h",2034  Warning[Pe606]: this pragma must immediately
          precede a declaration

  #pragma swi_number=0x0113
          ^
"F:\SVN\cn\inc\swilib.h",2037  Warning[Pe606]: this pragma must immediately
          precede a declaration

  #pragma swi_number=0x0114
          ^
"F:\SVN\cn\inc\swilib.h",2042  Warning[Pe606]: this pragma must immediately
          precede a declaration

  #pragma swi_number=0x0115
          ^
"F:\SVN\cn\inc\swilib.h",2047  Warning[Pe606]: this pragma must immediately
          precede a declaration

  #pragma swi_number=0x0116
          ^
"F:\SVN\cn\inc\swilib.h",2052  Warning[Pe606]: this pragma must immediately
          precede a declaration

  #pragma swi_number=0x0117
          ^
"F:\SVN\cn\inc\swilib.h",2057  Warning[Pe606]: this pragma must immediately
          precede a declaration

  #pragma swi_number=0x0118
          ^
"F:\SVN\cn\inc\swilib.h",2062  Warning[Pe606]: this pragma must immediately
          precede a declaration

  #pragma swi_number=0x011B
          ^
"F:\SVN\cn\inc\swilib.h",2079  Warning[Pe606]: this pragma must immediately
          precede a declaration

  #pragma swi_number=0x011C
          ^
"F:\SVN\cn\inc\swilib.h",2084  Warning[Pe606]: this pragma must immediately
          precede a declaration

  #pragma swi_number=0x011D
          ^
"F:\SVN\cn\inc\swilib.h",2089  Warning[Pe606]: this pragma must immediately
          precede a declaration

  #pragma swi_number=0x011E
          ^
"F:\SVN\cn\inc\swilib.h",2096  Warning[Pe606]: this pragma must immediately
          precede a declaration

  #pragma swi_number=0x011F
          ^
"F:\SVN\cn\inc\swilib.h",2101  Warning[Pe606]: this pragma must immediately
          precede a declaration

  #pragma swi_number=0x0120
          ^
"F:\SVN\cn\inc\swilib.h",2106  Warning[Pe606]: this pragma must immediately
          precede a declaration

  #pragma swi_number=0x0121
          ^
"F:\SVN\cn\inc\swilib.h",2111  Warning[Pe606]: this pragma must immediately
          precede a declaration

  #pragma swi_number=0x0122
          ^
"F:\SVN\cn\inc\swilib.h",2116  Warning[Pe606]: this pragma must immediately
          precede a declaration

  #pragma swi_number=0x0123
          ^
"F:\SVN\cn\inc\swilib.h",2121  Warning[Pe606]: this pragma must immediately
          precede a declaration

  #pragma swi_number=0x0124
          ^
"F:\SVN\cn\inc\swilib.h",2126  Warning[Pe606]: this pragma must immediately
          precede a declaration

  #pragma swi_number=0x0125
          ^
"F:\SVN\cn\inc\swilib.h",2131  Warning[Pe606]: this pragma must immediately
          precede a declaration

  #pragma swi_number=0x0126
          ^
"F:\SVN\cn\inc\swilib.h",2136  Warning[Pe606]: this pragma must immediately
          precede a declaration

  #pragma swi_number=0x0127
          ^
"F:\SVN\cn\inc\swilib.h",2141  Warning[Pe606]: this pragma must immediately
          precede a declaration

  #pragma swi_number=0x0128
          ^
"F:\SVN\cn\inc\swilib.h",2146  Warning[Pe606]: this pragma must immediately
          precede a declaration

  #pragma swi_number=0x0129
          ^
"F:\SVN\cn\inc\swilib.h",2151  Warning[Pe606]: this pragma must immediately
          precede a declaration

  #pragma swi_number=0x012A
          ^
"F:\SVN\cn\inc\swilib.h",2157  Warning[Pe606]: this pragma must immediately
          precede a declaration

  #pragma swi_number=0x012B
          ^
"F:\SVN\cn\inc\swilib.h",2162  Warning[Pe606]: this pragma must immediately
          precede a declaration

  #pragma swi_number=0x012C
          ^
"F:\SVN\cn\inc\swilib.h",2167  Warning[Pe606]: this pragma must immediately
          precede a declaration

  #pragma swi_number=0x012D
          ^
"F:\SVN\cn\inc\swilib.h",2172  Warning[Pe606]: this pragma must immediately
          precede a declaration

  #pragma swi_number=0x012E
          ^
"F:\SVN\cn\inc\swilib.h",2177  Warning[Pe606]: this pragma must immediately
          precede a declaration

  #pragma swi_number=0x012F
          ^
"F:\SVN\cn\inc\swilib.h",2182  Warning[Pe606]: this pragma must immediately
          precede a declaration

  #pragma swi_number=0x0130
          ^
"F:\SVN\cn\inc\swilib.h",2187  Warning[Pe606]: this pragma must immediately
          precede a declaration

  #pragma swi_number=0x0131
          ^
"F:\SVN\cn\inc\swilib.h",2192  Warning[Pe606]: this pragma must immediately
          precede a declaration

  #pragma swi_number=0x0132
          ^
"F:\SVN\cn\inc\swilib.h",2197  Warning[Pe606]: this pragma must immediately
          precede a declaration

  #pragma swi_number=0x0133
          ^
"F:\SVN\cn\inc\swilib.h",2203  Warning[Pe606]: this pragma must immediately
          precede a declaration

  #pragma swi_number=0x0134
          ^
"F:\SVN\cn\inc\swilib.h",2208  Warning[Pe606]: this pragma must immediately
          precede a declaration

  #pragma swi_number=0x0135
          ^
"F:\SVN\cn\inc\swilib.h",2213  Warning[Pe606]: this pragma must immediately
          precede a declaration

  #pragma swi_number=0x0136
          ^
"F:\SVN\cn\inc\swilib.h",2218  Warning[Pe606]: this pragma must immediately
          precede a declaration

  #pragma swi_number=0x0137
          ^
"F:\SVN\cn\inc\swilib.h",2223  Warning[Pe606]: this pragma must immediately
          precede a declaration

  #pragma swi_number=0x0138
          ^
"F:\SVN\cn\inc\swilib.h",2228  Warning[Pe606]: this pragma must immediately
          precede a declaration

  #pragma swi_number=0x0139
          ^
"F:\SVN\cn\inc\swilib.h",2233  Warning[Pe606]: this pragma must immediately
          precede a declaration

  #pragma swi_number=0x013A
          ^
"F:\SVN\cn\inc\swilib.h",2238  Warning[Pe606]: this pragma must immediately
          precede a declaration

  #pragma swi_number=0x013B
          ^
"F:\SVN\cn\inc\swilib.h",2243  Warning[Pe606]: this pragma must immediately
          precede a declaration

  #pragma swi_number=0x013C
          ^
"F:\SVN\cn\inc\swilib.h",2248  Warning[Pe606]: this pragma must immediately
          precede a declaration

  #pragma swi_number=0x013D
          ^
"F:\SVN\cn\inc\swilib.h",2251  Warning[Pe606]: this pragma must immediately
          precede a declaration

  #pragma swi_number=0x013E
          ^
"F:\SVN\cn\inc\swilib.h",2254  Warning[Pe606]: this pragma must immediately
          precede a declaration

  #pragma swi_number=0x013F
          ^
"F:\SVN\cn\inc\swilib.h",2259  Warning[Pe606]: this pragma must immediately
          precede a declaration

  #pragma swi_number=0x0140
          ^
"F:\SVN\cn\inc\swilib.h",2264  Warning[Pe606]: this pragma must immediately
          precede a declaration

  #pragma swi_number=0x0141
          ^
"F:\SVN\cn\inc\swilib.h",2269  Warning[Pe606]: this pragma must immediately
          precede a declaration

  #pragma swi_number=0x0142
          ^
"F:\SVN\cn\inc\swilib.h",2275  Warning[Pe606]: this pragma must immediately
          precede a declaration

  #pragma swi_number=0x0143
          ^
"F:\SVN\cn\inc\swilib.h",2280  Warning[Pe606]: this pragma must immediately
          precede a declaration

  #pragma swi_number=0x0144
          ^
"F:\SVN\cn\inc\swilib.h",2285  Warning[Pe606]: this pragma must immediately
          precede a declaration

  #pragma swi_number=0x0145
          ^
"F:\SVN\cn\inc\swilib.h",2290  Warning[Pe606]: this pragma must immediately
          precede a declaration

  #pragma swi_number=0x0146
          ^
"F:\SVN\cn\inc\swilib.h",2295  Warning[Pe606]: this pragma must immediately
          precede a declaration

  #pragma swi_number=0x0147
          ^
"F:\SVN\cn\inc\swilib.h",2300  Warning[Pe606]: this pragma must immediately
          precede a declaration

  #pragma swi_number=0x0148
          ^
"F:\SVN\cn\inc\swilib.h",2305  Warning[Pe606]: this pragma must immediately
          precede a declaration

  #pragma swi_number=0x0149
          ^
"F:\SVN\cn\inc\swilib.h",2314  Warning[Pe606]: this pragma must immediately
          precede a declaration

  #pragma swi_number=0x014A
          ^
"F:\SVN\cn\inc\swilib.h",2319  Warning[Pe606]: this pragma must immediately
          precede a declaration

  #pragma swi_number=0x014B
          ^
"F:\SVN\cn\inc\swilib.h",2324  Warning[Pe606]: this pragma must immediately
          precede a declaration

  #pragma swi_number=0x014C
          ^
"F:\SVN\cn\inc\swilib.h",2329  Warning[Pe606]: this pragma must immediately
          precede a declaration

  #pragma swi_number=0x014D
          ^
"F:\SVN\cn\inc\swilib.h",2334  Warning[Pe606]: this pragma must immediately
          precede a declaration

  #pragma swi_number=0x014E
          ^
"F:\SVN\cn\inc\swilib.h",2339  Warning[Pe606]: this pragma must immediately
          precede a declaration

  #pragma swi_number=0x014F
          ^
"F:\SVN\cn\inc\swilib.h",2344  Warning[Pe606]: this pragma must immediately
          precede a declaration

  #pragma swi_number=0x0150
          ^
"F:\SVN\cn\inc\swilib.h",2349  Warning[Pe606]: this pragma must immediately
          precede a declaration

  #pragma swi_number=0x0151
          ^
"F:\SVN\cn\inc\swilib.h",2354  Warning[Pe606]: this pragma must immediately
          precede a declaration

  #pragma swi_number=0x0152
          ^
"F:\SVN\cn\inc\swilib.h",2359  Warning[Pe606]: this pragma must immediately
          precede a declaration

  #pragma swi_number=0x0153
          ^
"F:\SVN\cn\inc\swilib.h",2364  Warning[Pe606]: this pragma must immediately
          precede a declaration

  #pragma swi_number=0x0154
          ^
"F:\SVN\cn\inc\swilib.h",2369  Warning[Pe606]: this pragma must immediately
          precede a declaration

  #pragma swi_number=0x0155
          ^
"F:\SVN\cn\inc\swilib.h",2379  Warning[Pe606]: this pragma must immediately
          precede a declaration

  #pragma swi_number=0x0156
          ^
"F:\SVN\cn\inc\swilib.h",2384  Warning[Pe606]: this pragma must immediately
          precede a declaration

  #pragma swi_number=0x0157
          ^
"F:\SVN\cn\inc\swilib.h",2389  Warning[Pe606]: this pragma must immediately
          precede a declaration

  #pragma swi_number=0x0158
          ^
"F:\SVN\cn\inc\swilib.h",2394  Warning[Pe606]: this pragma must immediately
          precede a declaration

  #pragma swi_number=0x0159
          ^
"F:\SVN\cn\inc\swilib.h",2399  Warning[Pe606]: this pragma must immediately
          precede a declaration

  #pragma swi_number=0x015A
          ^
"F:\SVN\cn\inc\swilib.h",2404  Warning[Pe606]: this pragma must immediately
          precede a declaration

  #pragma swi_number=0x015B
          ^
"F:\SVN\cn\inc\swilib.h",2409  Warning[Pe606]: this pragma must immediately
          precede a declaration

  #pragma swi_number=0x015C
          ^
"F:\SVN\cn\inc\swilib.h",2414  Warning[Pe606]: this pragma must immediately
          precede a declaration

  #pragma swi_number=0x015D
          ^
"F:\SVN\cn\inc\swilib.h",2419  Warning[Pe606]: this pragma must immediately
          precede a declaration

  #pragma swi_number=0x015E
          ^
"F:\SVN\cn\inc\swilib.h",2424  Warning[Pe606]: this pragma must immediately
          precede a declaration

  #pragma swi_number=0x015F
          ^
"F:\SVN\cn\inc\swilib.h",2429  Warning[Pe606]: this pragma must immediately
          precede a declaration

  #pragma swi_number=0x0160
          ^
"F:\SVN\cn\inc\swilib.h",2434  Warning[Pe606]: this pragma must immediately
          precede a declaration

  #pragma swi_number=0x0161
          ^
"F:\SVN\cn\inc\swilib.h",2439  Warning[Pe606]: this pragma must immediately
          precede a declaration

  #pragma swi_number=0x0162
          ^
"F:\SVN\cn\inc\swilib.h",2448  Warning[Pe606]: this pragma must immediately
          precede a declaration

  #pragma swi_number=0x0163
          ^
"F:\SVN\cn\inc\swilib.h",2455  Warning[Pe606]: this pragma must immediately
          precede a declaration

  #pragma swi_number=0x0164
          ^
"F:\SVN\cn\inc\swilib.h",2460  Warning[Pe606]: this pragma must immediately
          precede a declaration

  #pragma swi_number=0x0165
          ^
"F:\SVN\cn\inc\swilib.h",2465  Warning[Pe606]: this pragma must immediately
          precede a declaration

  #pragma swi_number=0x0166
          ^
"F:\SVN\cn\inc\swilib.h",2470  Warning[Pe606]: this pragma must immediately
          precede a declaration

  #pragma swi_number=0x0167
          ^
"F:\SVN\cn\inc\swilib.h",2475  Warning[Pe606]: this pragma must immediately
          precede a declaration

  #pragma swi_number=0x0168
          ^
"F:\SVN\cn\inc\swilib.h",2481  Warning[Pe606]: this pragma must immediately
          precede a declaration

  #pragma swi_number=0x0169
          ^
"F:\SVN\cn\inc\swilib.h",2486  Warning[Pe606]: this pragma must immediately
          precede a declaration

  #pragma swi_number=0x016A
          ^
"F:\SVN\cn\inc\swilib.h",2490  Warning[Pe606]: this pragma must immediately
          precede a declaration

  #pragma swi_number=0x016B
          ^
"F:\SVN\cn\inc\swilib.h",2493  Warning[Pe606]: this pragma must immediately
          precede a declaration

  #pragma swi_number=0x016C
          ^
"F:\SVN\cn\inc\swilib.h",2498  Warning[Pe606]: this pragma must immediately
          precede a declaration

  #pragma swi_number=0x016D
          ^
"F:\SVN\cn\inc\swilib.h",2503  Warning[Pe606]: this pragma must immediately
          precede a declaration

  #pragma swi_number=0x016E
          ^
"F:\SVN\cn\inc\swilib.h",2508  Warning[Pe606]: this pragma must immediately
          precede a declaration

  #pragma swi_number=0x016F
          ^
"F:\SVN\cn\inc\swilib.h",2513  Warning[Pe606]: this pragma must immediately
          precede a declaration

  #pragma swi_number=0x0170
          ^
"F:\SVN\cn\inc\swilib.h",2518  Warning[Pe606]: this pragma must immediately
          precede a declaration

  #pragma swi_number=0x0171
          ^
"F:\SVN\cn\inc\swilib.h",2523  Warning[Pe606]: this pragma must immediately
          precede a declaration

  #pragma swi_number=0x0172
          ^
"F:\SVN\cn\inc\swilib.h",2526  Warning[Pe606]: this pragma must immediately
          precede a declaration

  #pragma swi_number=0x0173
          ^
"F:\SVN\cn\inc\swilib.h",2532  Warning[Pe606]: this pragma must immediately
          precede a declaration

  #pragma swi_number=0x0174
          ^
"F:\SVN\cn\inc\swilib.h",2535  Warning[Pe606]: this pragma must immediately
          precede a declaration

  #pragma swi_number=0x0175
          ^
"F:\SVN\cn\inc\swilib.h",2538  Warning[Pe606]: this pragma must immediately
          precede a declaration

  #pragma swi_number=0x0176
          ^
"F:\SVN\cn\inc\swilib.h",2541  Warning[Pe606]: this pragma must immediately
          precede a declaration

  #pragma swi_number=0x0177
          ^
"F:\SVN\cn\inc\swilib.h",2544  Warning[Pe606]: this pragma must immediately
          precede a declaration

  #pragma swi_number=0x0178
          ^
"F:\SVN\cn\inc\swilib.h",2547  Warning[Pe606]: this pragma must immediately
          precede a declaration

  #pragma swi_number=0x0179
          ^
"F:\SVN\cn\inc\swilib.h",2550  Warning[Pe606]: this pragma must immediately
          precede a declaration

  #pragma swi_number=0x017A
          ^
"F:\SVN\cn\inc\swilib.h",2553  Warning[Pe606]: this pragma must immediately
          precede a declaration

  #pragma swi_number=0x017B
          ^
"F:\SVN\cn\inc\swilib.h",2556  Warning[Pe606]: this pragma must immediately
          precede a declaration

  #pragma swi_number=0x817C
          ^
"F:\SVN\cn\inc\swilib.h",2559  Warning[Pe606]: this pragma must immediately
          precede a declaration

  #pragma swi_number=0x017D
          ^
"F:\SVN\cn\inc\swilib.h",2565  Warning[Pe606]: this pragma must immediately
          precede a declaration

  #pragma swi_number=0x017E
          ^
"F:\SVN\cn\inc\swilib.h",2570  Warning[Pe606]: this pragma must immediately
          precede a declaration

  #pragma swi_number=0x017F
          ^
"F:\SVN\cn\inc\swilib.h",2575  Warning[Pe606]: this pragma must immediately
          precede a declaration

  #pragma swi_number=0x0180
          ^
"F:\SVN\cn\inc\swilib.h",2580  Warning[Pe606]: this pragma must immediately
          precede a declaration

  #pragma swi_number=0x0181
          ^
"F:\SVN\cn\inc\swilib.h",2585  Warning[Pe606]: this pragma must immediately
          precede a declaration

  #pragma swi_number=0x0182
          ^
"F:\SVN\cn\inc\swilib.h",2590  Warning[Pe606]: this pragma must immediately
          precede a declaration

  #pragma swi_number=0x0183
          ^
"F:\SVN\cn\inc\swilib.h",2595  Warning[Pe606]: this pragma must immediately
          precede a declaration

  #pragma swi_number=0x0184
          ^
"F:\SVN\cn\inc\swilib.h",2600  Warning[Pe606]: this pragma must immediately
          precede a declaration

  #pragma swi_number=0x0185
          ^
"F:\SVN\cn\inc\swilib.h",2605  Warning[Pe606]: this pragma must immediately
          precede a declaration

  #pragma swi_number=0x0186
          ^
"F:\SVN\cn\inc\swilib.h",2610  Warning[Pe606]: this pragma must immediately
          precede a declaration

  #pragma swi_number=0x0187
          ^
"F:\SVN\cn\inc\swilib.h",2615  Warning[Pe606]: this pragma must immediately
          precede a declaration

  #pragma swi_number=0x8188
          ^
"F:\SVN\cn\inc\swilib.h",2620  Warning[Pe606]: this pragma must immediately
          precede a declaration

  #pragma swi_number=0x8189
          ^
"F:\SVN\cn\inc\swilib.h",2624  Warning[Pe606]: this pragma must immediately
          precede a declaration

  #pragma swi_number=0x818A
          ^
"F:\SVN\cn\inc\swilib.h",2628  Warning[Pe606]: this pragma must immediately
          precede a declaration

  #pragma swi_number=0x818B
          ^
"F:\SVN\cn\inc\swilib.h",2632  Warning[Pe606]: this pragma must immediately
          precede a declaration

  #pragma swi_number=0x018C
          ^
"F:\SVN\cn\inc\swilib.h",2636  Warning[Pe606]: this pragma must immediately
          precede a declaration

  #pragma swi_number=0x018D
          ^
"F:\SVN\cn\inc\swilib.h",2641  Warning[Pe606]: this pragma must immediately
          precede a declaration

  #pragma swi_number=0x018E
          ^
"F:\SVN\cn\inc\swilib.h",2646  Warning[Pe606]: this pragma must immediately
          precede a declaration

  #pragma swi_number=0x018F
          ^
"F:\SVN\cn\inc\swilib.h",2651  Warning[Pe606]: this pragma must immediately
          precede a declaration

  #pragma swi_number=0x0190
          ^
"F:\SVN\cn\inc\swilib.h",2656  Warning[Pe606]: this pragma must immediately
          precede a declaration

  #pragma swi_number=0x0191
          ^
"F:\SVN\cn\inc\swilib.h",2661  Warning[Pe606]: this pragma must immediately
          precede a declaration

  #pragma swi_number=0x0192
          ^
"F:\SVN\cn\inc\swilib.h",2666  Warning[Pe606]: this pragma must immediately
          precede a declaration

  #pragma swi_number=0x0193
          ^
"F:\SVN\cn\inc\swilib.h",2671  Warning[Pe606]: this pragma must immediately
          precede a declaration

  #pragma swi_number=0x0194
          ^
"F:\SVN\cn\inc\swilib.h",2676  Warning[Pe606]: this pragma must immediately
          precede a declaration

  #pragma swi_number=0x0195
          ^
"F:\SVN\cn\inc\swilib.h",2681  Warning[Pe606]: this pragma must immediately
          precede a declaration

  #pragma swi_number=0x0196
          ^
"F:\SVN\cn\inc\swilib.h",2686  Warning[Pe606]: this pragma must immediately
          precede a declaration

  #pragma swi_number=0x0197
          ^
"F:\SVN\cn\inc\swilib.h",2691  Warning[Pe606]: this pragma must immediately
          precede a declaration

  #pragma swi_number=0x0198
          ^
"F:\SVN\cn\inc\swilib.h",2696  Warning[Pe606]: this pragma must immediately
          precede a declaration

  #pragma swi_number=0x0199
          ^
"F:\SVN\cn\inc\swilib.h",2701  Warning[Pe606]: this pragma must immediately
          precede a declaration

  #pragma swi_number=0x019A
          ^
"F:\SVN\cn\inc\swilib.h",2706  Warning[Pe606]: this pragma must immediately
          precede a declaration

  #pragma swi_number=0x019B
          ^
"F:\SVN\cn\inc\swilib.h",2711  Warning[Pe606]: this pragma must immediately
          precede a declaration

  #pragma swi_number=0x019C
          ^
"F:\SVN\cn\inc\swilib.h",2716  Warning[Pe606]: this pragma must immediately
          precede a declaration

  #pragma swi_number=0x819C
          ^
"F:\SVN\cn\inc\swilib.h",2718  Warning[Pe606]: this pragma must immediately
          precede a declaration

  #pragma swi_number=0x019D
          ^
"F:\SVN\cn\inc\swilib.h",2722  Warning[Pe606]: this pragma must immediately
          precede a declaration

  #pragma swi_number=0x019E
          ^
"F:\SVN\cn\inc\swilib.h",2727  Warning[Pe606]: this pragma must immediately
          precede a declaration

  #pragma swi_number=0x019F
          ^
"F:\SVN\cn\inc\swilib.h",2733  Warning[Pe606]: this pragma must immediately
          precede a declaration

  #pragma swi_number=0x01A0
          ^
"F:\SVN\cn\inc\swilib.h",2738  Warning[Pe606]: this pragma must immediately
          precede a declaration

  #pragma swi_number=0x01A1
          ^
"F:\SVN\cn\inc\swilib.h",2743  Warning[Pe606]: this pragma must immediately
          precede a declaration

  #pragma swi_number=0x01A2
          ^
"F:\SVN\cn\inc\swilib.h",2749  Warning[Pe606]: this pragma must immediately
          precede a declaration

  #pragma swi_number=0x01A3
          ^
"F:\SVN\cn\inc\swilib.h",2754  Warning[Pe606]: this pragma must immediately
          precede a declaration

  #pragma swi_number=0x01A4
          ^
"F:\SVN\cn\inc\swilib.h",2759  Warning[Pe606]: this pragma must immediately
          precede a declaration

  #pragma swi_number=0x01A5
          ^
"F:\SVN\cn\inc\swilib.h",2764  Warning[Pe606]: this pragma must immediately
          precede a declaration

  #pragma swi_number=0x01A6
          ^
"F:\SVN\cn\inc\swilib.h",2769  Warning[Pe606]: this pragma must immediately
          precede a declaration

  #pragma swi_number=0x1A7
          ^
"F:\SVN\cn\inc\swilib.h",2774  Warning[Pe606]: this pragma must immediately
          precede a declaration

  #pragma swi_number=0x1A8
          ^
"F:\SVN\cn\inc\swilib.h",2783  Warning[Pe606]: this pragma must immediately
          precede a declaration

  #pragma swi_number=0x1A9
          ^
"F:\SVN\cn\inc\swilib.h",2790  Warning[Pe606]: this pragma must immediately
          precede a declaration

  #pragma swi_number=0x1AA
          ^
"F:\SVN\cn\inc\swilib.h",2795  Warning[Pe606]: this pragma must immediately
          precede a declaration

  #pragma swi_number=0x1AB
          ^
"F:\SVN\cn\inc\swilib.h",2800  Warning[Pe606]: this pragma must immediately
          precede a declaration

  #pragma swi_number=0x1AC
          ^
"F:\SVN\cn\inc\swilib.h",2805  Warning[Pe606]: this pragma must immediately
          precede a declaration

  #pragma swi_number=0x1AD
          ^
"F:\SVN\cn\inc\swilib.h",2810  Warning[Pe606]: this pragma must immediately
          precede a declaration

  #pragma swi_number=0x1AE
          ^
"F:\SVN\cn\inc\swilib.h",2815  Warning[Pe606]: this pragma must immediately
          precede a declaration

  #pragma swi_number=0x1AF
          ^
"F:\SVN\cn\inc\swilib.h",2820  Warning[Pe606]: this pragma must immediately
          precede a declaration

  #pragma swi_number=0x1B0
          ^
"F:\SVN\cn\inc\swilib.h",2825  Warning[Pe606]: this pragma must immediately
          precede a declaration

  #pragma swi_number=0x1B1
          ^
"F:\SVN\cn\inc\swilib.h",2830  Warning[Pe606]: this pragma must immediately
          precede a declaration

  #pragma swi_number=0x1B2
          ^
"F:\SVN\cn\inc\swilib.h",2835  Warning[Pe606]: this pragma must immediately
          precede a declaration

  #pragma swi_number=0x1B3
          ^
"F:\SVN\cn\inc\swilib.h",2843  Warning[Pe606]: this pragma must immediately
          precede a declaration

  #pragma swi_number=0x1B4
          ^
"F:\SVN\cn\inc\swilib.h",2848  Warning[Pe606]: this pragma must immediately
          precede a declaration

  #pragma swi_number=0x81B5
          ^
"F:\SVN\cn\inc\swilib.h",2853  Warning[Pe606]: this pragma must immediately
          precede a declaration

  #pragma swi_number=0x1B6
          ^
"F:\SVN\cn\inc\swilib.h",2857  Warning[Pe606]: this pragma must immediately
          precede a declaration

  #pragma swi_number=0x1B7
          ^
"F:\SVN\cn\inc\swilib.h",2863  Warning[Pe606]: this pragma must immediately
          precede a declaration

  #pragma swi_number=0x81B8
          ^
"F:\SVN\cn\inc\swilib.h",2869  Warning[Pe606]: this pragma must immediately
          precede a declaration

  #pragma swi_number=0x81B9
          ^
"F:\SVN\cn\inc\swilib.h",2872  Warning[Pe606]: this pragma must immediately
          precede a declaration

  #pragma swi_number=0x81BA
          ^
"F:\SVN\cn\inc\swilib.h",2875  Warning[Pe606]: this pragma must immediately
          precede a declaration

  #pragma swi_number=0x81BB
          ^
"F:\SVN\cn\inc\swilib.h",2878  Warning[Pe606]: this pragma must immediately
          precede a declaration

  #pragma swi_number=0x1BC
          ^
"F:\SVN\cn\inc\swilib.h",2885  Warning[Pe606]: this pragma must immediately
          precede a declaration

  #pragma swi_number=0x1BD
          ^
"F:\SVN\cn\inc\swilib.h",2890  Warning[Pe606]: this pragma must immediately
          precede a declaration

  #pragma swi_number=0x1BE
          ^
"F:\SVN\cn\inc\swilib.h",2895  Warning[Pe606]: this pragma must immediately
          precede a declaration

  #pragma swi_number=0x1BF
          ^
"F:\SVN\cn\inc\swilib.h",2900  Warning[Pe606]: this pragma must immediately
          precede a declaration

  #pragma swi_number=0x1C0
          ^
"F:\SVN\cn\inc\swilib.h",2905  Warning[Pe606]: this pragma must immediately
          precede a declaration

  #pragma swi_number=0x1C1
          ^
"F:\SVN\cn\inc\swilib.h",2910  Warning[Pe606]: this pragma must immediately
          precede a declaration

  #pragma swi_number=0x1C2
          ^
"F:\SVN\cn\inc\swilib.h",2915  Warning[Pe606]: this pragma must immediately
          precede a declaration

  #pragma swi_number=0x1C3
          ^
"F:\SVN\cn\inc\swilib.h",2923  Warning[Pe606]: this pragma must immediately
          precede a declaration

  #pragma swi_number=0x1C4
          ^
"F:\SVN\cn\inc\swilib.h",2929  Warning[Pe606]: this pragma must immediately
          precede a declaration

  #pragma swi_number=0x1C5
          ^
"F:\SVN\cn\inc\swilib.h",2935  Warning[Pe606]: this pragma must immediately
          precede a declaration

  #pragma swi_number=0x1C6
          ^
"F:\SVN\cn\inc\swilib.h",2941  Warning[Pe606]: this pragma must immediately
          precede a declaration

  #pragma swi_number=0x1C7
          ^
"F:\SVN\cn\inc\swilib.h",2946  Warning[Pe606]: this pragma must immediately
          precede a declaration

  #pragma swi_number=0x1C8
          ^
"F:\SVN\cn\inc\swilib.h",2951  Warning[Pe606]: this pragma must immediately
          precede a declaration

  #pragma swi_number=0x1C9
          ^
"F:\SVN\cn\inc\swilib.h",2956  Warning[Pe606]: this pragma must immediately
          precede a declaration

  #pragma swi_number=0x1CA
          ^
"F:\SVN\cn\inc\swilib.h",2961  Warning[Pe606]: this pragma must immediately
          precede a declaration

  #pragma swi_number=0x1CB
          ^
"F:\SVN\cn\inc\swilib.h",2966  Warning[Pe606]: this pragma must immediately
          precede a declaration

  #pragma swi_number=0x1CC
          ^
"F:\SVN\cn\inc\swilib.h",2971  Warning[Pe606]: this pragma must immediately
          precede a declaration

  #pragma swi_number=0x1CD
          ^
"F:\SVN\cn\inc\swilib.h",2976  Warning[Pe606]: this pragma must immediately
          precede a declaration

  #pragma swi_number=0x1CE
          ^
"F:\SVN\cn\inc\swilib.h",2981  Warning[Pe606]: this pragma must immediately
          precede a declaration

  #pragma swi_number=0x1CF
          ^
"F:\SVN\cn\inc\swilib.h",2992  Warning[Pe606]: this pragma must immediately
          precede a declaration

  #pragma swi_number=0x1D0
          ^
"F:\SVN\cn\inc\swilib.h",2999  Warning[Pe606]: this pragma must immediately
          precede a declaration

  #pragma swi_number=0x1D1
          ^
"F:\SVN\cn\inc\swilib.h",3006  Warning[Pe606]: this pragma must immediately
          precede a declaration

  #pragma swi_number=0x1D2
          ^
"F:\SVN\cn\inc\swilib.h",3011  Warning[Pe606]: this pragma must immediately
          precede a declaration

  #pragma swi_number=0x1D3
          ^
"F:\SVN\cn\inc\swilib.h",3016  Warning[Pe606]: this pragma must immediately
          precede a declaration

  #pragma swi_number=0x1D4
          ^
"F:\SVN\cn\inc\swilib.h",3021  Warning[Pe606]: this pragma must immediately
          precede a declaration

  #pragma swi_number=0x1D5
          ^
"F:\SVN\cn\inc\swilib.h",3026  Warning[Pe606]: this pragma must immediately
          precede a declaration

  #pragma swi_number=0x1D6
          ^
"F:\SVN\cn\inc\swilib.h",3031  Warning[Pe606]: this pragma must immediately
          precede a declaration

  #pragma swi_number=0x1D7
          ^
"F:\SVN\cn\inc\swilib.h",3036  Warning[Pe606]: this pragma must immediately
          precede a declaration

  #pragma swi_number=0x1D8
          ^
"F:\SVN\cn\inc\swilib.h",3041  Warning[Pe606]: this pragma must immediately
          precede a declaration

  #pragma swi_number=0x1D9
          ^
"F:\SVN\cn\inc\swilib.h",3046  Warning[Pe606]: this pragma must immediately
          precede a declaration

  #pragma swi_number=0x1DA
          ^
"F:\SVN\cn\inc\swilib.h",3051  Warning[Pe606]: this pragma must immediately
          precede a declaration

  #pragma swi_number=0x81DB
          ^
"F:\SVN\cn\inc\swilib.h",3056  Warning[Pe606]: this pragma must immediately
          precede a declaration

  #pragma swi_number=0x1DC
          ^
"F:\SVN\cn\inc\swilib.h",3060  Warning[Pe606]: this pragma must immediately
          precede a declaration

  #pragma swi_number=0x1DD
          ^
"F:\SVN\cn\inc\swilib.h",3065  Warning[Pe606]: this pragma must immediately
          precede a declaration

  #pragma swi_number=0x1DE
          ^
"F:\SVN\cn\inc\swilib.h",3070  Warning[Pe606]: this pragma must immediately
          precede a declaration

  #pragma swi_number=0x1DF
          ^
"F:\SVN\cn\inc\swilib.h",3075  Warning[Pe606]: this pragma must immediately
          precede a declaration

  #pragma swi_number=0x1E0
          ^
"F:\SVN\cn\inc\swilib.h",3084  Warning[Pe606]: this pragma must immediately
          precede a declaration

  #pragma swi_number=0x1E1
          ^
"F:\SVN\cn\inc\swilib.h",3091  Warning[Pe606]: this pragma must immediately
          precede a declaration

  #pragma swi_number=0x1E2
          ^
"F:\SVN\cn\inc\swilib.h",3098  Warning[Pe606]: this pragma must immediately
          precede a declaration

  #pragma swi_number=0x1E3
          ^
"F:\SVN\cn\inc\swilib.h",3103  Warning[Pe606]: this pragma must immediately
          precede a declaration

  #pragma swi_number=0x1E4
          ^
"F:\SVN\cn\inc\swilib.h",3108  Warning[Pe606]: this pragma must immediately
          precede a declaration

  #pragma swi_number=0x1E5
          ^
"F:\SVN\cn\inc\swilib.h",3114  Warning[Pe606]: this pragma must immediately
          precede a declaration

  #pragma swi_number=0x1E6
          ^
"F:\SVN\cn\inc\swilib.h",3119  Warning[Pe606]: this pragma must immediately
          precede a declaration

  #pragma swi_number=0x1E7
          ^
"F:\SVN\cn\inc\swilib.h",3126  Warning[Pe606]: this pragma must immediately
          precede a declaration

  #pragma swi_number=0x1E8
          ^
"F:\SVN\cn\inc\swilib.h",3131  Warning[Pe606]: this pragma must immediately
          precede a declaration

  #pragma swi_number=0x1E9
          ^
"F:\SVN\cn\inc\swilib.h",3137  Warning[Pe606]: this pragma must immediately
          precede a declaration

  #pragma swi_number=0x1EA
          ^
"F:\SVN\cn\inc\swilib.h",3140  Warning[Pe606]: this pragma must immediately
          precede a declaration

  #pragma swi_number=0x81EB
          ^
"F:\SVN\cn\inc\swilib.h",3147  Warning[Pe606]: this pragma must immediately
          precede a declaration

  #pragma swi_number=0x1EC
          ^
"F:\SVN\cn\inc\swilib.h",3151  Warning[Pe606]: this pragma must immediately
          precede a declaration

  #pragma swi_number=0x1ED
          ^
"F:\SVN\cn\inc\swilib.h",3158  Warning[Pe606]: this pragma must immediately
          precede a declaration

  #pragma swi_number=0x1EF
          ^
"F:\SVN\cn\inc\swilib.h",3165  Warning[Pe606]: this pragma must immediately
          precede a declaration

  #pragma swi_number=0x1F3
          ^
"F:\SVN\cn\inc\swilib.h",3172  Warning[Pe606]: this pragma must immediately
          precede a declaration

  #pragma swi_number=0x1F5
          ^
"F:\SVN\cn\inc\swilib.h",3177  Warning[Pe606]: this pragma must immediately
          precede a declaration

  #pragma swi_number=0x1F6
          ^
"F:\SVN\cn\inc\swilib.h",3182  Warning[Pe606]: this pragma must immediately
          precede a declaration

  #pragma swi_number=0x1F8
          ^
"F:\SVN\cn\inc\swilib.h",3189  Warning[Pe606]: this pragma must immediately
          precede a declaration

  #pragma swi_number=0x81FB
          ^
"F:\SVN\cn\inc\swilib.h",3196  Warning[Pe606]: this pragma must immediately
          precede a declaration

  #pragma swi_number=0x1FC
          ^
"F:\SVN\cn\inc\swilib.h",3201  Warning[Pe606]: this pragma must immediately
          precede a declaration

  #pragma swi_number=0x201
          ^
"F:\SVN\cn\inc\swilib.h",3208  Warning[Pe606]: this pragma must immediately
          precede a declaration

  #pragma swi_number=0x202
          ^
"F:\SVN\cn\inc\swilib.h",3213  Warning[Pe606]: this pragma must immediately
          precede a declaration

  #pragma swi_number=0x203
          ^
"F:\SVN\cn\inc\swilib.h",3218  Warning[Pe606]: this pragma must immediately
          precede a declaration

  #pragma swi_number=0x204
          ^
"F:\SVN\cn\inc\swilib.h",3223  Warning[Pe606]: this pragma must immediately
          precede a declaration

  #pragma swi_number=0x205
          ^
"F:\SVN\cn\inc\swilib.h",3228  Warning[Pe606]: this pragma must immediately
          precede a declaration

  #pragma swi_number=0x206
          ^
"F:\SVN\cn\inc\swilib.h",3233  Warning[Pe606]: this pragma must immediately
          precede a declaration

  #pragma swi_number=0x207
          ^
"F:\SVN\cn\inc\swilib.h",3238  Warning[Pe606]: this pragma must immediately
          precede a declaration

  #pragma swi_number=0x208
          ^
"F:\SVN\cn\inc\swilib.h",3243  Warning[Pe606]: this pragma must immediately
          precede a declaration

  #pragma swi_number=0x209
          ^
"F:\SVN\cn\inc\swilib.h",3250  Warning[Pe606]: this pragma must immediately
          precede a declaration

  #pragma swi_number=0x20A
          ^
"F:\SVN\cn\inc\swilib.h",3259  Warning[Pe606]: this pragma must immediately
          precede a declaration

  #pragma swi_number=0x20B
          ^
"F:\SVN\cn\inc\swilib.h",3265  Warning[Pe606]: this pragma must immediately
          precede a declaration

  #pragma swi_number=0x20C
          ^
"F:\SVN\cn\inc\swilib.h",3270  Warning[Pe606]: this pragma must immediately
          precede a declaration

  #pragma swi_number=0x20D
          ^
"F:\SVN\cn\inc\swilib.h",3276  Warning[Pe606]: this pragma must immediately
          precede a declaration

  #pragma swi_number=0x20E
          ^
"F:\SVN\cn\inc\swilib.h",3282  Warning[Pe606]: this pragma must immediately
          precede a declaration

  #pragma swi_number=0x20F
          ^
"F:\SVN\cn\inc\swilib.h",3287  Warning[Pe606]: this pragma must immediately
          precede a declaration

  #pragma swi_number=0x212
          ^
"F:\SVN\cn\inc\swilib.h",3292  Warning[Pe606]: this pragma must immediately
          precede a declaration

  #pragma swi_number=0x213
          ^
"F:\SVN\cn\inc\swilib.h",3297  Warning[Pe606]: this pragma must immediately
          precede a declaration

  #pragma swi_number=0x214
          ^
"F:\SVN\cn\inc\swilib.h",3302  Warning[Pe606]: this pragma must immediately
          precede a declaration

  #pragma swi_number=0x215
          ^
"F:\SVN\cn\inc\swilib.h",3307  Warning[Pe606]: this pragma must immediately
          precede a declaration

  #pragma swi_number=0x216
          ^
"F:\SVN\cn\inc\swilib.h",3314  Warning[Pe606]: this pragma must immediately
          precede a declaration

  #pragma swi_number=0x217
          ^
"F:\SVN\cn\inc\swilib.h",3319  Warning[Pe606]: this pragma must immediately
          precede a declaration

  #pragma swi_number=0x218
          ^
"F:\SVN\cn\inc\swilib.h",3326  Warning[Pe606]: this pragma must immediately
          precede a declaration

  #pragma swi_number=0x219
          ^
"F:\SVN\cn\inc\swilib.h",3333  Warning[Pe606]: this pragma must immediately
          precede a declaration

  #pragma swi_number=0x21A
          ^
"F:\SVN\cn\inc\swilib.h",3340  Warning[Pe606]: this pragma must immediately
          precede a declaration

  #pragma swi_number=0x21B
          ^
"F:\SVN\cn\inc\swilib.h",3347  Warning[Pe606]: this pragma must immediately
          precede a declaration

  #pragma swi_number=0x21C
          ^
"F:\SVN\cn\inc\swilib.h",3354  Warning[Pe606]: this pragma must immediately
          precede a declaration

  #pragma swi_number=0x21D
          ^
"F:\SVN\cn\inc\swilib.h",3359  Warning[Pe606]: this pragma must immediately
          precede a declaration

  #pragma swi_number=0x21E
          ^
"F:\SVN\cn\inc\swilib.h",3364  Warning[Pe606]: this pragma must immediately
          precede a declaration

  #pragma swi_number=0x21F
          ^
"F:\SVN\cn\inc\swilib.h",3373  Warning[Pe606]: this pragma must immediately
          precede a declaration

  #pragma swi_number=0x223
          ^
"F:\SVN\cn\inc\swilib.h",3382  Warning[Pe606]: this pragma must immediately
          precede a declaration

  #pragma swi_number=0x224
          ^
"F:\SVN\cn\inc\swilib.h",3387  Warning[Pe606]: this pragma must immediately
          precede a declaration

  #pragma swi_number=0x225
          ^
"F:\SVN\cn\inc\swilib.h",3392  Warning[Pe606]: this pragma must immediately
          precede a declaration

  #pragma swi_number=0x226
          ^
"F:\SVN\cn\inc\swilib.h",3399  Warning[Pe606]: this pragma must immediately
          precede a declaration

  #pragma swi_number=0x227
          ^
"F:\SVN\cn\inc\swilib.h",3406  Warning[Pe606]: this pragma must immediately
          precede a declaration

  #pragma swi_number=0x228
          ^
"F:\SVN\cn\inc\swilib.h",3413  Warning[Pe606]: this pragma must immediately
          precede a declaration

  #pragma swi_number=0x229
          ^
"F:\SVN\cn\inc\swilib.h",3420  Warning[Pe606]: this pragma must immediately
          precede a declaration

  #pragma swi_number=0x22A
          ^
"F:\SVN\cn\inc\swilib.h",3425  Warning[Pe606]: this pragma must immediately
          precede a declaration

  #pragma swi_number=0x233
          ^
"F:\SVN\cn\inc\swilib.h",3432  Warning[Pe606]: this pragma must immediately
          precede a declaration

  #pragma swi_number=0x234
          ^
"F:\SVN\cn\inc\swilib.h",3437  Warning[Pe606]: this pragma must immediately
          precede a declaration

  #pragma swi_number=0x235
          ^
"F:\SVN\cn\inc\swilib.h",3442  Warning[Pe606]: this pragma must immediately
          precede a declaration

  #pragma swi_number=0x236
          ^
"F:\SVN\cn\inc\swilib.h",3447  Warning[Pe606]: this pragma must immediately
          precede a declaration

  #pragma swi_number=0x8237
          ^
"F:\SVN\cn\inc\swilib.h",3453  Warning[Pe606]: this pragma must immediately
          precede a declaration

  #pragma swi_number=0x822F
          ^
"F:\SVN\cn\inc\swilib.h",3458  Warning[Pe606]: this pragma must immediately
          precede a declaration

  #pragma swi_number=0x230
          ^
"F:\SVN\cn\inc\swilib.h",3462  Warning[Pe606]: this pragma must immediately
          precede a declaration

  #pragma swi_number=0x7E
          ^
"F:\SVN\cn\inc\swilib.h",3466  Warning[Pe606]: this pragma must immediately
          precede a declaration

  #pragma swi_number=0x238
          ^
"F:\SVN\cn\inc\swilib.h",3471  Warning[Pe606]: this pragma must immediately
          precede a declaration

  #pragma swi_number=0x239
          ^
"F:\SVN\cn\inc\swilib.h",3476  Warning[Pe606]: this pragma must immediately
          precede a declaration

  #pragma swi_number=0x23A
          ^
"F:\SVN\cn\inc\swilib.h",3481  Warning[Pe606]: this pragma must immediately
          precede a declaration

  #pragma swi_number=0x23B
          ^
"F:\SVN\cn\inc\swilib.h",3487  Warning[Pe606]: this pragma must immediately
          precede a declaration

  #pragma swi_number=0x23C
          ^
"F:\SVN\cn\inc\swilib.h",3492  Warning[Pe606]: this pragma must immediately
          precede a declaration

  #pragma swi_number=0x23D
          ^
"F:\SVN\cn\inc\swilib.h",3499  Warning[Pe606]: this pragma must immediately
          precede a declaration

  #pragma swi_number=0x23E
          ^
"F:\SVN\cn\inc\swilib.h",3504  Warning[Pe606]: this pragma must immediately
          precede a declaration

  #pragma swi_number=0x23F
          ^
"F:\SVN\cn\inc\swilib.h",3509  Warning[Pe606]: this pragma must immediately
          precede a declaration

  #pragma swi_number=0x240
          ^
"F:\SVN\cn\inc\swilib.h",3514  Warning[Pe606]: this pragma must immediately
          precede a declaration

  #pragma swi_number=0x241
          ^
"F:\SVN\cn\inc\swilib.h",3519  Warning[Pe606]: this pragma must immediately
          precede a declaration

  #pragma swi_number=0x242
          ^
"F:\SVN\cn\inc\swilib.h",3524  Warning[Pe606]: this pragma must immediately
          precede a declaration

  #pragma swi_number=0x243
          ^
"F:\SVN\cn\inc\swilib.h",3528  Warning[Pe606]: this pragma must immediately
          precede a declaration

  #pragma swi_number=0x244
          ^
"F:\SVN\cn\inc\swilib.h",3532  Warning[Pe606]: this pragma must immediately
          precede a declaration

  #pragma swi_number=0x245
          ^
"F:\SVN\cn\inc\swilib.h",3537  Warning[Pe606]: this pragma must immediately
          precede a declaration

  #pragma swi_number=0x246
          ^
"F:\SVN\cn\inc\swilib.h",3542  Warning[Pe606]: this pragma must immediately
          precede a declaration

  #pragma swi_number=0x24B
          ^
"F:\SVN\cn\inc\swilib.h",3550  Warning[Pe606]: this pragma must immediately
          precede a declaration

  #pragma swi_number=0x24C
          ^
"F:\SVN\cn\inc\swilib.h",3555  Warning[Pe606]: this pragma must immediately
          precede a declaration

  #pragma swi_number=0x24D
          ^
"F:\SVN\cn\inc\swilib.h",3561  Warning[Pe606]: this pragma must immediately
          precede a declaration

  #pragma swi_number=0x24E
          ^
"F:\SVN\cn\inc\swilib.h",3567  Warning[Pe606]: this pragma must immediately
          precede a declaration

  #pragma swi_number=0x24F
          ^
"F:\SVN\cn\inc\swilib.h",3572  Warning[Pe606]: this pragma must immediately
          precede a declaration

  #pragma swi_number=0x250
          ^
"F:\SVN\cn\inc\swilib.h",3578  Warning[Pe606]: this pragma must immediately
          precede a declaration

  #pragma swi_number=0x254
          ^
"F:\SVN\cn\inc\swilib.h",3584  Warning[Pe606]: this pragma must immediately
          precede a declaration

  #pragma swi_number=0x255
          ^
"F:\SVN\cn\inc\swilib.h",3591  Warning[Pe606]: this pragma must immediately
          precede a declaration

  #pragma swi_number=0x258
          ^
"F:\SVN\cn\inc\swilib.h",3596  Warning[Pe606]: this pragma must immediately
          precede a declaration

  #pragma swi_number=0x259
          ^
"F:\SVN\cn\inc\swilib.h",3603  Warning[Pe606]: this pragma must immediately
          precede a declaration

  #pragma swi_number=0x25A
          ^
"F:\SVN\cn\inc\swilib.h",3609  Warning[Pe606]: this pragma must immediately
          precede a declaration

  #pragma swi_number=0x25B
          ^
"F:\SVN\cn\inc\swilib.h",3615  Warning[Pe606]: this pragma must immediately
          precede a declaration

  #pragma swi_number=0x25C
          ^
"F:\SVN\cn\inc\swilib.h",3621  Warning[Pe606]: this pragma must immediately
          precede a declaration

  #pragma swi_number=0x25D
          ^
"F:\SVN\cn\inc\swilib.h",3626  Warning[Pe606]: this pragma must immediately
          precede a declaration

  #pragma swi_number=0x25E
          ^
"F:\SVN\cn\inc\swilib.h",3632  Warning[Pe606]: this pragma must immediately
          precede a declaration

  #pragma swi_number=0x25F
          ^
"F:\SVN\cn\inc\swilib.h",3640  Warning[Pe606]: this pragma must immediately
          precede a declaration

  #pragma swi_number=0x260
          ^
"F:\SVN\cn\inc\swilib.h",3646  Warning[Pe606]: this pragma must immediately
          precede a declaration

  #pragma swi_number=0x261
          ^
"F:\SVN\cn\inc\swilib.h",3652  Warning[Pe606]: this pragma must immediately
          precede a declaration

  #pragma swi_number=0x262
          ^
"F:\SVN\cn\inc\swilib.h",3657  Warning[Pe606]: this pragma must immediately
          precede a declaration

  #pragma swi_number=0x263
          ^
"F:\SVN\cn\inc\swilib.h",3663  Warning[Pe606]: this pragma must immediately
          precede a declaration

  #pragma swi_number=0x264
          ^
"F:\SVN\cn\inc\swilib.h",3667  Warning[Pe606]: this pragma must immediately
          precede a declaration

  #pragma swi_number=0x265
          ^
"F:\SVN\cn\inc\swilib.h",3671  Warning[Pe606]: this pragma must immediately
          precede a declaration

  #pragma swi_number=0x266
          ^
"F:\SVN\cn\inc\swilib.h",3675  Warning[Pe606]: this pragma must immediately
          precede a declaration

  #pragma swi_number=0x267
          ^
"F:\SVN\cn\inc\swilib.h",3679  Warning[Pe606]: this pragma must immediately
          precede a declaration

  #pragma swi_number=0x268
          ^
"F:\SVN\cn\inc\swilib.h",3683  Warning[Pe606]: this pragma must immediately
          precede a declaration

  #pragma swi_number=0x269
          ^
"F:\SVN\cn\inc\swilib.h",3686  Warning[Pe606]: this pragma must immediately
          precede a declaration

  #pragma swi_number=0x26A
          ^
"F:\SVN\cn\inc\swilib.h",3689  Warning[Pe606]: this pragma must immediately
          precede a declaration

  #pragma swi_number=0x26B
          ^
"F:\SVN\cn\inc\swilib.h",3693  Warning[Pe606]: this pragma must immediately
          precede a declaration

  #pragma swi_number=0x26C
          ^
"F:\SVN\cn\inc\swilib.h",3696  Warning[Pe606]: this pragma must immediately
          precede a declaration

  #pragma swi_number=0x26D
          ^
"F:\SVN\cn\inc\swilib.h",3699  Warning[Pe606]: this pragma must immediately
          precede a declaration

  #pragma swi_number=0x26E
          ^
"F:\SVN\cn\inc\swilib.h",3702  Warning[Pe606]: this pragma must immediately
          precede a declaration

  #pragma swi_number=0x283
          ^
"F:\SVN\cn\inc\swilib.h",3705  Warning[Pe606]: this pragma must immediately
          precede a declaration

  #pragma swi_number=0x296
          ^
"F:\SVN\cn\inc\swilib.h",3714  Warning[Pe606]: this pragma must immediately
          precede a declaration

  #pragma swi_number=0x2A3
          ^
"F:\SVN\cn\inc\swilib.h",3742  Warning[Pe606]: this pragma must immediately
          precede a declaration

  #pragma swi_number=0x2A4
          ^
"F:\SVN\cn\inc\swilib.h",3747  Warning[Pe606]: this pragma must immediately
          precede a declaration

  #pragma swi_number=0x2A5
          ^
"F:\SVN\cn\inc\swilib.h",3752  Warning[Pe606]: this pragma must immediately
          precede a declaration

  #pragma swi_number=0x2A6
          ^
"F:\SVN\cn\inc\swilib.h",3758  Warning[Pe606]: this pragma must immediately
          precede a declaration

  #pragma swi_number=0x2A7
          ^
"F:\SVN\cn\inc\swilib.h",3764  Warning[Pe606]: this pragma must immediately
          precede a declaration

  #pragma swi_number=0x2A8
          ^
"F:\SVN\cn\inc\swilib.h",3771  Warning[Pe606]: this pragma must immediately
          precede a declaration

  #pragma swi_number=0x2A9
          ^
"F:\SVN\cn\inc\swilib.h",3778  Warning[Pe606]: this pragma must immediately
          precede a declaration

  #pragma swi_number=0x2AA
          ^
"F:\SVN\cn\inc\swilib.h",3783  Warning[Pe606]: this pragma must immediately
          precede a declaration

  #pragma swi_number=0x2AB
          ^
"F:\SVN\cn\inc\swilib.h",3788  Warning[Pe606]: this pragma must immediately
          precede a declaration

  #pragma swi_number=0x2AC
          ^
"F:\SVN\cn\inc\swilib.h",3793  Warning[Pe606]: this pragma must immediately
          precede a declaration

  #pragma swi_number=0x2AD
          ^
"F:\SVN\cn\inc\swilib.h",3800  Warning[Pe606]: this pragma must immediately
          precede a declaration

  #pragma swi_number=0x2AE
          ^
"F:\SVN\cn\inc\swilib.h",3807  Warning[Pe606]: this pragma must immediately
          precede a declaration

  #pragma swi_number=0x2AF
          ^
"F:\SVN\cn\inc\swilib.h",3812  Warning[Pe606]: this pragma must immediately
          precede a declaration

  #pragma swi_number=0x2B0
          ^
"F:\SVN\cn\inc\swilib.h",3817  Warning[Pe606]: this pragma must immediately
          precede a declaration

  #pragma swi_number=0x82B1
          ^
"F:\SVN\cn\inc\swilib.h",3822  Warning[Pe606]: this pragma must immediately
          precede a declaration

  #pragma swi_number=0x2B2
          ^
"F:\SVN\cn\inc\swilib.h",3827  Warning[Pe606]: this pragma must immediately
          precede a declaration

  #pragma swi_number=0x2B3
          ^
"F:\SVN\cn\inc\swilib.h",3833  Warning[Pe606]: this pragma must immediately
          precede a declaration

  #pragma swi_number=0x2B4
          ^
"F:\SVN\cn\inc\swilib.h",3840  Warning[Pe606]: this pragma must immediately
          precede a declaration

  #pragma swi_number=0x2B5
          ^
"F:\SVN\cn\inc\swilib.h",3847  Warning[Pe606]: this pragma must immediately
          precede a declaration

  #pragma swi_number=0x2B6
          ^
"F:\SVN\cn\inc\swilib.h",3854  Warning[Pe606]: this pragma must immediately
          precede a declaration

  #pragma swi_number=0x2B7
          ^
"F:\SVN\cn\inc\swilib.h",3861  Warning[Pe606]: this pragma must immediately
          precede a declaration

  #pragma swi_number=0x2B8
          ^
"F:\SVN\cn\inc\swilib.h",3868  Warning[Pe606]: this pragma must immediately
          precede a declaration

  #pragma swi_number=0x2B9
          ^
"F:\SVN\cn\inc\swilib.h",3875  Warning[Pe606]: this pragma must immediately
          precede a declaration

  #pragma swi_number=0x2BA
          ^
"F:\SVN\cn\inc\swilib.h",3882  Warning[Pe606]: this pragma must immediately
          precede a declaration

  #pragma swi_number=0x2BB
          ^
"F:\SVN\cn\inc\swilib.h",3887  Warning[Pe606]: this pragma must immediately
          precede a declaration

  #pragma swi_number=0x2BC
          ^
"F:\SVN\cn\inc\swilib.h",3892  Warning[Pe606]: this pragma must immediately
          precede a declaration

  #pragma swi_number=0x2BD
          ^
"F:\SVN\cn\inc\swilib.h",3897  Warning[Pe606]: this pragma must immediately
          precede a declaration

  #pragma swi_number=0x2BE
          ^
"F:\SVN\cn\inc\swilib.h",3902  Warning[Pe606]: this pragma must immediately
          precede a declaration

  #pragma swi_number=0x2BF
          ^
"F:\SVN\cn\inc\swilib.h",3907  Warning[Pe606]: this pragma must immediately
          precede a declaration

  #pragma swi_number=0x2C0
          ^
"F:\SVN\cn\inc\swilib.h",3912  Warning[Pe606]: this pragma must immediately
          precede a declaration

  #pragma swi_number=0x2C1
          ^
"F:\SVN\cn\inc\swilib.h",3917  Warning[Pe606]: this pragma must immediately
          precede a declaration

  #pragma swi_number=0x2C2
          ^
"F:\SVN\cn\inc\swilib.h",3923  Warning[Pe606]: this pragma must immediately
          precede a declaration

  #pragma swi_number=0x2C3
          ^
"F:\SVN\cn\inc\swilib.h",3928  Warning[Pe606]: this pragma must immediately
          precede a declaration

  #pragma swi_number=0x2C4
          ^
"F:\SVN\cn\inc\swilib.h",3938  Warning[Pe606]: this pragma must immediately
          precede a declaration

  #pragma swi_number=0x82C5
          ^
"F:\SVN\cn\inc\swilib.h",3944  Warning[Pe606]: this pragma must immediately
          precede a declaration

  #pragma swi_number=0x2C6
          ^
"F:\SVN\cn\inc\swilib.h",3950  Warning[Pe606]: this pragma must immediately
          precede a declaration

  #pragma swi_number=0x2C7
          ^
"F:\SVN\cn\inc\swilib.h",3955  Warning[Pe606]: this pragma must immediately
          precede a declaration

  #pragma swi_number=0x2C8
          ^
"F:\SVN\cn\inc\swilib.h",3960  Warning[Pe606]: this pragma must immediately
          precede a declaration

  #pragma swi_number=0x2C9
          ^
"F:\SVN\cn\inc\swilib.h",3965  Warning[Pe606]: this pragma must immediately
          precede a declaration

  #pragma swi_number=0x2CA
          ^
"F:\SVN\cn\inc\swilib.h",3970  Warning[Pe606]: this pragma must immediately
          precede a declaration

  #pragma swi_number=0x2CB
          ^
"F:\SVN\cn\inc\swilib.h",3975  Warning[Pe606]: this pragma must immediately
          precede a declaration

  #pragma swi_number=0x2CC
          ^
"F:\SVN\cn\inc\swilib.h",3980  Warning[Pe606]: this pragma must immediately
          precede a declaration

  #pragma swi_number=0x2CD
          ^
"F:\SVN\cn\inc\swilib.h",3985  Warning[Pe606]: this pragma must immediately
          precede a declaration

  #pragma swi_number=0x2CE
          ^
"F:\SVN\cn\inc\swilib.h",3990  Warning[Pe606]: this pragma must immediately
          precede a declaration

  #pragma swi_number=0x2CF
          ^
"F:\SVN\cn\inc\swilib.h",3995  Warning[Pe606]: this pragma must immediately
          precede a declaration

  #pragma swi_number=0x2D0
          ^
"F:\SVN\cn\inc\swilib.h",4000  Warning[Pe606]: this pragma must immediately
          precede a declaration

  #pragma swi_number=0x2D1
          ^
"F:\SVN\cn\inc\swilib.h",4005  Warning[Pe606]: this pragma must immediately
          precede a declaration

  #pragma swi_number=0x2D2
          ^
"F:\SVN\cn\inc\swilib.h",4010  Warning[Pe606]: this pragma must immediately
          precede a declaration

  #pragma swi_number=0x2D3
          ^
"F:\SVN\cn\inc\swilib.h",4015  Warning[Pe606]: this pragma must immediately
          precede a declaration

  #pragma swi_number=0x2D4
          ^
"F:\SVN\cn\inc\swilib.h",4022  Warning[Pe606]: this pragma must immediately
          precede a declaration

  #pragma swi_number=0x2D5
          ^
"F:\SVN\cn\inc\swilib.h",4029  Warning[Pe606]: this pragma must immediately
          precede a declaration

  #pragma swi_number=0x2D6
          ^
"F:\SVN\cn\inc\swilib.h",4034  Warning[Pe606]: this pragma must immediately
          precede a declaration

  #pragma swi_number=0x2D7
          ^
"F:\SVN\cn\inc\swilib.h",4039  Warning[Pe606]: this pragma must immediately
          precede a declaration

  #pragma swi_number=0x2D8
          ^
"F:\SVN\cn\inc\swilib.h",4044  Warning[Pe606]: this pragma must immediately
          precede a declaration

  #pragma swi_number=0x2D9
          ^
"F:\SVN\cn\inc\swilib.h",4049  Warning[Pe606]: this pragma must immediately
          precede a declaration

  #pragma swi_number=0x2DA
          ^
"F:\SVN\cn\inc\swilib.h",4055  Warning[Pe606]: this pragma must immediately
          precede a declaration

  #pragma swi_number=0x2DB
          ^
"F:\SVN\cn\inc\swilib.h",4061  Warning[Pe606]: this pragma must immediately
          precede a declaration

  #pragma swi_number=0x2DC
          ^
"F:\SVN\cn\inc\swilib.h",4066  Warning[Pe606]: this pragma must immediately
          precede a declaration

  #pragma swi_number=0x2DD
          ^
"F:\SVN\cn\inc\swilib.h",4071  Warning[Pe606]: this pragma must immediately
          precede a declaration

  #pragma swi_number=0x2DE
          ^
"F:\SVN\cn\inc\swilib.h",4076  Warning[Pe606]: this pragma must immediately
          precede a declaration

  #pragma swi_number=0x2DF
          ^
"F:\SVN\cn\inc\swilib.h",4081  Warning[Pe606]: this pragma must immediately
          precede a declaration

  #pragma swi_number=0x2E0
          ^
"F:\SVN\cn\inc\swilib.h",4086  Warning[Pe606]: this pragma must immediately
          precede a declaration

  #pragma swi_number=0x2E1
          ^
"F:\SVN\cn\inc\swilib.h",4091  Warning[Pe606]: this pragma must immediately
          precede a declaration
      3          #include "lang.h"
      4          //
      5          /***************************  ***************************/
      6          __root const CFG_HDR cfghdr0={CFG_LEVEL,"Set Active Menu",1,0};
                                              ^
Warning[Pe012]: parsing restarts here after previous syntax error

  __root const CFG_HDR cfghdr0={CFG_LEVEL,"Set Active Menu",1,0};
                                ^
"F:\SVN\cn\EMenuD2\config_data.c",6  Warning[Pe174]: expression has no effect

  __root const CFG_HDR cfghdr0={CFG_LEVEL,"Set Active Menu",1,0};
                                ^
"F:\SVN\cn\EMenuD2\config_data.c",6  Warning[Pe174]: expression has no effect

  __root const CFG_HDR cfghdr0={CFG_LEVEL,"Set Active Menu",1,0};
                                ^
"F:\SVN\cn\EMenuD2\config_data.c",6  Warning[Pe174]: expression has no effect

  __root const CFG_HDR cfghdr0={CFG_LEVEL,"Set Active Menu",1,0};
                                ^
"F:\SVN\cn\EMenuD2\config_data.c",6  Warning[Pe174]: expression has no effect

  __root const CFG_HDR cfghdr0={CFG_LEVEL,"Set Active Menu",1,0};
                                                               ^
"F:\SVN\cn\EMenuD2\config_data.c",6  Error[Pe065]: expected a ";"

  __root const CFG_HDR cfghdr0={CFG_LEVEL,"Set Active Menu",1,0};
                                                               ^
"F:\SVN\cn\EMenuD2\config_data.c",6  Warning[Pe940]: missing return statement
          at end of non-void function "PlayMelodyInMem"
      7          
      8          __root const CFG_HDR cfghdr1={CFG_UINT,"Active Button (DEC)",0,99};
      9                __root const int IDLE_BUTTON=26;
     10          
     11          __root const CFG_HDR cfghdr2={CFG_CHECKBOX,"Long Press",0,2};
     12                __root const int LongPress=0;
     13          
     14          __root const CFG_HDR cfghdr3={CFG_LEVEL,"",0,0};
     15          /******************************************************************************/
     16          
     17          ///////////////////////////////////??///////////////////////////
     18          __root const CFG_HDR cfghdr4={CFG_LEVEL,LG_MENU_ITENS,1,0};
     19          
     20          //  ?
     21          __root const CFG_HDR cfghdr89={CFG_LEVEL,"Menu Options",1,0};
     22          
     23          __root const CFG_HDR cfghdr90={CFG_STR_WIN1251,"Name of item 1",1,31};
     24          __root const char BM1NAME[32]="";
     25          __root const CFG_HDR cfghdr91={CFG_STR_UTF8,LG_TYPE,3,127};
     26          __root const char BM1FILE[128]="";
     27          
     28          __root const CFG_HDR cfghdr92={CFG_STR_WIN1251,"Name of item 2",1,31};
     29          __root const char BM2NAME[32]="";
     30          __root const CFG_HDR cfghdr93={CFG_STR_UTF8,LG_TYPE,3,127};
     31          __root const char BM2FILE[128]="";
     32          
     33          __root const CFG_HDR cfghdr94={CFG_STR_WIN1251,"Name of item 3",1,31};
     34          __root const char BM3NAME[32]="";
     35          __root const CFG_HDR cfghdr95={CFG_STR_UTF8,LG_TYPE,3,127};
     36          __root const char BM3FILE[128]="";
     37          
     38          __root const CFG_HDR cfghdr96={CFG_STR_WIN1251,"Name of item 4",1,31};
     39          __root const char BM4NAME[32]="";
     40          __root const CFG_HDR cfghdr97={CFG_STR_UTF8,LG_TYPE,3,127};
     41          __root const char BM4FILE[128]="";
     42          
     43          __root const CFG_HDR cfghdr98={CFG_STR_WIN1251,"Name of item 5",1,31};
     44          __root const char BM5NAME[32]="";
     45          __root const CFG_HDR cfghdr99={CFG_STR_UTF8,LG_TYPE,3,127};
     46          __root const char BM5FILE[128]="";
     47          
     48          __root const CFG_HDR cfghdr100={CFG_STR_WIN1251,"Name of item 6",1,31};
     49          __root const char BM6NAME[32]="";
     50          __root const CFG_HDR cfghdr101={CFG_STR_UTF8,LG_TYPE,3,127};
     51          __root const char BM6FILE[128]="";
     52          
     53          __root const CFG_HDR cfghdr102={CFG_STR_WIN1251,"Name of item 7",1,31};
     54          __root const char BM7NAME[32]="";
     55          __root const CFG_HDR cfghdr103={CFG_STR_UTF8,LG_TYPE,3,127};
     56          __root const char BM7FILE[128]="";
     57          
     58          __root const CFG_HDR cfghdr104={CFG_STR_WIN1251,"Name of item 8",1,31};
     59          __root const char BM8NAME[32]="";
     60          __root const CFG_HDR cfghdr105={CFG_STR_UTF8,LG_TYPE,3,127};
     61          __root const char BM8FILE[128]="";
     62          
     63          __root const CFG_HDR cfghdr106={CFG_STR_WIN1251,"Name of item 9",1,31};
     64          __root const char BM9NAME[32]="";
     65          __root const CFG_HDR cfghdr107={CFG_STR_UTF8,LG_TYPE,3,127};
     66          __root const char BM9FILE[128]="";
     67          
     68          __root const CFG_HDR cfghdr108={CFG_LEVEL,"",0,0};
     69          
     70          // ?""
     71          __root const CFG_HDR cfghdr5={CFG_LEVEL,LG_ITEM1,1,0};
     72            
     73          __root const CFG_HDR cfghdr6={CFG_STR_WIN1251,LG_ITEM_NAME,0,14};
     74                __root const char name_1[15]="";
     75                
     76          __root const CFG_HDR cfghdr7={CFG_STR_UTF8,LG_TYPE,0,127};
     77                __root const char open_1[128]="";
     78                
     79          __root const CFG_HDR cfghdr8={CFG_INT,LG_CADRI,0,12};
     80                __root const int anim_1=12;
     81                
     82          __root const CFG_HDR cfghdr9={CFG_CHECKBOX,LG_CLOSE_MENU,0,2};
     83                __root const int pc1=0;
     84                
     85          __root const CFG_HDR cfghdr10={CFG_CHECKBOX,LG_ITEM_PASS,0,2};
     86                __root const int p1=0;
     87                
     88          __root const CFG_HDR cfghdr11={CFG_LEVEL,"",0,0};
     89            
     90          // ?""
     91          __root const CFG_HDR cfghdr12={CFG_LEVEL,LG_ITEM2,1,0};
     92            
     93          __root const CFG_HDR cfghdr13={CFG_STR_WIN1251,LG_ITEM_NAME,0,14};
     94                __root const char name_2[15]="";
     95                
     96          __root const CFG_HDR cfghdr14={CFG_STR_UTF8,LG_TYPE,0,127};
     97                __root const char open_2[128]="";
     98                
     99          __root const CFG_HDR cfghdr15={CFG_INT,LG_CADRI,0,12};
    100                __root const int anim_2=8;
    101                
    102          __root const CFG_HDR cfghdr16={CFG_CHECKBOX,LG_CLOSE_MENU,0,2};
    103                __root const int pc2=0;
    104                
    105          __root const CFG_HDR cfghdr17={CFG_CHECKBOX,LG_ITEM_PASS,0,2};
    106                __root const int p2=0;
    107                
    108          __root const CFG_HDR cfghdr18={CFG_LEVEL,"",0,0};
    109            
    110          // ?"?
    111          __root const CFG_HDR cfghdr19={CFG_LEVEL,LG_ITEM3,1,0};
                                                          ^
Error[Pe008]: missing closing quote
    112            
    113          __root const CFG_HDR cfghdr20={CFG_STR_WIN1251,LG_ITEM_NAME,0,14};
    114                __root const char name_3[15]="";
    115                
    116          __root const CFG_HDR cfghdr21={CFG_STR_UTF8,LG_TYPE,0,127};
    117                __root const char open_3[128]="";
    118                
    119          __root const CFG_HDR cfghdr22={CFG_INT,LG_CADRI,0,12};
    120                __root const int anim_3=8;
    121                
    122          __root const CFG_HDR cfghdr23={CFG_CHECKBOX,LG_CLOSE_MENU,0,2};
    123                __root const int pc3=0;
    124                
    125          __root const CFG_HDR cfghdr24={CFG_CHECKBOX,LG_ITEM_PASS,0,2};
    126                __root const int p3=0;
    127                
    128          __root const CFG_HDR cfghdr25={CFG_LEVEL,"",0,0};
    129            
    130          // ?""
    131          __root const CFG_HDR cfghdr26={CFG_LEVEL,LG_ITEM4,1,0};
    132            
    133          __root const CFG_HDR cfghdr27={CFG_STR_WIN1251,LG_ITEM_NAME,0,14};
    134                __root const char name_4[15]="";
    135                
    136          __root const CFG_HDR cfghdr28={CFG_STR_UTF8,LG_TYPE,0,127};
    137                __root const char open_4[128]="";
    138                
    139          __root const CFG_HDR cfghdr29={CFG_INT,LG_CADRI,0,12};
    140                __root const int anim_4=11;
    141                
    142          __root const CFG_HDR cfghdr30={CFG_CHECKBOX,LG_CLOSE_MENU,0,2};
    143                __root const int pc4=0;
    144                
    145          __root const CFG_HDR cfghdr31={CFG_CHECKBOX,LG_ITEM_PASS,0,2};
    146                __root const int p4=0;
    147                
    148          __root const CFG_HDR cfghdr32={CFG_LEVEL,"",0,0};
    149            
    150          // ?""
    151          __root const CFG_HDR cfghdr33={CFG_LEVEL,LG_ITEM5,1,0};
    152          
    153          __root const CFG_HDR cfghdr34={CFG_STR_WIN1251,LG_ITEM_NAME,0,14};
    154                __root const char name_5[15]="";
    155                
    156          __root const CFG_HDR cfghdr35={CFG_STR_UTF8,LG_TYPE,0,127};
    157                __root const char open_5[128]="";
    158                
    159          __root const CFG_HDR cfghdr36={CFG_INT,LG_CADRI,0,12};
    160                __root const int anim_5=12;
    161                
    162          __root const CFG_HDR cfghdr37={CFG_CHECKBOX,LG_CLOSE_MENU,0,2};
    163                __root const int pc5=0;
    164                
    165          __root const CFG_HDR cfghdr38={CFG_CHECKBOX,LG_ITEM_PASS,0,2};
    166                __root const int p5=0;
    167                
    168          __root const CFG_HDR cfghdr39={CFG_LEVEL,"",0,0};
    169            
    170          // ?""
    171          __root const CFG_HDR cfghdr40={CFG_LEVEL,LG_ITEM6,1,0};
    172          
    173          __root const CFG_HDR cfghdr41={CFG_STR_WIN1251,LG_ITEM_NAME,0,14};
    174                __root const char name_6[15]="";
    175                
    176          __root const CFG_HDR cfghdr42={CFG_STR_UTF8,LG_TYPE,0,127};
    177                __root const char open_6[128]="";
    178                
    179          __root const CFG_HDR cfghdr43={CFG_INT,LG_CADRI,0,12};
    180                __root const int anim_6=9;
    181                
    182          __root const CFG_HDR cfghdr44={CFG_CHECKBOX,LG_CLOSE_MENU,0,2};
    183                __root const int pc6=0;
    184                
    185          __root const CFG_HDR cfghdr45={CFG_CHECKBOX,LG_ITEM_PASS,0,2};
    186                __root const int p6=0;
    187                
    188          __root const CFG_HDR cfghdr46={CFG_LEVEL,"",0,0};
    189            
    190          // ?""
    191          __root const CFG_HDR cfghdr47={CFG_LEVEL,LG_ITEM7,1,0};
    192          
    193          __root const CFG_HDR cfghdr48={CFG_STR_WIN1251,LG_ITEM_NAME,0,14};
    194                __root const char name_7[15]="";
    195                
    196          __root const CFG_HDR cfghdr49={CFG_STR_UTF8,LG_TYPE,0,127};
    197                __root const char open_7[128]="";
    198                
    199          __root const CFG_HDR cfghdr50={CFG_INT,LG_CADRI,0,12};
    200                __root const int anim_7=12;
    201                
    202          __root const CFG_HDR cfghdr51={CFG_CHECKBOX,LG_CLOSE_MENU,0,2};
    203                __root const int pc7=0;
    204                
    205          __root const CFG_HDR cfghdr52={CFG_CHECKBOX,LG_ITEM_PASS,0,2};
    206                __root const int p7=0;
    207                
    208          __root const CFG_HDR cfghdr53={CFG_LEVEL,"",0,0};
    209            
    210          // ?""
    211          __root const CFG_HDR cfghdr54={CFG_LEVEL,LG_ITEM8,1,0};
    212          
    213          __root const CFG_HDR cfghdr55={CFG_STR_WIN1251,LG_ITEM_NAME,0,14};
    214                __root const char name_8[15]="";
    215                
    216          __root const CFG_HDR cfghdr56={CFG_STR_UTF8,LG_TYPE,0,127};
    217                __root const char open_8[128]="";
    218                
    219          __root const CFG_HDR cfghdr57={CFG_INT,LG_CADRI,0,12};
    220                __root const int anim_8=10;
    221                
    222          __root const CFG_HDR cfghdr58={CFG_CHECKBOX,LG_CLOSE_MENU,0,2};
    223                __root const int pc8=0;
    224                
    225          __root const CFG_HDR cfghdr59={CFG_CHECKBOX,LG_ITEM_PASS,0,2};
    226                __root const int p8=0;
    227                
    228          __root const CFG_HDR cfghdr60={CFG_LEVEL,"",0,0};
    229            
    230          // ?"?
    231          __root const CFG_HDR cfghdr61={CFG_LEVEL,LG_ITEM9,1,0};
                                                          ^
Error[Pe008]: missing closing quote
    232          
    233          __root const CFG_HDR cfghdr62={CFG_STR_WIN1251,LG_ITEM_NAME,0,14};
    234                __root const char name_9[15]="";
    235                
    236          __root const CFG_HDR cfghdr63={CFG_STR_UTF8,LG_TYPE,0,127};
    237                __root const char open_9[128]="";
    238                
    239          __root const CFG_HDR cfghdr64={CFG_INT,LG_CADRI,0,12};
    240                __root const int anim_9=11;
    241                
    242          __root const CFG_HDR cfghdr65={CFG_CHECKBOX,LG_CLOSE_MENU,0,2};
    243                __root const int pc9=0;
    244                
    245          __root const CFG_HDR cfghdr66={CFG_CHECKBOX,LG_ITEM_PASS,0,2};
    246                __root const int p9=0;
    247                
    248          __root const CFG_HDR cfghdr67={CFG_LEVEL,"",0,0};
    249            
    250          // ?""
    251          __root const CFG_HDR cfghdr68={CFG_LEVEL,LG_ITEM10,1,0};
    252          
    253          __root const CFG_HDR cfghdr69={CFG_STR_WIN1251,LG_ITEM_NAME,0,14};
    254                __root const char name_10[15]="";
    255                
    256          __root const CFG_HDR cfghdr70={CFG_STR_UTF8,LG_TYPE,0,127};
    257                __root const char open_10[128]="";
    258                
    259          __root const CFG_HDR cfghdr71={CFG_INT,LG_CADRI,0,12};
    260                __root const int anim_10=12;
    261                
    262          __root const CFG_HDR cfghdr72={CFG_CHECKBOX,LG_CLOSE_MENU,0,2};
    263                __root const int pc10=0;
    264                
    265          __root const CFG_HDR cfghdr73={CFG_CHECKBOX,LG_ITEM_PASS,0,2};
    266                __root const int p10=0;
    267                
    268          __root const CFG_HDR cfghdr74={CFG_LEVEL,"",0,0};
    269            
    270          // ?"??
    271          __root const CFG_HDR cfghdr75={CFG_LEVEL,LG_ITEM11,1,0};
                                                          ^
Error[Pe008]: missing closing quote
    272          
    273          __root const CFG_HDR cfghdr76={CFG_STR_WIN1251,LG_ITEM_NAME,0,14};
    274                __root const char name_11[15]="";
    275                
    276          __root const CFG_HDR cfghdr77={CFG_STR_UTF8,LG_TYPE,0,127};
    277                __root const char open_11[128]="";
    278                
    279          __root const CFG_HDR cfghdr78={CFG_INT,LG_CADRI,0,12};
    280                __root const int anim_11=9;
    281                
    282          __root const CFG_HDR cfghdr79={CFG_CHECKBOX,LG_CLOSE_MENU,0,2};
    283                __root const int pc11=0;
    284                
    285          __root const CFG_HDR cfghdr80={CFG_CHECKBOX,LG_ITEM_PASS,0,2};
    286                __root const int p11=0;
    287                
    288          __root const CFG_HDR cfghdr81={CFG_LEVEL,"",0,0};
    289            
    290          // ?"?
    291          __root const CFG_HDR cfghdr82={CFG_LEVEL,LG_ITEM12,1,0};
                                                          ^
Error[Pe008]: missing closing quote
    292          
    293          __root const CFG_HDR cfghdr83={CFG_STR_WIN1251,LG_ITEM_NAME,0,14};
    294                __root const char name_12[15]="";
    295                
    296          __root const CFG_HDR cfghdr84={CFG_STR_UTF8,LG_TYPE,0,127};
    297                __root const char open_12[128]="";
    298                
    299          __root const CFG_HDR cfghdr85={CFG_INT,LG_CADRI,0,12};
    300                __root const int anim_12=11;
    301                
    302          __root const CFG_HDR cfghdr86={CFG_CHECKBOX,LG_CLOSE_MENU,0,2};
    303                __root const int pc12=0;
    304                
    305          __root const CFG_HDR cfghdr87={CFG_CHECKBOX,LG_ITEM_PASS,0,2};
    306                __root const int p12=0;
    307                
    308          __root const CFG_HDR cfghdr88={CFG_LEVEL,"",0,0};
    309          
    310          
    311          
    312          __root const CFG_HDR cfghdr109={CFG_LEVEL,"",0,0};
    313          
    314          /******************************************************************************/
    315          
    316          //////////////////////////////// ??/////////////////////////////
    317          __root const CFG_HDR cfghdr110={CFG_LEVEL,"Setting GUI",1,0};
    318          
    319          __root const CFG_HDR cfghdr111={CFG_LEVEL,"Setting style",1,0};
    320          
    321          __root const CFG_HDR cfghdr112={CFG_CBOX,"Menu style",0,2};
    322              __root const int Menu_style=0;
    323          __root const CFG_CBOX_ITEM cfgcbox113[2]={"Standard","QMenu"};
    324          
    325          __root const CFG_HDR cfghdr114={CFG_CHECKBOX,LG_POS_SAVE,0,2};
    326              __root const int possave=0;
    327              
    328          __root const CFG_HDR cfghdr115={CFG_LEVEL,"Default Style",1,0};
    329          
    330          __root const CFG_HDR cfghdr116={CFG_UINT,LG_PODNYAT,0,100};
    331              __root const int podn = 0;
    332          
    333          __root const CFG_HDR cfghdr117={CFG_UINT,LG_OTSTUP_X,0,100};
    334              __root const int smesh_x = 0;
    335          
    336          __root const CFG_HDR cfghdr118={CFG_UINT,LG_OTSTUP_Y,0,100};
    337              __root const int smesh_y = 0;
    338              
    339          
    340          __root const CFG_HDR cfghdr118_1={CFG_CBOX,"isp.background",0,2};
    341          __root const int usePicFon=1;
    342          __root const CFG_CBOX_ITEM cfgcbox118_1[2]={"No","Yes"}; 
    343          
    344          __root const CFG_HDR cfghdr118_2={CFG_STR_UTF8,"Background",0,127};
    345          __root const char PicFon[128]="0:\\ZBin\\eMenu\\PicFon.png";
    346          
    347          __root const CFG_HDR cfghdr118_3={CFG_UINT,"Location x",0,100};
    348          __root const int smesh_pic_x = 0;
    349          
    350          __root const CFG_HDR cfghdr118_4={CFG_UINT,"Location y",0,100};
    351          __root const int smesh_pic_y = 0;
    352          
    353          __root const CFG_HDR cfghdr119={CFG_LEVEL,"",0,0};
    354          
    355          __root const CFG_HDR cfghdr120={CFG_LEVEL,"BrewMenu",1,0};
    356          
    357          __root const CFG_HDR cfghdr120_1={CFG_UINT,"Position icons",0,320};
    358          __root const int icon_big_y = 100;
    359          
    360          __root const CFG_HDR cfghdr120_2={CFG_UINT,"Position titles",0,320};
    361          __root const int headline_y = 26;    
    362              
    363          __root const CFG_HDR cfghdr121= {CFG_COLOR, "Cursor Color", 0, 0};
    364          __root const char color1[4]={0xff,0xff,0xff,100};
    365          
    366          __root const CFG_HDR cfghdr122= {CFG_COLOR, "Background Color", 0, 0};
    367          __root const char color2[4]={0,0,0,0};
    368          
    369          
    370          
    371          __root const CFG_HDR cfghdr123={CFG_LEVEL,"",0,0};
    372          __root const CFG_HDR cfghdr124={CFG_LEVEL,"",0,0};
    373          
    374          //? ' ?'
    375          __root const CFG_HDR cfghdr125={CFG_LEVEL,"Set Query Password",1,0};
    376          
    377          __root const CFG_HDR cfghdr126={CFG_COORDINATES,"Window position",0,0};
    378              __root const unsigned int xpos=0;
    379              __root const unsigned int ypos=55;
    380          
    381          __root const CFG_HDR cfghdr127={CFG_COLOR,"Color request",0,0};
    382              __root const char fontENcol[4]={255,255,255,100};
    383              
    384          __root const CFG_HDR cfghdr128={CFG_RECT,"Position Request", 0, 239};
    385              __root const RECT pos1 = {27,90,216,140};
    386              
    387          __root const CFG_HDR cfghdr129={CFG_COLOR,"Color",0,0};
    388              __root const char fontPAcol[4]={255,255,255,100};
    389              
    390          __root const CFG_HDR cfghdr130={CFG_RECT,"Location", 0, 239};
    391              __root const RECT pos2 = {38,128,157,143};
    392              
    393          __root const CFG_HDR cfghdr131={CFG_LEVEL,"",0,0};
    394          
    395          __root const CFG_HDR cfghdr132={CFG_LEVEL,"",0,0};
    396          
    397          ////////////////////////////////////////////////////////////////////////////////
    398          /******************************??********************************/
    399          __root const CFG_HDR cfghdr133={CFG_LEVEL,LG_PASS_OF_MENU,1,0};
    400          
    401          __root const CFG_HDR cfghdr134={CFG_CBOX,"When asking for password",0,3};
    402              __root const int prun=0;
    403          __root const CFG_CBOX_ITEM cfgcbox135[3]={"Separate paragraph","Opening","Never"};
    404              
    405          __root const CFG_HDR cfghdr136={CFG_CHECKBOX,LG_AVTO_PROV,0,2};
                                                              ^
Error[Pe144]: a value of type "char [37]" cannot be used to initialize an
          entity of type "char [32]"
    406              __root const int prov=1;
    407          
    408          __root const CFG_HDR cfghdr137={CFG_STR_PASS,LG_PASS,0,9};
    409              __root const char passw[9]="";
    410              
    411          __root const CFG_HDR cfghdr138={CFG_LEVEL,"",0,0};
    412          /************************? ?***********************/
    413          /////////////////////////// ? /////////////////////////////////
    414          __root const CFG_HDR cfghdr139={CFG_LEVEL,LG_ANI_ITEM,1,0};
    415          
    416          __root const CFG_HDR cfghdr140={CFG_CHECKBOX,LG_ON_ANI,0,2};
    417              __root const int anim_on=0;
    418          
    419          __root const CFG_HDR cfghdr141={CFG_CHECKBOX,LG_ANI_INVERT,0,2};
    420              __root const int anim_invert=0;
    421              
    422          __root const CFG_HDR cfghdr142={CFG_CHECKBOX,LG_ANI,0,2};
                                                              ^
Error[Pe144]: a value of type "char [35]" cannot be used to initialize an
          entity of type "char [32]"
    423              __root const int anip=0;
    424              
    425          __root const CFG_HDR cfghdr143={CFG_UINT,"Number of personnel items",0,12};
    426              __root const int glob_ani=4;
    427          
    428          __root const CFG_HDR cfghdr144={CFG_UINT,LG_SPEED_ANI,0,216};
    429              __root const int TIME=4;
    430              
    431          __root const CFG_HDR cfghdr145={CFG_INT,LG_SEL_KADR,0,12};
    432              __root const int select_nom=0;
    433              
    434          __root const CFG_HDR cfghdr146={CFG_LEVEL,"",0,0};
    435          ////////////////////////////////////////////////////////////////////////////////
    436          /*
    437          __root const CFG_HDR cfghdr339={CFG_LEVEL,LG_SNDVIB_NAV,1,0};
    438          
    439          __root const CFG_HDR cfghdr343={CFG_CHECKBOX,LG_VIBRO_ON,0,2};
    440              __root const int vibra_on=0;
    441              
    442          __root const CFG_HDR cfghdr344={CFG_CHECKBOX,LG_VIBRO_ON_LONGPRESS,0,2};
    443              __root const int vibra_lp=0;
    444              
    445          __root const CFG_HDR cfghdr345={CFG_UINT,LG_VIBRA_POWER,0,100};
    446              __root const int vibra_power=20;
    447            */
    448          __root const CFG_HDR cfghdr347={CFG_LEVEL,"",0,0};
    449          
    450          __root const CFG_HDR cfghdr147={CFG_CHECKBOX,"loquat?",0,2};
    451                __root const int Cash=0;

Errors: 10
Warnings: 469
