##############################################################################
#                                                                            #
# IAR ARM ANSI C/C++ Compiler V4.42A/W32 EVALUATION    29/Oct/2008  03:34:12 #
# Copyright 1999-2005 IAR Systems. All rights reserved.                      #
#                                                                            #
#    Cpu mode        =  interwork                                            #
#    Endian          =  little                                               #
#    Stack alignment =  4                                                    #
#    Source file     =  D:\Pasha\elf\_MY_PROJECT_\NRSS\config_data.c         #
#    Command line    =  D:\Pasha\elf\_MY_PROJECT_\NRSS\config_data.c -lCN    #
#                       D:\Pasha\elf\_MY_PROJECT_\NRSS\Release_ELKA\List\    #
#                       -la D:\Pasha\elf\_MY_PROJECT_\NRSS\Release_ELKA\List #
#                       \ -o D:\Pasha\elf\_MY_PROJECT_\NRSS\Release_ELKA\Obj #
#                       \ -s9 --no_unroll --cpu_mode arm --endian little     #
#                       --cpu ARM926EJ-S --stack_align 4 --interwork -e      #
#                       --fpu None --dlib_config "D:\Pasha\Embedded          #
#                       Workbench 4.0 Evaluation2\ARM\LIB\dl5tpainl8n.h"     #
#                       --segment code=CONFIG --segment data=CONFIG -I       #
#                       "D:\Pasha\Embedded Workbench 4.0                     #
#                       Evaluation2\ARM\INC\" --inline_threshold=2           #
#    List file       =  D:\Pasha\elf\_MY_PROJECT_\NRSS\Release_ELKA\List\con #
#                       fig_data.lst                                         #
#    Object file     =  D:\Pasha\elf\_MY_PROJECT_\NRSS\Release_ELKA\Obj\conf #
#                       ig_data.r79                                          #
#                                                                            #
#                                                                            #
##############################################################################

D:\Pasha\elf\_MY_PROJECT_\NRSS\config_data.c
      1          #include "..\inc\cfg_items.h"
      2          #include "config_data.h"
      3          
      4          //Конфигурация

   \                                 In segment CONFIG_C, align 4, align-sorted, root
      5          __root const CFG_HDR cfghdr0={CFG_STR_WIN1251,"RSS 2.0 URL",0,256};
   \                     cfghdr0:
   \   00000000   04000000           DC32 4
   \   00000004   52535320322E       DC8 "RSS 2.0 URL"
   \              302055524C00
   \   00000010   000000000000       DC8 0, 0, 0, 0, 0, 0, 0, 0, 0, 0, 0, 0, 0, 0, 0, 0, 0, 0, 0, 0
   \              000000000000
   \              000000000000
   \              0000        
   \   00000024   000000000001       DC32 0, 256
   \              0000        

   \                                 In segment CONFIG_C, align 4, align-sorted, root
      6          __root const char RSS_URL[256]="perk11.info/elf/rss.php";
   \                     RSS_URL:
   \   00000000   7065726B3131       DC8 "perk11.info/elf/rss.php"
   \              2E696E666F2F
   \              656C662F7273
   \              732E70687000
   \   00000018   000000000000       DC8 0, 0, 0, 0, 0, 0, 0, 0, 0, 0, 0, 0, 0, 0, 0, 0
   \              000000000000
   \              00000000    
   \   00000028   000000000000       DC8 0, 0, 0, 0, 0, 0, 0, 0, 0, 0, 0, 0, 0, 0, 0, 0
   \              000000000000
   \              00000000    
   \   00000038   000000000000       DC8 0, 0, 0, 0, 0, 0, 0, 0, 0, 0, 0, 0, 0, 0, 0, 0
   \              000000000000
   \              00000000    
   \   00000048   000000000000       DC8 0, 0, 0, 0, 0, 0, 0, 0, 0, 0, 0, 0, 0, 0, 0, 0
   \              000000000000
   \              00000000    
   \   00000058   000000000000       DC8 0, 0, 0, 0, 0, 0, 0, 0, 0, 0, 0, 0, 0, 0, 0, 0
   \              000000000000
   \              00000000    
   \   00000068   000000000000       DC8 0, 0, 0, 0, 0, 0, 0, 0, 0, 0, 0, 0, 0, 0, 0, 0
   \              000000000000
   \              00000000    
   \   00000078   000000000000       DC8 0, 0, 0, 0, 0, 0, 0, 0, 0, 0, 0, 0, 0, 0, 0, 0
   \              000000000000
   \              00000000    
   \   00000088   000000000000       DC8 0, 0, 0, 0, 0, 0, 0, 0, 0, 0, 0, 0, 0, 0, 0, 0
   \              000000000000
   \              00000000    
   \   00000098   000000000000       DC8 0, 0, 0, 0, 0, 0, 0, 0, 0, 0, 0, 0, 0, 0, 0, 0
   \              000000000000
   \              00000000    
   \   000000A8   000000000000       DC8 0, 0, 0, 0, 0, 0, 0, 0, 0, 0, 0, 0, 0, 0, 0, 0
   \              000000000000
   \              00000000    
   \   000000B8   000000000000       DC8 0, 0, 0, 0, 0, 0, 0, 0, 0, 0, 0, 0, 0, 0, 0, 0
   \              000000000000
   \              00000000    
   \   000000C8   000000000000       DC8 0, 0, 0, 0, 0, 0, 0, 0, 0, 0, 0, 0, 0, 0, 0, 0
   \              000000000000
   \              00000000    
   \   000000D8   000000000000       DC8 0, 0, 0, 0, 0, 0, 0, 0, 0, 0, 0, 0, 0, 0, 0, 0
   \              000000000000
   \              00000000    
   \   000000E8   000000000000       DC8 0, 0, 0, 0, 0, 0, 0, 0, 0, 0, 0, 0, 0, 0, 0, 0
   \              000000000000
   \              00000000    
   \   000000F8   000000000000       DC8 0, 0, 0, 0, 0, 0, 0, 0
   \              0000        


   Segment part sizes:

     Function/Label Bytes
     -------------- -----
     cfghdr0          44
     RSS_URL         256

 
 300 bytes in segment CONFIG_C
 
 300 bytes of CONST memory

Errors: none
Warnings: none
