##############################################################################
#                                                                            #
# IAR ARM ANSI C/C++ Compiler V4.41A/W32 EVALUATION    12/Feb/2008  16:27:06 #
# Copyright 1999-2005 IAR Systems. All rights reserved.                      #
#                                                                            #
#    Cpu mode        =  interwork                                            #
#    Endian          =  little                                               #
#    Stack alignment =  4                                                    #
#    Source file     =  D:\Pasha\elf\_MY_PROJECT\MNUEdit\config_data.c       #
#    Command line    =  D:\Pasha\elf\_MY_PROJECT\MNUEdit\config_data.c -D    #
#                       NEWSGOLD -lC D:\Pasha\elf\_MY_PROJECT\MNUEdit\Releas #
#                       e_NEWSGOLD\List\ -o D:\Pasha\elf\_MY_PROJECT\MNUEdit #
#                       \Release_NEWSGOLD\Obj\ -s9 --no_unroll --cpu_mode    #
#                       arm --endian little --cpu ARM926EJ-S --stack_align   #
#                       4 --interwork -e --fpu None --dlib_config            #
#                       "D:\Pasha\ARM_Embedded_Workbench\Embedded Workbench  #
#                       4.0 Evaluation\ARM\LIB\dl5tpainl8n.h" --segment      #
#                       code=CONFIG --segment data=CONFIG -I                 #
#                       "D:\Pasha\ARM_Embedded_Workbench\Embedded Workbench  #
#                       4.0 Evaluation\ARM\INC\" --inline_threshold=2        #
#    List file       =  D:\Pasha\elf\_MY_PROJECT\MNUEdit\Release_NEWSGOLD\Li #
#                       st\config_data.lst                                   #
#    Object file     =  D:\Pasha\elf\_MY_PROJECT\MNUEdit\Release_NEWSGOLD\Ob #
#                       j\config_data.r79                                    #
#                                                                            #
#                                                                            #
##############################################################################

D:\Pasha\elf\_MY_PROJECT\MNUEdit\config_data.c
      1          #include "..\inc\cfg_items.h"
      2          #ifdef NEWSGOLD
      3          #define DEFAULT_DISK "4"
      4          #else
      5          #define DEFAULT_DISK "0"
      6          #endif
      7          
      8          /*
      9          __root const CFG_HDR cfghdr0={CFG_INT,"׀אחלונ רנטפעא",0,99};
     10          __root const int size_font=1;
     11          *//*
     12          __root const CFG_HDR cfghdr0={CFG_INT,"ײגוע רנטפעא",0,99};
     13          __root const int pen_font=0;*/
     14          

   \                                 In segment CONFIG_C, align 4, align-sorted, root
     15          __root const CFG_HDR cfghdr0={CFG_STR_UTF8,"Path to sMenu",0,127};
   \                     cfghdr0:
   \   00000000   02000000           DC32 2
   \   00000004   506174682074       DC8 "Path to sMenu"
   \              6F20734D656E
   \              7500        
   \   00000012   000000000000       DC8 0, 0, 0, 0, 0, 0, 0, 0, 0, 0, 0, 0, 0, 0, 0, 0, 0, 0
   \              000000000000
   \              000000000000
   \   00000024   000000007F00       DC32 0, 127
   \              0000        

   \                                 In segment CONFIG_C, align 4, align-sorted, root
     16          __root const char smenu_path[128]=DEFAULT_DISK":\\zbin\\smenu\\data\\images\\";
   \                     smenu_path:
   \   00000000   343A5C7A6269       DC8 "4:\\zbin\\smenu\\data\\images\\"
   \              6E5C736D656E
   \              755C64617461
   \              5C696D616765
   \              735C00      
   \   0000001B   000000000000       DC8 0, 0, 0, 0, 0, 0, 0, 0, 0, 0, 0, 0, 0, 0, 0, 0
   \              000000000000
   \              00000000    
   \   0000002B   000000000000       DC8 0, 0, 0, 0, 0, 0, 0, 0, 0, 0, 0, 0, 0, 0, 0, 0
   \              000000000000
   \              00000000    
   \   0000003B   000000000000       DC8 0, 0, 0, 0, 0, 0, 0, 0, 0, 0, 0, 0, 0, 0, 0, 0
   \              000000000000
   \              00000000    
   \   0000004B   000000000000       DC8 0, 0, 0, 0, 0, 0, 0, 0, 0, 0, 0, 0, 0, 0, 0, 0
   \              000000000000
   \              00000000    
   \   0000005B   000000000000       DC8 0, 0, 0, 0, 0, 0, 0, 0, 0, 0, 0, 0, 0, 0, 0, 0
   \              000000000000
   \              00000000    
   \   0000006B   000000000000       DC8 0, 0, 0, 0, 0, 0, 0, 0, 0, 0, 0, 0, 0, 0, 0, 0, 0, 0, 0, 0, 0
   \              000000000000
   \              000000000000
   \              000000      
     17          

   \                                 In segment CONFIG_C, align 4, align-sorted, root
     18          __root const CFG_HDR cfghdr1={CFG_STR_UTF8,"Shortcats file",0,127};
   \                     cfghdr1:
   \   00000000   02000000           DC32 2
   \   00000004   53686F727463       DC8 "Shortcats file"
   \              617473206669
   \              6C6500      
   \   00000013   000000000000       DC8 0, 0, 0, 0, 0, 0, 0, 0, 0, 0, 0, 0, 0, 0, 0, 0, 0
   \              000000000000
   \              0000000000  
   \   00000024   000000007F00       DC32 0, 127
   \              0000        

   \                                 In segment CONFIG_C, align 4, align-sorted, root
     19          __root const char SHORTCUTS_FILE[128]="";
   \                     SHORTCUTS_FILE:
   \   00000000   00                 DC8 ""
   \   00000001   000000000000       DC8 0, 0, 0, 0, 0, 0, 0, 0, 0, 0, 0, 0, 0, 0, 0, 0
   \              000000000000
   \              00000000    
   \   00000011   000000000000       DC8 0, 0, 0, 0, 0, 0, 0, 0, 0, 0, 0, 0, 0, 0, 0, 0
   \              000000000000
   \              00000000    
   \   00000021   000000000000       DC8 0, 0, 0, 0, 0, 0, 0, 0, 0, 0, 0, 0, 0, 0, 0, 0
   \              000000000000
   \              00000000    
   \   00000031   000000000000       DC8 0, 0, 0, 0, 0, 0, 0, 0, 0, 0, 0, 0, 0, 0, 0, 0
   \              000000000000
   \              00000000    
   \   00000041   000000000000       DC8 0, 0, 0, 0, 0, 0, 0, 0, 0, 0, 0, 0, 0, 0, 0, 0
   \              000000000000
   \              00000000    
   \   00000051   000000000000       DC8 0, 0, 0, 0, 0, 0, 0, 0, 0, 0, 0, 0, 0, 0, 0, 0
   \              000000000000
   \              00000000    
   \   00000061   000000000000       DC8 0, 0, 0, 0, 0, 0, 0, 0, 0, 0, 0, 0, 0, 0, 0, 0
   \              000000000000
   \              00000000    
   \   00000071   000000000000       DC8 0, 0, 0, 0, 0, 0, 0, 0, 0, 0, 0, 0, 0, 0, 0
   \              000000000000
   \              000000      
     20          /*
     21          __root const CFG_HDR cfghdr2={CFG_STR_UTF8,"Shortcats file",0,127};
     22          __root const char ENTRYPOINTS_FILE[128]="";*/


   Segment part sizes:

     Function/Label Bytes
     -------------- -----
     cfghdr0          44
     smenu_path      128
     cfghdr1          44
     SHORTCUTS_FILE  128

 
 344 bytes in segment CONFIG_C
 
 344 bytes of CONST memory

Errors: none
Warnings: none
